2018-02-08 08:56:06,845 ERROR frmstart JX 的新实例
2018-02-08 08:56:07,500 INFO  frmstart load start:56:07
2018-02-08 08:57:11,699 ERROR Error-GetBySql DTUProduct---序列包含一个以上的元素
2018-02-08 08:57:16,301 INFO  frmstart 在线数量：0
2018-02-08 08:57:16,520 INFO  frmstart 计讯联接的dtu数量是：0个
2018-02-08 08:57:16,660 ERROR frmstart  在线：可为空的对象必须具有一个值。
2018-02-08 08:57:29,187 ERROR frmstart 13300050011 在线：可为空的对象必须具有一个值。
2018-02-08 08:57:37,143 ERROR frmstart 13300050067 在线：可为空的对象必须具有一个值。
2018-02-08 08:57:37,549 ERROR frmstart 13300050070 在线：可为空的对象必须具有一个值。
2018-02-08 08:57:38,235 ERROR frmstart 13300050075 在线：可为空的对象必须具有一个值。
2018-02-08 08:57:38,297 ERROR frmstart 13300050076 在线：可为空的对象必须具有一个值。
2018-02-08 08:57:48,125 ERROR frmstart 13500010002 在线：可为空的对象必须具有一个值。
2018-02-08 08:57:48,359 ERROR frmstart 13500020002 在线：可为空的对象必须具有一个值。
2018-02-08 08:57:48,437 ERROR frmstart 13500020003 在线：可为空的对象必须具有一个值。
2018-02-08 08:57:48,515 ERROR frmstart 13500020004 在线：可为空的对象必须具有一个值。
2018-02-08 08:57:48,578 ERROR frmstart 13500020005 在线：可为空的对象必须具有一个值。
2018-02-08 08:57:48,827 ERROR frmstart 13500030002 在线：可为空的对象必须具有一个值。
2018-02-08 08:57:48,905 ERROR frmstart 13500030003 在线：可为空的对象必须具有一个值。
2018-02-08 08:57:48,983 ERROR frmstart 13500030004 在线：可为空的对象必须具有一个值。
2018-02-08 08:57:49,061 ERROR frmstart 13500030005 在线：可为空的对象必须具有一个值。
2018-02-08 08:57:49,295 ERROR frmstart 13500040002 在线：可为空的对象必须具有一个值。
2018-02-08 08:57:49,514 ERROR frmstart 13500050002 在线：可为空的对象必须具有一个值。
2018-02-08 08:57:50,044 ERROR frmstart 13500080002 在线：可为空的对象必须具有一个值。
2018-02-08 08:57:50,122 ERROR frmstart 13500080003 在线：可为空的对象必须具有一个值。
2018-02-08 08:57:50,216 ERROR frmstart 13500080004 在线：可为空的对象必须具有一个值。
2018-02-08 08:57:50,309 ERROR frmstart 13500080005 在线：可为空的对象必须具有一个值。
2018-02-08 08:57:50,387 ERROR frmstart 13500080006 在线：可为空的对象必须具有一个值。
2018-02-08 08:57:50,512 ERROR frmstart 13500080007 在线：可为空的对象必须具有一个值。
2018-02-08 08:57:50,621 ERROR frmstart 13500080008 在线：可为空的对象必须具有一个值。
2018-02-08 08:57:51,027 ERROR frmstart 13500100002 在线：可为空的对象必须具有一个值。
2018-02-08 08:57:51,105 ERROR frmstart 13500100003 在线：可为空的对象必须具有一个值。
2018-02-08 08:57:51,199 ERROR frmstart 13500100004 在线：可为空的对象必须具有一个值。
2018-02-08 08:57:51,308 ERROR frmstart 13500100005 在线：可为空的对象必须具有一个值。
2018-02-08 08:57:51,401 ERROR frmstart 13500100006 在线：可为空的对象必须具有一个值。
2018-02-08 08:57:51,635 ERROR frmstart 13500110002 在线：可为空的对象必须具有一个值。
2018-02-08 08:57:51,713 ERROR frmstart 13500110003 在线：可为空的对象必须具有一个值。
2018-02-08 08:57:51,854 ERROR frmstart 13500110004 在线：可为空的对象必须具有一个值。
2018-02-08 08:57:51,947 ERROR frmstart 13500110005 在线：可为空的对象必须具有一个值。
2018-02-08 08:57:52,041 ERROR frmstart 13500110006 在线：可为空的对象必须具有一个值。
2018-02-08 08:57:52,103 ERROR frmstart 13500110007 在线：可为空的对象必须具有一个值。
2018-02-08 08:57:52,166 ERROR frmstart 13500110008 在线：可为空的对象必须具有一个值。
2018-02-08 08:57:52,665 ERROR frmstart 13500130002 在线：可为空的对象必须具有一个值。
2018-02-08 08:57:52,774 ERROR frmstart 13500130003 在线：可为空的对象必须具有一个值。
2018-02-08 08:57:52,899 ERROR frmstart 13500130004 在线：可为空的对象必须具有一个值。
2018-02-08 08:57:52,961 ERROR frmstart 13500130005 在线：可为空的对象必须具有一个值。
2018-02-08 08:57:53,039 ERROR frmstart 13500130006 在线：可为空的对象必须具有一个值。
2018-02-08 08:57:53,117 ERROR frmstart 13500130007 在线：可为空的对象必须具有一个值。
2018-02-08 08:57:53,320 ERROR frmstart 13500140002 在线：可为空的对象必须具有一个值。
2018-02-08 08:57:53,539 ERROR frmstart 13500150002 在线：可为空的对象必须具有一个值。
2018-02-08 08:57:53,648 ERROR frmstart 13500150003 在线：可为空的对象必须具有一个值。
2018-02-08 08:57:53,741 ERROR frmstart 13500150004 在线：可为空的对象必须具有一个值。
2018-02-08 08:57:53,819 ERROR frmstart 13500150005 在线：可为空的对象必须具有一个值。
2018-02-08 08:57:59,108 DEBUG frmstart SendCommand:--errPos:902013311112222-0103000000070408
2018-02-08 08:57:59,108 DEBUG frmstart SendCommand:--errPos:902013922220002-0103000000070408
2018-02-08 08:57:59,108 DEBUG frmstart SendCommand:--errPos:902013600000000-01030000002B05D5
2018-02-08 08:57:59,108 DEBUG frmstart SendCommand:--errPos:902013866668888-01030000002B05D5
2018-02-08 08:57:59,108 DEBUG frmstart SendCommand:--errPos:902013866889999-01030000002B05D5
2018-02-08 08:57:59,545 WARN  frmstart 启动计讯服务(Port=6012)无法在 DLL“gprsdll.dll”中找到名为“DLLStartService”的入口点。
2018-02-08 08:57:59,576 ERROR frmstart start gprs文本长度必须少于 64 个字符。
参数名: Text
实际值是 (6002 默认服务已启动);计讯服务6012已启动计讯6012启动失败:无法在 DLL“gprsdll.dll”中找到名为“DLLStartService”的入口点。。
2018-02-08 08:57:59,576 INFO  frmstart load end:57:59
2018-02-08 08:57:59,732 ERROR frmstart 没有配置气象数据:13300050111
2018-02-08 08:57:59,732 ERROR frmstart 没有配置气象数据:13300050113
2018-02-08 08:57:59,732 ERROR frmstart 没有配置气象数据:13300050114
2018-02-08 08:57:59,732 ERROR frmstart 没有配置气象数据:13300050115
2018-02-08 08:57:59,732 ERROR frmstart 没有配置气象数据:13300050116
2018-02-08 08:57:59,732 ERROR frmstart 没有配置气象数据:13300050117
2018-02-08 08:57:59,732 ERROR frmstart 没有配置气象数据:13300050118
2018-02-08 08:57:59,732 ERROR frmstart 没有配置气象数据:13300050119
2018-02-08 08:57:59,732 ERROR frmstart 没有配置气象数据:13900110110
2018-02-08 08:58:00,091 ERROR Error-CreateWeatDownCommand 未将对象引用设置到对象的实例。
2018-02-08 08:58:00,169 ERROR Error-CreateWeatDownCommand 未将对象引用设置到对象的实例。
2018-02-08 08:58:00,574 ERROR frmstart 没有配置气象数据:13300040010
2018-02-08 08:58:00,574 ERROR frmstart 没有配置气象数据:13300040011
2018-02-08 08:58:00,668 ERROR Error-CreateWeatDownCommand 值不能为 null。
参数名: type
2018-02-08 08:58:00,761 ERROR Error-CreateWeatDownCommand 值不能为 null。
参数名: type
2018-02-08 08:58:00,917 ERROR frmstart 没有配置气象数据:13600100001
2018-02-08 08:58:01,011 ERROR Error-CreateWeatDownCommand 索引超出了数组界限。
2018-02-08 08:58:01,120 ERROR Error-CreateWeatDownCommand 值不能为 null。
参数名: type
2018-02-08 08:58:01,214 ERROR Error-CreateWeatDownCommand 索引超出了数组界限。
2018-02-08 08:58:01,323 ERROR Error-CreateWeatDownCommand 值不能为 null。
参数名: type
2018-02-08 08:58:08,676 WARN  frmstart 停止计讯服务:服务尚未启动
2018-02-08 09:00:04,571 INFO  frmstart 准备解析包:date:2018-02-08 08:58:08;src:13600010001;长度:129- data:01037C000000008F110505000100020000000000800000000000070000000000000000422B333341FCCCCD3DE40F473DE439F23F66366042ACED52000000510000000000000A024248000042460498424800003AED097B000000003AED097B000618C5431363D7000000000000000000040003FFF3FC000000000041F000005E8C
2018-02-08 09:00:14,838 INFO  frmstart protocal:QyTech.ProtocalGlfSheXian.ReadCommon
2018-02-08 09:03:12,477 INFO  frmstart will JudgeSameWithCommand simo:13600010001---01037C
2018-02-08 09:46:29,244 ERROR frmstart JX 的新实例
2018-02-08 09:46:30,013 INFO  frmstart load start:46:29
