2017-11-11 20:33:07,282 ERROR Form1 tmrGetNeedSend_Tick:0

2017-11-11 20:54:22,658 ERROR frmstart JX 的新实例
2017-11-11 20:54:23,704 INFO  frmstart load start:54:23
2017-11-11 20:54:48,319 INFO  frmstart 在线数量：0
2017-11-11 20:54:48,480 INFO  frmstart 计讯联接的dtu数量是：0个
2017-11-11 20:54:55,648 ERROR Error-GetBySql 序列包含一个以上的元素
2017-11-11 20:55:00,235 ERROR frmstart SendCommand:--errPos:902013311112222-0103000000070408
2017-11-11 20:55:00,236 ERROR frmstart SendCommand:--errPos:902013922220002-0103000000070408
2017-11-11 20:55:00,236 ERROR frmstart SendCommand:--errPos:902013600000000-01030000002B05D5
2017-11-11 20:55:00,237 ERROR frmstart SendCommand:--errPos:902013866668888-01030000002B05D5
2017-11-11 20:55:00,238 ERROR frmstart SendCommand:--errPos:902013866889999-01030000002B05D5
2017-11-11 20:55:39,274 ERROR frmstart 没有配置气象数据:13300050111
2017-11-11 20:55:39,280 ERROR frmstart 没有配置气象数据:13300050113
2017-11-11 20:55:39,284 ERROR frmstart 没有配置气象数据:13300050114
2017-11-11 20:55:39,285 ERROR frmstart 没有配置气象数据:13300050115
2017-11-11 20:55:39,286 ERROR frmstart 没有配置气象数据:13300050116
2017-11-11 20:55:39,287 ERROR frmstart 没有配置气象数据:13300050117
2017-11-11 20:55:39,291 ERROR frmstart 没有配置气象数据:13300050118
2017-11-11 20:55:39,292 ERROR frmstart 没有配置气象数据:13300050119
2017-11-11 20:55:39,293 ERROR frmstart 没有配置气象数据:13900110110
2017-11-11 20:55:39,742 ERROR Error-CreateWeatDownCommand 未将对象引用设置到对象的实例。
2017-11-11 20:55:39,919 ERROR Error-CreateWeatDownCommand 未将对象引用设置到对象的实例。
2017-11-11 20:55:40,503 ERROR frmstart 没有配置气象数据:13300040010
2017-11-11 20:55:40,510 ERROR frmstart 没有配置气象数据:13300040011
2017-11-11 20:55:40,720 ERROR Error-CreateWeatDownCommand 值不能为 null。
参数名: type
2017-11-11 20:55:40,919 ERROR Error-CreateWeatDownCommand 值不能为 null。
参数名: type
2017-11-11 20:55:41,152 ERROR frmstart 没有配置气象数据:13600100001
2017-11-11 20:55:41,301 WARN  frmstart 启动计讯服务(Port=6012)无法在 DLL“gprsdll.dll”中找到名为“DLLStartService”的入口点。
2017-11-11 20:55:41,302 ERROR Error-CreateWeatDownCommand 索引超出了数组界限。
2017-11-11 20:55:41,387 ERROR frmstart start gprs文本长度必须少于 64 个字符。
参数名: Text
实际值是 (6002 默认服务已启动);计讯服务6012已启动计讯6012启动失败:无法在 DLL“gprsdll.dll”中找到名为“DLLStartService”的入口点。。
2017-11-11 20:55:41,401 INFO  frmstart load end:55:41
2017-11-11 20:55:41,463 ERROR Error-CreateWeatDownCommand 值不能为 null。
参数名: type
2017-11-11 20:55:41,554 ERROR Error-CreateWeatDownCommand 索引超出了数组界限。
2017-11-11 20:55:41,695 ERROR frmstart 没有配置气象数据:13600110001
2017-11-11 20:55:41,702 INFO  frmstart 在线数量：0
2017-11-11 20:55:41,751 INFO  frmstart 计讯联接的dtu数量是：0个
2017-11-11 20:55:43,356 INFO  frmstart 在线数量：0
2017-11-11 20:55:43,422 INFO  frmstart 计讯联接的dtu数量是：0个
2017-11-11 20:56:04,958 INFO  frmstart 在线数量：0
2017-11-11 20:56:05,034 INFO  frmstart 计讯联接的dtu数量是：0个
2017-11-11 20:56:13,783 WARN  frmstart 停止计讯服务:服务尚未启动
2017-11-11 20:56:51,331 INFO  frmstart 准备解析包:date:2017-11-11 20:56:13;src:13600110001;长度:233- data:0103E442013333454CCB3300000000000000000000000000000000000000003DD8000041D733330000000042260000000000004213999A3AE353F841D33333419B33333975C28F000000000000000038449BA60000000000000000423F333300000000425666663F21B3344210CCCD3F55D0E6423F33334237999A3F4FB8523F211FBF3F1D33343F55F5C300000000400240004236666642336200000000004236EA004247999A4232CCCD42366666000000003EB0000000000000418A66664232CCCD454CCB33000000003EB00000000000003DE80000000000000000000042B4000042B766008559
