2018-04-12 00:00:19,202 INFO  frmstart 在线数量：0
2018-04-12 00:00:19,205 INFO  frmstart 计讯联接的dtu数量是：0个
2018-04-12 00:00:19,237 ERROR frmstart  在线：可为空的对象必须具有一个值。
2018-04-12 00:00:21,552 ERROR frmstart 13300050011 在线：可为空的对象必须具有一个值。
2018-04-12 00:00:23,500 ERROR frmstart 13300050067 在线：可为空的对象必须具有一个值。
2018-04-12 00:00:23,598 ERROR frmstart 13300050070 在线：可为空的对象必须具有一个值。
2018-04-12 00:00:23,768 ERROR frmstart 13300050075 在线：可为空的对象必须具有一个值。
2018-04-12 00:00:23,810 ERROR frmstart 13300050076 在线：可为空的对象必须具有一个值。
2018-04-12 00:00:25,513 ERROR frmstart 13500010002 在线：可为空的对象必须具有一个值。
2018-04-12 00:00:25,578 ERROR frmstart 13500020002 在线：可为空的对象必须具有一个值。
2018-04-12 00:00:25,609 ERROR frmstart 13500020003 在线：可为空的对象必须具有一个值。
2018-04-12 00:00:25,652 ERROR frmstart 13500020004 在线：可为空的对象必须具有一个值。
2018-04-12 00:00:25,690 ERROR frmstart 13500020005 在线：可为空的对象必须具有一个值。
2018-04-12 00:00:25,756 ERROR frmstart 13500030002 在线：可为空的对象必须具有一个值。
2018-04-12 00:00:25,788 ERROR frmstart 13500030003 在线：可为空的对象必须具有一个值。
2018-04-12 00:00:25,828 ERROR frmstart 13500030004 在线：可为空的对象必须具有一个值。
2018-04-12 00:00:25,882 ERROR frmstart 13500030005 在线：可为空的对象必须具有一个值。
2018-04-12 00:00:25,950 ERROR frmstart 13500040002 在线：可为空的对象必须具有一个值。
2018-04-12 00:00:26,023 ERROR frmstart 13500050002 在线：可为空的对象必须具有一个值。
2018-04-12 00:00:26,156 ERROR frmstart 13500080002 在线：可为空的对象必须具有一个值。
2018-04-12 00:00:26,191 ERROR frmstart 13500080003 在线：可为空的对象必须具有一个值。
2018-04-12 00:00:26,228 ERROR frmstart 13500080004 在线：可为空的对象必须具有一个值。
2018-04-12 00:00:26,266 ERROR frmstart 13500080005 在线：可为空的对象必须具有一个值。
2018-04-12 00:00:26,298 ERROR frmstart 13500080006 在线：可为空的对象必须具有一个值。
2018-04-12 00:00:26,333 ERROR frmstart 13500080007 在线：可为空的对象必须具有一个值。
2018-04-12 00:00:26,367 ERROR frmstart 13500080008 在线：可为空的对象必须具有一个值。
2018-04-12 00:00:26,468 ERROR frmstart 13500100002 在线：可为空的对象必须具有一个值。
2018-04-12 00:00:26,499 ERROR frmstart 13500100003 在线：可为空的对象必须具有一个值。
2018-04-12 00:00:26,534 ERROR frmstart 13500100004 在线：可为空的对象必须具有一个值。
2018-04-12 00:00:26,567 ERROR frmstart 13500100005 在线：可为空的对象必须具有一个值。
2018-04-12 00:00:26,603 ERROR frmstart 13500100006 在线：可为空的对象必须具有一个值。
2018-04-12 00:00:26,702 ERROR frmstart 13500110002 在线：可为空的对象必须具有一个值。
2018-04-12 00:00:26,745 ERROR frmstart 13500110003 在线：可为空的对象必须具有一个值。
2018-04-12 00:00:26,836 ERROR frmstart 13500110004 在线：可为空的对象必须具有一个值。
2018-04-12 00:00:26,867 ERROR frmstart 13500110005 在线：可为空的对象必须具有一个值。
2018-04-12 00:00:26,910 ERROR frmstart 13500110006 在线：可为空的对象必须具有一个值。
2018-04-12 00:00:26,948 ERROR frmstart 13500110007 在线：可为空的对象必须具有一个值。
2018-04-12 00:00:26,990 ERROR frmstart 13500110008 在线：可为空的对象必须具有一个值。
2018-04-12 00:00:27,098 ERROR frmstart 13500130002 在线：可为空的对象必须具有一个值。
2018-04-12 00:00:27,132 ERROR frmstart 13500130003 在线：可为空的对象必须具有一个值。
2018-04-12 00:00:27,168 ERROR frmstart 13500130004 在线：可为空的对象必须具有一个值。
2018-04-12 00:00:27,208 ERROR frmstart 13500130005 在线：可为空的对象必须具有一个值。
2018-04-12 00:00:27,249 ERROR frmstart 13500130006 在线：可为空的对象必须具有一个值。
2018-04-12 00:00:27,280 ERROR frmstart 13500130007 在线：可为空的对象必须具有一个值。
2018-04-12 00:00:27,353 ERROR frmstart 13500140002 在线：可为空的对象必须具有一个值。
2018-04-12 00:00:27,426 ERROR frmstart 13500150002 在线：可为空的对象必须具有一个值。
2018-04-12 00:00:27,480 ERROR frmstart 13500150003 在线：可为空的对象必须具有一个值。
2018-04-12 00:00:27,516 ERROR frmstart 13500150004 在线：可为空的对象必须具有一个值。
2018-04-12 00:00:27,552 ERROR frmstart 13500150005 在线：可为空的对象必须具有一个值。
2018-04-12 00:00:50,247 DEBUG frmstart SendCommand:--errPos:902013311112222-0103000000070408
2018-04-12 00:00:50,249 DEBUG frmstart SendCommand:--errPos:902013922220002-0103000000070408
2018-04-12 00:00:50,250 DEBUG frmstart SendCommand:--errPos:902013600000000-01030000002B05D5
2018-04-12 00:00:50,252 DEBUG frmstart SendCommand:--errPos:902013866668888-01030000002B05D5
2018-04-12 00:00:50,254 DEBUG frmstart SendCommand:--errPos:902013866889999-01030000002B05D5
2018-04-12 00:00:50,590 ERROR frmstart 没有配置气象数据:13300050111
2018-04-12 00:00:50,591 ERROR frmstart 没有配置气象数据:13300050113
2018-04-12 00:00:50,592 ERROR frmstart 没有配置气象数据:13300050114
2018-04-12 00:00:50,592 ERROR frmstart 没有配置气象数据:13300050115
2018-04-12 00:00:50,593 ERROR frmstart 没有配置气象数据:13300050116
2018-04-12 00:00:50,593 ERROR frmstart 没有配置气象数据:13300050117
2018-04-12 00:00:50,593 ERROR frmstart 没有配置气象数据:13300050118
2018-04-12 00:00:50,594 ERROR frmstart 没有配置气象数据:13300050119
2018-04-12 00:00:50,594 ERROR frmstart 没有配置气象数据:13900110110
2018-04-12 00:00:50,832 ERROR Error-CreateWeatDownCommand 未将对象引用设置到对象的实例。
2018-04-12 00:00:50,900 ERROR Error-CreateWeatDownCommand 未将对象引用设置到对象的实例。
2018-04-12 00:00:51,226 ERROR frmstart 没有配置气象数据:13300040010
2018-04-12 00:00:51,226 ERROR frmstart 没有配置气象数据:13300040011
2018-04-12 00:00:51,295 ERROR Error-CreateWeatDownCommand 值不能为 null。
参数名: type
2018-04-12 00:00:51,362 ERROR Error-CreateWeatDownCommand 值不能为 null。
参数名: type
2018-04-12 00:00:51,511 ERROR frmstart 没有配置气象数据:13600100001
2018-04-12 00:00:51,582 ERROR Error-CreateWeatDownCommand 索引超出了数组界限。
2018-04-12 00:00:51,658 ERROR Error-CreateWeatDownCommand 值不能为 null。
参数名: type
2018-04-12 00:00:51,732 ERROR Error-CreateWeatDownCommand 索引超出了数组界限。
2018-04-12 00:00:51,806 ERROR Error-CreateWeatDownCommand 值不能为 null。
参数名: type
2018-04-12 00:01:19,216 INFO  frmstart 在线数量：0
2018-04-12 00:01:19,217 INFO  frmstart 计讯联接的dtu数量是：0个
2018-04-12 00:01:19,253 ERROR frmstart  在线：可为空的对象必须具有一个值。
2018-04-12 00:01:21,653 ERROR frmstart 13300050011 在线：可为空的对象必须具有一个值。
2018-04-12 00:01:23,741 ERROR frmstart 13300050067 在线：可为空的对象必须具有一个值。
2018-04-12 00:01:23,856 ERROR frmstart 13300050070 在线：可为空的对象必须具有一个值。
2018-04-12 00:01:24,047 ERROR frmstart 13300050075 在线：可为空的对象必须具有一个值。
2018-04-12 00:01:24,082 ERROR frmstart 13300050076 在线：可为空的对象必须具有一个值。
2018-04-12 00:01:26,117 ERROR frmstart 13500010002 在线：可为空的对象必须具有一个值。
2018-04-12 00:01:26,194 ERROR frmstart 13500020002 在线：可为空的对象必须具有一个值。
2018-04-12 00:01:26,232 ERROR frmstart 13500020003 在线：可为空的对象必须具有一个值。
2018-04-12 00:01:26,269 ERROR frmstart 13500020004 在线：可为空的对象必须具有一个值。
2018-04-12 00:01:26,304 ERROR frmstart 13500020005 在线：可为空的对象必须具有一个值。
2018-04-12 00:01:26,379 ERROR frmstart 13500030002 在线：可为空的对象必须具有一个值。
2018-04-12 00:01:26,415 ERROR frmstart 13500030003 在线：可为空的对象必须具有一个值。
2018-04-12 00:01:26,447 ERROR frmstart 13500030004 在线：可为空的对象必须具有一个值。
2018-04-12 00:01:26,486 ERROR frmstart 13500030005 在线：可为空的对象必须具有一个值。
2018-04-12 00:01:26,558 ERROR frmstart 13500040002 在线：可为空的对象必须具有一个值。
2018-04-12 00:01:26,638 ERROR frmstart 13500050002 在线：可为空的对象必须具有一个值。
2018-04-12 00:01:26,789 ERROR frmstart 13500080002 在线：可为空的对象必须具有一个值。
2018-04-12 00:01:26,828 ERROR frmstart 13500080003 在线：可为空的对象必须具有一个值。
2018-04-12 00:01:26,864 ERROR frmstart 13500080004 在线：可为空的对象必须具有一个值。
2018-04-12 00:01:26,904 ERROR frmstart 13500080005 在线：可为空的对象必须具有一个值。
2018-04-12 00:01:26,939 ERROR frmstart 13500080006 在线：可为空的对象必须具有一个值。
2018-04-12 00:01:26,980 ERROR frmstart 13500080007 在线：可为空的对象必须具有一个值。
2018-04-12 00:01:27,017 ERROR frmstart 13500080008 在线：可为空的对象必须具有一个值。
2018-04-12 00:01:27,119 ERROR frmstart 13500100002 在线：可为空的对象必须具有一个值。
2018-04-12 00:01:27,154 ERROR frmstart 13500100003 在线：可为空的对象必须具有一个值。
2018-04-12 00:01:27,189 ERROR frmstart 13500100004 在线：可为空的对象必须具有一个值。
2018-04-12 00:01:27,225 ERROR frmstart 13500100005 在线：可为空的对象必须具有一个值。
2018-04-12 00:01:27,261 ERROR frmstart 13500100006 在线：可为空的对象必须具有一个值。
2018-04-12 00:01:27,348 ERROR frmstart 13500110002 在线：可为空的对象必须具有一个值。
2018-04-12 00:01:27,384 ERROR frmstart 13500110003 在线：可为空的对象必须具有一个值。
2018-04-12 00:01:27,420 ERROR frmstart 13500110004 在线：可为空的对象必须具有一个值。
2018-04-12 00:01:27,456 ERROR frmstart 13500110005 在线：可为空的对象必须具有一个值。
2018-04-12 00:01:27,494 ERROR frmstart 13500110006 在线：可为空的对象必须具有一个值。
2018-04-12 00:01:27,528 ERROR frmstart 13500110007 在线：可为空的对象必须具有一个值。
2018-04-12 00:01:27,562 ERROR frmstart 13500110008 在线：可为空的对象必须具有一个值。
2018-04-12 00:01:27,669 ERROR frmstart 13500130002 在线：可为空的对象必须具有一个值。
2018-04-12 00:01:27,706 ERROR frmstart 13500130003 在线：可为空的对象必须具有一个值。
2018-04-12 00:01:27,746 ERROR frmstart 13500130004 在线：可为空的对象必须具有一个值。
2018-04-12 00:01:27,779 ERROR frmstart 13500130005 在线：可为空的对象必须具有一个值。
2018-04-12 00:01:27,818 ERROR frmstart 13500130006 在线：可为空的对象必须具有一个值。
2018-04-12 00:01:27,856 ERROR frmstart 13500130007 在线：可为空的对象必须具有一个值。
2018-04-12 00:01:27,926 ERROR frmstart 13500140002 在线：可为空的对象必须具有一个值。
2018-04-12 00:01:28,006 ERROR frmstart 13500150002 在线：可为空的对象必须具有一个值。
2018-04-12 00:01:28,041 ERROR frmstart 13500150003 在线：可为空的对象必须具有一个值。
2018-04-12 00:01:28,076 ERROR frmstart 13500150004 在线：可为空的对象必须具有一个值。
2018-04-12 00:01:28,110 ERROR frmstart 13500150005 在线：可为空的对象必须具有一个值。
2018-04-12 00:02:11,836 DEBUG frmstart SendCommand:--errPos:902013311112222-0103000000070408
2018-04-12 00:02:11,836 DEBUG frmstart SendCommand:--errPos:902013922220002-0103000000070408
2018-04-12 00:02:11,837 DEBUG frmstart SendCommand:--errPos:902013600000000-01030000002B05D5
2018-04-12 00:02:11,838 DEBUG frmstart SendCommand:--errPos:902013866668888-01030000002B05D5
2018-04-12 00:02:11,838 DEBUG frmstart SendCommand:--errPos:902013866889999-01030000002B05D5
2018-04-12 00:02:12,266 ERROR frmstart 没有配置气象数据:13300050111
2018-04-12 00:02:12,266 ERROR frmstart 没有配置气象数据:13300050113
2018-04-12 00:02:12,267 ERROR frmstart 没有配置气象数据:13300050114
2018-04-12 00:02:12,267 ERROR frmstart 没有配置气象数据:13300050115
2018-04-12 00:02:12,268 ERROR frmstart 没有配置气象数据:13300050116
2018-04-12 00:02:12,268 ERROR frmstart 没有配置气象数据:13300050117
2018-04-12 00:02:12,268 ERROR frmstart 没有配置气象数据:13300050118
2018-04-12 00:02:12,269 ERROR frmstart 没有配置气象数据:13300050119
2018-04-12 00:02:12,269 ERROR frmstart 没有配置气象数据:13900110110
2018-04-12 00:02:12,519 ERROR Error-CreateWeatDownCommand 未将对象引用设置到对象的实例。
2018-04-12 00:02:12,623 ERROR Error-CreateWeatDownCommand 未将对象引用设置到对象的实例。
2018-04-12 00:02:12,984 ERROR frmstart 没有配置气象数据:13300040010
2018-04-12 00:02:12,985 ERROR frmstart 没有配置气象数据:13300040011
2018-04-12 00:02:13,084 ERROR Error-CreateWeatDownCommand 值不能为 null。
参数名: type
2018-04-12 00:02:13,178 ERROR Error-CreateWeatDownCommand 值不能为 null。
参数名: type
2018-04-12 00:02:13,348 ERROR frmstart 没有配置气象数据:13600100001
2018-04-12 00:02:13,447 ERROR Error-CreateWeatDownCommand 索引超出了数组界限。
2018-04-12 00:02:13,521 ERROR Error-CreateWeatDownCommand 值不能为 null。
参数名: type
2018-04-12 00:02:13,594 ERROR Error-CreateWeatDownCommand 索引超出了数组界限。
2018-04-12 00:02:13,670 ERROR Error-CreateWeatDownCommand 值不能为 null。
参数名: type
2018-04-12 00:02:19,230 INFO  frmstart 在线数量：0
2018-04-12 00:02:19,232 INFO  frmstart 计讯联接的dtu数量是：0个
2018-04-12 00:02:19,277 ERROR frmstart  在线：可为空的对象必须具有一个值。
2018-04-12 00:02:22,049 ERROR frmstart 13300050011 在线：可为空的对象必须具有一个值。
2018-04-12 00:02:24,054 ERROR frmstart 13300050067 在线：可为空的对象必须具有一个值。
2018-04-12 00:02:24,171 ERROR frmstart 13300050070 在线：可为空的对象必须具有一个值。
2018-04-12 00:02:24,356 ERROR frmstart 13300050075 在线：可为空的对象必须具有一个值。
2018-04-12 00:02:24,402 ERROR frmstart 13300050076 在线：可为空的对象必须具有一个值。
2018-04-12 00:02:26,392 ERROR frmstart 13500010002 在线：可为空的对象必须具有一个值。
2018-04-12 00:02:26,471 ERROR frmstart 13500020002 在线：可为空的对象必须具有一个值。
2018-04-12 00:02:26,504 ERROR frmstart 13500020003 在线：可为空的对象必须具有一个值。
2018-04-12 00:02:26,551 ERROR frmstart 13500020004 在线：可为空的对象必须具有一个值。
2018-04-12 00:02:26,585 ERROR frmstart 13500020005 在线：可为空的对象必须具有一个值。
2018-04-12 00:02:26,660 ERROR frmstart 13500030002 在线：可为空的对象必须具有一个值。
2018-04-12 00:02:26,694 ERROR frmstart 13500030003 在线：可为空的对象必须具有一个值。
2018-04-12 00:02:26,763 ERROR frmstart 13500030004 在线：可为空的对象必须具有一个值。
2018-04-12 00:02:26,838 ERROR frmstart 13500030005 在线：可为空的对象必须具有一个值。
2018-04-12 00:02:26,960 ERROR frmstart 13500040002 在线：可为空的对象必须具有一个值。
2018-04-12 00:02:27,038 ERROR frmstart 13500050002 在线：可为空的对象必须具有一个值。
2018-04-12 00:02:27,192 ERROR frmstart 13500080002 在线：可为空的对象必须具有一个值。
2018-04-12 00:02:27,230 ERROR frmstart 13500080003 在线：可为空的对象必须具有一个值。
2018-04-12 00:02:27,265 ERROR frmstart 13500080004 在线：可为空的对象必须具有一个值。
2018-04-12 00:02:27,301 ERROR frmstart 13500080005 在线：可为空的对象必须具有一个值。
2018-04-12 00:02:27,344 ERROR frmstart 13500080006 在线：可为空的对象必须具有一个值。
2018-04-12 00:02:27,378 ERROR frmstart 13500080007 在线：可为空的对象必须具有一个值。
2018-04-12 00:02:27,412 ERROR frmstart 13500080008 在线：可为空的对象必须具有一个值。
2018-04-12 00:02:27,527 ERROR frmstart 13500100002 在线：可为空的对象必须具有一个值。
2018-04-12 00:02:27,562 ERROR frmstart 13500100003 在线：可为空的对象必须具有一个值。
2018-04-12 00:02:27,596 ERROR frmstart 13500100004 在线：可为空的对象必须具有一个值。
2018-04-12 00:02:27,633 ERROR frmstart 13500100005 在线：可为空的对象必须具有一个值。
2018-04-12 00:02:27,673 ERROR frmstart 13500100006 在线：可为空的对象必须具有一个值。
2018-04-12 00:02:27,749 ERROR frmstart 13500110002 在线：可为空的对象必须具有一个值。
2018-04-12 00:02:27,795 ERROR frmstart 13500110003 在线：可为空的对象必须具有一个值。
2018-04-12 00:02:27,827 ERROR frmstart 13500110004 在线：可为空的对象必须具有一个值。
2018-04-12 00:02:27,862 ERROR frmstart 13500110005 在线：可为空的对象必须具有一个值。
2018-04-12 00:02:27,900 ERROR frmstart 13500110006 在线：可为空的对象必须具有一个值。
2018-04-12 00:02:27,936 ERROR frmstart 13500110007 在线：可为空的对象必须具有一个值。
2018-04-12 00:02:27,970 ERROR frmstart 13500110008 在线：可为空的对象必须具有一个值。
2018-04-12 00:02:28,084 ERROR frmstart 13500130002 在线：可为空的对象必须具有一个值。
2018-04-12 00:02:28,118 ERROR frmstart 13500130003 在线：可为空的对象必须具有一个值。
2018-04-12 00:02:28,163 ERROR frmstart 13500130004 在线：可为空的对象必须具有一个值。
2018-04-12 00:02:28,203 ERROR frmstart 13500130005 在线：可为空的对象必须具有一个值。
2018-04-12 00:02:28,241 ERROR frmstart 13500130006 在线：可为空的对象必须具有一个值。
2018-04-12 00:02:28,275 ERROR frmstart 13500130007 在线：可为空的对象必须具有一个值。
2018-04-12 00:02:28,345 ERROR frmstart 13500140002 在线：可为空的对象必须具有一个值。
2018-04-12 00:02:28,418 ERROR frmstart 13500150002 在线：可为空的对象必须具有一个值。
2018-04-12 00:02:28,475 ERROR frmstart 13500150003 在线：可为空的对象必须具有一个值。
2018-04-12 00:02:28,510 ERROR frmstart 13500150004 在线：可为空的对象必须具有一个值。
2018-04-12 00:02:28,544 ERROR frmstart 13500150005 在线：可为空的对象必须具有一个值。
2018-04-12 00:03:19,243 INFO  frmstart 在线数量：0
2018-04-12 00:03:19,244 INFO  frmstart 计讯联接的dtu数量是：0个
2018-04-12 00:03:19,282 ERROR frmstart  在线：可为空的对象必须具有一个值。
2018-04-12 00:03:27,179 ERROR frmstart 13300050011 在线：可为空的对象必须具有一个值。

2018-04-12 00:03:29,662 ERROR frmstart 13300050067 在线：可为空的对象必须具有一个值。
2018-04-12 00:03:29,830 ERROR frmstart 13300050070 在线：可为空的对象必须具有一个值。
2018-04-12 00:03:30,026 ERROR frmstart 13300050075 在线：可为空的对象必须具有一个值。
2018-04-12 00:03:30,064 ERROR frmstart 13300050076 在线：可为空的对象必须具有一个值。
2018-04-12 00:03:32,173 ERROR frmstart 13500010002 在线：可为空的对象必须具有一个值。
2018-04-12 00:03:32,249 ERROR frmstart 13500020002 在线：可为空的对象必须具有一个值。
2018-04-12 00:03:32,301 ERROR frmstart 13500020003 在线：可为空的对象必须具有一个值。
2018-04-12 00:03:32,335 ERROR frmstart 13500020004 在线：可为空的对象必须具有一个值。
2018-04-12 00:03:32,372 ERROR frmstart 13500020005 在线：可为空的对象必须具有一个值。
2018-04-12 00:03:32,456 ERROR frmstart 13500030002 在线：可为空的对象必须具有一个值。
2018-04-12 00:03:32,498 ERROR frmstart 13500030003 在线：可为空的对象必须具有一个值。
2018-04-12 00:03:32,532 ERROR frmstart 13500030004 在线：可为空的对象必须具有一个值。
2018-04-12 00:03:32,606 ERROR frmstart 13500030005 在线：可为空的对象必须具有一个值。
2018-04-12 00:03:32,702 ERROR frmstart 13500040002 在线：可为空的对象必须具有一个值。
2018-04-12 00:03:32,780 ERROR frmstart 13500050002 在线：可为空的对象必须具有一个值。
2018-04-12 00:03:32,956 ERROR frmstart 13500080002 在线：可为空的对象必须具有一个值。
2018-04-12 00:03:33,056 ERROR frmstart 13500080003 在线：可为空的对象必须具有一个值。
2018-04-12 00:03:33,095 ERROR frmstart 13500080004 在线：可为空的对象必须具有一个值。
2018-04-12 00:03:33,132 ERROR frmstart 13500080005 在线：可为空的对象必须具有一个值。
2018-04-12 00:03:33,211 ERROR frmstart 13500080006 在线：可为空的对象必须具有一个值。
2018-04-12 00:03:33,280 ERROR frmstart 13500080007 在线：可为空的对象必须具有一个值。
2018-04-12 00:03:33,324 ERROR frmstart 13500080008 在线：可为空的对象必须具有一个值。
2018-04-12 00:03:33,520 ERROR frmstart 13500100002 在线：可为空的对象必须具有一个值。
2018-04-12 00:03:33,563 ERROR frmstart 13500100003 在线：可为空的对象必须具有一个值。
2018-04-12 00:03:33,605 ERROR frmstart 13500100004 在线：可为空的对象必须具有一个值。
2018-04-12 00:03:33,661 ERROR frmstart 13500100005 在线：可为空的对象必须具有一个值。
2018-04-12 00:03:33,717 DEBUG frmstart SendCommand:--errPos:902013311112222-0103000000070408
2018-04-12 00:03:33,717 DEBUG frmstart SendCommand:--errPos:902013922220002-0103000000070408
2018-04-12 00:03:33,718 DEBUG frmstart SendCommand:--errPos:902013600000000-01030000002B05D5
2018-04-12 00:03:33,718 DEBUG frmstart SendCommand:--errPos:902013866668888-01030000002B05D5
2018-04-12 00:03:33,719 DEBUG frmstart SendCommand:--errPos:902013866889999-01030000002B05D5
2018-04-12 00:03:33,725 ERROR frmstart 13500100006 在线：可为空的对象必须具有一个值。
2018-04-12 00:03:33,816 ERROR frmstart 13500110002 在线：可为空的对象必须具有一个值。
2018-04-12 00:03:33,865 ERROR frmstart 13500110003 在线：可为空的对象必须具有一个值。
2018-04-12 00:03:33,932 ERROR frmstart 13500110004 在线：可为空的对象必须具有一个值。
2018-04-12 00:03:33,972 ERROR frmstart 13500110005 在线：可为空的对象必须具有一个值。
2018-04-12 00:03:34,344 ERROR frmstart 13500110006 在线：可为空的对象必须具有一个值。
2018-04-12 00:03:34,391 ERROR frmstart 13500110007 在线：可为空的对象必须具有一个值。
2018-04-12 00:03:34,424 ERROR frmstart 13500110008 在线：可为空的对象必须具有一个值。
2018-04-12 00:03:34,559 ERROR frmstart 13500130002 在线：可为空的对象必须具有一个值。
2018-04-12 00:03:34,599 ERROR frmstart 13500130003 在线：可为空的对象必须具有一个值。
2018-04-12 00:03:34,662 ERROR frmstart 13500130004 在线：可为空的对象必须具有一个值。
2018-04-12 00:03:34,717 ERROR frmstart 13500130005 在线：可为空的对象必须具有一个值。
2018-04-12 00:03:34,786 ERROR frmstart 13500130006 在线：可为空的对象必须具有一个值。
2018-04-12 00:03:34,831 ERROR frmstart 13500130007 在线：可为空的对象必须具有一个值。
2018-04-12 00:03:34,857 ERROR frmstart 没有配置气象数据:13300050111
2018-04-12 00:03:34,858 ERROR frmstart 没有配置气象数据:13300050113
2018-04-12 00:03:34,858 ERROR frmstart 没有配置气象数据:13300050114
2018-04-12 00:03:34,859 ERROR frmstart 没有配置气象数据:13300050115
2018-04-12 00:03:34,859 ERROR frmstart 没有配置气象数据:13300050116
2018-04-12 00:03:34,860 ERROR frmstart 没有配置气象数据:13300050117
2018-04-12 00:03:34,860 ERROR frmstart 没有配置气象数据:13300050118
2018-04-12 00:03:34,861 ERROR frmstart 没有配置气象数据:13300050119
2018-04-12 00:03:34,861 ERROR frmstart 没有配置气象数据:13900110110
2018-04-12 00:03:34,943 ERROR frmstart 13500140002 在线：可为空的对象必须具有一个值。
2018-04-12 00:03:35,020 ERROR frmstart 13500150002 在线：可为空的对象必须具有一个值。
2018-04-12 00:03:35,062 ERROR frmstart 13500150003 在线：可为空的对象必须具有一个值。
2018-04-12 00:03:35,129 ERROR frmstart 13500150004 在线：可为空的对象必须具有一个值。
2018-04-12 00:03:35,159 ERROR Error-CreateWeatDownCommand 未将对象引用设置到对象的实例。
2018-04-12 00:03:35,177 ERROR frmstart 13500150005 在线：可为空的对象必须具有一个值。
2018-04-12 00:03:35,274 ERROR Error-CreateWeatDownCommand 未将对象引用设置到对象的实例。
2018-04-12 00:03:35,663 ERROR frmstart 没有配置气象数据:13300040010
2018-04-12 00:03:35,664 ERROR frmstart 没有配置气象数据:13300040011
2018-04-12 00:03:35,734 ERROR Error-CreateWeatDownCommand 值不能为 null。
参数名: type
2018-04-12 00:03:35,821 ERROR Error-CreateWeatDownCommand 值不能为 null。
参数名: type
2018-04-12 00:03:35,973 ERROR frmstart 没有配置气象数据:13600100001
2018-04-12 00:03:36,051 ERROR Error-CreateWeatDownCommand 索引超出了数组界限。
2018-04-12 00:03:36,116 ERROR Error-CreateWeatDownCommand 值不能为 null。
参数名: type
2018-04-12 00:03:36,240 ERROR Error-CreateWeatDownCommand 索引超出了数组界限。
2018-04-12 00:03:36,332 ERROR Error-CreateWeatDownCommand 值不能为 null。
参数名: type
2018-04-12 00:03:54,629 WARN  frmstart 停止计讯服务:服务尚未启动

