2017-11-09 10:11:18,168 ERROR frmstart JX 的新实例
2017-11-09 10:11:18,792 INFO  frmstart load start:11:18
2017-11-09 10:12:20,488 ERROR frmstart 13600110001---值不能为 null。
参数名: type
2017-11-09 10:12:20,679 INFO  frmstart 在线数量：0
2017-11-09 10:12:20,928 INFO  frmstart 计讯联接的dtu数量是：0个
2017-11-09 10:12:27,675 ERROR Error-GetBySql 序列包含一个以上的元素
2017-11-09 10:12:30,661 ERROR frmstart SendCommand:--errPos:902013311112222-0103000000070408
2017-11-09 10:12:30,661 ERROR frmstart SendCommand:--errPos:902013922220002-0103000000070408
2017-11-09 10:12:30,661 ERROR frmstart SendCommand:--errPos:902013600000000-01030000002B05D5
2017-11-09 10:12:30,661 ERROR frmstart SendCommand:--errPos:902013866668888-01030000002B05D5
2017-11-09 10:12:30,661 ERROR frmstart SendCommand:--errPos:902013866889999-01030000002B05D5
2017-11-09 10:12:41,614 ERROR frmstart 没有配置气象数据:13300050111
2017-11-09 10:12:41,614 ERROR frmstart 没有配置气象数据:13300050113
2017-11-09 10:12:41,629 ERROR frmstart 没有配置气象数据:13300050114
2017-11-09 10:12:41,629 ERROR frmstart 没有配置气象数据:13300050115
2017-11-09 10:12:41,629 ERROR frmstart 没有配置气象数据:13300050116
2017-11-09 10:12:41,629 ERROR frmstart 没有配置气象数据:13300050117
2017-11-09 10:12:41,629 ERROR frmstart 没有配置气象数据:13300050118
2017-11-09 10:12:41,629 ERROR frmstart 没有配置气象数据:13300050119
2017-11-09 10:12:41,629 ERROR frmstart 没有配置气象数据:13900110110
2017-11-09 10:12:42,050 ERROR Error-CreateWeatDownCommand 未将对象引用设置到对象的实例。
2017-11-09 10:12:42,206 ERROR Error-CreateWeatDownCommand 未将对象引用设置到对象的实例。
2017-11-09 10:12:42,799 ERROR frmstart 没有配置气象数据:13300040010
2017-11-09 10:12:42,815 ERROR frmstart 没有配置气象数据:13300040011
2017-11-09 10:12:43,064 ERROR Error-CreateWeatDownCommand 值不能为 null。
参数名: type
2017-11-09 10:12:43,158 ERROR Error-CreateWeatDownCommand 值不能为 null。
参数名: type
2017-11-09 10:12:43,236 WARN  frmstart 启动计讯服务(Port=6012)无法在 DLL“gprsdll.dll”中找到名为“DLLStartService”的入口点。
2017-11-09 10:12:43,298 ERROR frmstart start gprs文本长度必须少于 64 个字符。
参数名: Text
实际值是 (6002 默认服务已启动);计讯服务6012已启动计讯6012启动失败:无法在 DLL“gprsdll.dll”中找到名为“DLLStartService”的入口点。。
2017-11-09 10:12:43,298 INFO  frmstart load end:12:43
2017-11-09 10:12:43,408 ERROR frmstart 没有配置气象数据:13600100001
2017-11-09 10:12:43,532 ERROR Error-CreateWeatDownCommand 索引超出了数组界限。
2017-11-09 10:12:43,532 INFO  frmstart 在线数量：0
2017-11-09 10:12:43,595 INFO  frmstart 计讯联接的dtu数量是：0个
2017-11-09 10:12:43,673 ERROR Error-CreateWeatDownCommand 值不能为 null。
参数名: type
2017-11-09 10:12:43,751 ERROR Error-CreateWeatDownCommand 索引超出了数组界限。
2017-11-09 10:12:43,782 ERROR Error-CreateWeatDownCommand 值不能为 null。
参数名: type
2017-11-09 10:12:57,526 WARN  frmstart 停止计讯服务:服务尚未启动
2017-11-09 10:14:43,930 INFO  frmstart 准备解析包:date:2017-11-09 10:12:57;src:13600110001;长度:101- data:0103600014000000020000000000790000000004552AA82AA24000000000000000000041340000432BDA004152E14843B91604000000000000000042200000E300E100C303999A417333334160000000000000C2F466664285999A42513333000000008E30
2017-11-09 10:14:44,024 ERROR frmstart ProcessData error::13600110001 length:101 data:0103600014000000020000000000790000000004552AA82AA24000000000000000000041340000432BDA004152E14843B91604000000000000000042200000E300E100C303999A417333334160000000000000C2F466664285999A42513333000000008E30---值不能为 null。
参数名: type
2017-11-09 10:14:44,024 INFO  frmstart 在线数量：0
2017-11-09 10:14:44,055 INFO  frmstart 计讯联接的dtu数量是：0个
2017-11-09 10:14:58,625 INFO  frmstart 在线数量：0
2017-11-09 10:14:58,672 INFO  frmstart 计讯联接的dtu数量是：0个
2017-11-09 10:15:18,642 INFO  frmstart 在线数量：0
2017-11-09 10:15:18,658 INFO  frmstart 计讯联接的dtu数量是：0个
2017-11-09 10:16:01,667 INFO  frmstart 准备解析包:date:2017-11-09 10:15:25;src:13600110001;长度:101- data:0103600014000000020000000000790000000004552AA82AA24000000000000000000041340000432BDA004152E14843B91604000000000000000042200000E300E100C303999A417333334160000000000000C2F466664285999A42513333000000008E30
2017-11-09 10:16:01,758 ERROR frmstart ProcessData error::13600110001 length:101 data:0103600014000000020000000000790000000004552AA82AA24000000000000000000041340000432BDA004152E14843B91604000000000000000042200000E300E100C303999A417333334160000000000000C2F466664285999A42513333000000008E30---值不能为 null。
参数名: type
2017-11-09 10:16:01,758 INFO  frmstart 在线数量：0
2017-11-09 10:16:01,790 INFO  frmstart 计讯联接的dtu数量是：0个
2017-11-09 10:16:49,695 INFO  frmstart 准备解析包:date:2017-11-09 10:16:03;src:13600070001;长度:43- data:010326000000000000012C012C001E001E000000000000000000000000000000004270000041F00000D116
2017-11-09 10:23:09,161 ERROR frmstart JX 的新实例
2017-11-09 10:23:09,910 INFO  frmstart load start:23:09
2017-11-09 10:23:34,597 ERROR frmstart 13600110001---值不能为 null。
参数名: type
2017-11-09 10:23:34,722 INFO  frmstart 在线数量：0
2017-11-09 10:23:34,800 INFO  frmstart 计讯联接的dtu数量是：0个
2017-11-09 10:23:41,180 ERROR Error-GetBySql 序列包含一个以上的元素
2017-11-09 10:23:44,191 ERROR frmstart SendCommand:--errPos:902013311112222-0103000000070408
2017-11-09 10:23:44,191 ERROR frmstart SendCommand:--errPos:902013922220002-0103000000070408
2017-11-09 10:23:44,191 ERROR frmstart SendCommand:--errPos:902013600000000-01030000002B05D5
2017-11-09 10:23:44,191 ERROR frmstart SendCommand:--errPos:902013866668888-01030000002B05D5
2017-11-09 10:23:44,191 ERROR frmstart SendCommand:--errPos:902013866889999-01030000002B05D5
2017-11-09 10:23:44,799 ERROR frmstart 没有配置气象数据:13300050111
2017-11-09 10:23:44,799 ERROR frmstart 没有配置气象数据:13300050113
2017-11-09 10:23:44,799 ERROR frmstart 没有配置气象数据:13300050114
2017-11-09 10:23:44,799 ERROR frmstart 没有配置气象数据:13300050115
2017-11-09 10:23:44,799 ERROR frmstart 没有配置气象数据:13300050116
2017-11-09 10:23:44,799 ERROR frmstart 没有配置气象数据:13300050117
2017-11-09 10:23:44,799 ERROR frmstart 没有配置气象数据:13300050118
2017-11-09 10:23:44,815 ERROR frmstart 没有配置气象数据:13300050119
2017-11-09 10:23:44,815 ERROR frmstart 没有配置气象数据:13900110110
2017-11-09 10:23:45,236 ERROR Error-CreateWeatDownCommand 未将对象引用设置到对象的实例。
2017-11-09 10:23:45,361 ERROR Error-CreateWeatDownCommand 未将对象引用设置到对象的实例。
2017-11-09 10:23:45,985 ERROR frmstart 没有配置气象数据:13300040010
2017-11-09 10:23:45,985 ERROR frmstart 没有配置气象数据:13300040011
2017-11-09 10:23:46,156 ERROR Error-CreateWeatDownCommand 值不能为 null。
参数名: type
2017-11-09 10:23:46,337 ERROR Error-CreateWeatDownCommand 值不能为 null。
参数名: type
2017-11-09 10:23:46,557 ERROR frmstart 没有配置气象数据:13600100001
2017-11-09 10:23:46,692 ERROR Error-CreateWeatDownCommand 索引超出了数组界限。
2017-11-09 10:23:46,792 WARN  frmstart 启动计讯服务(Port=6012)无法在 DLL“gprsdll.dll”中找到名为“DLLStartService”的入口点。
2017-11-09 10:23:46,863 ERROR frmstart start gprs文本长度必须少于 64 个字符。
参数名: Text
实际值是 (6002 默认服务已启动);计讯服务6012已启动计讯6012启动失败:无法在 DLL“gprsdll.dll”中找到名为“DLLStartService”的入口点。。
2017-11-09 10:23:46,881 ERROR Error-CreateWeatDownCommand 值不能为 null。
参数名: type
2017-11-09 10:23:46,881 INFO  frmstart load end:23:46
2017-11-09 10:23:46,969 ERROR Error-CreateWeatDownCommand 索引超出了数组界限。
2017-11-09 10:23:47,004 ERROR Error-CreateWeatDownCommand 值不能为 null。
参数名: type
2017-11-09 10:23:49,560 INFO  frmstart 在线数量：0
2017-11-09 10:23:49,623 INFO  frmstart 计讯联接的dtu数量是：0个
2017-11-09 10:24:09,575 INFO  frmstart 在线数量：0
2017-11-09 10:24:09,622 INFO  frmstart 计讯联接的dtu数量是：0个
2017-11-09 10:24:20,994 WARN  frmstart 停止计讯服务:服务尚未启动
2017-11-09 10:24:27,142 INFO  frmstart 准备解析包:date:2017-11-09 10:24:20;src:13600070001;长度:43- data:010326000000000000012C012C001E001E000000000000000000000000000000004270000041F00000D116
2017-11-09 15:53:24,190 ERROR frmstart JX 的新实例
2017-11-09 15:53:24,907 INFO  frmstart load start:53:24
2017-11-09 15:53:52,847 ERROR frmstart 13600110001---值不能为 null。
参数名: type
2017-11-09 15:53:53,034 INFO  frmstart 在线数量：0
2017-11-09 15:53:53,268 INFO  frmstart 计讯联接的dtu数量是：0个
2017-11-09 15:53:59,961 ERROR Error-GetBySql 序列包含一个以上的元素
2017-11-09 15:54:02,940 ERROR frmstart SendCommand:--errPos:902013311112222-0103000000070408
2017-11-09 15:54:02,940 ERROR frmstart SendCommand:--errPos:902013922220002-0103000000070408
2017-11-09 15:54:02,956 ERROR frmstart SendCommand:--errPos:902013600000000-01030000002B05D5
2017-11-09 15:54:02,956 ERROR frmstart SendCommand:--errPos:902013866668888-01030000002B05D5
2017-11-09 15:54:02,956 ERROR frmstart SendCommand:--errPos:902013866889999-01030000002B05D5
2017-11-09 15:55:09,862 ERROR frmstart 没有配置气象数据:13300050111
2017-11-09 15:55:09,862 ERROR frmstart 没有配置气象数据:13300050113
2017-11-09 15:55:24,916 ERROR frmstart 没有配置气象数据:13300050114
2017-11-09 15:55:24,916 ERROR frmstart 没有配置气象数据:13300050115
2017-11-09 15:55:24,916 ERROR frmstart 没有配置气象数据:13300050116
2017-11-09 15:55:24,916 ERROR frmstart 没有配置气象数据:13300050117
2017-11-09 15:55:24,916 ERROR frmstart 没有配置气象数据:13300050118
2017-11-09 15:55:24,916 ERROR frmstart 没有配置气象数据:13300050119
2017-11-09 15:55:24,916 ERROR frmstart 没有配置气象数据:13900110110
2017-11-09 15:56:05,728 ERROR Error-CreateWeatDownCommand 未将对象引用设置到对象的实例。
2017-11-09 15:56:11,500 ERROR Error-CreateWeatDownCommand 未将对象引用设置到对象的实例。
2017-11-09 16:06:03,774 ERROR frmstart JX 的新实例
2017-11-09 16:06:04,429 INFO  frmstart load start:06:04
2017-11-09 16:06:28,422 INFO  frmstart 在线数量：0
2017-11-09 16:06:28,500 INFO  frmstart 计讯联接的dtu数量是：0个
2017-11-09 16:06:34,677 ERROR Error-GetBySql 序列包含一个以上的元素
2017-11-09 16:06:37,610 ERROR frmstart SendCommand:--errPos:902013311112222-0103000000070408
2017-11-09 16:06:37,610 ERROR frmstart SendCommand:--errPos:902013922220002-0103000000070408
2017-11-09 16:06:37,610 ERROR frmstart SendCommand:--errPos:902013600000000-01030000002B05D5
2017-11-09 16:06:37,610 ERROR frmstart SendCommand:--errPos:902013866668888-01030000002B05D5
2017-11-09 16:06:37,610 ERROR frmstart SendCommand:--errPos:902013866889999-01030000002B05D5
2017-11-09 16:06:45,769 ERROR frmstart 没有配置气象数据:13300050111
2017-11-09 16:06:45,769 ERROR frmstart 没有配置气象数据:13300050113
2017-11-09 16:06:45,769 ERROR frmstart 没有配置气象数据:13300050114
2017-11-09 16:06:45,769 ERROR frmstart 没有配置气象数据:13300050115
2017-11-09 16:06:45,769 ERROR frmstart 没有配置气象数据:13300050116
2017-11-09 16:06:45,769 ERROR frmstart 没有配置气象数据:13300050117
2017-11-09 16:06:45,785 ERROR frmstart 没有配置气象数据:13300050118
2017-11-09 16:06:45,785 ERROR frmstart 没有配置气象数据:13300050119
2017-11-09 16:06:45,785 ERROR frmstart 没有配置气象数据:13900110110
2017-11-09 16:06:58,389 ERROR Error-CreateWeatDownCommand 未将对象引用设置到对象的实例。
2017-11-09 16:07:05,004 ERROR Error-CreateWeatDownCommand 未将对象引用设置到对象的实例。
2017-11-09 20:35:47,840 ERROR frmstart JX 的新实例
2017-11-09 20:35:48,792 INFO  frmstart load start:35:48
2017-11-09 20:37:03,704 INFO  frmstart 在线数量：0
2017-11-09 20:37:04,004 INFO  frmstart 计讯联接的dtu数量是：0个
2017-11-09 20:37:09,733 INFO  frmstart 在线数量：0
2017-11-09 20:37:09,795 INFO  frmstart 计讯联接的dtu数量是：0个
2017-11-09 20:37:22,058 ERROR Error-GetBySql 序列包含一个以上的元素
2017-11-09 20:37:29,093 INFO  frmstart 在线数量：0
2017-11-09 20:37:29,194 INFO  frmstart 计讯联接的dtu数量是：0个
2017-11-09 20:37:30,315 ERROR frmstart SendCommand:--errPos:902013311112222-0103000000070408
2017-11-09 20:37:30,333 ERROR frmstart SendCommand:--errPos:902013922220002-0103000000070408
2017-11-09 20:37:30,364 ERROR frmstart SendCommand:--errPos:902013600000000-01030000002B05D5
2017-11-09 20:37:30,388 ERROR frmstart SendCommand:--errPos:902013866668888-01030000002B05D5
2017-11-09 20:37:30,412 ERROR frmstart SendCommand:--errPos:902013866889999-01030000002B05D5
2017-11-09 20:37:31,395 ERROR frmstart 没有配置气象数据:13300050111
2017-11-09 20:37:31,402 ERROR frmstart 没有配置气象数据:13300050113
2017-11-09 20:37:31,411 ERROR frmstart 没有配置气象数据:13300050114
2017-11-09 20:37:31,423 ERROR frmstart 没有配置气象数据:13300050115
2017-11-09 20:37:31,432 ERROR frmstart 没有配置气象数据:13300050116
2017-11-09 20:37:31,442 ERROR frmstart 没有配置气象数据:13300050117
2017-11-09 20:37:31,450 ERROR frmstart 没有配置气象数据:13300050118
2017-11-09 20:37:31,457 ERROR frmstart 没有配置气象数据:13300050119
2017-11-09 20:37:31,470 ERROR frmstart 没有配置气象数据:13900110110
2017-11-09 20:37:32,294 ERROR Error-CreateWeatDownCommand 未将对象引用设置到对象的实例。
2017-11-09 20:37:32,520 ERROR Error-CreateWeatDownCommand 未将对象引用设置到对象的实例。
2017-11-09 20:37:33,114 WARN  frmstart 启动计讯服务(Port=6012)无法在 DLL“gprsdll.dll”中找到名为“DLLStartService”的入口点。
2017-11-09 20:37:33,296 ERROR frmstart start gprs文本长度必须少于 64 个字符。
参数名: Text
实际值是 (6002 默认服务已启动);计讯服务6012已启动计讯6012启动失败:无法在 DLL“gprsdll.dll”中找到名为“DLLStartService”的入口点。。
2017-11-09 20:37:33,308 INFO  frmstart load end:37:33
2017-11-09 20:37:33,482 ERROR frmstart 没有配置气象数据:13300040010
2017-11-09 20:37:33,488 ERROR frmstart 没有配置气象数据:13300040011
2017-11-09 20:37:33,639 ERROR Error-CreateWeatDownCommand 值不能为 null。
参数名: type
2017-11-09 20:37:33,788 ERROR Error-CreateWeatDownCommand 值不能为 null。
参数名: type
2017-11-09 20:37:34,065 ERROR frmstart 没有配置气象数据:13600100001
2017-11-09 20:37:34,292 ERROR Error-CreateWeatDownCommand 索引超出了数组界限。
2017-11-09 20:37:34,434 ERROR Error-CreateWeatDownCommand 值不能为 null。
参数名: type
2017-11-09 20:37:34,598 ERROR Error-CreateWeatDownCommand 索引超出了数组界限。
2017-11-09 20:37:34,792 ERROR frmstart 没有配置气象数据:13600110001
2017-11-09 20:37:45,537 WARN  frmstart 停止计讯服务:服务尚未启动
2017-11-09 20:39:20,496 INFO  frmstart 准备解析包:date:2017-11-09 20:37:45;src:13600070001;长度:6- data:01050008FF00
2017-11-09 20:39:24,310 INFO  frmstart --------13600070001---待判断数量0
2017-11-09 20:43:26,363 INFO  frmstart 在线数量：0
2017-11-09 20:43:26,497 INFO  frmstart 计讯联接的dtu数量是：0个
2017-11-09 20:43:28,547 INFO  frmstart 在线数量：0
2017-11-09 20:43:28,596 INFO  frmstart 计讯联接的dtu数量是：0个
2017-11-09 20:43:50,441 ERROR frmstart ProcessData error::13600110001 length:0 data:---值不能为 null。
参数名: src
2017-11-09 20:51:14,284 ERROR frmstart JX 的新实例
2017-11-09 20:51:15,297 INFO  frmstart load start:51:15
2017-11-09 20:53:29,042 ERROR frmstart JX 的新实例
2017-11-09 20:53:29,865 INFO  frmstart load start:53:29
2017-11-09 20:54:33,119 INFO  frmstart 在线数量：0
2017-11-09 20:54:33,214 INFO  frmstart 计讯联接的dtu数量是：0个
2017-11-09 20:54:54,392 ERROR Error-GetBySql 序列包含一个以上的元素
2017-11-09 20:55:08,020 INFO  frmstart 在线数量：0
2017-11-09 20:55:08,116 INFO  frmstart 计讯联接的dtu数量是：0个
2017-11-09 20:55:09,340 ERROR frmstart SendCommand:--errPos:902013311112222-0103000000070408
2017-11-09 20:55:09,349 ERROR frmstart SendCommand:--errPos:902013922220002-0103000000070408
2017-11-09 20:55:09,358 ERROR frmstart SendCommand:--errPos:902013600000000-01030000002B05D5
2017-11-09 20:55:09,364 ERROR frmstart SendCommand:--errPos:902013866668888-01030000002B05D5
2017-11-09 20:55:09,373 ERROR frmstart SendCommand:--errPos:902013866889999-01030000002B05D5
2017-11-09 20:55:23,587 ERROR frmstart 没有配置气象数据:13300050111
2017-11-09 20:55:27,386 ERROR frmstart 没有配置气象数据:13300050113
2017-11-09 20:55:27,400 ERROR frmstart 没有配置气象数据:13300050114
2017-11-09 20:55:35,563 ERROR frmstart 没有配置气象数据:13300050115
2017-11-09 20:55:35,572 ERROR frmstart 没有配置气象数据:13300050116
2017-11-09 20:55:35,607 ERROR frmstart 没有配置气象数据:13300050117
2017-11-09 20:55:35,619 ERROR frmstart 没有配置气象数据:13300050118
2017-11-09 20:55:35,630 ERROR frmstart 没有配置气象数据:13300050119
2017-11-09 20:55:35,638 ERROR frmstart 没有配置气象数据:13900110110
2017-11-09 20:55:55,327 ERROR Error-CreateWeatDownCommand 未将对象引用设置到对象的实例。
2017-11-09 20:56:08,210 ERROR Error-CreateWeatDownCommand 未将对象引用设置到对象的实例。
2017-11-09 20:57:11,632 ERROR frmstart 没有配置气象数据:13300040010
2017-11-09 20:57:11,648 ERROR frmstart 没有配置气象数据:13300040011
2017-11-09 20:57:36,469 ERROR Error-CreateWeatDownCommand 值不能为 null。
参数名: type
2017-11-09 20:57:36,472 INFO  frmstart SendUnNormalCommand 试图启动线程发送13600070001
2017-11-09 20:57:36,539 INFO  frmstart SendUnNormalCommand 占用命令修改状态锁13600070001
2017-11-09 20:57:36,545 INFO  frmstart SendUnNormalCommand 已启动线程发送,释放命令修改状态锁13600070001
2017-11-09 20:57:41,976 ERROR Error-CreateWeatDownCommand 值不能为 null。
参数名: type
2017-11-09 20:57:51,955 INFO  frmstart SendUnNormalCommand 试图启动线程发送13600070001
2017-11-09 20:57:54,990 INFO  frmstart SendUnNormalCommand 占用命令修改状态锁13600070001
2017-11-09 20:57:54,997 INFO  frmstart SendUnNormalCommand 已启动线程发送,释放命令修改状态锁13600070001
2017-11-09 20:57:55,295 WARN  frmstart 启动计讯服务(Port=6012)无法在 DLL“gprsdll.dll”中找到名为“DLLStartService”的入口点。
2017-11-09 20:57:55,297 ERROR frmstart 没有配置气象数据:13600100001
2017-11-09 20:57:55,419 ERROR frmstart start gprs文本长度必须少于 64 个字符。
参数名: Text
实际值是 (6002 默认服务已启动);计讯服务6012已启动计讯6012启动失败:无法在 DLL“gprsdll.dll”中找到名为“DLLStartService”的入口点。。
2017-11-09 20:57:55,427 INFO  frmstart load end:57:55
2017-11-09 20:57:55,655 INFO  frmstart 在线数量：0
2017-11-09 20:57:55,884 ERROR Error-CreateWeatDownCommand 索引超出了数组界限。
2017-11-09 20:57:55,992 INFO  frmstart 计讯联接的dtu数量是：0个
2017-11-09 20:57:56,246 ERROR Error-CreateWeatDownCommand 值不能为 null。
参数名: type
2017-11-09 20:57:56,596 ERROR Error-CreateWeatDownCommand 索引超出了数组界限。
2017-11-09 20:57:57,202 ERROR frmstart 没有配置气象数据:13600110001
2017-11-09 20:58:00,185 INFO  frmstart SendUnNormalCommand 试图启动线程发送13600070001
2017-11-09 20:58:00,205 INFO  frmstart SendUnNormalCommand 占用命令修改状态锁13600070001
2017-11-09 20:58:00,213 INFO  frmstart SendUnNormalCommand 已启动线程发送,释放命令修改状态锁13600070001
2017-11-09 21:01:54,120 ERROR frmstart JX 的新实例
2017-11-09 21:01:54,933 INFO  frmstart load start:01:54
2017-11-09 21:03:08,207 INFO  frmstart 在线数量：0
2017-11-09 21:03:08,300 INFO  frmstart 计讯联接的dtu数量是：0个
2017-11-09 21:03:15,410 INFO  frmstart 在线数量：0
2017-11-09 21:03:15,495 INFO  frmstart 计讯联接的dtu数量是：0个
2017-11-09 21:03:27,000 ERROR Error-GetBySql 序列包含一个以上的元素
2017-11-09 21:03:34,493 ERROR frmstart SendCommand:--errPos:902013311112222-0103000000070408
2017-11-09 21:03:34,509 ERROR frmstart SendCommand:--errPos:902013922220002-0103000000070408
2017-11-09 21:03:34,515 ERROR frmstart SendCommand:--errPos:902013600000000-01030000002B05D5
2017-11-09 21:03:34,521 ERROR frmstart SendCommand:--errPos:902013866668888-01030000002B05D5
2017-11-09 21:03:34,527 ERROR frmstart SendCommand:--errPos:902013866889999-01030000002B05D5
2017-11-09 21:06:03,699 ERROR frmstart 没有配置气象数据:13300050111
2017-11-09 21:06:03,707 ERROR frmstart 没有配置气象数据:13300050113
2017-11-09 21:06:03,735 ERROR frmstart 没有配置气象数据:13300050114
2017-11-09 21:06:03,751 ERROR frmstart 没有配置气象数据:13300050115
2017-11-09 21:06:03,757 ERROR frmstart 没有配置气象数据:13300050116
2017-11-09 21:06:03,771 ERROR frmstart 没有配置气象数据:13300050117
2017-11-09 21:06:03,780 ERROR frmstart 没有配置气象数据:13300050118
2017-11-09 21:06:03,786 ERROR frmstart 没有配置气象数据:13300050119
2017-11-09 21:06:05,269 ERROR frmstart 没有配置气象数据:13900110110
2017-11-09 21:06:10,949 ERROR Error-CreateWeatDownCommand 未将对象引用设置到对象的实例。
2017-11-09 21:06:11,166 ERROR Error-CreateWeatDownCommand 未将对象引用设置到对象的实例。
2017-11-09 21:06:11,844 ERROR frmstart 没有配置气象数据:13300040010
2017-11-09 21:06:11,855 ERROR frmstart 没有配置气象数据:13300040011
2017-11-09 21:06:12,081 ERROR Error-CreateWeatDownCommand 值不能为 null。
参数名: type
2017-11-09 21:06:12,337 ERROR Error-CreateWeatDownCommand 值不能为 null。
参数名: type
2017-11-09 21:06:12,577 WARN  frmstart 启动计讯服务(Port=6012)无法在 DLL“gprsdll.dll”中找到名为“DLLStartService”的入口点。
2017-11-09 21:06:12,659 ERROR frmstart start gprs文本长度必须少于 64 个字符。
参数名: Text
实际值是 (6002 默认服务已启动);计讯服务6012已启动计讯6012启动失败:无法在 DLL“gprsdll.dll”中找到名为“DLLStartService”的入口点。。
2017-11-09 21:06:12,678 INFO  frmstart load end:06:12
2017-11-09 21:06:12,712 ERROR frmstart 没有配置气象数据:13600100001
2017-11-09 21:06:12,771 INFO  frmstart 在线数量：0
2017-11-09 21:06:12,849 INFO  frmstart 计讯联接的dtu数量是：0个
2017-11-09 21:06:12,894 ERROR Error-CreateWeatDownCommand 索引超出了数组界限。
2017-11-09 21:06:13,039 ERROR Error-CreateWeatDownCommand 值不能为 null。
参数名: type
2017-11-09 21:06:13,186 ERROR Error-CreateWeatDownCommand 索引超出了数组界限。
2017-11-09 21:06:13,407 ERROR frmstart 没有配置气象数据:13600110001
2017-11-09 21:06:14,633 INFO  frmstart 在线数量：0
2017-11-09 21:06:14,707 INFO  frmstart 计讯联接的dtu数量是：0个
2017-11-09 21:06:36,518 INFO  frmstart 在线数量：0
2017-11-09 21:35:24,120 ERROR frmstart JX 的新实例
2017-11-09 21:35:24,729 INFO  frmstart load start:35:24
2017-11-09 21:36:10,592 INFO  frmstart 在线数量：0
2017-11-09 21:36:10,679 INFO  frmstart 计讯联接的dtu数量是：0个
2017-11-09 21:36:23,848 ERROR Error-GetBySql 序列包含一个以上的元素
2017-11-09 21:36:29,896 INFO  frmstart 在线数量：0
2017-11-09 21:36:29,961 INFO  frmstart 计讯联接的dtu数量是：0个
2017-11-09 21:36:30,577 ERROR frmstart SendCommand:--errPos:902013311112222-0103000000070408
2017-11-09 21:36:30,584 ERROR frmstart SendCommand:--errPos:902013922220002-0103000000070408
2017-11-09 21:36:30,594 ERROR frmstart SendCommand:--errPos:902013600000000-01030000002B05D5
2017-11-09 21:36:30,597 ERROR frmstart SendCommand:--errPos:902013866668888-01030000002B05D5
2017-11-09 21:36:30,603 ERROR frmstart SendCommand:--errPos:902013866889999-01030000002B05D5
2017-11-09 23:35:43,865 ERROR Form1 tmrGetNeedSend_Tick:0
