2018-03-07 10:32:48,900 ERROR frmstart JX 的新实例
2018-03-07 10:32:49,528 INFO  frmstart load start:32:49
2018-03-07 10:35:48,144 INFO  frmstart 在线数量：0
2018-03-07 10:35:48,205 INFO  frmstart 计讯联接的dtu数量是：0个
2018-03-07 10:35:48,244 ERROR frmstart  在线：可为空的对象必须具有一个值。
2018-03-07 10:35:52,246 ERROR frmstart 13300050011 在线：可为空的对象必须具有一个值。
2018-03-07 10:35:54,202 ERROR frmstart 13300050067 在线：可为空的对象必须具有一个值。
2018-03-07 10:35:54,310 ERROR frmstart 13300050070 在线：可为空的对象必须具有一个值。
2018-03-07 10:35:54,487 ERROR frmstart 13300050075 在线：可为空的对象必须具有一个值。
2018-03-07 10:35:54,519 ERROR frmstart 13300050076 在线：可为空的对象必须具有一个值。
2018-03-07 10:35:56,223 ERROR frmstart 13500010002 在线：可为空的对象必须具有一个值。
2018-03-07 10:35:56,288 ERROR frmstart 13500020002 在线：可为空的对象必须具有一个值。
2018-03-07 10:35:56,326 ERROR frmstart 13500020003 在线：可为空的对象必须具有一个值。
2018-03-07 10:35:56,360 ERROR frmstart 13500020004 在线：可为空的对象必须具有一个值。
2018-03-07 10:35:56,392 ERROR frmstart 13500020005 在线：可为空的对象必须具有一个值。
2018-03-07 10:35:56,450 ERROR frmstart 13500030002 在线：可为空的对象必须具有一个值。
2018-03-07 10:35:56,482 ERROR frmstart 13500030003 在线：可为空的对象必须具有一个值。
2018-03-07 10:35:56,513 ERROR frmstart 13500030004 在线：可为空的对象必须具有一个值。
2018-03-07 10:35:56,543 ERROR frmstart 13500030005 在线：可为空的对象必须具有一个值。
2018-03-07 10:35:56,607 ERROR frmstart 13500040002 在线：可为空的对象必须具有一个值。
2018-03-07 10:35:56,669 ERROR frmstart 13500050002 在线：可为空的对象必须具有一个值。
2018-03-07 10:35:56,795 ERROR frmstart 13500080002 在线：可为空的对象必须具有一个值。
2018-03-07 10:35:56,825 ERROR frmstart 13500080003 在线：可为空的对象必须具有一个值。
2018-03-07 10:35:56,857 ERROR frmstart 13500080004 在线：可为空的对象必须具有一个值。
2018-03-07 10:35:56,889 ERROR frmstart 13500080005 在线：可为空的对象必须具有一个值。
2018-03-07 10:35:56,919 ERROR frmstart 13500080006 在线：可为空的对象必须具有一个值。
2018-03-07 10:35:56,950 ERROR frmstart 13500080007 在线：可为空的对象必须具有一个值。
2018-03-07 10:35:56,981 ERROR frmstart 13500080008 在线：可为空的对象必须具有一个值。
2018-03-07 10:35:57,079 ERROR frmstart 13500100002 在线：可为空的对象必须具有一个值。
2018-03-07 10:35:57,113 ERROR frmstart 13500100003 在线：可为空的对象必须具有一个值。
2018-03-07 10:35:57,145 ERROR frmstart 13500100004 在线：可为空的对象必须具有一个值。
2018-03-07 10:35:57,182 ERROR frmstart 13500100005 在线：可为空的对象必须具有一个值。
2018-03-07 10:35:57,212 ERROR frmstart 13500100006 在线：可为空的对象必须具有一个值。
2018-03-07 10:35:57,279 ERROR frmstart 13500110002 在线：可为空的对象必须具有一个值。
2018-03-07 10:35:57,314 ERROR frmstart 13500110003 在线：可为空的对象必须具有一个值。
2018-03-07 10:35:57,344 ERROR frmstart 13500110004 在线：可为空的对象必须具有一个值。
2018-03-07 10:35:57,379 ERROR frmstart 13500110005 在线：可为空的对象必须具有一个值。
2018-03-07 10:35:57,414 ERROR frmstart 13500110006 在线：可为空的对象必须具有一个值。
2018-03-07 10:35:57,444 ERROR frmstart 13500110007 在线：可为空的对象必须具有一个值。
2018-03-07 10:35:57,473 ERROR frmstart 13500110008 在线：可为空的对象必须具有一个值。
2018-03-07 10:35:57,571 ERROR frmstart 13500130002 在线：可为空的对象必须具有一个值。
2018-03-07 10:35:57,604 ERROR frmstart 13500130003 在线：可为空的对象必须具有一个值。
2018-03-07 10:35:57,638 ERROR frmstart 13500130004 在线：可为空的对象必须具有一个值。
2018-03-07 10:35:57,670 ERROR frmstart 13500130005 在线：可为空的对象必须具有一个值。
2018-03-07 10:35:57,701 ERROR frmstart 13500130006 在线：可为空的对象必须具有一个值。
2018-03-07 10:35:57,734 ERROR frmstart 13500130007 在线：可为空的对象必须具有一个值。
2018-03-07 10:35:57,789 ERROR frmstart 13500140002 在线：可为空的对象必须具有一个值。
2018-03-07 10:35:57,859 ERROR frmstart 13500150002 在线：可为空的对象必须具有一个值。
2018-03-07 10:35:57,891 ERROR frmstart 13500150003 在线：可为空的对象必须具有一个值。
2018-03-07 10:35:57,925 ERROR frmstart 13500150004 在线：可为空的对象必须具有一个值。
2018-03-07 10:35:57,955 ERROR frmstart 13500150005 在线：可为空的对象必须具有一个值。
2018-03-07 10:35:58,921 INFO  frmstart 在线数量：0
2018-03-07 10:35:58,961 INFO  frmstart 计讯联接的dtu数量是：0个
2018-03-07 10:35:59,002 ERROR frmstart  在线：可为空的对象必须具有一个值。
2018-03-07 10:35:59,680 ERROR frmstart 13300050011 在线：可为空的对象必须具有一个值。
2018-03-07 10:36:00,216 ERROR frmstart 13300050067 在线：可为空的对象必须具有一个值。
2018-03-07 10:36:00,278 ERROR frmstart 13300050070 在线：可为空的对象必须具有一个值。
2018-03-07 10:36:00,351 ERROR frmstart 13300050075 在线：可为空的对象必须具有一个值。
2018-03-07 10:36:00,385 ERROR frmstart 13300050076 在线：可为空的对象必须具有一个值。
2018-03-07 10:36:00,922 ERROR frmstart 13500010002 在线：可为空的对象必须具有一个值。
2018-03-07 10:36:00,971 ERROR frmstart 13500020002 在线：可为空的对象必须具有一个值。
2018-03-07 10:36:01,004 ERROR frmstart 13500020003 在线：可为空的对象必须具有一个值。
2018-03-07 10:36:01,037 ERROR frmstart 13500020004 在线：可为空的对象必须具有一个值。
2018-03-07 10:36:01,072 ERROR frmstart 13500020005 在线：可为空的对象必须具有一个值。
2018-03-07 10:36:01,118 ERROR frmstart 13500030002 在线：可为空的对象必须具有一个值。
2018-03-07 10:36:01,151 ERROR frmstart 13500030003 在线：可为空的对象必须具有一个值。
2018-03-07 10:36:01,187 ERROR frmstart 13500030004 在线：可为空的对象必须具有一个值。
2018-03-07 10:36:01,225 ERROR frmstart 13500030005 在线：可为空的对象必须具有一个值。
2018-03-07 10:36:01,272 ERROR frmstart 13500040002 在线：可为空的对象必须具有一个值。
2018-03-07 10:36:01,323 ERROR frmstart 13500050002 在线：可为空的对象必须具有一个值。
2018-03-07 10:36:01,394 ERROR frmstart 13500080002 在线：可为空的对象必须具有一个值。
2018-03-07 10:36:01,434 ERROR frmstart 13500080003 在线：可为空的对象必须具有一个值。
2018-03-07 10:36:01,473 ERROR frmstart 13500080004 在线：可为空的对象必须具有一个值。
2018-03-07 10:36:01,506 ERROR frmstart 13500080005 在线：可为空的对象必须具有一个值。
2018-03-07 10:36:01,536 ERROR frmstart 13500080006 在线：可为空的对象必须具有一个值。
2018-03-07 10:36:01,575 ERROR frmstart 13500080007 在线：可为空的对象必须具有一个值。
2018-03-07 10:36:01,619 ERROR frmstart 13500080008 在线：可为空的对象必须具有一个值。
2018-03-07 10:36:01,673 ERROR frmstart 13500100002 在线：可为空的对象必须具有一个值。
2018-03-07 10:36:01,705 ERROR frmstart 13500100003 在线：可为空的对象必须具有一个值。
2018-03-07 10:36:01,741 ERROR frmstart 13500100004 在线：可为空的对象必须具有一个值。
2018-03-07 10:36:01,774 ERROR frmstart 13500100005 在线：可为空的对象必须具有一个值。
2018-03-07 10:36:01,808 ERROR frmstart 13500100006 在线：可为空的对象必须具有一个值。
2018-03-07 10:36:01,858 ERROR frmstart 13500110002 在线：可为空的对象必须具有一个值。
2018-03-07 10:36:01,894 ERROR frmstart 13500110003 在线：可为空的对象必须具有一个值。
2018-03-07 10:36:01,928 ERROR frmstart 13500110004 在线：可为空的对象必须具有一个值。
2018-03-07 10:36:01,965 ERROR frmstart 13500110005 在线：可为空的对象必须具有一个值。
2018-03-07 10:36:02,001 ERROR frmstart 13500110006 在线：可为空的对象必须具有一个值。
2018-03-07 10:36:02,035 ERROR frmstart 13500110007 在线：可为空的对象必须具有一个值。
2018-03-07 10:36:02,069 ERROR frmstart 13500110008 在线：可为空的对象必须具有一个值。
2018-03-07 10:36:02,119 ERROR frmstart 13500130002 在线：可为空的对象必须具有一个值。
2018-03-07 10:36:02,158 ERROR frmstart 13500130003 在线：可为空的对象必须具有一个值。
2018-03-07 10:36:02,193 ERROR frmstart 13500130004 在线：可为空的对象必须具有一个值。
2018-03-07 10:36:02,230 ERROR frmstart 13500130005 在线：可为空的对象必须具有一个值。
2018-03-07 10:36:02,263 ERROR frmstart 13500130006 在线：可为空的对象必须具有一个值。
2018-03-07 10:36:02,294 ERROR frmstart 13500130007 在线：可为空的对象必须具有一个值。
2018-03-07 10:36:02,364 ERROR frmstart 13500140002 在线：可为空的对象必须具有一个值。
2018-03-07 10:36:02,409 ERROR frmstart 13500150002 在线：可为空的对象必须具有一个值。
2018-03-07 10:36:02,446 ERROR frmstart 13500150003 在线：可为空的对象必须具有一个值。
2018-03-07 10:36:02,485 ERROR frmstart 13500150004 在线：可为空的对象必须具有一个值。
2018-03-07 10:36:02,525 ERROR frmstart 13500150005 在线：可为空的对象必须具有一个值。
2018-03-07 10:36:06,079 ERROR Error-GetBySql DTUProduct---序列包含一个以上的元素
2018-03-07 10:36:07,711 DEBUG frmstart SendCommand:--errPos:902013311112222-0103000000070408
2018-03-07 10:36:07,712 DEBUG frmstart SendCommand:--errPos:902013922220002-0103000000070408
2018-03-07 10:36:07,713 DEBUG frmstart SendCommand:--errPos:902013600000000-01030000002B05D5
2018-03-07 10:36:07,714 DEBUG frmstart SendCommand:--errPos:902013866668888-01030000002B05D5
2018-03-07 10:36:07,715 DEBUG frmstart SendCommand:--errPos:902013866889999-01030000002B05D5
2018-03-07 10:36:07,927 ERROR frmstart 没有配置气象数据:13300050111
2018-03-07 10:36:07,927 ERROR frmstart 没有配置气象数据:13300050113
2018-03-07 10:36:07,928 ERROR frmstart 没有配置气象数据:13300050114
2018-03-07 10:36:07,929 ERROR frmstart 没有配置气象数据:13300050115
2018-03-07 10:36:07,929 ERROR frmstart 没有配置气象数据:13300050116
2018-03-07 10:36:07,930 ERROR frmstart 没有配置气象数据:13300050117
2018-03-07 10:36:07,932 ERROR frmstart 没有配置气象数据:13300050118
2018-03-07 10:36:07,934 ERROR frmstart 没有配置气象数据:13300050119
2018-03-07 10:36:07,935 ERROR frmstart 没有配置气象数据:13900110110
2018-03-07 10:36:08,152 ERROR Error-CreateWeatDownCommand 未将对象引用设置到对象的实例。
2018-03-07 10:36:08,195 ERROR Error-CreateWeatDownCommand 未将对象引用设置到对象的实例。
2018-03-07 10:36:08,331 WARN  frmstart 启动计讯服务(Port=6012)无法在 DLL“gprsdll.dll”中找到名为“DLLStartService”的入口点。
2018-03-07 10:36:08,379 ERROR frmstart start gprs文本长度必须少于 64 个字符。
参数名: Text
实际值是 (6002 默认服务已启动);计讯服务6012已启动计讯6012启动失败:无法在 DLL“gprsdll.dll”中找到名为“DLLStartService”的入口点。。
2018-03-07 10:36:08,379 INFO  frmstart load end:36:08
2018-03-07 10:36:08,379 ERROR frmstart 没有配置气象数据:13300040010
2018-03-07 10:36:08,381 ERROR frmstart 没有配置气象数据:13300040011
2018-03-07 10:36:08,447 ERROR Error-CreateWeatDownCommand 值不能为 null。
参数名: type
2018-03-07 10:36:08,475 ERROR Error-CreateWeatDownCommand 值不能为 null。
参数名: type
2018-03-07 10:36:08,511 ERROR frmstart 没有配置气象数据:13600100001
2018-03-07 10:36:08,546 ERROR Error-CreateWeatDownCommand 索引超出了数组界限。
2018-03-07 10:36:08,572 ERROR Error-CreateWeatDownCommand 值不能为 null。
参数名: type
2018-03-07 10:36:08,601 ERROR Error-CreateWeatDownCommand 索引超出了数组界限。
2018-03-07 10:36:08,626 ERROR Error-CreateWeatDownCommand 值不能为 null。
参数名: type
2018-03-07 10:36:49,220 INFO  frmstart 在线数量：0
2018-03-07 10:36:49,252 INFO  frmstart 计讯联接的dtu数量是：0个
2018-03-07 10:36:49,278 ERROR frmstart  在线：可为空的对象必须具有一个值。
2018-03-07 10:36:49,927 ERROR frmstart 13300050011 在线：可为空的对象必须具有一个值。
2018-03-07 10:36:50,442 ERROR frmstart 13300050067 在线：可为空的对象必须具有一个值。
2018-03-07 10:36:50,486 ERROR frmstart 13300050070 在线：可为空的对象必须具有一个值。
2018-03-07 10:36:50,553 ERROR frmstart 13300050075 在线：可为空的对象必须具有一个值。
2018-03-07 10:36:50,577 ERROR frmstart 13300050076 在线：可为空的对象必须具有一个值。
2018-03-07 10:36:51,099 ERROR frmstart 13500010002 在线：可为空的对象必须具有一个值。
2018-03-07 10:36:51,133 ERROR frmstart 13500020002 在线：可为空的对象必须具有一个值。
2018-03-07 10:36:51,164 ERROR frmstart 13500020003 在线：可为空的对象必须具有一个值。
2018-03-07 10:36:51,187 ERROR frmstart 13500020004 在线：可为空的对象必须具有一个值。
2018-03-07 10:36:51,209 ERROR frmstart 13500020005 在线：可为空的对象必须具有一个值。
2018-03-07 10:36:51,241 ERROR frmstart 13500030002 在线：可为空的对象必须具有一个值。
2018-03-07 10:36:51,270 ERROR frmstart 13500030003 在线：可为空的对象必须具有一个值。
2018-03-07 10:36:51,297 ERROR frmstart 13500030004 在线：可为空的对象必须具有一个值。
2018-03-07 10:36:51,320 ERROR frmstart 13500030005 在线：可为空的对象必须具有一个值。
2018-03-07 10:36:51,352 ERROR frmstart 13500040002 在线：可为空的对象必须具有一个值。
2018-03-07 10:36:51,384 ERROR frmstart 13500050002 在线：可为空的对象必须具有一个值。
2018-03-07 10:36:51,438 ERROR frmstart 13500080002 在线：可为空的对象必须具有一个值。
2018-03-07 10:36:51,462 ERROR frmstart 13500080003 在线：可为空的对象必须具有一个值。
2018-03-07 10:36:51,486 ERROR frmstart 13500080004 在线：可为空的对象必须具有一个值。
2018-03-07 10:36:51,509 ERROR frmstart 13500080005 在线：可为空的对象必须具有一个值。
2018-03-07 10:36:51,543 ERROR frmstart 13500080006 在线：可为空的对象必须具有一个值。
2018-03-07 10:36:51,574 ERROR frmstart 13500080007 在线：可为空的对象必须具有一个值。
2018-03-07 10:36:51,611 ERROR frmstart 13500080008 在线：可为空的对象必须具有一个值。
2018-03-07 10:36:51,654 ERROR frmstart 13500100002 在线：可为空的对象必须具有一个值。
2018-03-07 10:36:51,678 ERROR frmstart 13500100003 在线：可为空的对象必须具有一个值。
2018-03-07 10:36:51,702 ERROR frmstart 13500100004 在线：可为空的对象必须具有一个值。
2018-03-07 10:36:51,729 ERROR frmstart 13500100005 在线：可为空的对象必须具有一个值。
2018-03-07 10:36:51,750 ERROR frmstart 13500100006 在线：可为空的对象必须具有一个值。
2018-03-07 10:36:51,781 ERROR frmstart 13500110002 在线：可为空的对象必须具有一个值。
2018-03-07 10:36:51,805 ERROR frmstart 13500110003 在线：可为空的对象必须具有一个值。
2018-03-07 10:36:51,830 ERROR frmstart 13500110004 在线：可为空的对象必须具有一个值。
2018-03-07 10:36:51,853 ERROR frmstart 13500110005 在线：可为空的对象必须具有一个值。
2018-03-07 10:36:51,876 ERROR frmstart 13500110006 在线：可为空的对象必须具有一个值。
2018-03-07 10:36:51,902 ERROR frmstart 13500110007 在线：可为空的对象必须具有一个值。
2018-03-07 10:36:51,923 ERROR frmstart 13500110008 在线：可为空的对象必须具有一个值。
2018-03-07 10:36:51,967 ERROR frmstart 13500130002 在线：可为空的对象必须具有一个值。
2018-03-07 10:36:51,988 ERROR frmstart 13500130003 在线：可为空的对象必须具有一个值。
2018-03-07 10:36:52,012 ERROR frmstart 13500130004 在线：可为空的对象必须具有一个值。
2018-03-07 10:36:52,035 ERROR frmstart 13500130005 在线：可为空的对象必须具有一个值。
2018-03-07 10:36:52,063 ERROR frmstart 13500130006 在线：可为空的对象必须具有一个值。
2018-03-07 10:36:52,084 ERROR frmstart 13500130007 在线：可为空的对象必须具有一个值。
2018-03-07 10:36:52,115 ERROR frmstart 13500140002 在线：可为空的对象必须具有一个值。
2018-03-07 10:36:52,154 ERROR frmstart 13500150002 在线：可为空的对象必须具有一个值。
2018-03-07 10:36:52,178 ERROR frmstart 13500150003 在线：可为空的对象必须具有一个值。
2018-03-07 10:36:52,201 ERROR frmstart 13500150004 在线：可为空的对象必须具有一个值。
2018-03-07 10:36:52,229 ERROR frmstart 13500150005 在线：可为空的对象必须具有一个值。
2018-03-07 10:37:02,739 WARN  frmstart 停止计讯服务:服务尚未启动
2018-03-07 10:37:39,504 INFO  frmstart 准备解析包:date:2018-03-07 10:37:02;src:13600010001;长度:129- data:01037C110000008F1105050001000000000000050100000000000700000000000000004217999A41E266663DE501113DE1B9EF40FD550842ABDE7B000000550000000000000C7E4248000042458A5F424800003AED097B4248000042470B8E0006CF8442FB28F6000000000000000000040003FFF3FC000000000041F00000F058
2018-03-07 10:37:40,938 INFO  frmstart protocal:QyTech.ProtocalGlfSheXian.ReadCommon
2018-03-07 10:43:52,886 INFO  frmstart will JudgeSameWithCommand simo:13600010001---01037C
2018-03-07 10:43:52,889 INFO  frmstart --------13600010001---待判断数量0
2018-03-07 10:43:52,895 INFO  frmstart 在线数量：0
2018-03-07 10:43:52,913 INFO  frmstart 计讯联接的dtu数量是：0个
2018-03-07 10:43:52,941 ERROR frmstart  在线：可为空的对象必须具有一个值。
2018-03-07 10:43:55,163 ERROR frmstart 13300050011 在线：可为空的对象必须具有一个值。
2018-03-07 10:43:57,007 ERROR frmstart 13300050067 在线：可为空的对象必须具有一个值。
2018-03-07 10:43:57,114 ERROR frmstart 13300050070 在线：可为空的对象必须具有一个值。
2018-03-07 10:43:57,262 ERROR frmstart 13300050075 在线：可为空的对象必须具有一个值。
2018-03-07 10:43:57,284 ERROR frmstart 13300050076 在线：可为空的对象必须具有一个值。
2018-03-07 10:43:59,038 ERROR frmstart 13500010002 在线：可为空的对象必须具有一个值。
2018-03-07 10:43:59,104 ERROR frmstart 13500020002 在线：可为空的对象必须具有一个值。
2018-03-07 10:43:59,133 ERROR frmstart 13500020003 在线：可为空的对象必须具有一个值。
2018-03-07 10:43:59,162 ERROR frmstart 13500020004 在线：可为空的对象必须具有一个值。
2018-03-07 10:43:59,186 ERROR frmstart 13500020005 在线：可为空的对象必须具有一个值。
2018-03-07 10:43:59,249 ERROR frmstart 13500030002 在线：可为空的对象必须具有一个值。
2018-03-07 10:43:59,272 ERROR frmstart 13500030003 在线：可为空的对象必须具有一个值。
2018-03-07 10:43:59,294 ERROR frmstart 13500030004 在线：可为空的对象必须具有一个值。
2018-03-07 10:43:59,316 ERROR frmstart 13500030005 在线：可为空的对象必须具有一个值。
2018-03-07 10:43:59,371 ERROR frmstart 13500040002 在线：可为空的对象必须具有一个值。
2018-03-07 10:43:59,437 ERROR frmstart 13500050002 在线：可为空的对象必须具有一个值。
2018-03-07 10:43:59,574 ERROR frmstart 13500080002 在线：可为空的对象必须具有一个值。
2018-03-07 10:43:59,596 ERROR frmstart 13500080003 在线：可为空的对象必须具有一个值。
2018-03-07 10:43:59,615 ERROR frmstart 13500080004 在线：可为空的对象必须具有一个值。
2018-03-07 10:43:59,636 ERROR frmstart 13500080005 在线：可为空的对象必须具有一个值。
2018-03-07 10:43:59,658 ERROR frmstart 13500080006 在线：可为空的对象必须具有一个值。
2018-03-07 10:43:59,680 ERROR frmstart 13500080007 在线：可为空的对象必须具有一个值。
2018-03-07 10:43:59,700 ERROR frmstart 13500080008 在线：可为空的对象必须具有一个值。
2018-03-07 10:43:59,794 ERROR frmstart 13500100002 在线：可为空的对象必须具有一个值。
2018-03-07 10:43:59,819 ERROR frmstart 13500100003 在线：可为空的对象必须具有一个值。
2018-03-07 10:43:59,840 ERROR frmstart 13500100004 在线：可为空的对象必须具有一个值。
2018-03-07 10:43:59,861 ERROR frmstart 13500100005 在线：可为空的对象必须具有一个值。
2018-03-07 10:43:59,881 ERROR frmstart 13500100006 在线：可为空的对象必须具有一个值。
2018-03-07 10:43:59,959 ERROR frmstart 13500110002 在线：可为空的对象必须具有一个值。
2018-03-07 10:43:59,981 ERROR frmstart 13500110003 在线：可为空的对象必须具有一个值。
2018-03-07 10:44:00,002 ERROR frmstart 13500110004 在线：可为空的对象必须具有一个值。
2018-03-07 10:44:00,023 ERROR frmstart 13500110005 在线：可为空的对象必须具有一个值。
2018-03-07 10:44:00,049 ERROR frmstart 13500110006 在线：可为空的对象必须具有一个值。
2018-03-07 10:44:00,076 ERROR frmstart 13500110007 在线：可为空的对象必须具有一个值。
2018-03-07 10:44:00,099 ERROR frmstart 13500110008 在线：可为空的对象必须具有一个值。
2018-03-07 10:44:00,186 ERROR frmstart 13500130002 在线：可为空的对象必须具有一个值。
2018-03-07 10:44:00,208 ERROR frmstart 13500130003 在线：可为空的对象必须具有一个值。
2018-03-07 10:44:00,234 ERROR frmstart 13500130004 在线：可为空的对象必须具有一个值。
2018-03-07 10:44:00,252 ERROR frmstart 13500130005 在线：可为空的对象必须具有一个值。
2018-03-07 10:44:00,273 ERROR frmstart 13500130006 在线：可为空的对象必须具有一个值。
2018-03-07 10:44:00,299 ERROR frmstart 13500130007 在线：可为空的对象必须具有一个值。
2018-03-07 10:44:00,355 ERROR frmstart 13500140002 在线：可为空的对象必须具有一个值。
2018-03-07 10:44:00,405 ERROR frmstart 13500150002 在线：可为空的对象必须具有一个值。
2018-03-07 10:44:00,436 ERROR frmstart 13500150003 在线：可为空的对象必须具有一个值。
2018-03-07 10:44:00,456 ERROR frmstart 13500150004 在线：可为空的对象必须具有一个值。
2018-03-07 10:44:00,479 ERROR frmstart 13500150005 在线：可为空的对象必须具有一个值。
2018-03-07 16:18:01,469 ERROR frmstart JX 的新实例
2018-03-07 16:18:01,942 INFO  frmstart load start:18:01
2018-03-07 16:21:03,566 INFO  frmstart 在线数量：0
2018-03-07 16:21:03,643 INFO  frmstart 计讯联接的dtu数量是：0个
2018-03-07 16:21:03,756 ERROR frmstart  在线：可为空的对象必须具有一个值。
2018-03-07 16:21:19,220 ERROR frmstart 13300050011 在线：可为空的对象必须具有一个值。
2018-03-07 16:21:31,258 ERROR frmstart 13300050067 在线：可为空的对象必须具有一个值。
2018-03-07 16:21:31,675 ERROR frmstart 13300050070 在线：可为空的对象必须具有一个值。
2018-03-07 16:21:32,561 ERROR frmstart 13300050075 在线：可为空的对象必须具有一个值。
2018-03-07 16:21:32,634 ERROR frmstart 13300050076 在线：可为空的对象必须具有一个值。
2018-03-07 16:21:45,226 ERROR frmstart 13500010002 在线：可为空的对象必须具有一个值。
2018-03-07 16:21:45,510 ERROR frmstart 13500020002 在线：可为空的对象必须具有一个值。
2018-03-07 16:21:45,577 ERROR frmstart 13500020003 在线：可为空的对象必须具有一个值。
2018-03-07 16:21:45,660 ERROR frmstart 13500020004 在线：可为空的对象必须具有一个值。
2018-03-07 16:21:45,749 ERROR frmstart 13500020005 在线：可为空的对象必须具有一个值。
2018-03-07 16:21:46,065 ERROR frmstart 13500030002 在线：可为空的对象必须具有一个值。
2018-03-07 16:21:46,159 ERROR frmstart 13500030003 在线：可为空的对象必须具有一个值。
2018-03-07 16:21:46,222 ERROR frmstart 13500030004 在线：可为空的对象必须具有一个值。
2018-03-07 16:21:46,281 ERROR frmstart 13500030005 在线：可为空的对象必须具有一个值。
2018-03-07 16:21:46,507 ERROR frmstart 13500040002 在线：可为空的对象必须具有一个值。
2018-03-07 16:21:46,782 ERROR frmstart 13500050002 在线：可为空的对象必须具有一个值。
2018-03-07 16:21:47,721 ERROR frmstart 13500080002 在线：可为空的对象必须具有一个值。
2018-03-07 16:21:47,824 ERROR frmstart 13500080003 在线：可为空的对象必须具有一个值。
2018-03-07 16:21:47,903 ERROR frmstart 13500080004 在线：可为空的对象必须具有一个值。
2018-03-07 16:21:47,985 ERROR frmstart 13500080005 在线：可为空的对象必须具有一个值。
2018-03-07 16:21:48,066 ERROR frmstart 13500080006 在线：可为空的对象必须具有一个值。
2018-03-07 16:21:48,197 ERROR frmstart 13500080007 在线：可为空的对象必须具有一个值。
2018-03-07 16:21:48,308 ERROR frmstart 13500080008 在线：可为空的对象必须具有一个值。
2018-03-07 16:21:48,860 ERROR frmstart 13500100002 在线：可为空的对象必须具有一个值。
2018-03-07 16:21:48,936 ERROR frmstart 13500100003 在线：可为空的对象必须具有一个值。
2018-03-07 16:21:49,011 ERROR frmstart 13500100004 在线：可为空的对象必须具有一个值。
2018-03-07 16:21:49,083 ERROR frmstart 13500100005 在线：可为空的对象必须具有一个值。
2018-03-07 16:21:49,151 ERROR frmstart 13500100006 在线：可为空的对象必须具有一个值。
2018-03-07 16:21:49,433 ERROR frmstart 13500110002 在线：可为空的对象必须具有一个值。
2018-03-07 16:21:49,515 ERROR frmstart 13500110003 在线：可为空的对象必须具有一个值。
2018-03-07 16:21:49,593 ERROR frmstart 13500110004 在线：可为空的对象必须具有一个值。
2018-03-07 16:21:49,667 ERROR frmstart 13500110005 在线：可为空的对象必须具有一个值。
2018-03-07 16:21:49,748 ERROR frmstart 13500110006 在线：可为空的对象必须具有一个值。
2018-03-07 16:21:49,832 ERROR frmstart 13500110007 在线：可为空的对象必须具有一个值。
2018-03-07 16:21:49,913 ERROR frmstart 13500110008 在线：可为空的对象必须具有一个值。
2018-03-07 16:21:50,425 ERROR frmstart 13500130002 在线：可为空的对象必须具有一个值。
2018-03-07 16:21:50,499 ERROR frmstart 13500130003 在线：可为空的对象必须具有一个值。
2018-03-07 16:21:50,574 ERROR frmstart 13500130004 在线：可为空的对象必须具有一个值。
2018-03-07 16:21:50,661 ERROR frmstart 13500130005 在线：可为空的对象必须具有一个值。
2018-03-07 16:21:50,745 ERROR frmstart 13500130006 在线：可为空的对象必须具有一个值。
2018-03-07 16:21:50,834 ERROR frmstart 13500130007 在线：可为空的对象必须具有一个值。
2018-03-07 16:21:51,168 ERROR frmstart 13500140002 在线：可为空的对象必须具有一个值。
2018-03-07 16:21:51,436 ERROR frmstart 13500150002 在线：可为空的对象必须具有一个值。
2018-03-07 16:21:51,496 ERROR frmstart 13500150003 在线：可为空的对象必须具有一个值。
2018-03-07 16:21:51,562 ERROR frmstart 13500150004 在线：可为空的对象必须具有一个值。
2018-03-07 16:21:51,632 ERROR frmstart 13500150005 在线：可为空的对象必须具有一个值。
2018-03-07 16:22:03,350 INFO  frmstart 在线数量：0
2018-03-07 16:22:03,410 INFO  frmstart 计讯联接的dtu数量是：0个
2018-03-07 16:22:03,474 ERROR frmstart  在线：可为空的对象必须具有一个值。
2018-03-07 16:22:06,856 ERROR frmstart 13300050011 在线：可为空的对象必须具有一个值。
2018-03-07 16:22:09,393 ERROR frmstart 13300050067 在线：可为空的对象必须具有一个值。
2018-03-07 16:22:09,596 ERROR frmstart 13300050070 在线：可为空的对象必须具有一个值。
2018-03-07 16:22:09,901 ERROR frmstart 13300050075 在线：可为空的对象必须具有一个值。
2018-03-07 16:22:09,979 ERROR frmstart 13300050076 在线：可为空的对象必须具有一个值。
2018-03-07 16:22:12,468 ERROR frmstart 13500010002 在线：可为空的对象必须具有一个值。
2018-03-07 16:22:12,633 ERROR frmstart 13500020002 在线：可为空的对象必须具有一个值。
2018-03-07 16:22:12,703 ERROR frmstart 13500020003 在线：可为空的对象必须具有一个值。
2018-03-07 16:22:12,768 ERROR frmstart 13500020004 在线：可为空的对象必须具有一个值。
2018-03-07 16:22:12,837 ERROR frmstart 13500020005 在线：可为空的对象必须具有一个值。
2018-03-07 16:22:12,973 ERROR frmstart 13500030002 在线：可为空的对象必须具有一个值。
2018-03-07 16:22:13,047 ERROR frmstart 13500030003 在线：可为空的对象必须具有一个值。
2018-03-07 16:22:13,131 ERROR frmstart 13500030004 在线：可为空的对象必须具有一个值。
2018-03-07 16:22:13,230 ERROR frmstart 13500030005 在线：可为空的对象必须具有一个值。
2018-03-07 16:22:13,351 ERROR frmstart 13500040002 在线：可为空的对象必须具有一个值。
2018-03-07 16:22:13,483 ERROR frmstart 13500050002 在线：可为空的对象必须具有一个值。
2018-03-07 16:22:13,709 ERROR frmstart 13500080002 在线：可为空的对象必须具有一个值。
2018-03-07 16:22:13,855 ERROR frmstart 13500080003 在线：可为空的对象必须具有一个值。
2018-03-07 16:22:13,933 ERROR frmstart 13500080004 在线：可为空的对象必须具有一个值。
2018-03-07 16:22:14,010 ERROR frmstart 13500080005 在线：可为空的对象必须具有一个值。
2018-03-07 16:22:14,077 ERROR frmstart 13500080006 在线：可为空的对象必须具有一个值。
2018-03-07 16:22:14,142 ERROR frmstart 13500080007 在线：可为空的对象必须具有一个值。
2018-03-07 16:22:14,211 ERROR frmstart 13500080008 在线：可为空的对象必须具有一个值。
2018-03-07 16:22:14,381 ERROR frmstart 13500100002 在线：可为空的对象必须具有一个值。
2018-03-07 16:22:14,462 ERROR frmstart 13500100003 在线：可为空的对象必须具有一个值。
2018-03-07 16:22:14,534 ERROR frmstart 13500100004 在线：可为空的对象必须具有一个值。
2018-03-07 16:22:14,606 ERROR frmstart 13500100005 在线：可为空的对象必须具有一个值。
2018-03-07 16:22:14,681 ERROR frmstart 13500100006 在线：可为空的对象必须具有一个值。
2018-03-07 16:22:14,804 ERROR frmstart 13500110002 在线：可为空的对象必须具有一个值。
2018-03-07 16:22:14,882 ERROR frmstart 13500110003 在线：可为空的对象必须具有一个值。
2018-03-07 16:22:14,958 ERROR frmstart 13500110004 在线：可为空的对象必须具有一个值。
2018-03-07 16:22:15,049 ERROR frmstart 13500110005 在线：可为空的对象必须具有一个值。
2018-03-07 16:22:15,125 ERROR frmstart 13500110006 在线：可为空的对象必须具有一个值。
2018-03-07 16:22:15,210 ERROR frmstart 13500110007 在线：可为空的对象必须具有一个值。
2018-03-07 16:22:15,291 ERROR frmstart 13500110008 在线：可为空的对象必须具有一个值。
2018-03-07 16:22:15,470 ERROR frmstart 13500130002 在线：可为空的对象必须具有一个值。
2018-03-07 16:22:15,539 ERROR frmstart 13500130003 在线：可为空的对象必须具有一个值。
2018-03-07 16:22:15,613 ERROR frmstart 13500130004 在线：可为空的对象必须具有一个值。
2018-03-07 16:22:15,682 ERROR frmstart 13500130005 在线：可为空的对象必须具有一个值。
2018-03-07 16:22:15,755 ERROR frmstart 13500130006 在线：可为空的对象必须具有一个值。
2018-03-07 16:22:15,829 ERROR frmstart 13500130007 在线：可为空的对象必须具有一个值。
2018-03-07 16:22:15,961 ERROR frmstart 13500140002 在线：可为空的对象必须具有一个值。
2018-03-07 16:22:16,087 ERROR frmstart 13500150002 在线：可为空的对象必须具有一个值。
2018-03-07 16:22:16,146 ERROR frmstart 13500150003 在线：可为空的对象必须具有一个值。
2018-03-07 16:22:16,205 ERROR frmstart 13500150004 在线：可为空的对象必须具有一个值。
2018-03-07 16:22:16,272 ERROR frmstart 13500150005 在线：可为空的对象必须具有一个值。
2018-03-07 16:22:27,757 ERROR Error-GetBySql DTUProduct---序列包含一个以上的元素
2018-03-07 16:22:33,991 DEBUG frmstart SendCommand:--errPos:902013311112222-0103000000070408
2018-03-07 16:22:33,996 DEBUG frmstart SendCommand:--errPos:902013922220002-0103000000070408
2018-03-07 16:22:33,997 DEBUG frmstart SendCommand:--errPos:902013600000000-01030000002B05D5
2018-03-07 16:22:33,998 DEBUG frmstart SendCommand:--errPos:902013866668888-01030000002B05D5
2018-03-07 16:22:34,000 DEBUG frmstart SendCommand:--errPos:902013866889999-01030000002B05D5
2018-03-07 16:22:34,244 WARN  frmstart 启动计讯服务(Port=6012)无法在 DLL“gprsdll.dll”中找到名为“DLLStartService”的入口点。
2018-03-07 16:22:34,265 ERROR frmstart start gprs文本长度必须少于 64 个字符。
参数名: Text
实际值是 (6002 默认服务已启动);计讯服务6012已启动计讯6012启动失败:无法在 DLL“gprsdll.dll”中找到名为“DLLStartService”的入口点。。
2018-03-07 16:22:34,266 INFO  frmstart load end:22:34
2018-03-07 16:22:43,893 ERROR frmstart 没有配置气象数据:13300050111
2018-03-07 16:22:43,894 ERROR frmstart 没有配置气象数据:13300050113
2018-03-07 16:22:43,895 ERROR frmstart 没有配置气象数据:13300050114
2018-03-07 16:22:43,895 ERROR frmstart 没有配置气象数据:13300050115
2018-03-07 16:22:43,896 ERROR frmstart 没有配置气象数据:13300050116
2018-03-07 16:22:43,896 ERROR frmstart 没有配置气象数据:13300050117
2018-03-07 16:22:43,897 ERROR frmstart 没有配置气象数据:13300050118
2018-03-07 16:22:43,897 ERROR frmstart 没有配置气象数据:13300050119
2018-03-07 16:22:43,897 ERROR frmstart 没有配置气象数据:13900110110
2018-03-07 16:22:44,286 ERROR Error-CreateWeatDownCommand 未将对象引用设置到对象的实例。
2018-03-07 16:22:44,417 ERROR Error-CreateWeatDownCommand 未将对象引用设置到对象的实例。
2018-03-07 16:22:44,897 ERROR frmstart 没有配置气象数据:13300040010
2018-03-07 16:22:44,898 ERROR frmstart 没有配置气象数据:13300040011
2018-03-07 16:22:45,013 ERROR Error-CreateWeatDownCommand 值不能为 null。
参数名: type
2018-03-07 16:22:45,132 ERROR Error-CreateWeatDownCommand 值不能为 null。
参数名: type
2018-03-07 16:22:45,340 ERROR frmstart 没有配置气象数据:13600100001
2018-03-07 16:22:45,449 ERROR Error-CreateWeatDownCommand 索引超出了数组界限。
2018-03-07 16:22:45,552 ERROR Error-CreateWeatDownCommand 值不能为 null。
参数名: type
2018-03-07 16:22:45,678 ERROR Error-CreateWeatDownCommand 索引超出了数组界限。
2018-03-07 16:22:45,801 ERROR Error-CreateWeatDownCommand 值不能为 null。
参数名: type
2018-03-07 16:22:55,893 WARN  frmstart 停止计讯服务:服务尚未启动
2018-03-07 16:23:15,562 INFO  frmstart 准备解析包:date:2018-03-07 16:22:55;src:13600070001;长度:75- data:01034642A000004220000042A000000000000042700000000000003E99999A000000004479C0000000000042C800000000000042BC00000000000000000000000000000000000000003DE6
2018-03-07 16:25:21,902 ERROR frmstart JX 的新实例
2018-03-07 16:25:22,375 INFO  frmstart load start:25:22
2018-03-07 16:26:32,140 INFO  frmstart 在线数量：0
2018-03-07 16:26:32,195 INFO  frmstart 计讯联接的dtu数量是：0个
2018-03-07 16:26:32,263 ERROR frmstart  在线：可为空的对象必须具有一个值。
2018-03-07 16:26:43,910 ERROR frmstart 13300050011 在线：可为空的对象必须具有一个值。
2018-03-07 16:26:52,555 ERROR frmstart 13300050067 在线：可为空的对象必须具有一个值。
2018-03-07 16:26:52,966 ERROR frmstart 13300050070 在线：可为空的对象必须具有一个值。
2018-03-07 16:26:53,644 ERROR frmstart 13300050075 在线：可为空的对象必须具有一个值。
2018-03-07 16:26:53,751 ERROR frmstart 13300050076 在线：可为空的对象必须具有一个值。
2018-03-07 16:27:01,923 ERROR frmstart 13500010002 在线：可为空的对象必须具有一个值。
2018-03-07 16:27:02,159 ERROR frmstart 13500020002 在线：可为空的对象必须具有一个值。
2018-03-07 16:27:02,240 ERROR frmstart 13500020003 在线：可为空的对象必须具有一个值。
2018-03-07 16:27:02,293 ERROR frmstart 13500020004 在线：可为空的对象必须具有一个值。
2018-03-07 16:27:02,348 ERROR frmstart 13500020005 在线：可为空的对象必须具有一个值。
2018-03-07 16:27:02,593 ERROR frmstart 13500030002 在线：可为空的对象必须具有一个值。
2018-03-07 16:27:02,656 ERROR frmstart 13500030003 在线：可为空的对象必须具有一个值。
2018-03-07 16:27:02,739 ERROR frmstart 13500030004 在线：可为空的对象必须具有一个值。
2018-03-07 16:27:02,852 ERROR frmstart 13500030005 在线：可为空的对象必须具有一个值。
2018-03-07 16:27:03,112 ERROR frmstart 13500040002 在线：可为空的对象必须具有一个值。
2018-03-07 16:27:03,381 ERROR frmstart 13500050002 在线：可为空的对象必须具有一个值。
2018-03-07 16:27:03,892 ERROR frmstart 13500080002 在线：可为空的对象必须具有一个值。
2018-03-07 16:27:03,949 ERROR frmstart 13500080003 在线：可为空的对象必须具有一个值。
2018-03-07 16:27:04,017 ERROR frmstart 13500080004 在线：可为空的对象必须具有一个值。
2018-03-07 16:27:04,082 ERROR frmstart 13500080005 在线：可为空的对象必须具有一个值。
2018-03-07 16:27:04,170 ERROR frmstart 13500080006 在线：可为空的对象必须具有一个值。
2018-03-07 16:27:04,259 ERROR frmstart 13500080007 在线：可为空的对象必须具有一个值。
2018-03-07 16:27:04,349 ERROR frmstart 13500080008 在线：可为空的对象必须具有一个值。
2018-03-07 16:27:04,756 ERROR frmstart 13500100002 在线：可为空的对象必须具有一个值。
2018-03-07 16:27:04,811 ERROR frmstart 13500100003 在线：可为空的对象必须具有一个值。
2018-03-07 16:27:04,908 ERROR frmstart 13500100004 在线：可为空的对象必须具有一个值。
2018-03-07 16:27:04,974 ERROR frmstart 13500100005 在线：可为空的对象必须具有一个值。
2018-03-07 16:27:05,041 ERROR frmstart 13500100006 在线：可为空的对象必须具有一个值。
2018-03-07 16:27:05,306 ERROR frmstart 13500110002 在线：可为空的对象必须具有一个值。
2018-03-07 16:27:05,366 ERROR frmstart 13500110003 在线：可为空的对象必须具有一个值。
2018-03-07 16:27:05,422 ERROR frmstart 13500110004 在线：可为空的对象必须具有一个值。
2018-03-07 16:27:05,480 ERROR frmstart 13500110005 在线：可为空的对象必须具有一个值。
2018-03-07 16:27:05,534 ERROR frmstart 13500110006 在线：可为空的对象必须具有一个值。
2018-03-07 16:27:05,637 ERROR frmstart 13500110007 在线：可为空的对象必须具有一个值。
2018-03-07 16:27:05,697 ERROR frmstart 13500110008 在线：可为空的对象必须具有一个值。
2018-03-07 16:27:06,026 ERROR frmstart 13500130002 在线：可为空的对象必须具有一个值。
2018-03-07 16:27:06,078 ERROR frmstart 13500130003 在线：可为空的对象必须具有一个值。
2018-03-07 16:27:06,136 ERROR frmstart 13500130004 在线：可为空的对象必须具有一个值。
2018-03-07 16:27:06,194 ERROR frmstart 13500130005 在线：可为空的对象必须具有一个值。
2018-03-07 16:27:06,253 ERROR frmstart 13500130006 在线：可为空的对象必须具有一个值。
2018-03-07 16:27:06,311 ERROR frmstart 13500130007 在线：可为空的对象必须具有一个值。
2018-03-07 16:27:06,572 ERROR frmstart 13500140002 在线：可为空的对象必须具有一个值。
2018-03-07 16:27:06,812 ERROR frmstart 13500150002 在线：可为空的对象必须具有一个值。
2018-03-07 16:27:06,875 ERROR frmstart 13500150003 在线：可为空的对象必须具有一个值。
2018-03-07 16:27:06,939 ERROR frmstart 13500150004 在线：可为空的对象必须具有一个值。
2018-03-07 16:27:07,000 ERROR frmstart 13500150005 在线：可为空的对象必须具有一个值。
2018-03-07 16:27:23,017 ERROR Error-GetBySql DTUProduct---序列包含一个以上的元素
2018-03-07 16:27:28,447 INFO  frmstart 在线数量：0
2018-03-07 16:27:28,510 INFO  frmstart 计讯联接的dtu数量是：0个
2018-03-07 16:27:28,575 ERROR frmstart  在线：可为空的对象必须具有一个值。
2018-03-07 16:27:32,963 ERROR frmstart 13300050011 在线：可为空的对象必须具有一个值。
2018-03-07 16:27:35,469 ERROR frmstart 13300050067 在线：可为空的对象必须具有一个值。
2018-03-07 16:27:35,614 ERROR frmstart 13300050070 在线：可为空的对象必须具有一个值。
2018-03-07 16:27:35,855 ERROR frmstart 13300050075 在线：可为空的对象必须具有一个值。
2018-03-07 16:27:35,952 ERROR frmstart 13300050076 在线：可为空的对象必须具有一个值。
2018-03-07 16:27:38,181 ERROR frmstart 13500010002 在线：可为空的对象必须具有一个值。
2018-03-07 16:27:38,329 ERROR frmstart 13500020002 在线：可为空的对象必须具有一个值。
2018-03-07 16:27:38,397 ERROR frmstart 13500020003 在线：可为空的对象必须具有一个值。
2018-03-07 16:27:38,460 ERROR frmstart 13500020004 在线：可为空的对象必须具有一个值。
2018-03-07 16:27:38,555 ERROR frmstart 13500020005 在线：可为空的对象必须具有一个值。
2018-03-07 16:27:38,706 ERROR frmstart 13500030002 在线：可为空的对象必须具有一个值。
2018-03-07 16:27:38,780 ERROR frmstart 13500030003 在线：可为空的对象必须具有一个值。
2018-03-07 16:27:38,853 ERROR frmstart 13500030004 在线：可为空的对象必须具有一个值。
2018-03-07 16:27:38,948 ERROR frmstart 13500030005 在线：可为空的对象必须具有一个值。
2018-03-07 16:27:39,078 ERROR frmstart 13500040002 在线：可为空的对象必须具有一个值。
2018-03-07 16:27:39,183 ERROR frmstart 13500050002 在线：可为空的对象必须具有一个值。
2018-03-07 16:27:39,402 ERROR frmstart 13500080002 在线：可为空的对象必须具有一个值。
2018-03-07 16:27:39,469 ERROR frmstart 13500080003 在线：可为空的对象必须具有一个值。
2018-03-07 16:27:39,557 ERROR frmstart 13500080004 在线：可为空的对象必须具有一个值。
2018-03-07 16:27:39,630 ERROR frmstart 13500080005 在线：可为空的对象必须具有一个值。
2018-03-07 16:27:39,738 ERROR frmstart 13500080006 在线：可为空的对象必须具有一个值。
2018-03-07 16:27:39,842 ERROR frmstart 13500080007 在线：可为空的对象必须具有一个值。
2018-03-07 16:27:39,930 ERROR frmstart 13500080008 在线：可为空的对象必须具有一个值。
2018-03-07 16:27:40,112 ERROR frmstart 13500100002 在线：可为空的对象必须具有一个值。
2018-03-07 16:27:40,178 ERROR frmstart 13500100003 在线：可为空的对象必须具有一个值。
2018-03-07 16:27:40,270 ERROR frmstart 13500100004 在线：可为空的对象必须具有一个值。
2018-03-07 16:27:40,346 ERROR frmstart 13500100005 在线：可为空的对象必须具有一个值。
2018-03-07 16:27:40,446 ERROR frmstart 13500100006 在线：可为空的对象必须具有一个值。
2018-03-07 16:27:40,580 ERROR frmstart 13500110002 在线：可为空的对象必须具有一个值。
2018-03-07 16:27:40,648 ERROR frmstart 13500110003 在线：可为空的对象必须具有一个值。
2018-03-07 16:27:40,725 ERROR frmstart 13500110004 在线：可为空的对象必须具有一个值。
2018-03-07 16:27:40,796 ERROR frmstart 13500110005 在线：可为空的对象必须具有一个值。
2018-03-07 16:27:40,863 ERROR frmstart 13500110006 在线：可为空的对象必须具有一个值。
2018-03-07 16:27:40,921 ERROR frmstart 13500110007 在线：可为空的对象必须具有一个值。
2018-03-07 16:27:40,976 ERROR frmstart 13500110008 在线：可为空的对象必须具有一个值。
2018-03-07 16:27:41,120 ERROR frmstart 13500130002 在线：可为空的对象必须具有一个值。
2018-03-07 16:27:41,182 ERROR frmstart 13500130003 在线：可为空的对象必须具有一个值。
2018-03-07 16:27:41,245 ERROR frmstart 13500130004 在线：可为空的对象必须具有一个值。
2018-03-07 16:27:41,307 ERROR frmstart 13500130005 在线：可为空的对象必须具有一个值。
2018-03-07 16:27:41,361 ERROR frmstart 13500130006 在线：可为空的对象必须具有一个值。
2018-03-07 16:27:41,422 ERROR frmstart 13500130007 在线：可为空的对象必须具有一个值。
2018-03-07 16:27:41,556 ERROR frmstart 13500140002 在线：可为空的对象必须具有一个值。
2018-03-07 16:27:41,703 ERROR frmstart 13500150002 在线：可为空的对象必须具有一个值。
2018-03-07 16:27:41,805 ERROR frmstart 13500150003 在线：可为空的对象必须具有一个值。
2018-03-07 16:27:41,882 ERROR frmstart 13500150004 在线：可为空的对象必须具有一个值。
2018-03-07 16:27:41,977 ERROR frmstart 13500150005 在线：可为空的对象必须具有一个值。
2018-03-07 16:27:44,234 DEBUG frmstart SendCommand:--errPos:902013311112222-0103000000070408
2018-03-07 16:27:44,235 DEBUG frmstart SendCommand:--errPos:902013922220002-0103000000070408
2018-03-07 16:27:44,236 DEBUG frmstart SendCommand:--errPos:902013600000000-01030000002B05D5
2018-03-07 16:27:44,236 DEBUG frmstart SendCommand:--errPos:902013866668888-01030000002B05D5
2018-03-07 16:27:44,237 DEBUG frmstart SendCommand:--errPos:902013866889999-01030000002B05D5
2018-03-07 16:27:44,553 WARN  frmstart 启动计讯服务(Port=6012)无法在 DLL“gprsdll.dll”中找到名为“DLLStartService”的入口点。
2018-03-07 16:27:44,572 ERROR frmstart start gprs文本长度必须少于 64 个字符。
参数名: Text
实际值是 (6002 默认服务已启动);计讯服务6012已启动计讯6012启动失败:无法在 DLL“gprsdll.dll”中找到名为“DLLStartService”的入口点。。
2018-03-07 16:27:44,573 INFO  frmstart load end:27:44
2018-03-07 16:27:44,744 ERROR frmstart 没有配置气象数据:13300050111
2018-03-07 16:27:44,745 ERROR frmstart 没有配置气象数据:13300050113
2018-03-07 16:27:44,746 ERROR frmstart 没有配置气象数据:13300050114
2018-03-07 16:27:44,746 ERROR frmstart 没有配置气象数据:13300050115
2018-03-07 16:27:44,747 ERROR frmstart 没有配置气象数据:13300050116
2018-03-07 16:27:44,747 ERROR frmstart 没有配置气象数据:13300050117
2018-03-07 16:27:44,748 ERROR frmstart 没有配置气象数据:13300050118
2018-03-07 16:27:44,749 ERROR frmstart 没有配置气象数据:13300050119
2018-03-07 16:27:44,749 ERROR frmstart 没有配置气象数据:13900110110
2018-03-07 16:27:45,095 ERROR Error-CreateWeatDownCommand 未将对象引用设置到对象的实例。
2018-03-07 16:27:45,219 ERROR Error-CreateWeatDownCommand 未将对象引用设置到对象的实例。
2018-03-07 16:27:45,619 ERROR frmstart 没有配置气象数据:13300040010
2018-03-07 16:27:45,621 ERROR frmstart 没有配置气象数据:13300040011
2018-03-07 16:27:45,730 ERROR Error-CreateWeatDownCommand 值不能为 null。
参数名: type
2018-03-07 16:27:45,846 ERROR Error-CreateWeatDownCommand 值不能为 null。
参数名: type
2018-03-07 16:27:46,024 ERROR frmstart 没有配置气象数据:13600100001
2018-03-07 16:27:46,132 ERROR Error-CreateWeatDownCommand 索引超出了数组界限。
2018-03-07 16:27:46,229 ERROR Error-CreateWeatDownCommand 值不能为 null。
参数名: type
2018-03-07 16:27:46,338 ERROR Error-CreateWeatDownCommand 索引超出了数组界限。
2018-03-07 16:27:46,436 ERROR Error-CreateWeatDownCommand 值不能为 null。
参数名: type
2018-03-07 16:27:52,682 WARN  frmstart 停止计讯服务:服务尚未启动
2018-03-07 16:27:57,105 INFO  frmstart 准备解析包:date:2018-03-07 16:27:52;src:13600070001;长度:75- data:01034642A000004220000042A000000000000042700000000000003E99999A000000004479C0000000000042C800000000000042BC00000000000000000000000000000000000000003DE6
2018-03-07 16:32:15,680 ERROR frmstart JX 的新实例
2018-03-07 16:32:15,972 INFO  frmstart load start:32:15
2018-03-07 16:33:26,512 INFO  frmstart 在线数量：0
2018-03-07 16:33:26,731 INFO  frmstart 计讯联接的dtu数量是：0个
2018-03-07 16:33:26,852 ERROR frmstart  在线：可为空的对象必须具有一个值。
2018-03-07 16:33:41,952 ERROR frmstart 13300050011 在线：可为空的对象必须具有一个值。
2018-03-07 16:33:51,979 ERROR frmstart 13300050067 在线：可为空的对象必须具有一个值。
2018-03-07 16:33:52,386 ERROR frmstart 13300050070 在线：可为空的对象必须具有一个值。
2018-03-07 16:33:53,163 ERROR frmstart 13300050075 在线：可为空的对象必须具有一个值。
2018-03-07 16:33:53,247 ERROR frmstart 13300050076 在线：可为空的对象必须具有一个值。
2018-03-07 16:34:02,477 ERROR frmstart 13500010002 在线：可为空的对象必须具有一个值。
2018-03-07 16:34:02,803 ERROR frmstart 13500020002 在线：可为空的对象必须具有一个值。
2018-03-07 16:34:02,917 ERROR frmstart 13500020003 在线：可为空的对象必须具有一个值。
2018-03-07 16:34:02,997 ERROR frmstart 13500020004 在线：可为空的对象必须具有一个值。
2018-03-07 16:34:03,068 ERROR frmstart 13500020005 在线：可为空的对象必须具有一个值。
2018-03-07 16:34:03,350 ERROR frmstart 13500030002 在线：可为空的对象必须具有一个值。
2018-03-07 16:34:03,435 ERROR frmstart 13500030003 在线：可为空的对象必须具有一个值。
2018-03-07 16:34:03,512 ERROR frmstart 13500030004 在线：可为空的对象必须具有一个值。
2018-03-07 16:34:03,587 ERROR frmstart 13500030005 在线：可为空的对象必须具有一个值。
2018-03-07 16:34:03,861 ERROR frmstart 13500040002 在线：可为空的对象必须具有一个值。
2018-03-07 16:34:04,147 ERROR frmstart 13500050002 在线：可为空的对象必须具有一个值。
2018-03-07 16:34:04,898 ERROR frmstart 13500080002 在线：可为空的对象必须具有一个值。
2018-03-07 16:34:04,975 ERROR frmstart 13500080003 在线：可为空的对象必须具有一个值。
2018-03-07 16:34:05,049 ERROR frmstart 13500080004 在线：可为空的对象必须具有一个值。
2018-03-07 16:34:05,123 ERROR frmstart 13500080005 在线：可为空的对象必须具有一个值。
2018-03-07 16:34:05,191 ERROR frmstart 13500080006 在线：可为空的对象必须具有一个值。
2018-03-07 16:34:05,265 ERROR frmstart 13500080007 在线：可为空的对象必须具有一个值。
2018-03-07 16:34:05,342 ERROR frmstart 13500080008 在线：可为空的对象必须具有一个值。
2018-03-07 16:34:05,880 ERROR frmstart 13500100002 在线：可为空的对象必须具有一个值。
2018-03-07 16:34:05,955 ERROR frmstart 13500100003 在线：可为空的对象必须具有一个值。
2018-03-07 16:34:06,032 ERROR frmstart 13500100004 在线：可为空的对象必须具有一个值。
2018-03-07 16:34:06,105 ERROR frmstart 13500100005 在线：可为空的对象必须具有一个值。
2018-03-07 16:34:06,180 ERROR frmstart 13500100006 在线：可为空的对象必须具有一个值。
2018-03-07 16:34:06,469 ERROR frmstart 13500110002 在线：可为空的对象必须具有一个值。
2018-03-07 16:34:06,547 ERROR frmstart 13500110003 在线：可为空的对象必须具有一个值。
2018-03-07 16:34:06,634 ERROR frmstart 13500110004 在线：可为空的对象必须具有一个值。
2018-03-07 16:34:06,712 ERROR frmstart 13500110005 在线：可为空的对象必须具有一个值。
2018-03-07 16:34:06,790 ERROR frmstart 13500110006 在线：可为空的对象必须具有一个值。
2018-03-07 16:34:06,865 ERROR frmstart 13500110007 在线：可为空的对象必须具有一个值。
2018-03-07 16:34:06,939 ERROR frmstart 13500110008 在线：可为空的对象必须具有一个值。
2018-03-07 16:34:07,507 ERROR frmstart 13500130002 在线：可为空的对象必须具有一个值。
2018-03-07 16:34:07,582 ERROR frmstart 13500130003 在线：可为空的对象必须具有一个值。
2018-03-07 16:34:07,664 ERROR frmstart 13500130004 在线：可为空的对象必须具有一个值。
2018-03-07 16:34:07,748 ERROR frmstart 13500130005 在线：可为空的对象必须具有一个值。
2018-03-07 16:34:07,831 ERROR frmstart 13500130006 在线：可为空的对象必须具有一个值。
2018-03-07 16:34:07,914 ERROR frmstart 13500130007 在线：可为空的对象必须具有一个值。
2018-03-07 16:34:08,247 ERROR frmstart 13500140002 在线：可为空的对象必须具有一个值。
2018-03-07 16:34:08,572 ERROR frmstart 13500150002 在线：可为空的对象必须具有一个值。
2018-03-07 16:34:08,659 ERROR frmstart 13500150003 在线：可为空的对象必须具有一个值。
2018-03-07 16:34:08,740 ERROR frmstart 13500150004 在线：可为空的对象必须具有一个值。
2018-03-07 16:34:08,815 ERROR frmstart 13500150005 在线：可为空的对象必须具有一个值。
2018-03-07 16:34:20,659 INFO  frmstart 在线数量：0
2018-03-07 16:34:20,697 INFO  frmstart 计讯联接的dtu数量是：0个
2018-03-07 16:34:20,921 ERROR frmstart  在线：可为空的对象必须具有一个值。
2018-03-07 16:34:26,294 ERROR frmstart 13300050011 在线：可为空的对象必须具有一个值。
2018-03-07 16:34:29,491 ERROR frmstart 13300050067 在线：可为空的对象必须具有一个值。
2018-03-07 16:34:29,717 ERROR frmstart 13300050070 在线：可为空的对象必须具有一个值。
2018-03-07 16:34:30,038 ERROR frmstart 13300050075 在线：可为空的对象必须具有一个值。
2018-03-07 16:34:30,126 ERROR frmstart 13300050076 在线：可为空的对象必须具有一个值。
2018-03-07 16:34:32,866 ERROR frmstart 13500010002 在线：可为空的对象必须具有一个值。
2018-03-07 16:34:32,976 ERROR frmstart 13500020002 在线：可为空的对象必须具有一个值。
2018-03-07 16:34:33,052 ERROR frmstart 13500020003 在线：可为空的对象必须具有一个值。
2018-03-07 16:34:33,142 ERROR frmstart 13500020004 在线：可为空的对象必须具有一个值。
2018-03-07 16:34:33,238 ERROR frmstart 13500020005 在线：可为空的对象必须具有一个值。
2018-03-07 16:34:33,374 ERROR frmstart 13500030002 在线：可为空的对象必须具有一个值。
2018-03-07 16:34:33,459 ERROR frmstart 13500030003 在线：可为空的对象必须具有一个值。
2018-03-07 16:34:33,547 ERROR frmstart 13500030004 在线：可为空的对象必须具有一个值。
2018-03-07 16:34:33,630 ERROR frmstart 13500030005 在线：可为空的对象必须具有一个值。
2018-03-07 16:34:33,769 ERROR frmstart 13500040002 在线：可为空的对象必须具有一个值。
2018-03-07 16:34:33,910 ERROR frmstart 13500050002 在线：可为空的对象必须具有一个值。
2018-03-07 16:34:34,147 ERROR frmstart 13500080002 在线：可为空的对象必须具有一个值。
2018-03-07 16:34:34,228 ERROR frmstart 13500080003 在线：可为空的对象必须具有一个值。
2018-03-07 16:34:34,319 ERROR frmstart 13500080004 在线：可为空的对象必须具有一个值。
2018-03-07 16:34:34,389 ERROR frmstart 13500080005 在线：可为空的对象必须具有一个值。
2018-03-07 16:34:34,491 ERROR frmstart 13500080006 在线：可为空的对象必须具有一个值。
2018-03-07 16:34:34,626 ERROR frmstart 13500080007 在线：可为空的对象必须具有一个值。
2018-03-07 16:34:34,714 ERROR frmstart 13500080008 在线：可为空的对象必须具有一个值。
2018-03-07 16:34:34,908 ERROR frmstart 13500100002 在线：可为空的对象必须具有一个值。
2018-03-07 16:34:34,987 ERROR frmstart 13500100003 在线：可为空的对象必须具有一个值。
2018-03-07 16:34:35,063 ERROR frmstart 13500100004 在线：可为空的对象必须具有一个值。
2018-03-07 16:34:35,130 ERROR frmstart 13500100005 在线：可为空的对象必须具有一个值。
2018-03-07 16:34:35,203 ERROR frmstart 13500100006 在线：可为空的对象必须具有一个值。
2018-03-07 16:34:35,320 ERROR frmstart 13500110002 在线：可为空的对象必须具有一个值。
2018-03-07 16:34:35,396 ERROR frmstart 13500110003 在线：可为空的对象必须具有一个值。
2018-03-07 16:34:35,475 ERROR frmstart 13500110004 在线：可为空的对象必须具有一个值。
2018-03-07 16:34:35,554 ERROR frmstart 13500110005 在线：可为空的对象必须具有一个值。
2018-03-07 16:34:35,638 ERROR frmstart 13500110006 在线：可为空的对象必须具有一个值。
2018-03-07 16:34:35,708 ERROR frmstart 13500110007 在线：可为空的对象必须具有一个值。
2018-03-07 16:34:35,777 ERROR frmstart 13500110008 在线：可为空的对象必须具有一个值。
2018-03-07 16:34:35,927 ERROR frmstart 13500130002 在线：可为空的对象必须具有一个值。
2018-03-07 16:34:35,988 ERROR frmstart 13500130003 在线：可为空的对象必须具有一个值。
2018-03-07 16:34:36,057 ERROR frmstart 13500130004 在线：可为空的对象必须具有一个值。
2018-03-07 16:34:36,120 ERROR frmstart 13500130005 在线：可为空的对象必须具有一个值。
2018-03-07 16:34:36,184 ERROR frmstart 13500130006 在线：可为空的对象必须具有一个值。
2018-03-07 16:34:36,276 ERROR frmstart 13500130007 在线：可为空的对象必须具有一个值。
2018-03-07 16:34:36,393 ERROR frmstart 13500140002 在线：可为空的对象必须具有一个值。
2018-03-07 16:34:36,522 ERROR frmstart 13500150002 在线：可为空的对象必须具有一个值。
2018-03-07 16:34:36,593 ERROR frmstart 13500150003 在线：可为空的对象必须具有一个值。
2018-03-07 16:34:36,665 ERROR frmstart 13500150004 在线：可为空的对象必须具有一个值。
2018-03-07 16:34:36,731 ERROR frmstart 13500150005 在线：可为空的对象必须具有一个值。
2018-03-07 16:34:47,498 ERROR Error-GetBySql DTUProduct---序列包含一个以上的元素
2018-03-07 16:34:53,585 DEBUG frmstart SendCommand:--errPos:902013311112222-0103000000070408
2018-03-07 16:34:53,586 DEBUG frmstart SendCommand:--errPos:902013922220002-0103000000070408
2018-03-07 16:34:53,587 DEBUG frmstart SendCommand:--errPos:902013600000000-01030000002B05D5
2018-03-07 16:34:53,587 DEBUG frmstart SendCommand:--errPos:902013866668888-01030000002B05D5
2018-03-07 16:34:53,587 DEBUG frmstart SendCommand:--errPos:902013866889999-01030000002B05D5
2018-03-07 16:34:53,821 WARN  frmstart 启动计讯服务(Port=6012)无法在 DLL“gprsdll.dll”中找到名为“DLLStartService”的入口点。
2018-03-07 16:34:53,846 ERROR frmstart start gprs文本长度必须少于 64 个字符。
参数名: Text
实际值是 (6002 默认服务已启动);计讯服务6012已启动计讯6012启动失败:无法在 DLL“gprsdll.dll”中找到名为“DLLStartService”的入口点。。
2018-03-07 16:34:53,846 INFO  frmstart load end:34:53
2018-03-07 16:34:54,144 ERROR frmstart 没有配置气象数据:13300050111
2018-03-07 16:34:54,145 ERROR frmstart 没有配置气象数据:13300050113
2018-03-07 16:34:54,146 ERROR frmstart 没有配置气象数据:13300050114
2018-03-07 16:34:54,146 ERROR frmstart 没有配置气象数据:13300050115
2018-03-07 16:34:54,147 ERROR frmstart 没有配置气象数据:13300050116
2018-03-07 16:34:54,147 ERROR frmstart 没有配置气象数据:13300050117
2018-03-07 16:34:54,148 ERROR frmstart 没有配置气象数据:13300050118
2018-03-07 16:34:54,148 ERROR frmstart 没有配置气象数据:13300050119
2018-03-07 16:34:54,149 ERROR frmstart 没有配置气象数据:13900110110
2018-03-07 16:34:54,493 ERROR Error-CreateWeatDownCommand 未将对象引用设置到对象的实例。
2018-03-07 16:34:54,599 ERROR Error-CreateWeatDownCommand 未将对象引用设置到对象的实例。
2018-03-07 16:34:55,042 ERROR frmstart 没有配置气象数据:13300040010
2018-03-07 16:34:55,042 ERROR frmstart 没有配置气象数据:13300040011
2018-03-07 16:34:55,146 ERROR Error-CreateWeatDownCommand 值不能为 null。
参数名: type
2018-03-07 16:34:55,249 ERROR Error-CreateWeatDownCommand 值不能为 null。
参数名: type
2018-03-07 16:34:55,456 ERROR frmstart 没有配置气象数据:13600100001
2018-03-07 16:34:55,589 ERROR Error-CreateWeatDownCommand 索引超出了数组界限。
2018-03-07 16:34:55,710 ERROR Error-CreateWeatDownCommand 值不能为 null。
参数名: type
2018-03-07 16:34:55,843 ERROR Error-CreateWeatDownCommand 索引超出了数组界限。
2018-03-07 16:34:55,995 ERROR Error-CreateWeatDownCommand 值不能为 null。
参数名: type
2018-03-07 16:35:01,285 WARN  frmstart 停止计讯服务:服务尚未启动
2018-03-07 16:35:04,939 INFO  frmstart 准备解析包:date:2018-03-07 16:35:01;src:13600070001;长度:75- data:01034642A000004220000042A000000000000042700000000000003E99999A000000004479C0000000000042C800000000000042BC00000000000000000000000000000000000000003DE6
