2017-10-28 07:27:32,331 ERROR Form1 tmrWriteData_Tick
2017-10-28 07:27:32,580 ERROR Form1 tmrWriteData_Tick
2017-10-28 07:27:33,594 ERROR Form1 tmrWriteData_Tick
2017-10-28 07:27:34,608 ERROR Form1 tmrWriteData_Tick
2017-10-28 07:27:35,622 ERROR Form1 tmrWriteData_Tick
2017-10-28 07:27:36,636 ERROR Form1 tmrWriteData_Tick
2017-10-28 07:27:58,397 ERROR Form1 tmrWriteData_Tick
2017-10-28 07:27:59,146 ERROR Form1 tmrWriteData_Tick
2017-10-28 07:28:00,160 ERROR Form1 tmrWriteData_Tick
2017-10-28 07:28:01,174 ERROR Form1 tmrWriteData_Tick
2017-10-28 07:28:02,188 ERROR Form1 tmrWriteData_Tick
2017-10-28 07:28:03,202 ERROR Form1 tmrWriteData_Tick
2017-10-28 07:28:04,212 ERROR Form1 tmrWriteData_Tick
2017-10-28 07:28:05,237 ERROR Form1 tmrWriteData_Tick
2017-10-28 07:28:06,251 ERROR Form1 tmrWriteData_Tick
2017-10-28 07:28:07,265 ERROR Form1 tmrWriteData_Tick
2017-10-28 07:28:08,279 ERROR Form1 tmrWriteData_Tick
2017-10-28 07:32:05,057 INFO  Form1 队列长度：0,要新增：15
2017-10-28 07:55:19,916 ERROR Form1 tmrWriteData_Tick
2017-10-28 07:55:24,602 ERROR Form1 tmrWriteData_Tick
2017-10-28 07:57:35,796 INFO  Form1 队列长度：0,要新增：50
2017-10-28 07:57:42,984 INFO  Form1 要增加进命令列表：1200000041308000017090669
2017-10-28 07:57:45,477 INFO  Form1 增加列表1200000041308000017090669
2017-10-28 08:01:58,911 INFO  Form1 要增加进命令列表：1200000041308000017090673
2017-10-28 08:04:18,318 ERROR Form1 tmrWriteData_Tick
2017-10-28 08:05:38,569 ERROR Form1 tmrWriteData_Tick
2017-10-28 08:06:05,855 INFO  Form1 队列长度：0,要新增：36
2017-10-28 08:06:05,858 INFO  Form1 要增加进命令列表：1200000041308000017090694
2017-10-28 08:06:05,863 INFO  Form1 增加列表1200000041308000017090694
2017-10-28 08:06:08,673 INFO  Form1 要增加进命令列表：1200000041308000017090643
2017-10-28 08:06:08,676 INFO  Form1 增加列表1200000041308000017090643
2017-10-28 08:06:08,858 INFO  Form1 要增加进命令列表：1200000041308000017090763
2017-10-28 08:06:08,861 INFO  Form1 增加列表1200000041308000017090763
2017-10-28 08:06:09,020 INFO  Form1 要增加进命令列表：1200000041308000017090562
2017-10-28 08:06:09,029 INFO  Form1 增加列表1200000041308000017090562
2017-10-28 08:06:09,200 INFO  Form1 要增加进命令列表：1200000041308000017090700
2017-10-28 08:06:09,205 INFO  Form1 增加列表1200000041308000017090700
2017-10-28 08:06:09,392 INFO  Form1 要增加进命令列表：1200000041308000017090718
2017-10-28 08:06:09,397 INFO  Form1 增加列表1200000041308000017090718
2017-10-28 08:06:09,563 INFO  Form1 要增加进命令列表：1200000041308000017090565
2017-10-28 08:06:09,569 INFO  Form1 增加列表1200000041308000017090565
2017-10-28 08:06:09,753 INFO  Form1 要增加进命令列表：1200000041308000017090560
2017-10-28 08:06:09,759 INFO  Form1 增加列表1200000041308000017090560
2017-10-28 08:06:09,941 INFO  Form1 要增加进命令列表：1200000041308000017090563
2017-10-28 08:06:09,945 INFO  Form1 增加列表1200000041308000017090563
2017-10-28 08:06:10,111 INFO  Form1 要增加进命令列表：1200000041308000017090698
2017-10-28 08:06:10,114 INFO  Form1 增加列表1200000041308000017090698
2017-10-28 08:06:10,292 INFO  Form1 要增加进命令列表：1200000041308000017090654
2017-10-28 08:06:10,297 INFO  Form1 增加列表1200000041308000017090654
2017-10-28 08:06:10,462 INFO  Form1 要增加进命令列表：1200000041308000017090696
2017-10-28 08:06:10,465 INFO  Form1 增加列表1200000041308000017090696
2017-10-28 08:06:10,623 INFO  Form1 要增加进命令列表：1200000041308000017090681
2017-10-28 08:06:10,627 INFO  Form1 增加列表1200000041308000017090681
2017-10-28 08:06:10,792 INFO  Form1 要增加进命令列表：1200000041308000017090678
2017-10-28 08:06:10,795 INFO  Form1 增加列表1200000041308000017090678
2017-10-28 08:06:10,953 INFO  Form1 要增加进命令列表：1200000041308000017090684
2017-10-28 08:06:10,956 INFO  Form1 增加列表1200000041308000017090684
2017-10-28 08:06:11,125 INFO  Form1 要增加进命令列表：1200000041308000017090680
2017-10-28 08:06:11,128 INFO  Form1 增加列表1200000041308000017090680
2017-10-28 08:06:11,281 INFO  Form1 要增加进命令列表：1200000041308000017090689
2017-10-28 08:06:11,284 INFO  Form1 增加列表1200000041308000017090689
2017-10-28 08:06:11,463 INFO  Form1 要增加进命令列表：1200000041308000017090685
2017-10-28 08:06:11,467 INFO  Form1 增加列表1200000041308000017090685
2017-10-28 08:06:11,645 INFO  Form1 要增加进命令列表：1200000041308000017090679
2017-10-28 08:06:11,648 INFO  Form1 增加列表1200000041308000017090679
2017-10-28 08:06:11,803 INFO  Form1 要增加进命令列表：1200000041308000017090686
2017-10-28 08:06:11,806 INFO  Form1 增加列表1200000041308000017090686
2017-10-28 08:06:11,972 INFO  Form1 要增加进命令列表：1200000041308000017090664
2017-10-28 08:06:11,978 INFO  Form1 增加列表1200000041308000017090664
2017-10-28 08:06:12,157 INFO  Form1 要增加进命令列表：1200000041308000017090682
2017-10-28 08:06:12,160 INFO  Form1 增加列表1200000041308000017090682
2017-10-28 08:06:12,329 INFO  Form1 要增加进命令列表：1200000041308000017090766
2017-10-28 08:06:12,331 INFO  Form1 增加列表1200000041308000017090766
2017-10-28 08:06:12,489 INFO  Form1 要增加进命令列表：1200000051308000017090615
2017-10-28 08:06:12,493 INFO  Form1 增加列表1200000051308000017090615
2017-10-28 08:06:12,639 INFO  Form1 要增加进命令列表：1200000051308000017090558
2017-10-28 08:06:12,642 INFO  Form1 增加列表1200000051308000017090558
2017-10-28 08:06:12,818 INFO  Form1 要增加进命令列表：1200000051308000017090601
2017-10-28 08:06:12,824 INFO  Form1 增加列表1200000051308000017090601
2017-10-28 08:06:13,000 INFO  Form1 要增加进命令列表：1200000051308000017090743
2017-10-28 08:06:13,006 INFO  Form1 增加列表1200000051308000017090743
2017-10-28 08:06:13,174 INFO  Form1 要增加进命令列表：1200000051308000017090578
2017-10-28 08:06:13,178 INFO  Form1 增加列表1200000051308000017090578
2017-10-28 08:06:13,346 INFO  Form1 要增加进命令列表：1200000051308000017090658
2017-10-28 08:06:13,349 INFO  Form1 增加列表1200000051308000017090658
2017-10-28 08:06:13,520 INFO  Form1 要增加进命令列表：1200000051308000017090730
2017-10-28 08:06:13,525 INFO  Form1 增加列表1200000051308000017090730
2017-10-28 08:06:13,696 INFO  Form1 要增加进命令列表：1200000051308000017090728
2017-10-28 08:06:13,701 INFO  Form1 增加列表1200000051308000017090728
2017-10-28 08:06:13,871 INFO  Form1 要增加进命令列表：1200000051308000017090735
2017-10-28 08:06:13,873 INFO  Form1 增加列表1200000051308000017090735
2017-10-28 08:06:14,029 INFO  Form1 要增加进命令列表：1200000051308000017090706
2017-10-28 08:06:14,032 INFO  Form1 增加列表1200000051308000017090706
2017-10-28 08:06:14,179 INFO  Form1 要增加进命令列表：1200000051308000017090729
2017-10-28 08:06:14,182 INFO  Form1 增加列表1200000051308000017090729
2017-10-28 08:06:14,362 INFO  Form1 要增加进命令列表：1200000051308000017090575
2017-10-28 08:06:14,365 INFO  Form1 增加列表1200000051308000017090575
2017-10-28 08:06:14,523 INFO  Form1 要增加进命令列表：1200000051308000017090735
2017-10-28 08:06:14,525 INFO  Form1 新增后队列长度：35
2017-10-28 08:06:14,530 ERROR Form1 tmrWriteData_Tick
2017-10-28 08:06:14,563 INFO  Form1 队列长度：35,要新增：35
2017-10-28 08:06:14,564 INFO  Form1 要增加进命令列表：1200000041308000017090643
2017-10-28 08:06:14,565 INFO  Form1 要增加进命令列表：1200000041308000017090763
2017-10-28 08:06:14,566 INFO  Form1 要增加进命令列表：1200000041308000017090562
2017-10-28 08:06:14,567 INFO  Form1 要增加进命令列表：1200000041308000017090700
2017-10-28 08:06:14,568 INFO  Form1 要增加进命令列表：1200000041308000017090718
2017-10-28 08:06:14,569 INFO  Form1 要增加进命令列表：1200000041308000017090565
2017-10-28 08:06:14,571 INFO  Form1 要增加进命令列表：1200000041308000017090560
2017-10-28 08:06:14,572 INFO  Form1 要增加进命令列表：1200000041308000017090563
2017-10-28 08:06:14,573 INFO  Form1 要增加进命令列表：1200000041308000017090698
2017-10-28 08:06:14,574 INFO  Form1 要增加进命令列表：1200000041308000017090654
2017-10-28 08:06:14,575 INFO  Form1 要增加进命令列表：1200000041308000017090696
2017-10-28 08:06:14,576 INFO  Form1 要增加进命令列表：1200000041308000017090681
2017-10-28 08:06:14,578 INFO  Form1 要增加进命令列表：1200000041308000017090678
2017-10-28 08:06:14,579 INFO  Form1 要增加进命令列表：1200000041308000017090684
2017-10-28 08:06:14,580 INFO  Form1 要增加进命令列表：1200000041308000017090680
2017-10-28 08:06:14,581 INFO  Form1 要增加进命令列表：1200000041308000017090689
2017-10-28 08:06:14,612 INFO  Form1 要增加进命令列表：1200000041308000017090685
2017-10-28 08:06:14,613 INFO  Form1 要增加进命令列表：1200000041308000017090679
2017-10-28 08:06:14,615 INFO  Form1 要增加进命令列表：1200000041308000017090686
2017-10-28 08:06:14,616 INFO  Form1 要增加进命令列表：1200000041308000017090664
2017-10-28 08:06:14,617 INFO  Form1 要增加进命令列表：1200000041308000017090682
2017-10-28 08:06:14,618 INFO  Form1 要增加进命令列表：1200000041308000017090766
2017-10-28 08:06:14,619 INFO  Form1 要增加进命令列表：1200000051308000017090615
2017-10-28 08:06:14,620 INFO  Form1 要增加进命令列表：1200000051308000017090558
2017-10-28 08:06:14,622 INFO  Form1 要增加进命令列表：1200000051308000017090601
2017-10-28 08:06:14,623 INFO  Form1 要增加进命令列表：1200000051308000017090743
2017-10-28 08:06:14,624 INFO  Form1 要增加进命令列表：1200000051308000017090578
2017-10-28 08:06:14,625 INFO  Form1 要增加进命令列表：1200000051308000017090658
2017-10-28 08:06:14,626 INFO  Form1 要增加进命令列表：1200000051308000017090730
2017-10-28 08:06:14,627 INFO  Form1 要增加进命令列表：1200000051308000017090728
2017-10-28 08:06:14,629 INFO  Form1 要增加进命令列表：1200000051308000017090735
2017-10-28 08:06:14,630 INFO  Form1 要增加进命令列表：1200000051308000017090706
2017-10-28 08:06:14,631 INFO  Form1 要增加进命令列表：1200000051308000017090729
2017-10-28 08:06:14,632 INFO  Form1 要增加进命令列表：1200000051308000017090575
2017-10-28 08:06:14,633 INFO  Form1 要增加进命令列表：1200000051308000017090735
2017-10-28 08:06:14,635 INFO  Form1 新增后队列长度：35
2017-10-28 08:06:14,638 INFO  Form1 tmrWriteData_Tick send trigger
2017-10-28 08:06:14,707 ERROR Form1 给定关键字不在字典中。
System.Collections.Generic.KeyNotFoundException: 给定关键字不在字典中。
   在 System.Collections.Generic.Dictionary`2.get_Item(TKey key)
   在 TCPServer.Form1.tmrWriteData_Tick(Object sender, EventArgs e) 位置 d:\QyTech\TCPServer\Form1.cs:行号 477
2017-10-28 08:06:14,760 ERROR Form1 tmrWriteData_Tick
2017-10-28 08:06:14,786 INFO  Form1 队列长度：35,要新增：35
2017-10-28 08:06:14,787 INFO  Form1 要增加进命令列表：1200000041308000017090643
2017-10-28 08:06:14,788 INFO  Form1 要增加进命令列表：1200000041308000017090763
2017-10-28 08:06:14,791 INFO  Form1 要增加进命令列表：1200000041308000017090562
2017-10-28 08:06:14,793 INFO  Form1 要增加进命令列表：1200000041308000017090700
2017-10-28 08:06:14,794 INFO  Form1 要增加进命令列表：1200000041308000017090718
2017-10-28 08:06:14,796 INFO  Form1 要增加进命令列表：1200000041308000017090565
2017-10-28 08:06:14,797 INFO  Form1 要增加进命令列表：1200000041308000017090560
2017-10-28 08:06:14,798 INFO  Form1 要增加进命令列表：1200000041308000017090563
2017-10-28 08:06:14,800 INFO  Form1 要增加进命令列表：1200000041308000017090698
2017-10-28 08:06:14,801 INFO  Form1 要增加进命令列表：1200000041308000017090654
2017-10-28 08:06:14,803 INFO  Form1 要增加进命令列表：1200000041308000017090696
2017-10-28 08:06:14,804 INFO  Form1 要增加进命令列表：1200000041308000017090681
2017-10-28 08:06:14,805 INFO  Form1 要增加进命令列表：1200000041308000017090678
2017-10-28 08:06:14,807 INFO  Form1 要增加进命令列表：1200000041308000017090684
2017-10-28 08:06:14,808 INFO  Form1 要增加进命令列表：1200000041308000017090680
2017-10-28 08:06:14,810 INFO  Form1 要增加进命令列表：1200000041308000017090689
2017-10-28 08:06:14,811 INFO  Form1 要增加进命令列表：1200000041308000017090685
2017-10-28 08:06:14,813 INFO  Form1 要增加进命令列表：1200000041308000017090679
2017-10-28 08:06:14,814 INFO  Form1 要增加进命令列表：1200000041308000017090686
2017-10-28 08:06:14,815 INFO  Form1 要增加进命令列表：1200000041308000017090664
2017-10-28 08:06:14,817 INFO  Form1 要增加进命令列表：1200000041308000017090682
2017-10-28 08:06:14,818 INFO  Form1 要增加进命令列表：1200000041308000017090766
2017-10-28 08:06:14,819 INFO  Form1 要增加进命令列表：1200000051308000017090615
2017-10-28 08:06:14,821 INFO  Form1 要增加进命令列表：1200000051308000017090558
2017-10-28 08:06:14,822 INFO  Form1 要增加进命令列表：1200000051308000017090601
2017-10-28 08:06:14,824 INFO  Form1 要增加进命令列表：1200000051308000017090743
2017-10-28 08:06:14,825 INFO  Form1 要增加进命令列表：1200000051308000017090578
2017-10-28 08:06:14,827 INFO  Form1 要增加进命令列表：1200000051308000017090658
2017-10-28 08:06:14,828 INFO  Form1 要增加进命令列表：1200000051308000017090730
2017-10-28 08:06:14,830 INFO  Form1 要增加进命令列表：1200000051308000017090728
2017-10-28 08:06:14,831 INFO  Form1 要增加进命令列表：1200000051308000017090735
2017-10-28 08:06:14,832 INFO  Form1 要增加进命令列表：1200000051308000017090706
2017-10-28 08:06:14,834 INFO  Form1 要增加进命令列表：1200000051308000017090729
2017-10-28 08:06:14,835 INFO  Form1 要增加进命令列表：1200000051308000017090575
2017-10-28 08:06:14,836 INFO  Form1 要增加进命令列表：1200000051308000017090735
2017-10-28 08:06:14,838 INFO  Form1 新增后队列长度：35
2017-10-28 08:10:13,340 ERROR Form1 tmrGetNeedSend_Tick
2017-10-28 08:10:13,429 ERROR Form1 tmrGetNeedSend_Tick:50
2017-10-28 08:16:56,706 ERROR Form1 tmrGetNeedSend_Tick:1
2017-10-28 08:17:00,318 ERROR Form1 队列长度：0,要新增：1
2017-10-28 11:49:25,876 ERROR Form1 tmrGetNeedSend_Tick:3
2017-10-28 11:49:31,217 ERROR Form1 队列长度：0,要新增：3
2017-10-28 11:49:37,203 ERROR Form1 增加列表0017090682130800
2017-10-28 11:49:40,186 ERROR Form1 增加列表1200000041308000017090604
2017-10-28 11:49:40,364 INFO  Form1 新增后队列长度：2
2017-10-28 11:49:40,430 ERROR Form1 tmrGetNeedSend_Tick:3
2017-10-28 11:49:40,431 ERROR Form1 队列长度：2,要新增：3
2017-10-28 11:49:40,432 INFO  Form1 新增后队列长度：2
2017-10-28 11:54:22,724 ERROR Form1 tmrGetNeedSend_Tick:1
2017-10-28 11:54:22,739 ERROR Form1 队列长度：0,要新增：1
2017-10-28 11:54:22,743 ERROR Form1 增加列表0017090682130800
2017-10-28 11:54:25,551 INFO  Form1 新增后队列长度：1
2017-10-28 11:54:25,585 ERROR Form1 tmrGetNeedSend_Tick:1
2017-10-28 11:54:25,586 ERROR Form1 队列长度：1,要新增：1
2017-10-28 11:54:25,587 INFO  Form1 新增后队列长度：1
2017-10-28 12:02:52,752 ERROR Form1 tmrGetNeedSend_Tick:1
2017-10-28 12:02:52,767 ERROR Form1 队列长度：0,要新增：1
2017-10-28 12:02:52,772 ERROR Form1 增加列表1200000041308000017090604
2017-10-28 12:02:55,643 INFO  Form1 新增后队列长度：1
2017-10-28 12:02:55,680 ERROR Form1 tmrGetNeedSend_Tick:1
2017-10-28 12:02:55,682 ERROR Form1 队列长度：1,要新增：1
2017-10-28 12:02:55,683 INFO  Form1 新增后队列长度：1
2017-10-28 12:05:01,118 ERROR Form1 tmrGetNeedSend_Tick:1
2017-10-28 12:05:01,133 ERROR Form1 队列长度：0,要新增：1
2017-10-28 12:05:01,137 ERROR Form1 增加列表1200000041308000017090604
2017-10-28 12:05:04,015 INFO  Form1 新增后队列长度：1
2017-10-28 12:05:04,045 ERROR Form1 tmrGetNeedSend_Tick:1
2017-10-28 12:05:04,046 ERROR Form1 队列长度：1,要新增：1
2017-10-28 12:05:04,047 INFO  Form1 新增后队列长度：1
2017-10-28 12:07:29,363 ERROR Form1 tmrGetNeedSend_Tick:1
2017-10-28 12:07:29,382 ERROR Form1 队列长度：0,要新增：1
2017-10-28 12:07:29,386 ERROR Form1 增加列表1200000041308000017090604
2017-10-28 12:07:33,306 INFO  Form1 新增后队列长度：1

2017-10-28 14:24:26,864 ERROR frmstart JX 的新实例
2017-10-28 14:24:27,976 INFO  frmstart load start:24:27
2017-10-28 14:25:21,625 INFO  frmstart 在线数量：0
2017-10-28 14:25:21,661 INFO  frmstart 计讯联接的dtu数量是：0个
2017-10-28 14:25:27,396 INFO  frmstart 在线数量：0
2017-10-28 14:25:27,398 INFO  frmstart 计讯联接的dtu数量是：0个
2017-10-28 14:25:32,937 ERROR Error-GetBySql 序列包含一个以上的元素
2017-10-28 14:25:38,469 ERROR Error-GetHandDownCmd 100--120000004           ---给定关键字不在字典中。
2017-10-28 14:25:38,942 ERROR frmstart 没有配置气象数据:13300050111
2017-10-28 14:25:38,952 ERROR frmstart 没有配置气象数据:13300050113
2017-10-28 14:25:38,954 ERROR frmstart 没有配置气象数据:13300050114
2017-10-28 14:25:38,955 ERROR frmstart 没有配置气象数据:13300050115
2017-10-28 14:25:38,957 ERROR frmstart 没有配置气象数据:13300050116
2017-10-28 14:25:38,959 ERROR frmstart 没有配置气象数据:13300050117
2017-10-28 14:25:38,960 ERROR frmstart 没有配置气象数据:13300050118
2017-10-28 14:25:38,961 ERROR frmstart 没有配置气象数据:13300050119
2017-10-28 14:25:38,970 ERROR frmstart 没有配置气象数据:13900110110
2017-10-28 14:25:39,626 ERROR Error-CreateWeatDownCommand 未将对象引用设置到对象的实例。
2017-10-28 14:25:39,833 ERROR Error-CreateWeatDownCommand 未将对象引用设置到对象的实例。
2017-10-28 14:25:40,573 ERROR frmstart 没有配置气象数据:13300040010
2017-10-28 14:25:40,575 ERROR frmstart 没有配置气象数据:13300040011
2017-10-28 14:25:40,791 ERROR Error-CreateWeatDownCommand 值不能为 null。
参数名: type
2017-10-28 14:25:41,057 ERROR Error-CreateWeatDownCommand 值不能为 null。
参数名: type
2017-10-28 14:25:41,217 INFO  frmstart 启动计讯服务(Port=6012)
2017-10-28 14:25:41,223 INFO  frmstart load end:25:41
2017-10-28 14:25:41,587 ERROR Error-CreateWeatDownCommand 索引超出了数组界限。
2017-10-28 14:25:41,770 ERROR Error-CreateWeatDownCommand 值不能为 null。
参数名: type
2017-10-28 14:25:41,912 ERROR Error-CreateWeatDownCommand 索引超出了数组界限。
2017-10-28 14:25:42,238 ERROR frmstart 准备接收计讯数据！
2017-10-28 14:25:42,240 ERROR frmstart 准备获取计讯数据（计讯模块）
2017-10-28 14:25:42,242 ERROR frmstart 准备获取计讯数据（计讯模块）...
2017-10-28 14:25:42,244 ERROR frmstart 接收计讯数据！数据有：0
2017-10-28 14:25:43,247 ERROR frmstart 准备接收计讯数据！
2017-10-28 14:25:43,248 ERROR frmstart 准备获取计讯数据（计讯模块）
2017-10-28 14:25:43,249 ERROR frmstart 准备获取计讯数据（计讯模块）...
2017-10-28 14:25:43,250 ERROR frmstart 接收计讯数据！数据有：0
2017-10-28 14:25:43,557 ERROR Error-GetHandDownCmd 100--120000004           ---给定关键字不在字典中。
2017-10-28 14:25:44,260 ERROR frmstart 准备接收计讯数据！
2017-10-28 14:25:44,261 ERROR frmstart 准备获取计讯数据（计讯模块）
2017-10-28 14:25:44,262 ERROR frmstart 准备获取计讯数据（计讯模块）...
2017-10-28 14:25:44,263 ERROR frmstart 接收计讯数据！数据有：0
2017-10-28 14:25:45,274 ERROR frmstart 准备接收计讯数据！
2017-10-28 14:25:45,275 ERROR frmstart 准备获取计讯数据（计讯模块）
2017-10-28 14:25:45,277 ERROR frmstart 准备获取计讯数据（计讯模块）...
2017-10-28 14:25:45,278 ERROR frmstart 接收计讯数据！数据有：0
2017-10-28 14:25:46,287 ERROR frmstart 准备接收计讯数据！
2017-10-28 14:25:46,288 ERROR frmstart 准备获取计讯数据（计讯模块）
2017-10-28 14:25:46,289 ERROR frmstart 准备获取计讯数据（计讯模块）...
2017-10-28 14:25:46,289 ERROR frmstart 接收计讯数据！数据有：0
2017-10-28 14:25:47,329 ERROR frmstart 准备接收计讯数据！
2017-10-28 14:25:47,331 ERROR frmstart 准备获取计讯数据（计讯模块）
2017-10-28 14:25:47,331 ERROR frmstart 准备获取计讯数据（计讯模块）...
2017-10-28 14:25:47,332 ERROR frmstart 接收计讯数据！数据有：0
2017-10-28 14:25:47,379 INFO  frmstart 在线数量：0
2017-10-28 14:25:47,380 INFO  frmstart 计讯联接的dtu数量是：0个
2017-10-28 14:25:48,315 ERROR frmstart 准备接收计讯数据！
2017-10-28 14:25:48,316 ERROR frmstart 准备获取计讯数据（计讯模块）
2017-10-28 14:25:48,317 ERROR frmstart 准备获取计讯数据（计讯模块）...
2017-10-28 14:25:48,318 ERROR frmstart 接收计讯数据！数据有：0
2017-10-28 14:25:48,635 ERROR Error-GetHandDownCmd 100--120000004           ---给定关键字不在字典中。
2017-10-28 14:25:49,329 ERROR frmstart 准备接收计讯数据！
2017-10-28 14:25:49,330 ERROR frmstart 准备获取计讯数据（计讯模块）
2017-10-28 14:25:49,331 ERROR frmstart 准备获取计讯数据（计讯模块）...
2017-10-28 14:25:49,332 ERROR frmstart 接收计讯数据！数据有：0
2017-10-28 14:25:50,343 ERROR frmstart 准备接收计讯数据！
2017-10-28 14:25:50,344 ERROR frmstart 准备获取计讯数据（计讯模块）
2017-10-28 14:25:50,345 ERROR frmstart 准备获取计讯数据（计讯模块）...
2017-10-28 14:25:50,346 ERROR frmstart 接收计讯数据！数据有：0
2017-10-28 14:25:51,358 ERROR frmstart 准备接收计讯数据！
2017-10-28 14:25:51,359 ERROR frmstart 准备获取计讯数据（计讯模块）
2017-10-28 14:25:51,360 ERROR frmstart 准备获取计讯数据（计讯模块）...
2017-10-28 14:25:51,361 ERROR frmstart 接收计讯数据！数据有：0
2017-10-28 14:25:52,372 ERROR frmstart 准备接收计讯数据！
2017-10-28 14:25:52,373 ERROR frmstart 准备获取计讯数据（计讯模块）
2017-10-28 14:25:52,374 ERROR frmstart 准备获取计讯数据（计讯模块）...
2017-10-28 14:25:52,374 ERROR frmstart 接收计讯数据！数据有：0
2017-10-28 14:25:56,925 INFO  frmstart 停止计讯服务

2017-10-28 14:26:14,477 ERROR frmstart JX 的新实例
2017-10-28 14:26:15,462 INFO  frmstart load start:26:15
2017-10-28 14:26:59,298 INFO  frmstart 在线数量：0
2017-10-28 14:26:59,316 INFO  frmstart 计讯联接的dtu数量是：0个
2017-10-28 14:27:13,024 ERROR Error-GetBySql 序列包含一个以上的元素
2017-10-28 14:27:17,648 INFO  frmstart 在线数量：0
2017-10-28 14:27:17,649 INFO  frmstart 计讯联接的dtu数量是：0个
2017-10-28 14:27:18,633 ERROR Error-GetHandDownCmd 100--120000004           ---给定关键字不在字典中。
2017-10-28 14:27:18,968 ERROR frmstart 没有配置气象数据:13300050111
2017-10-28 14:27:18,970 ERROR frmstart 没有配置气象数据:13300050113
2017-10-28 14:27:18,971 ERROR frmstart 没有配置气象数据:13300050114
2017-10-28 14:27:18,972 ERROR frmstart 没有配置气象数据:13300050115
2017-10-28 14:27:18,977 ERROR frmstart 没有配置气象数据:13300050116
2017-10-28 14:27:18,979 ERROR frmstart 没有配置气象数据:13300050117
2017-10-28 14:27:18,980 ERROR frmstart 没有配置气象数据:13300050118
2017-10-28 14:27:18,981 ERROR frmstart 没有配置气象数据:13300050119
2017-10-28 14:27:18,982 ERROR frmstart 没有配置气象数据:13900110110
2017-10-28 14:27:19,554 ERROR Error-CreateWeatDownCommand 未将对象引用设置到对象的实例。
2017-10-28 14:27:19,734 ERROR Error-CreateWeatDownCommand 未将对象引用设置到对象的实例。
2017-10-28 14:27:20,349 INFO  frmstart 启动计讯服务(Port=6012)
2017-10-28 14:27:20,353 INFO  frmstart load end:27:20
2017-10-28 14:27:20,509 ERROR frmstart 没有配置气象数据:13300040010
2017-10-28 14:27:20,512 ERROR frmstart 没有配置气象数据:13300040011
2017-10-28 14:27:20,668 ERROR Error-CreateWeatDownCommand 值不能为 null。
参数名: type
2017-10-28 14:27:20,812 ERROR Error-CreateWeatDownCommand 值不能为 null。
参数名: type
2017-10-28 14:27:21,119 ERROR Error-CreateWeatDownCommand 索引超出了数组界限。
2017-10-28 14:27:21,261 ERROR Error-CreateWeatDownCommand 值不能为 null。
参数名: type
2017-10-28 14:27:21,393 ERROR Error-CreateWeatDownCommand 索引超出了数组界限。
2017-10-28 14:27:21,393 ERROR frmstart 准备接收计讯数据！
2017-10-28 14:27:21,396 ERROR frmstart 准备获取计讯数据（计讯模块）
2017-10-28 14:27:21,397 ERROR frmstart 准备获取计讯数据（计讯模块）...
2017-10-28 14:27:21,399 ERROR frmstart 接收计讯数据！数据有：0
2017-10-28 14:27:22,369 ERROR frmstart 准备接收计讯数据！
2017-10-28 14:27:22,371 ERROR frmstart 准备获取计讯数据（计讯模块）
2017-10-28 14:27:22,372 ERROR frmstart 准备获取计讯数据（计讯模块）...
2017-10-28 14:27:22,373 ERROR frmstart 接收计讯数据！数据有：0
2017-10-28 14:27:23,383 ERROR frmstart 准备接收计讯数据！
2017-10-28 14:27:23,384 ERROR frmstart 准备获取计讯数据（计讯模块）
2017-10-28 14:27:23,385 ERROR frmstart 准备获取计讯数据（计讯模块）...
2017-10-28 14:27:23,386 ERROR frmstart 接收计讯数据！数据有：0
2017-10-28 14:27:23,704 ERROR Error-GetHandDownCmd 100--120000004           ---给定关键字不在字典中。
2017-10-28 14:27:24,398 ERROR frmstart 准备接收计讯数据！
2017-10-28 14:27:24,399 ERROR frmstart 准备获取计讯数据（计讯模块）
2017-10-28 14:27:24,400 ERROR frmstart 准备获取计讯数据（计讯模块）...
2017-10-28 14:27:24,400 ERROR frmstart 接收计讯数据！数据有：0
2017-10-28 14:27:25,412 ERROR frmstart 准备接收计讯数据！
2017-10-28 14:27:25,414 ERROR frmstart 准备获取计讯数据（计讯模块）
2017-10-28 14:27:25,416 ERROR frmstart 准备获取计讯数据（计讯模块）...
2017-10-28 14:27:25,417 ERROR frmstart 接收计讯数据！数据有：0
2017-10-28 14:27:26,426 ERROR frmstart 准备接收计讯数据！
2017-10-28 14:27:26,427 ERROR frmstart 准备获取计讯数据（计讯模块）
2017-10-28 14:27:26,428 ERROR frmstart 准备获取计讯数据（计讯模块）...
2017-10-28 14:27:26,429 ERROR frmstart 接收计讯数据！数据有：0
2017-10-28 14:27:27,439 ERROR frmstart 准备接收计讯数据！
2017-10-28 14:27:27,441 ERROR frmstart 准备获取计讯数据（计讯模块）
2017-10-28 14:27:27,443 ERROR frmstart 准备获取计讯数据（计讯模块）...
2017-10-28 14:27:27,444 ERROR frmstart 接收计讯数据！数据有：0
2017-10-28 14:27:28,453 ERROR frmstart 准备接收计讯数据！
2017-10-28 14:27:28,454 ERROR frmstart 准备获取计讯数据（计讯模块）
2017-10-28 14:27:28,456 ERROR frmstart 准备获取计讯数据（计讯模块）...
2017-10-28 14:27:28,457 ERROR frmstart 接收计讯数据！数据有：0
2017-10-28 14:27:28,875 ERROR Error-GetHandDownCmd 100--120000004           ---给定关键字不在字典中。
2017-10-28 14:27:29,467 ERROR frmstart 准备接收计讯数据！
2017-10-28 14:27:29,468 ERROR frmstart 准备获取计讯数据（计讯模块）
2017-10-28 14:27:29,469 ERROR frmstart 准备获取计讯数据（计讯模块）...
2017-10-28 14:27:29,470 ERROR frmstart 接收计讯数据！数据有：0
2017-10-28 14:27:30,482 ERROR frmstart 准备接收计讯数据！
2017-10-28 14:27:30,483 ERROR frmstart 准备获取计讯数据（计讯模块）
2017-10-28 14:27:30,484 ERROR frmstart 准备获取计讯数据（计讯模块）...
2017-10-28 14:27:30,485 ERROR frmstart 接收计讯数据！数据有：0
2017-10-28 14:27:31,494 ERROR frmstart 准备接收计讯数据！
2017-10-28 14:27:31,495 ERROR frmstart 准备获取计讯数据（计讯模块）
2017-10-28 14:27:31,496 ERROR frmstart 准备获取计讯数据（计讯模块）...
2017-10-28 14:27:31,497 ERROR frmstart 接收计讯数据！数据有：0
2017-10-28 14:27:32,509 ERROR frmstart 准备接收计讯数据！
2017-10-28 14:27:32,510 ERROR frmstart 准备获取计讯数据（计讯模块）
2017-10-28 14:27:32,511 ERROR frmstart 准备获取计讯数据（计讯模块）...
2017-10-28 14:27:32,511 ERROR frmstart 接收计讯数据！数据有：0
2017-10-28 14:27:33,522 ERROR frmstart 准备接收计讯数据！
2017-10-28 14:27:33,524 ERROR frmstart 准备获取计讯数据（计讯模块）
2017-10-28 14:27:33,529 ERROR frmstart 准备获取计讯数据（计讯模块）...
2017-10-28 14:27:33,531 ERROR frmstart 接收计讯数据！数据有：0
2017-10-28 14:27:33,957 ERROR Error-GetHandDownCmd 100--120000004           ---给定关键字不在字典中。
2017-10-28 14:27:34,537 ERROR frmstart 准备接收计讯数据！
2017-10-28 14:27:34,539 ERROR frmstart 准备获取计讯数据（计讯模块）
2017-10-28 14:27:34,540 ERROR frmstart 准备获取计讯数据（计讯模块）...
2017-10-28 14:27:34,540 ERROR frmstart 接收计讯数据！数据有：0
2017-10-28 14:27:34,973 INFO  frmstart 在线数量：0
2017-10-28 14:27:34,975 INFO  frmstart 计讯联接的dtu数量是：0个
2017-10-28 14:27:35,550 ERROR frmstart 准备接收计讯数据！
2017-10-28 14:27:35,551 ERROR frmstart 准备获取计讯数据（计讯模块）
2017-10-28 14:27:35,552 ERROR frmstart 准备获取计讯数据（计讯模块）...
2017-10-28 14:27:35,553 ERROR frmstart 接收计讯数据！数据有：0
2017-10-28 14:27:36,565 ERROR frmstart 准备接收计讯数据！
2017-10-28 14:27:36,566 ERROR frmstart 准备获取计讯数据（计讯模块）
2017-10-28 14:27:36,567 ERROR frmstart 准备获取计讯数据（计讯模块）...
2017-10-28 14:27:36,568 ERROR frmstart 接收计讯数据！数据有：0
2017-10-28 14:27:37,579 ERROR frmstart 准备接收计讯数据！
2017-10-28 14:27:37,580 ERROR frmstart 准备获取计讯数据（计讯模块）
2017-10-28 14:27:37,582 ERROR frmstart 准备获取计讯数据（计讯模块）...
2017-10-28 14:27:37,583 ERROR frmstart 接收计讯数据！数据有：0
2017-10-28 14:27:38,593 ERROR frmstart 准备接收计讯数据！
2017-10-28 14:27:38,594 ERROR frmstart 准备获取计讯数据（计讯模块）
2017-10-28 14:27:38,595 ERROR frmstart 准备获取计讯数据（计讯模块）...
2017-10-28 14:27:38,595 ERROR frmstart 接收计讯数据！数据有：0
2017-10-28 14:27:39,037 ERROR Error-GetHandDownCmd 100--120000004           ---给定关键字不在字典中。
2017-10-28 14:27:39,608 ERROR frmstart 准备接收计讯数据！
2017-10-28 14:27:39,609 ERROR frmstart 准备获取计讯数据（计讯模块）
2017-10-28 14:27:39,610 ERROR frmstart 准备获取计讯数据（计讯模块）...
2017-10-28 14:27:39,611 ERROR frmstart 接收计讯数据！数据有：0
2017-10-28 14:27:40,621 ERROR frmstart 准备接收计讯数据！
2017-10-28 14:27:40,622 ERROR frmstart 准备获取计讯数据（计讯模块）
2017-10-28 14:27:40,623 ERROR frmstart 准备获取计讯数据（计讯模块）...
2017-10-28 14:27:40,624 ERROR frmstart 接收计讯数据！数据有：0
2017-10-28 14:27:41,635 ERROR frmstart 准备接收计讯数据！
2017-10-28 14:27:41,635 ERROR frmstart 准备获取计讯数据（计讯模块）
2017-10-28 14:27:41,636 ERROR frmstart 准备获取计讯数据（计讯模块）...
2017-10-28 14:27:41,637 ERROR frmstart 接收计讯数据！数据有：0
2017-10-28 14:27:42,650 ERROR frmstart 准备接收计讯数据！
2017-10-28 14:27:42,652 ERROR frmstart 准备获取计讯数据（计讯模块）
2017-10-28 14:27:42,653 ERROR frmstart 准备获取计讯数据（计讯模块）...
2017-10-28 14:27:42,654 ERROR frmstart 接收计讯数据！数据有：0
2017-10-28 14:27:43,664 ERROR frmstart 准备接收计讯数据！
2017-10-28 14:27:43,665 ERROR frmstart 准备获取计讯数据（计讯模块）
2017-10-28 14:27:43,666 ERROR frmstart 准备获取计讯数据（计讯模块）...
2017-10-28 14:27:43,667 ERROR frmstart 接收计讯数据！数据有：0
2017-10-28 14:27:44,122 ERROR Error-GetHandDownCmd 100--120000004           ---给定关键字不在字典中。
2017-10-28 14:27:44,678 ERROR frmstart 准备接收计讯数据！
2017-10-28 14:27:44,679 ERROR frmstart 准备获取计讯数据（计讯模块）
2017-10-28 14:27:44,680 ERROR frmstart 准备获取计讯数据（计讯模块）...
2017-10-28 14:27:44,682 ERROR frmstart 接收计讯数据！数据有：0
2017-10-28 14:27:45,691 ERROR frmstart 准备接收计讯数据！
2017-10-28 14:27:45,693 ERROR frmstart 准备获取计讯数据（计讯模块）
2017-10-28 14:27:45,694 ERROR frmstart 准备获取计讯数据（计讯模块）...
2017-10-28 14:27:45,696 ERROR frmstart 接收计讯数据！数据有：0
2017-10-28 14:27:46,706 ERROR frmstart 准备接收计讯数据！
2017-10-28 14:27:46,708 ERROR frmstart 准备获取计讯数据（计讯模块）
2017-10-28 14:27:46,710 ERROR frmstart 准备获取计讯数据（计讯模块）...
2017-10-28 14:27:46,712 ERROR frmstart 接收计讯数据！数据有：0
2017-10-28 14:27:47,719 ERROR frmstart 准备接收计讯数据！
2017-10-28 14:27:47,720 ERROR frmstart 准备获取计讯数据（计讯模块）
2017-10-28 14:27:47,721 ERROR frmstart 准备获取计讯数据（计讯模块）...
2017-10-28 14:27:47,723 ERROR frmstart 接收计讯数据！数据有：0
2017-10-28 14:27:48,733 ERROR frmstart 准备接收计讯数据！
2017-10-28 14:27:48,735 ERROR frmstart 准备获取计讯数据（计讯模块）
2017-10-28 14:27:48,736 ERROR frmstart 准备获取计讯数据（计讯模块）...
2017-10-28 14:27:48,738 ERROR frmstart 接收计讯数据！数据有：0
2017-10-28 14:27:49,244 ERROR Error-GetHandDownCmd 100--120000004           ---给定关键字不在字典中。
2017-10-28 14:27:49,748 ERROR frmstart 准备接收计讯数据！
2017-10-28 14:27:49,750 ERROR frmstart 准备获取计讯数据（计讯模块）
2017-10-28 14:27:49,751 ERROR frmstart 准备获取计讯数据（计讯模块）...
2017-10-28 14:27:49,752 ERROR frmstart 接收计讯数据！数据有：0
2017-10-28 14:27:50,762 ERROR frmstart 准备接收计讯数据！
2017-10-28 14:27:50,763 ERROR frmstart 准备获取计讯数据（计讯模块）
2017-10-28 14:27:50,764 ERROR frmstart 准备获取计讯数据（计讯模块）...
2017-10-28 14:27:50,765 ERROR frmstart 接收计讯数据！数据有：0
2017-10-28 14:27:51,774 ERROR frmstart 准备接收计讯数据！
2017-10-28 14:27:51,777 ERROR frmstart 准备获取计讯数据（计讯模块）
2017-10-28 14:27:51,778 ERROR frmstart 准备获取计讯数据（计讯模块）...
2017-10-28 14:27:51,780 ERROR frmstart 接收计讯数据！数据有：0
2017-10-28 14:27:52,788 ERROR frmstart 准备接收计讯数据！
2017-10-28 14:27:52,790 ERROR frmstart 准备获取计讯数据（计讯模块）
2017-10-28 14:27:52,792 ERROR frmstart 准备获取计讯数据（计讯模块）...
2017-10-28 14:27:52,793 ERROR frmstart 接收计讯数据！数据有：0
2017-10-28 14:27:53,802 ERROR frmstart 准备接收计讯数据！
2017-10-28 14:27:53,803 ERROR frmstart 准备获取计讯数据（计讯模块）
2017-10-28 14:27:53,804 ERROR frmstart 准备获取计讯数据（计讯模块）...
2017-10-28 14:27:53,804 ERROR frmstart 接收计讯数据！数据有：0
2017-10-28 14:27:54,312 ERROR Error-GetHandDownCmd 100--120000004           ---给定关键字不在字典中。
2017-10-28 14:27:54,816 ERROR frmstart 准备接收计讯数据！
2017-10-28 14:27:54,817 ERROR frmstart 准备获取计讯数据（计讯模块）
2017-10-28 14:27:54,818 ERROR frmstart 准备获取计讯数据（计讯模块）...
2017-10-28 14:27:54,819 ERROR frmstart 接收计讯数据！数据有：0
2017-10-28 14:27:54,988 INFO  frmstart 在线数量：0
2017-10-28 14:27:54,991 INFO  frmstart 计讯联接的dtu数量是：0个
2017-10-28 14:27:55,831 ERROR frmstart 准备接收计讯数据！
2017-10-28 14:27:55,832 ERROR frmstart 准备获取计讯数据（计讯模块）
2017-10-28 14:27:55,833 ERROR frmstart 准备获取计讯数据（计讯模块）...
2017-10-28 14:27:55,834 ERROR frmstart 接收计讯数据！数据有：0
2017-10-28 14:27:56,845 ERROR frmstart 准备接收计讯数据！
2017-10-28 14:27:56,847 ERROR frmstart 准备获取计讯数据（计讯模块）
2017-10-28 14:27:56,848 ERROR frmstart 准备获取计讯数据（计讯模块）...
2017-10-28 14:27:56,849 ERROR frmstart 接收计讯数据！数据有：0
2017-10-28 14:27:57,859 ERROR frmstart 准备接收计讯数据！
2017-10-28 14:27:57,861 ERROR frmstart 准备获取计讯数据（计讯模块）
2017-10-28 14:27:57,862 ERROR frmstart 准备获取计讯数据（计讯模块）...
2017-10-28 14:27:57,863 ERROR frmstart 接收计讯数据！数据有：0
2017-10-28 14:27:58,873 ERROR frmstart 准备接收计讯数据！
2017-10-28 14:27:58,875 ERROR frmstart 准备获取计讯数据（计讯模块）
2017-10-28 14:27:58,876 ERROR frmstart 准备获取计讯数据（计讯模块）...
2017-10-28 14:27:58,877 ERROR frmstart 接收计讯数据！数据有：0
2017-10-28 14:27:59,392 ERROR Error-GetHandDownCmd 100--120000004           ---给定关键字不在字典中。
2017-10-28 14:27:59,888 ERROR frmstart 准备接收计讯数据！
2017-10-28 14:27:59,889 ERROR frmstart 准备获取计讯数据（计讯模块）
2017-10-28 14:27:59,890 ERROR frmstart 准备获取计讯数据（计讯模块）...
2017-10-28 14:27:59,891 ERROR frmstart 接收计讯数据！数据有：0
2017-10-28 14:28:00,902 ERROR frmstart 准备接收计讯数据！
2017-10-28 14:28:00,904 ERROR frmstart 准备获取计讯数据（计讯模块）
2017-10-28 14:28:00,906 ERROR frmstart 准备获取计讯数据（计讯模块）...
2017-10-28 14:28:00,908 ERROR frmstart 接收计讯数据！数据有：0
2017-10-28 14:28:01,917 ERROR frmstart 准备接收计讯数据！
2017-10-28 14:28:01,919 ERROR frmstart 准备获取计讯数据（计讯模块）
2017-10-28 14:28:01,921 ERROR frmstart 准备获取计讯数据（计讯模块）...
2017-10-28 14:28:01,936 ERROR frmstart 接收计讯数据！数据有：0
2017-10-28 14:28:02,930 ERROR frmstart 准备接收计讯数据！
2017-10-28 14:28:02,931 ERROR frmstart 准备获取计讯数据（计讯模块）
2017-10-28 14:28:02,932 ERROR frmstart 准备获取计讯数据（计讯模块）...
2017-10-28 14:28:02,933 ERROR frmstart 接收计讯数据！数据有：0
2017-10-28 14:28:03,944 ERROR frmstart 准备接收计讯数据！
2017-10-28 14:28:03,946 ERROR frmstart 准备获取计讯数据（计讯模块）
2017-10-28 14:28:03,947 ERROR frmstart 准备获取计讯数据（计讯模块）...
2017-10-28 14:28:03,948 ERROR frmstart 接收计讯数据！数据有：0
2017-10-28 14:28:04,516 ERROR Error-GetHandDownCmd 100--120000004           ---给定关键字不在字典中。
2017-10-28 14:28:04,958 ERROR frmstart 准备接收计讯数据！
2017-10-28 14:28:04,959 ERROR frmstart 准备获取计讯数据（计讯模块）
2017-10-28 14:28:04,960 ERROR frmstart 准备获取计讯数据（计讯模块）...
2017-10-28 14:28:04,961 ERROR frmstart 接收计讯数据！数据有：0
2017-10-28 14:28:05,971 ERROR frmstart 准备接收计讯数据！
2017-10-28 14:28:05,972 ERROR frmstart 准备获取计讯数据（计讯模块）
2017-10-28 14:28:05,973 ERROR frmstart 准备获取计讯数据（计讯模块）...
2017-10-28 14:28:05,974 ERROR frmstart 接收计讯数据！数据有：0
2017-10-28 14:28:06,985 ERROR frmstart 准备接收计讯数据！
2017-10-28 14:28:06,986 ERROR frmstart 准备获取计讯数据（计讯模块）
2017-10-28 14:28:06,987 ERROR frmstart 准备获取计讯数据（计讯模块）...
2017-10-28 14:28:06,988 ERROR frmstart 接收计讯数据！数据有：0
2017-10-28 14:28:07,999 ERROR frmstart 准备接收计讯数据！
2017-10-28 14:28:08,001 ERROR frmstart 准备获取计讯数据（计讯模块）
2017-10-28 14:28:08,002 ERROR frmstart 准备获取计讯数据（计讯模块）...
2017-10-28 14:28:08,005 ERROR frmstart 接收计讯数据！数据有：0
2017-10-28 14:28:09,014 ERROR frmstart 准备接收计讯数据！
2017-10-28 14:28:09,015 ERROR frmstart 准备获取计讯数据（计讯模块）
2017-10-28 14:28:09,015 ERROR frmstart 准备获取计讯数据（计讯模块）...
2017-10-28 14:28:09,016 ERROR frmstart 接收计讯数据！数据有：0
2017-10-28 14:28:09,719 ERROR Error-GetHandDownCmd 100--120000004           ---给定关键字不在字典中。
2017-10-28 14:28:10,027 ERROR frmstart 准备接收计讯数据！
2017-10-28 14:28:10,028 ERROR frmstart 准备获取计讯数据（计讯模块）
2017-10-28 14:28:10,030 ERROR frmstart 准备获取计讯数据（计讯模块）...
2017-10-28 14:28:10,032 ERROR frmstart 接收计讯数据！数据有：0
2017-10-28 14:28:11,040 ERROR frmstart 准备接收计讯数据！
2017-10-28 14:28:11,042 ERROR frmstart 准备获取计讯数据（计讯模块）
2017-10-28 14:28:11,043 ERROR frmstart 准备获取计讯数据（计讯模块）...
2017-10-28 14:28:11,044 ERROR frmstart 接收计讯数据！数据有：0
2017-10-28 14:28:12,054 ERROR frmstart 准备接收计讯数据！
2017-10-28 14:28:12,055 ERROR frmstart 准备获取计讯数据（计讯模块）
2017-10-28 14:28:12,056 ERROR frmstart 准备获取计讯数据（计讯模块）...
2017-10-28 14:28:12,057 ERROR frmstart 接收计讯数据！数据有：0
2017-10-28 14:28:13,069 ERROR frmstart 准备接收计讯数据！
2017-10-28 14:28:13,071 ERROR frmstart 准备获取计讯数据（计讯模块）
2017-10-28 14:28:13,072 ERROR frmstart 准备获取计讯数据（计讯模块）...
2017-10-28 14:28:13,073 ERROR frmstart 接收计讯数据！数据有：0
2017-10-28 14:28:14,083 ERROR frmstart 准备接收计讯数据！
2017-10-28 14:28:14,084 ERROR frmstart 准备获取计讯数据（计讯模块）
2017-10-28 14:28:14,084 ERROR frmstart 准备获取计讯数据（计讯模块）...
2017-10-28 14:28:14,085 ERROR frmstart 接收计讯数据！数据有：0
2017-10-28 14:28:14,798 ERROR Error-GetHandDownCmd 100--120000004           ---给定关键字不在字典中。
2017-10-28 14:28:14,989 INFO  frmstart 在线数量：0
2017-10-28 14:28:14,990 INFO  frmstart 计讯联接的dtu数量是：0个
2017-10-28 14:28:15,098 ERROR frmstart 准备接收计讯数据！
2017-10-28 14:28:15,100 ERROR frmstart 准备获取计讯数据（计讯模块）
2017-10-28 14:28:15,102 ERROR frmstart 准备获取计讯数据（计讯模块）...
2017-10-28 14:28:15,103 ERROR frmstart 接收计讯数据！数据有：0
2017-10-28 14:28:16,111 ERROR frmstart 准备接收计讯数据！
2017-10-28 14:28:16,112 ERROR frmstart 准备获取计讯数据（计讯模块）
2017-10-28 14:28:16,113 ERROR frmstart 准备获取计讯数据（计讯模块）...
2017-10-28 14:28:16,114 ERROR frmstart 接收计讯数据！数据有：0
2017-10-28 14:28:17,125 ERROR frmstart 准备接收计讯数据！
2017-10-28 14:28:17,126 ERROR frmstart 准备获取计讯数据（计讯模块）
2017-10-28 14:28:17,127 ERROR frmstart 准备获取计讯数据（计讯模块）...
2017-10-28 14:28:17,128 ERROR frmstart 接收计讯数据！数据有：0
2017-10-28 14:28:18,139 ERROR frmstart 准备接收计讯数据！
2017-10-28 14:28:18,140 ERROR frmstart 准备获取计讯数据（计讯模块）
2017-10-28 14:28:18,141 ERROR frmstart 准备获取计讯数据（计讯模块）...
2017-10-28 14:28:18,142 ERROR frmstart 接收计讯数据！数据有：0
2017-10-28 14:28:19,154 ERROR frmstart 准备接收计讯数据！
2017-10-28 14:28:19,156 ERROR frmstart 准备获取计讯数据（计讯模块）
2017-10-28 14:28:19,157 ERROR frmstart 准备获取计讯数据（计讯模块）...
2017-10-28 14:28:19,159 ERROR frmstart 接收计讯数据！数据有：0
2017-10-28 14:28:19,873 ERROR Error-GetHandDownCmd 100--120000004           ---给定关键字不在字典中。
2017-10-28 14:28:20,168 ERROR frmstart 准备接收计讯数据！
2017-10-28 14:28:20,171 ERROR frmstart 准备获取计讯数据（计讯模块）
2017-10-28 14:28:20,172 ERROR frmstart 准备获取计讯数据（计讯模块）...
2017-10-28 14:28:20,173 ERROR frmstart 接收计讯数据！数据有：0
2017-10-28 14:28:21,181 ERROR frmstart 准备接收计讯数据！
2017-10-28 14:28:21,182 ERROR frmstart 准备获取计讯数据（计讯模块）
2017-10-28 14:28:21,183 ERROR frmstart 准备获取计讯数据（计讯模块）...
2017-10-28 14:28:21,184 ERROR frmstart 接收计讯数据！数据有：0
2017-10-28 14:28:22,196 ERROR frmstart 准备接收计讯数据！
2017-10-28 14:28:22,197 ERROR frmstart 准备获取计讯数据（计讯模块）
2017-10-28 14:28:22,198 ERROR frmstart 准备获取计讯数据（计讯模块）...
2017-10-28 14:28:22,198 ERROR frmstart 接收计讯数据！数据有：0
2017-10-28 14:28:23,209 ERROR frmstart 准备接收计讯数据！
2017-10-28 14:28:23,210 ERROR frmstart 准备获取计讯数据（计讯模块）
2017-10-28 14:28:23,213 ERROR frmstart 准备获取计讯数据（计讯模块）...
2017-10-28 14:28:23,214 ERROR frmstart 接收计讯数据！数据有：0
2017-10-28 14:28:24,225 ERROR frmstart 准备接收计讯数据！
2017-10-28 14:28:24,226 ERROR frmstart 准备获取计讯数据（计讯模块）
2017-10-28 14:28:24,228 ERROR frmstart 准备获取计讯数据（计讯模块）...
2017-10-28 14:28:24,229 ERROR frmstart 接收计讯数据！数据有：0
2017-10-28 14:28:24,962 ERROR Error-GetHandDownCmd 100--120000004           ---给定关键字不在字典中。
2017-10-28 14:28:25,238 ERROR frmstart 准备接收计讯数据！
2017-10-28 14:28:25,239 ERROR frmstart 准备获取计讯数据（计讯模块）
2017-10-28 14:28:25,240 ERROR frmstart 准备获取计讯数据（计讯模块）...
2017-10-28 14:28:25,242 ERROR frmstart 接收计讯数据！数据有：0
2017-10-28 14:28:26,251 ERROR frmstart 准备接收计讯数据！
2017-10-28 14:28:26,252 ERROR frmstart 准备获取计讯数据（计讯模块）
2017-10-28 14:28:26,253 ERROR frmstart 准备获取计讯数据（计讯模块）...
2017-10-28 14:28:26,254 ERROR frmstart 接收计讯数据！数据有：0
2017-10-28 14:28:27,265 ERROR frmstart 准备接收计讯数据！
2017-10-28 14:28:27,266 ERROR frmstart 准备获取计讯数据（计讯模块）
2017-10-28 14:28:27,267 ERROR frmstart 准备获取计讯数据（计讯模块）...
2017-10-28 14:28:27,267 ERROR frmstart 接收计讯数据！数据有：0
2017-10-28 14:28:28,279 ERROR frmstart 准备接收计讯数据！
2017-10-28 14:28:28,280 ERROR frmstart 准备获取计讯数据（计讯模块）
2017-10-28 14:28:28,281 ERROR frmstart 准备获取计讯数据（计讯模块）...
2017-10-28 14:28:28,282 ERROR frmstart 接收计讯数据！数据有：0
2017-10-28 14:28:29,293 ERROR frmstart 准备接收计讯数据！
2017-10-28 14:28:29,295 ERROR frmstart 准备获取计讯数据（计讯模块）
2017-10-28 14:28:29,296 ERROR frmstart 准备获取计讯数据（计讯模块）...
2017-10-28 14:28:29,296 ERROR frmstart 接收计讯数据！数据有：0
2017-10-28 14:28:30,040 ERROR Error-GetHandDownCmd 100--120000004           ---给定关键字不在字典中。
2017-10-28 14:28:30,309 ERROR frmstart 准备接收计讯数据！
2017-10-28 14:28:30,310 ERROR frmstart 准备获取计讯数据（计讯模块）
2017-10-28 14:28:30,311 ERROR frmstart 准备获取计讯数据（计讯模块）...
2017-10-28 14:28:30,311 ERROR frmstart 接收计讯数据！数据有：0
2017-10-28 14:28:31,322 ERROR frmstart 准备接收计讯数据！
2017-10-28 14:28:31,323 ERROR frmstart 准备获取计讯数据（计讯模块）
2017-10-28 14:28:31,324 ERROR frmstart 准备获取计讯数据（计讯模块）...
2017-10-28 14:28:31,324 ERROR frmstart 接收计讯数据！数据有：0
2017-10-28 14:28:32,335 ERROR frmstart 准备接收计讯数据！
2017-10-28 14:28:32,340 ERROR frmstart 准备获取计讯数据（计讯模块）
2017-10-28 14:28:32,341 ERROR frmstart 准备获取计讯数据（计讯模块）...
2017-10-28 14:28:32,342 ERROR frmstart 接收计讯数据！数据有：0
2017-10-28 14:28:33,349 ERROR frmstart 准备接收计讯数据！
2017-10-28 14:28:33,352 ERROR frmstart 准备获取计讯数据（计讯模块）
2017-10-28 14:28:33,353 ERROR frmstart 准备获取计讯数据（计讯模块）...
2017-10-28 14:28:33,355 ERROR frmstart 接收计讯数据！数据有：0
2017-10-28 14:28:34,363 ERROR frmstart 准备接收计讯数据！
2017-10-28 14:28:34,364 ERROR frmstart 准备获取计讯数据（计讯模块）
2017-10-28 14:28:34,365 ERROR frmstart 准备获取计讯数据（计讯模块）...
2017-10-28 14:28:34,366 ERROR frmstart 接收计讯数据！数据有：0
2017-10-28 14:28:35,003 INFO  frmstart 在线数量：0
2017-10-28 14:28:35,004 INFO  frmstart 计讯联接的dtu数量是：0个
2017-10-28 14:28:35,148 ERROR Error-GetHandDownCmd 100--120000004           ---给定关键字不在字典中。
2017-10-28 14:28:35,378 ERROR frmstart 准备接收计讯数据！
2017-10-28 14:28:35,379 ERROR frmstart 准备获取计讯数据（计讯模块）
2017-10-28 14:28:35,380 ERROR frmstart 准备获取计讯数据（计讯模块）...
2017-10-28 14:28:35,381 ERROR frmstart 接收计讯数据！数据有：0
2017-10-28 14:28:36,391 ERROR frmstart 准备接收计讯数据！
2017-10-28 14:28:36,392 ERROR frmstart 准备获取计讯数据（计讯模块）
2017-10-28 14:28:36,392 ERROR frmstart 准备获取计讯数据（计讯模块）...
2017-10-28 14:28:36,393 ERROR frmstart 接收计讯数据！数据有：0
2017-10-28 14:28:37,406 ERROR frmstart 准备接收计讯数据！
2017-10-28 14:28:37,407 ERROR frmstart 准备获取计讯数据（计讯模块）
2017-10-28 14:28:37,407 ERROR frmstart 准备获取计讯数据（计讯模块）...
2017-10-28 14:28:37,408 ERROR frmstart 接收计讯数据！数据有：0
2017-10-28 14:28:38,419 ERROR frmstart 准备接收计讯数据！
2017-10-28 14:28:38,420 ERROR frmstart 准备获取计讯数据（计讯模块）
2017-10-28 14:28:38,421 ERROR frmstart 准备获取计讯数据（计讯模块）...
2017-10-28 14:28:38,423 ERROR frmstart 接收计讯数据！数据有：0
2017-10-28 14:28:39,433 ERROR frmstart 准备接收计讯数据！
2017-10-28 14:28:39,434 ERROR frmstart 准备获取计讯数据（计讯模块）
2017-10-28 14:28:39,434 ERROR frmstart 准备获取计讯数据（计讯模块）...
2017-10-28 14:28:39,435 ERROR frmstart 接收计讯数据！数据有：0
2017-10-28 14:28:40,237 ERROR Error-GetHandDownCmd 100--120000004           ---给定关键字不在字典中。
2017-10-28 14:28:40,447 ERROR frmstart 准备接收计讯数据！
2017-10-28 14:28:40,449 ERROR frmstart 准备获取计讯数据（计讯模块）
2017-10-28 14:28:40,451 ERROR frmstart 准备获取计讯数据（计讯模块）...
2017-10-28 14:28:40,452 ERROR frmstart 接收计讯数据！数据有：0
2017-10-28 14:28:41,463 ERROR frmstart 准备接收计讯数据！
2017-10-28 14:28:41,465 ERROR frmstart 准备获取计讯数据（计讯模块）
2017-10-28 14:28:41,466 ERROR frmstart 准备获取计讯数据（计讯模块）...
2017-10-28 14:28:41,467 ERROR frmstart 接收计讯数据！数据有：0
2017-10-28 14:28:41,751 ERROR frmstart 没有配置气象数据:13300050111
2017-10-28 14:28:41,752 ERROR frmstart 没有配置气象数据:13300050113
2017-10-28 14:28:41,753 ERROR frmstart 没有配置气象数据:13300050114
2017-10-28 14:28:41,754 ERROR frmstart 没有配置气象数据:13300050115
2017-10-28 14:28:41,755 ERROR frmstart 没有配置气象数据:13300050116
2017-10-28 14:28:41,756 ERROR frmstart 没有配置气象数据:13300050117
2017-10-28 14:28:41,757 ERROR frmstart 没有配置气象数据:13300050118
2017-10-28 14:28:41,758 ERROR frmstart 没有配置气象数据:13300050119
2017-10-28 14:28:41,759 ERROR frmstart 没有配置气象数据:13900110110
2017-10-28 14:28:42,087 ERROR Error-CreateWeatDownCommand 未将对象引用设置到对象的实例。
2017-10-28 14:28:42,205 ERROR Error-CreateWeatDownCommand 未将对象引用设置到对象的实例。
2017-10-28 14:28:42,479 ERROR frmstart 准备接收计讯数据！
2017-10-28 14:28:42,481 ERROR frmstart 准备获取计讯数据（计讯模块）
2017-10-28 14:28:42,482 ERROR frmstart 准备获取计讯数据（计讯模块）...
2017-10-28 14:28:42,482 ERROR frmstart 接收计讯数据！数据有：0
2017-10-28 14:28:42,619 ERROR frmstart 没有配置气象数据:13300040010
2017-10-28 14:28:42,620 ERROR frmstart 没有配置气象数据:13300040011
2017-10-28 14:28:42,737 ERROR Error-CreateWeatDownCommand 值不能为 null。
参数名: type
2017-10-28 14:28:42,835 ERROR Error-CreateWeatDownCommand 值不能为 null。
参数名: type
2017-10-28 14:28:43,086 ERROR Error-CreateWeatDownCommand 索引超出了数组界限。
2017-10-28 14:28:43,188 ERROR Error-CreateWeatDownCommand 值不能为 null。
参数名: type
2017-10-28 14:28:43,287 ERROR Error-CreateWeatDownCommand 索引超出了数组界限。
2017-10-28 14:28:43,489 ERROR frmstart 准备接收计讯数据！
2017-10-28 14:28:43,490 ERROR frmstart 准备获取计讯数据（计讯模块）
2017-10-28 14:28:43,491 ERROR frmstart 准备获取计讯数据（计讯模块）...
2017-10-28 14:28:43,491 ERROR frmstart 接收计讯数据！数据有：0
2017-10-28 14:28:44,503 ERROR frmstart 准备接收计讯数据！
2017-10-28 14:28:44,505 ERROR frmstart 准备获取计讯数据（计讯模块）
2017-10-28 14:28:44,506 ERROR frmstart 准备获取计讯数据（计讯模块）...
2017-10-28 14:28:44,507 ERROR frmstart 接收计讯数据！数据有：0
2017-10-28 14:28:45,341 ERROR Error-GetHandDownCmd 100--120000004           ---给定关键字不在字典中。
2017-10-28 14:28:45,517 ERROR frmstart 准备接收计讯数据！
2017-10-28 14:28:45,518 ERROR frmstart 准备获取计讯数据（计讯模块）
2017-10-28 14:28:45,519 ERROR frmstart 准备获取计讯数据（计讯模块）...
2017-10-28 14:28:45,521 ERROR frmstart 接收计讯数据！数据有：0
2017-10-28 14:28:46,531 ERROR frmstart 准备接收计讯数据！
2017-10-28 14:28:46,533 ERROR frmstart 准备获取计讯数据（计讯模块）
2017-10-28 14:28:46,534 ERROR frmstart 准备获取计讯数据（计讯模块）...
2017-10-28 14:28:46,536 ERROR frmstart 接收计讯数据！数据有：0
2017-10-28 14:28:47,546 ERROR frmstart 准备接收计讯数据！
2017-10-28 14:28:47,547 ERROR frmstart 准备获取计讯数据（计讯模块）
2017-10-28 14:28:47,548 ERROR frmstart 准备获取计讯数据（计讯模块）...
2017-10-28 14:28:47,549 ERROR frmstart 接收计讯数据！数据有：0
2017-10-28 14:28:48,560 ERROR frmstart 准备接收计讯数据！
2017-10-28 14:28:48,561 ERROR frmstart 准备获取计讯数据（计讯模块）
2017-10-28 14:28:48,561 ERROR frmstart 准备获取计讯数据（计讯模块）...
2017-10-28 14:28:48,562 ERROR frmstart 接收计讯数据！数据有：0
2017-10-28 14:28:49,574 ERROR frmstart 准备接收计讯数据！
2017-10-28 14:28:49,575 ERROR frmstart 准备获取计讯数据（计讯模块）
2017-10-28 14:28:49,576 ERROR frmstart 准备获取计讯数据（计讯模块）...
2017-10-28 14:28:49,577 ERROR frmstart 接收计讯数据！数据有：0
2017-10-28 14:28:50,423 ERROR Error-GetHandDownCmd 100--120000004           ---给定关键字不在字典中。
2017-10-28 14:28:50,588 ERROR frmstart 准备接收计讯数据！
2017-10-28 14:28:50,589 ERROR frmstart 准备获取计讯数据（计讯模块）
2017-10-28 14:28:50,590 ERROR frmstart 准备获取计讯数据（计讯模块）...
2017-10-28 14:28:50,591 ERROR frmstart 接收计讯数据！数据有：0
2017-10-28 14:28:51,602 ERROR frmstart 准备接收计讯数据！
2017-10-28 14:28:51,603 ERROR frmstart 准备获取计讯数据（计讯模块）
2017-10-28 14:28:51,610 ERROR frmstart 准备获取计讯数据（计讯模块）...
2017-10-28 14:28:51,611 ERROR frmstart 接收计讯数据！数据有：0
2017-10-28 14:28:52,615 ERROR frmstart 准备接收计讯数据！
2017-10-28 14:28:52,617 ERROR frmstart 准备获取计讯数据（计讯模块）
2017-10-28 14:28:52,618 ERROR frmstart 准备获取计讯数据（计讯模块）...
2017-10-28 14:28:52,619 ERROR frmstart 接收计讯数据！数据有：0
2017-10-28 14:28:53,629 ERROR frmstart 准备接收计讯数据！
2017-10-28 14:28:53,630 ERROR frmstart 准备获取计讯数据（计讯模块）
2017-10-28 14:28:53,631 ERROR frmstart 准备获取计讯数据（计讯模块）...
2017-10-28 14:28:53,632 ERROR frmstart 接收计讯数据！数据有：0
2017-10-28 14:28:54,643 ERROR frmstart 准备接收计讯数据！
2017-10-28 14:28:54,644 ERROR frmstart 准备获取计讯数据（计讯模块）
2017-10-28 14:28:54,644 ERROR frmstart 准备获取计讯数据（计讯模块）...
2017-10-28 14:28:54,645 ERROR frmstart 接收计讯数据！数据有：0
2017-10-28 14:28:55,018 INFO  frmstart 在线数量：0
2017-10-28 14:28:55,019 INFO  frmstart 计讯联接的dtu数量是：0个
2017-10-28 14:28:55,502 ERROR Error-GetHandDownCmd 100--120000004           ---给定关键字不在字典中。
2017-10-28 14:28:55,657 ERROR frmstart 准备接收计讯数据！
2017-10-28 14:28:55,659 ERROR frmstart 准备获取计讯数据（计讯模块）
2017-10-28 14:28:55,661 ERROR frmstart 准备获取计讯数据（计讯模块）...
2017-10-28 14:28:55,662 ERROR frmstart 接收计讯数据！数据有：0
2017-10-28 14:28:56,671 ERROR frmstart 准备接收计讯数据！
2017-10-28 14:28:56,672 ERROR frmstart 准备获取计讯数据（计讯模块）
2017-10-28 14:28:56,673 ERROR frmstart 准备获取计讯数据（计讯模块）...
2017-10-28 14:28:56,674 ERROR frmstart 接收计讯数据！数据有：0
2017-10-28 14:28:57,685 ERROR frmstart 准备接收计讯数据！
2017-10-28 14:28:57,686 ERROR frmstart 准备获取计讯数据（计讯模块）
2017-10-28 14:28:57,687 ERROR frmstart 准备获取计讯数据（计讯模块）...
2017-10-28 14:28:57,687 ERROR frmstart 接收计讯数据！数据有：0
2017-10-28 14:28:58,699 ERROR frmstart 准备接收计讯数据！
2017-10-28 14:28:58,700 ERROR frmstart 准备获取计讯数据（计讯模块）
2017-10-28 14:28:58,701 ERROR frmstart 准备获取计讯数据（计讯模块）...
2017-10-28 14:28:58,702 ERROR frmstart 接收计讯数据！数据有：0
2017-10-28 14:28:59,713 ERROR frmstart 准备接收计讯数据！
2017-10-28 14:28:59,714 ERROR frmstart 准备获取计讯数据（计讯模块）
2017-10-28 14:28:59,715 ERROR frmstart 准备获取计讯数据（计讯模块）...
2017-10-28 14:28:59,716 ERROR frmstart 接收计讯数据！数据有：0
2017-10-28 14:29:00,567 ERROR Error-GetHandDownCmd 100--120000004           ---给定关键字不在字典中。
2017-10-28 14:29:00,727 ERROR frmstart 准备接收计讯数据！
2017-10-28 14:29:00,729 ERROR frmstart 准备获取计讯数据（计讯模块）
2017-10-28 14:29:00,731 ERROR frmstart 准备获取计讯数据（计讯模块）...
2017-10-28 14:29:00,733 ERROR frmstart 接收计讯数据！数据有：0
2017-10-28 14:29:01,741 ERROR frmstart 准备接收计讯数据！
2017-10-28 14:29:01,742 ERROR frmstart 准备获取计讯数据（计讯模块）
2017-10-28 14:29:01,743 ERROR frmstart 准备获取计讯数据（计讯模块）...
2017-10-28 14:29:01,744 ERROR frmstart 接收计讯数据！数据有：0
2017-10-28 14:29:02,755 ERROR frmstart 准备接收计讯数据！
2017-10-28 14:29:02,755 ERROR frmstart 准备获取计讯数据（计讯模块）
2017-10-28 14:29:02,756 ERROR frmstart 准备获取计讯数据（计讯模块）...
2017-10-28 14:29:02,757 ERROR frmstart 接收计讯数据！数据有：0
2017-10-28 14:29:03,769 ERROR frmstart 准备接收计讯数据！
2017-10-28 14:29:03,771 ERROR frmstart 准备获取计讯数据（计讯模块）
2017-10-28 14:29:03,772 ERROR frmstart 准备获取计讯数据（计讯模块）...
2017-10-28 14:29:03,773 ERROR frmstart 接收计讯数据！数据有：0
2017-10-28 14:29:04,783 ERROR frmstart 准备接收计讯数据！
2017-10-28 14:29:04,784 ERROR frmstart 准备获取计讯数据（计讯模块）
2017-10-28 14:29:04,784 ERROR frmstart 准备获取计讯数据（计讯模块）...
2017-10-28 14:29:04,785 ERROR frmstart 接收计讯数据！数据有：0
2017-10-28 14:29:05,653 ERROR Error-GetHandDownCmd 100--120000004           ---给定关键字不在字典中。
2017-10-28 14:29:05,798 ERROR frmstart 准备接收计讯数据！
2017-10-28 14:29:05,799 ERROR frmstart 准备获取计讯数据（计讯模块）
2017-10-28 14:29:05,800 ERROR frmstart 准备获取计讯数据（计讯模块）...
2017-10-28 14:29:05,801 ERROR frmstart 接收计讯数据！数据有：0
2017-10-28 14:29:06,812 ERROR frmstart 准备接收计讯数据！
2017-10-28 14:29:06,814 ERROR frmstart 准备获取计讯数据（计讯模块）
2017-10-28 14:29:06,815 ERROR frmstart 准备获取计讯数据（计讯模块）...
2017-10-28 14:29:06,816 ERROR frmstart 接收计讯数据！数据有：0
2017-10-28 14:29:07,826 ERROR frmstart 准备接收计讯数据！
2017-10-28 14:29:07,826 ERROR frmstart 准备获取计讯数据（计讯模块）
2017-10-28 14:29:07,827 ERROR frmstart 准备获取计讯数据（计讯模块）...
2017-10-28 14:29:07,828 ERROR frmstart 接收计讯数据！数据有：0
2017-10-28 14:29:08,840 ERROR frmstart 准备接收计讯数据！
2017-10-28 14:29:08,841 ERROR frmstart 准备获取计讯数据（计讯模块）
2017-10-28 14:29:08,842 ERROR frmstart 准备获取计讯数据（计讯模块）...
2017-10-28 14:29:08,843 ERROR frmstart 接收计讯数据！数据有：0
2017-10-28 14:29:09,854 ERROR frmstart 准备接收计讯数据！
2017-10-28 14:29:09,855 ERROR frmstart 准备获取计讯数据（计讯模块）
2017-10-28 14:29:09,855 ERROR frmstart 准备获取计讯数据（计讯模块）...
2017-10-28 14:29:09,856 ERROR frmstart 接收计讯数据！数据有：0
2017-10-28 14:29:10,714 ERROR Error-GetHandDownCmd 100--120000004           ---给定关键字不在字典中。
2017-10-28 14:29:10,868 ERROR frmstart 准备接收计讯数据！
2017-10-28 14:29:10,870 ERROR frmstart 准备获取计讯数据（计讯模块）
2017-10-28 14:29:10,872 ERROR frmstart 准备获取计讯数据（计讯模块）...
2017-10-28 14:29:10,874 ERROR frmstart 接收计讯数据！数据有：0
2017-10-28 14:29:11,881 ERROR frmstart 准备接收计讯数据！
2017-10-28 14:29:11,882 ERROR frmstart 准备获取计讯数据（计讯模块）
2017-10-28 14:29:11,883 ERROR frmstart 准备获取计讯数据（计讯模块）...
2017-10-28 14:29:11,884 ERROR frmstart 接收计讯数据！数据有：0
2017-10-28 14:29:12,895 ERROR frmstart 准备接收计讯数据！
2017-10-28 14:29:12,896 ERROR frmstart 准备获取计讯数据（计讯模块）
2017-10-28 14:29:12,897 ERROR frmstart 准备获取计讯数据（计讯模块）...
2017-10-28 14:29:12,899 ERROR frmstart 接收计讯数据！数据有：0
2017-10-28 14:29:13,909 ERROR frmstart 准备接收计讯数据！
2017-10-28 14:29:13,910 ERROR frmstart 准备获取计讯数据（计讯模块）
2017-10-28 14:29:13,911 ERROR frmstart 准备获取计讯数据（计讯模块）...
2017-10-28 14:29:13,912 ERROR frmstart 接收计讯数据！数据有：0
2017-10-28 14:29:14,923 ERROR frmstart 准备接收计讯数据！
2017-10-28 14:29:14,924 ERROR frmstart 准备获取计讯数据（计讯模块）
2017-10-28 14:29:14,924 ERROR frmstart 准备获取计讯数据（计讯模块）...
2017-10-28 14:29:14,925 ERROR frmstart 接收计讯数据！数据有：0
2017-10-28 14:29:15,032 INFO  frmstart 在线数量：0
2017-10-28 14:29:15,033 INFO  frmstart 计讯联接的dtu数量是：0个
2017-10-28 14:29:15,798 ERROR Error-GetHandDownCmd 100--120000004           ---给定关键字不在字典中。
2017-10-28 14:29:15,937 ERROR frmstart 准备接收计讯数据！
2017-10-28 14:29:15,939 ERROR frmstart 准备获取计讯数据（计讯模块）
2017-10-28 14:29:15,940 ERROR frmstart 准备获取计讯数据（计讯模块）...
2017-10-28 14:29:15,941 ERROR frmstart 接收计讯数据！数据有：0
2017-10-28 14:29:16,951 ERROR frmstart 准备接收计讯数据！
2017-10-28 14:29:16,953 ERROR frmstart 准备获取计讯数据（计讯模块）
2017-10-28 14:29:16,954 ERROR frmstart 准备获取计讯数据（计讯模块）...
2017-10-28 14:29:16,956 ERROR frmstart 接收计讯数据！数据有：0
2017-10-28 14:29:17,965 ERROR frmstart 准备接收计讯数据！
2017-10-28 14:29:17,966 ERROR frmstart 准备获取计讯数据（计讯模块）
2017-10-28 14:29:17,967 ERROR frmstart 准备获取计讯数据（计讯模块）...
2017-10-28 14:29:17,968 ERROR frmstart 接收计讯数据！数据有：0
2017-10-28 14:29:18,979 ERROR frmstart 准备接收计讯数据！
2017-10-28 14:29:18,980 ERROR frmstart 准备获取计讯数据（计讯模块）
2017-10-28 14:29:18,981 ERROR frmstart 准备获取计讯数据（计讯模块）...
2017-10-28 14:29:18,983 ERROR frmstart 接收计讯数据！数据有：0
2017-10-28 14:29:19,994 ERROR frmstart 准备接收计讯数据！
2017-10-28 14:29:19,995 ERROR frmstart 准备获取计讯数据（计讯模块）
2017-10-28 14:29:19,997 ERROR frmstart 准备获取计讯数据（计讯模块）...
2017-10-28 14:29:19,999 ERROR frmstart 接收计讯数据！数据有：0
2017-10-28 14:29:20,994 ERROR Error-GetHandDownCmd 100--120000004           ---给定关键字不在字典中。
2017-10-28 14:29:21,007 ERROR frmstart 准备接收计讯数据！
2017-10-28 14:29:21,008 ERROR frmstart 准备获取计讯数据（计讯模块）
2017-10-28 14:29:21,009 ERROR frmstart 准备获取计讯数据（计讯模块）...
2017-10-28 14:29:21,010 ERROR frmstart 接收计讯数据！数据有：0
2017-10-28 14:29:22,021 ERROR frmstart 准备接收计讯数据！
2017-10-28 14:29:22,022 ERROR frmstart 准备获取计讯数据（计讯模块）
2017-10-28 14:29:22,022 ERROR frmstart 准备获取计讯数据（计讯模块）...
2017-10-28 14:29:22,023 ERROR frmstart 接收计讯数据！数据有：0
2017-10-28 14:29:23,039 ERROR frmstart 准备接收计讯数据！
2017-10-28 14:29:23,054 ERROR frmstart 准备获取计讯数据（计讯模块）
2017-10-28 14:29:23,054 ERROR frmstart 准备获取计讯数据（计讯模块）...
2017-10-28 14:29:23,055 ERROR frmstart 接收计讯数据！数据有：0
2017-10-28 14:29:24,050 ERROR frmstart 准备接收计讯数据！
2017-10-28 14:29:24,051 ERROR frmstart 准备获取计讯数据（计讯模块）
2017-10-28 14:29:24,051 ERROR frmstart 准备获取计讯数据（计讯模块）...
2017-10-28 14:29:24,052 ERROR frmstart 接收计讯数据！数据有：0
2017-10-28 14:29:25,065 ERROR frmstart 准备接收计讯数据！
2017-10-28 14:29:25,066 ERROR frmstart 准备获取计讯数据（计讯模块）
2017-10-28 14:29:25,066 ERROR frmstart 准备获取计讯数据（计讯模块）...
2017-10-28 14:29:25,067 ERROR frmstart 接收计讯数据！数据有：0
2017-10-28 14:29:26,071 ERROR Error-GetHandDownCmd 100--120000004           ---给定关键字不在字典中。
2017-10-28 14:29:26,078 ERROR frmstart 准备接收计讯数据！
2017-10-28 14:29:26,079 ERROR frmstart 准备获取计讯数据（计讯模块）
2017-10-28 14:29:26,080 ERROR frmstart 准备获取计讯数据（计讯模块）...
2017-10-28 14:29:26,081 ERROR frmstart 接收计讯数据！数据有：0
2017-10-28 14:29:27,092 ERROR frmstart 准备接收计讯数据！
2017-10-28 14:29:27,093 ERROR frmstart 准备获取计讯数据（计讯模块）
2017-10-28 14:29:27,094 ERROR frmstart 准备获取计讯数据（计讯模块）...
2017-10-28 14:29:27,096 ERROR frmstart 接收计讯数据！数据有：0
2017-10-28 14:29:28,107 ERROR frmstart 准备接收计讯数据！
2017-10-28 14:29:28,109 ERROR frmstart 准备获取计讯数据（计讯模块）
2017-10-28 14:29:28,110 ERROR frmstart 准备获取计讯数据（计讯模块）...
2017-10-28 14:29:28,112 ERROR frmstart 接收计讯数据！数据有：0
2017-10-28 14:29:29,120 ERROR frmstart 准备接收计讯数据！
2017-10-28 14:29:29,121 ERROR frmstart 准备获取计讯数据（计讯模块）
2017-10-28 14:29:29,122 ERROR frmstart 准备获取计讯数据（计讯模块）...
2017-10-28 14:29:29,122 ERROR frmstart 接收计讯数据！数据有：0
2017-10-28 14:29:30,133 ERROR frmstart 准备接收计讯数据！
2017-10-28 14:29:30,134 ERROR frmstart 准备获取计讯数据（计讯模块）
2017-10-28 14:29:30,135 ERROR frmstart 准备获取计讯数据（计讯模块）...
2017-10-28 14:29:30,136 ERROR frmstart 接收计讯数据！数据有：0
2017-10-28 14:29:31,153 ERROR frmstart 准备接收计讯数据！
2017-10-28 14:29:31,154 ERROR frmstart 准备获取计讯数据（计讯模块）
2017-10-28 14:29:31,155 ERROR frmstart 准备获取计讯数据（计讯模块）...
2017-10-28 14:29:31,156 ERROR frmstart 接收计讯数据！数据有：0
2017-10-28 14:29:31,153 ERROR Error-GetHandDownCmd 100--120000004           ---给定关键字不在字典中。
2017-10-28 14:29:32,161 ERROR frmstart 准备接收计讯数据！
2017-10-28 14:29:32,162 ERROR frmstart 准备获取计讯数据（计讯模块）
2017-10-28 14:29:32,164 ERROR frmstart 准备获取计讯数据（计讯模块）...
2017-10-28 14:29:32,165 ERROR frmstart 接收计讯数据！数据有：0
2017-10-28 14:29:33,175 ERROR frmstart 准备接收计讯数据！
2017-10-28 14:29:33,176 ERROR frmstart 准备获取计讯数据（计讯模块）
2017-10-28 14:29:33,178 ERROR frmstart 准备获取计讯数据（计讯模块）...
2017-10-28 14:29:33,179 ERROR frmstart 接收计讯数据！数据有：0
2017-10-28 14:29:34,189 ERROR frmstart 准备接收计讯数据！
2017-10-28 14:29:34,190 ERROR frmstart 准备获取计讯数据（计讯模块）
2017-10-28 14:29:34,191 ERROR frmstart 准备获取计讯数据（计讯模块）...
2017-10-28 14:29:34,192 ERROR frmstart 接收计讯数据！数据有：0
2017-10-28 14:29:35,049 INFO  frmstart 在线数量：0
2017-10-28 14:29:35,050 INFO  frmstart 计讯联接的dtu数量是：0个
2017-10-28 14:29:35,203 ERROR frmstart 准备接收计讯数据！
2017-10-28 14:29:35,205 ERROR frmstart 准备获取计讯数据（计讯模块）
2017-10-28 14:29:35,209 ERROR frmstart 准备获取计讯数据（计讯模块）...
2017-10-28 14:29:35,210 ERROR frmstart 接收计讯数据！数据有：0
2017-10-28 14:29:36,219 ERROR frmstart 准备接收计讯数据！
2017-10-28 14:29:36,231 ERROR frmstart 准备获取计讯数据（计讯模块）
2017-10-28 14:29:36,233 ERROR frmstart 准备获取计讯数据（计讯模块）...
2017-10-28 14:29:36,234 ERROR frmstart 接收计讯数据！数据有：0
2017-10-28 14:29:36,232 ERROR Error-GetHandDownCmd 100--120000004           ---给定关键字不在字典中。
2017-10-28 14:29:37,232 ERROR frmstart 准备接收计讯数据！
2017-10-28 14:29:37,234 ERROR frmstart 准备获取计讯数据（计讯模块）
2017-10-28 14:29:37,235 ERROR frmstart 准备获取计讯数据（计讯模块）...
2017-10-28 14:29:37,236 ERROR frmstart 接收计讯数据！数据有：0
2017-10-28 14:29:38,245 ERROR frmstart 准备接收计讯数据！
2017-10-28 14:29:38,246 ERROR frmstart 准备获取计讯数据（计讯模块）
2017-10-28 14:29:38,247 ERROR frmstart 准备获取计讯数据（计讯模块）...
2017-10-28 14:29:38,248 ERROR frmstart 接收计讯数据！数据有：0
2017-10-28 14:29:43,141 INFO  frmstart 停止计讯服务

