2018-04-11 23:54:01,224 DEBUG frmstart SendCommand:--errPos:902013866889999-01030000002B05D5
2018-04-11 23:54:01,623 ERROR frmstart 没有配置气象数据:13300050111
2018-04-11 23:54:01,624 ERROR frmstart 没有配置气象数据:13300050113
2018-04-11 23:54:01,624 ERROR frmstart 没有配置气象数据:13300050114
2018-04-11 23:54:01,624 ERROR frmstart 没有配置气象数据:13300050115
2018-04-11 23:54:01,625 ERROR frmstart 没有配置气象数据:13300050116
2018-04-11 23:54:01,625 ERROR frmstart 没有配置气象数据:13300050117
2018-04-11 23:54:01,626 ERROR frmstart 没有配置气象数据:13300050118
2018-04-11 23:54:01,626 ERROR frmstart 没有配置气象数据:13300050119
2018-04-11 23:54:01,627 ERROR frmstart 没有配置气象数据:13900110110
2018-04-11 23:54:01,880 ERROR Error-CreateWeatDownCommand 未将对象引用设置到对象的实例。
2018-04-11 23:54:01,961 ERROR Error-CreateWeatDownCommand 未将对象引用设置到对象的实例。
2018-04-11 23:54:02,284 ERROR frmstart 没有配置气象数据:13300040010
2018-04-11 23:54:02,285 ERROR frmstart 没有配置气象数据:13300040011
2018-04-11 23:54:02,351 ERROR Error-CreateWeatDownCommand 值不能为 null。
参数名: type
2018-04-11 23:54:02,422 ERROR Error-CreateWeatDownCommand 值不能为 null。
参数名: type
2018-04-11 23:54:02,582 ERROR frmstart 没有配置气象数据:13600100001
2018-04-11 23:54:02,674 ERROR Error-CreateWeatDownCommand 索引超出了数组界限。
2018-04-11 23:54:02,743 ERROR Error-CreateWeatDownCommand 值不能为 null。
参数名: type
2018-04-11 23:54:02,812 ERROR Error-CreateWeatDownCommand 索引超出了数组界限。
2018-04-11 23:54:02,891 ERROR Error-CreateWeatDownCommand 值不能为 null。
参数名: type
2018-04-11 23:54:19,121 INFO  frmstart 在线数量：0
2018-04-11 23:54:19,122 INFO  frmstart 计讯联接的dtu数量是：0个
2018-04-11 23:54:19,164 ERROR frmstart  在线：可为空的对象必须具有一个值。
2018-04-11 23:54:27,565 ERROR frmstart 13300050011 在线：可为空的对象必须具有一个值。
2018-04-11 23:54:35,091 ERROR frmstart 13300050067 在线：可为空的对象必须具有一个值。
2018-04-11 23:54:35,416 ERROR frmstart 13300050070 在线：可为空的对象必须具有一个值。
2018-04-11 23:54:36,013 ERROR frmstart 13300050075 在线：可为空的对象必须具有一个值。
2018-04-11 23:54:36,079 ERROR frmstart 13300050076 在线：可为空的对象必须具有一个值。
2018-04-11 23:54:43,380 ERROR frmstart 13500010002 在线：可为空的对象必须具有一个值。
2018-04-11 23:54:43,559 ERROR frmstart 13500020002 在线：可为空的对象必须具有一个值。
2018-04-11 23:54:43,595 ERROR frmstart 13500020003 在线：可为空的对象必须具有一个值。
2018-04-11 23:54:43,635 ERROR frmstart 13500020004 在线：可为空的对象必须具有一个值。
2018-04-11 23:54:43,678 ERROR frmstart 13500020005 在线：可为空的对象必须具有一个值。
2018-04-11 23:54:43,879 ERROR frmstart 13500030002 在线：可为空的对象必须具有一个值。
2018-04-11 23:54:43,911 ERROR frmstart 13500030003 在线：可为空的对象必须具有一个值。
2018-04-11 23:54:43,949 ERROR frmstart 13500030004 在线：可为空的对象必须具有一个值。
2018-04-11 23:54:43,989 ERROR frmstart 13500030005 在线：可为空的对象必须具有一个值。
2018-04-11 23:54:44,167 ERROR frmstart 13500040002 在线：可为空的对象必须具有一个值。
2018-04-11 23:54:44,360 ERROR frmstart 13500050002 在线：可为空的对象必须具有一个值。
2018-04-11 23:54:44,822 ERROR frmstart 13500080002 在线：可为空的对象必须具有一个值。
2018-04-11 23:54:44,862 ERROR frmstart 13500080003 在线：可为空的对象必须具有一个值。
2018-04-11 23:54:44,899 ERROR frmstart 13500080004 在线：可为空的对象必须具有一个值。
2018-04-11 23:54:44,940 ERROR frmstart 13500080005 在线：可为空的对象必须具有一个值。
2018-04-11 23:54:44,975 ERROR frmstart 13500080006 在线：可为空的对象必须具有一个值。
2018-04-11 23:54:45,010 ERROR frmstart 13500080007 在线：可为空的对象必须具有一个值。
2018-04-11 23:54:45,042 ERROR frmstart 13500080008 在线：可为空的对象必须具有一个值。
2018-04-11 23:54:45,356 ERROR frmstart 13500100002 在线：可为空的对象必须具有一个值。
2018-04-11 23:54:45,390 ERROR frmstart 13500100003 在线：可为空的对象必须具有一个值。
2018-04-11 23:54:45,426 ERROR frmstart 13500100004 在线：可为空的对象必须具有一个值。
2018-04-11 23:54:45,460 ERROR frmstart 13500100005 在线：可为空的对象必须具有一个值。
2018-04-11 23:54:45,494 ERROR frmstart 13500100006 在线：可为空的对象必须具有一个值。
2018-04-11 23:54:45,670 ERROR frmstart 13500110002 在线：可为空的对象必须具有一个值。
2018-04-11 23:54:45,706 ERROR frmstart 13500110003 在线：可为空的对象必须具有一个值。
2018-04-11 23:54:45,741 ERROR frmstart 13500110004 在线：可为空的对象必须具有一个值。
2018-04-11 23:54:45,777 ERROR frmstart 13500110005 在线：可为空的对象必须具有一个值。
2018-04-11 23:54:45,812 ERROR frmstart 13500110006 在线：可为空的对象必须具有一个值。
2018-04-11 23:54:45,847 ERROR frmstart 13500110007 在线：可为空的对象必须具有一个值。
2018-04-11 23:54:45,880 ERROR frmstart 13500110008 在线：可为空的对象必须具有一个值。
2018-04-11 23:54:46,208 ERROR frmstart 13500130002 在线：可为空的对象必须具有一个值。
2018-04-11 23:54:46,246 ERROR frmstart 13500130003 在线：可为空的对象必须具有一个值。
2018-04-11 23:54:46,298 ERROR frmstart 13500130004 在线：可为空的对象必须具有一个值。
2018-04-11 23:54:46,342 ERROR frmstart 13500130005 在线：可为空的对象必须具有一个值。
2018-04-11 23:54:46,383 ERROR frmstart 13500130006 在线：可为空的对象必须具有一个值。
2018-04-11 23:54:46,421 ERROR frmstart 13500130007 在线：可为空的对象必须具有一个值。
2018-04-11 23:54:46,607 ERROR frmstart 13500140002 在线：可为空的对象必须具有一个值。
2018-04-11 23:54:46,803 ERROR frmstart 13500150002 在线：可为空的对象必须具有一个值。
2018-04-11 23:54:46,849 ERROR frmstart 13500150003 在线：可为空的对象必须具有一个值。
2018-04-11 23:54:46,889 ERROR frmstart 13500150004 在线：可为空的对象必须具有一个值。
2018-04-11 23:54:46,930 ERROR frmstart 13500150005 在线：可为空的对象必须具有一个值。
2018-04-11 23:55:19,135 INFO  frmstart 在线数量：0
2018-04-11 23:55:19,136 INFO  frmstart 计讯联接的dtu数量是：0个
2018-04-11 23:55:19,289 ERROR frmstart  在线：可为空的对象必须具有一个值。
2018-04-11 23:55:22,897 DEBUG frmstart SendCommand:--errPos:902013311112222-0103000000070408
2018-04-11 23:55:22,899 DEBUG frmstart SendCommand:--errPos:902013922220002-0103000000070408
2018-04-11 23:55:22,900 DEBUG frmstart SendCommand:--errPos:902013600000000-01030000002B05D5
2018-04-11 23:55:22,901 DEBUG frmstart SendCommand:--errPos:902013866668888-01030000002B05D5
2018-04-11 23:55:22,901 DEBUG frmstart SendCommand:--errPos:902013866889999-01030000002B05D5
2018-04-11 23:55:23,555 ERROR frmstart 没有配置气象数据:13300050111
2018-04-11 23:55:23,556 ERROR frmstart 没有配置气象数据:13300050113
2018-04-11 23:55:23,556 ERROR frmstart 没有配置气象数据:13300050114
2018-04-11 23:55:23,557 ERROR frmstart 没有配置气象数据:13300050115
2018-04-11 23:55:23,557 ERROR frmstart 没有配置气象数据:13300050116
2018-04-11 23:55:23,557 ERROR frmstart 没有配置气象数据:13300050117
2018-04-11 23:55:23,558 ERROR frmstart 没有配置气象数据:13300050118
2018-04-11 23:55:23,558 ERROR frmstart 没有配置气象数据:13300050119
2018-04-11 23:55:23,559 ERROR frmstart 没有配置气象数据:13900110110
2018-04-11 23:55:23,655 ERROR frmstart 13300050011 在线：可为空的对象必须具有一个值。
2018-04-11 23:55:23,785 ERROR Error-CreateWeatDownCommand 未将对象引用设置到对象的实例。
2018-04-11 23:55:23,866 ERROR Error-CreateWeatDownCommand 未将对象引用设置到对象的实例。
2018-04-11 23:55:24,211 ERROR frmstart 没有配置气象数据:13300040010
2018-04-11 23:55:24,211 ERROR frmstart 没有配置气象数据:13300040011
2018-04-11 23:55:24,289 ERROR Error-CreateWeatDownCommand 值不能为 null。
参数名: type
2018-04-11 23:55:24,351 ERROR Error-CreateWeatDownCommand 值不能为 null。
参数名: type
2018-04-11 23:55:24,529 ERROR frmstart 没有配置气象数据:13600100001
2018-04-11 23:55:24,593 ERROR Error-CreateWeatDownCommand 索引超出了数组界限。
2018-04-11 23:55:24,687 ERROR Error-CreateWeatDownCommand 值不能为 null。
参数名: type
2018-04-11 23:55:24,761 ERROR Error-CreateWeatDownCommand 索引超出了数组界限。
2018-04-11 23:55:24,959 ERROR Error-CreateWeatDownCommand 值不能为 null。
参数名: type
2018-04-11 23:55:25,978 ERROR frmstart 13300050067 在线：可为空的对象必须具有一个值。
2018-04-11 23:55:26,081 ERROR frmstart 13300050070 在线：可为空的对象必须具有一个值。
2018-04-11 23:55:26,322 ERROR frmstart 13300050075 在线：可为空的对象必须具有一个值。
2018-04-11 23:55:26,358 ERROR frmstart 13300050076 在线：可为空的对象必须具有一个值。
2018-04-11 23:55:28,408 ERROR frmstart 13500010002 在线：可为空的对象必须具有一个值。
2018-04-11 23:55:28,496 ERROR frmstart 13500020002 在线：可为空的对象必须具有一个值。
2018-04-11 23:55:28,533 ERROR frmstart 13500020003 在线：可为空的对象必须具有一个值。
2018-04-11 23:55:28,572 ERROR frmstart 13500020004 在线：可为空的对象必须具有一个值。
2018-04-11 23:55:28,605 ERROR frmstart 13500020005 在线：可为空的对象必须具有一个值。
2018-04-11 23:55:28,696 ERROR frmstart 13500030002 在线：可为空的对象必须具有一个值。
2018-04-11 23:55:28,747 ERROR frmstart 13500030003 在线：可为空的对象必须具有一个值。
2018-04-11 23:55:28,787 ERROR frmstart 13500030004 在线：可为空的对象必须具有一个值。
2018-04-11 23:55:28,842 ERROR frmstart 13500030005 在线：可为空的对象必须具有一个值。
2018-04-11 23:55:28,961 ERROR frmstart 13500040002 在线：可为空的对象必须具有一个值。
2018-04-11 23:55:29,069 ERROR frmstart 13500050002 在线：可为空的对象必须具有一个值。
2018-04-11 23:55:29,251 ERROR frmstart 13500080002 在线：可为空的对象必须具有一个值。
2018-04-11 23:55:29,292 ERROR frmstart 13500080003 在线：可为空的对象必须具有一个值。
2018-04-11 23:55:29,331 ERROR frmstart 13500080004 在线：可为空的对象必须具有一个值。
2018-04-11 23:55:29,367 ERROR frmstart 13500080005 在线：可为空的对象必须具有一个值。
2018-04-11 23:55:29,398 ERROR frmstart 13500080006 在线：可为空的对象必须具有一个值。
2018-04-11 23:55:29,447 ERROR frmstart 13500080007 在线：可为空的对象必须具有一个值。
2018-04-11 23:55:29,480 ERROR frmstart 13500080008 在线：可为空的对象必须具有一个值。
2018-04-11 23:55:29,603 ERROR frmstart 13500100002 在线：可为空的对象必须具有一个值。
2018-04-11 23:55:29,643 ERROR frmstart 13500100003 在线：可为空的对象必须具有一个值。
2018-04-11 23:55:29,682 ERROR frmstart 13500100004 在线：可为空的对象必须具有一个值。
2018-04-11 23:55:29,722 ERROR frmstart 13500100005 在线：可为空的对象必须具有一个值。
2018-04-11 23:55:29,761 ERROR frmstart 13500100006 在线：可为空的对象必须具有一个值。
2018-04-11 23:55:29,870 ERROR frmstart 13500110002 在线：可为空的对象必须具有一个值。
2018-04-11 23:55:29,910 ERROR frmstart 13500110003 在线：可为空的对象必须具有一个值。
2018-04-11 23:55:29,945 ERROR frmstart 13500110004 在线：可为空的对象必须具有一个值。
2018-04-11 23:55:29,984 ERROR frmstart 13500110005 在线：可为空的对象必须具有一个值。
2018-04-11 23:55:30,019 ERROR frmstart 13500110006 在线：可为空的对象必须具有一个值。
2018-04-11 23:55:30,095 ERROR frmstart 13500110007 在线：可为空的对象必须具有一个值。
2018-04-11 23:55:30,128 ERROR frmstart 13500110008 在线：可为空的对象必须具有一个值。
2018-04-11 23:55:30,268 ERROR frmstart 13500130002 在线：可为空的对象必须具有一个值。
2018-04-11 23:55:30,321 ERROR frmstart 13500130003 在线：可为空的对象必须具有一个值。
2018-04-11 23:55:30,395 ERROR frmstart 13500130004 在线：可为空的对象必须具有一个值。
2018-04-11 23:55:30,435 ERROR frmstart 13500130005 在线：可为空的对象必须具有一个值。
2018-04-11 23:55:30,549 ERROR frmstart 13500130006 在线：可为空的对象必须具有一个值。
2018-04-11 23:55:30,638 ERROR frmstart 13500130007 在线：可为空的对象必须具有一个值。
2018-04-11 23:55:30,770 ERROR frmstart 13500140002 在线：可为空的对象必须具有一个值。
2018-04-11 23:55:30,887 ERROR frmstart 13500150002 在线：可为空的对象必须具有一个值。
2018-04-11 23:55:30,929 ERROR frmstart 13500150003 在线：可为空的对象必须具有一个值。
2018-04-11 23:55:30,994 ERROR frmstart 13500150004 在线：可为空的对象必须具有一个值。
2018-04-11 23:55:31,038 ERROR frmstart 13500150005 在线：可为空的对象必须具有一个值。
2018-04-11 23:56:19,147 INFO  frmstart 在线数量：0
2018-04-11 23:56:19,148 INFO  frmstart 计讯联接的dtu数量是：0个
2018-04-11 23:56:19,181 ERROR frmstart  在线：可为空的对象必须具有一个值。
2018-04-11 23:56:21,610 ERROR frmstart 13300050011 在线：可为空的对象必须具有一个值。
2018-04-11 23:56:23,584 ERROR frmstart 13300050067 在线：可为空的对象必须具有一个值。
2018-04-11 23:56:23,697 ERROR frmstart 13300050070 在线：可为空的对象必须具有一个值。
2018-04-11 23:56:23,914 ERROR frmstart 13300050075 在线：可为空的对象必须具有一个值。
2018-04-11 23:56:23,953 ERROR frmstart 13300050076 在线：可为空的对象必须具有一个值。
2018-04-11 23:56:26,001 ERROR frmstart 13500010002 在线：可为空的对象必须具有一个值。
2018-04-11 23:56:26,087 ERROR frmstart 13500020002 在线：可为空的对象必须具有一个值。
2018-04-11 23:56:26,125 ERROR frmstart 13500020003 在线：可为空的对象必须具有一个值。
2018-04-11 23:56:26,160 ERROR frmstart 13500020004 在线：可为空的对象必须具有一个值。
2018-04-11 23:56:26,193 ERROR frmstart 13500020005 在线：可为空的对象必须具有一个值。
2018-04-11 23:56:26,263 ERROR frmstart 13500030002 在线：可为空的对象必须具有一个值。
2018-04-11 23:56:26,299 ERROR frmstart 13500030003 在线：可为空的对象必须具有一个值。
2018-04-11 23:56:26,341 ERROR frmstart 13500030004 在线：可为空的对象必须具有一个值。
2018-04-11 23:56:26,379 ERROR frmstart 13500030005 在线：可为空的对象必须具有一个值。
2018-04-11 23:56:26,449 ERROR frmstart 13500040002 在线：可为空的对象必须具有一个值。
2018-04-11 23:56:26,521 ERROR frmstart 13500050002 在线：可为空的对象必须具有一个值。
2018-04-11 23:56:26,703 ERROR frmstart 13500080002 在线：可为空的对象必须具有一个值。
2018-04-11 23:56:26,755 ERROR frmstart 13500080003 在线：可为空的对象必须具有一个值。
2018-04-11 23:56:26,844 ERROR frmstart 13500080004 在线：可为空的对象必须具有一个值。
2018-04-11 23:56:26,881 ERROR frmstart 13500080005 在线：可为空的对象必须具有一个值。
2018-04-11 23:56:26,922 ERROR frmstart 13500080006 在线：可为空的对象必须具有一个值。
2018-04-11 23:56:26,956 ERROR frmstart 13500080007 在线：可为空的对象必须具有一个值。
2018-04-11 23:56:26,993 ERROR frmstart 13500080008 在线：可为空的对象必须具有一个值。
2018-04-11 23:56:27,097 ERROR frmstart 13500100002 在线：可为空的对象必须具有一个值。
2018-04-11 23:56:27,138 ERROR frmstart 13500100003 在线：可为空的对象必须具有一个值。
2018-04-11 23:56:27,186 ERROR frmstart 13500100004 在线：可为空的对象必须具有一个值。
2018-04-11 23:56:27,225 ERROR frmstart 13500100005 在线：可为空的对象必须具有一个值。
2018-04-11 23:56:27,291 ERROR frmstart 13500100006 在线：可为空的对象必须具有一个值。
2018-04-11 23:56:27,369 ERROR frmstart 13500110002 在线：可为空的对象必须具有一个值。
2018-04-11 23:56:27,403 ERROR frmstart 13500110003 在线：可为空的对象必须具有一个值。
2018-04-11 23:56:27,439 ERROR frmstart 13500110004 在线：可为空的对象必须具有一个值。
2018-04-11 23:56:27,475 ERROR frmstart 13500110005 在线：可为空的对象必须具有一个值。
2018-04-11 23:56:27,525 ERROR frmstart 13500110006 在线：可为空的对象必须具有一个值。
2018-04-11 23:56:27,561 ERROR frmstart 13500110007 在线：可为空的对象必须具有一个值。
2018-04-11 23:56:27,601 ERROR frmstart 13500110008 在线：可为空的对象必须具有一个值。
2018-04-11 23:56:27,727 ERROR frmstart 13500130002 在线：可为空的对象必须具有一个值。
2018-04-11 23:56:27,782 ERROR frmstart 13500130003 在线：可为空的对象必须具有一个值。
2018-04-11 23:56:27,827 ERROR frmstart 13500130004 在线：可为空的对象必须具有一个值。
2018-04-11 23:56:27,862 ERROR frmstart 13500130005 在线：可为空的对象必须具有一个值。
2018-04-11 23:56:27,905 ERROR frmstart 13500130006 在线：可为空的对象必须具有一个值。
2018-04-11 23:56:27,941 ERROR frmstart 13500130007 在线：可为空的对象必须具有一个值。
2018-04-11 23:56:28,015 ERROR frmstart 13500140002 在线：可为空的对象必须具有一个值。
2018-04-11 23:56:28,086 ERROR frmstart 13500150002 在线：可为空的对象必须具有一个值。
2018-04-11 23:56:28,147 ERROR frmstart 13500150003 在线：可为空的对象必须具有一个值。
2018-04-11 23:56:28,186 ERROR frmstart 13500150004 在线：可为空的对象必须具有一个值。
2018-04-11 23:56:28,226 ERROR frmstart 13500150005 在线：可为空的对象必须具有一个值。
2018-04-11 23:56:44,974 DEBUG frmstart SendCommand:--errPos:902013311112222-0103000000070408
2018-04-11 23:56:44,974 DEBUG frmstart SendCommand:--errPos:902013922220002-0103000000070408
2018-04-11 23:56:44,975 DEBUG frmstart SendCommand:--errPos:902013600000000-01030000002B05D5
2018-04-11 23:56:44,976 DEBUG frmstart SendCommand:--errPos:902013866668888-01030000002B05D5
2018-04-11 23:56:44,976 DEBUG frmstart SendCommand:--errPos:902013866889999-01030000002B05D5
2018-04-11 23:56:45,557 ERROR frmstart 没有配置气象数据:13300050111
2018-04-11 23:56:45,558 ERROR frmstart 没有配置气象数据:13300050113
2018-04-11 23:56:45,558 ERROR frmstart 没有配置气象数据:13300050114
2018-04-11 23:56:45,559 ERROR frmstart 没有配置气象数据:13300050115
2018-04-11 23:56:45,559 ERROR frmstart 没有配置气象数据:13300050116
2018-04-11 23:56:45,560 ERROR frmstart 没有配置气象数据:13300050117
2018-04-11 23:56:45,560 ERROR frmstart 没有配置气象数据:13300050118
2018-04-11 23:56:45,561 ERROR frmstart 没有配置气象数据:13300050119
2018-04-11 23:56:45,562 ERROR frmstart 没有配置气象数据:13900110110
2018-04-11 23:56:45,785 ERROR Error-CreateWeatDownCommand 未将对象引用设置到对象的实例。
2018-04-11 23:56:45,845 ERROR Error-CreateWeatDownCommand 未将对象引用设置到对象的实例。
2018-04-11 23:56:46,137 ERROR frmstart 没有配置气象数据:13300040010
2018-04-11 23:56:46,138 ERROR frmstart 没有配置气象数据:13300040011
2018-04-11 23:56:46,206 ERROR Error-CreateWeatDownCommand 值不能为 null。
参数名: type
2018-04-11 23:56:46,272 ERROR Error-CreateWeatDownCommand 值不能为 null。
参数名: type
2018-04-11 23:56:46,427 ERROR frmstart 没有配置气象数据:13600100001
2018-04-11 23:56:46,489 ERROR Error-CreateWeatDownCommand 索引超出了数组界限。
2018-04-11 23:56:46,552 ERROR Error-CreateWeatDownCommand 值不能为 null。
参数名: type
2018-04-11 23:56:46,617 ERROR Error-CreateWeatDownCommand 索引超出了数组界限。
2018-04-11 23:56:46,679 ERROR Error-CreateWeatDownCommand 值不能为 null。
参数名: type
2018-04-11 23:57:19,162 INFO  frmstart 在线数量：0
2018-04-11 23:57:19,163 INFO  frmstart 计讯联接的dtu数量是：0个
2018-04-11 23:57:19,199 ERROR frmstart  在线：可为空的对象必须具有一个值。
2018-04-11 23:57:21,611 ERROR frmstart 13300050011 在线：可为空的对象必须具有一个值。
2018-04-11 23:57:23,454 ERROR frmstart 13300050067 在线：可为空的对象必须具有一个值。
2018-04-11 23:57:23,560 ERROR frmstart 13300050070 在线：可为空的对象必须具有一个值。
2018-04-11 23:57:23,743 ERROR frmstart 13300050075 在线：可为空的对象必须具有一个值。
2018-04-11 23:57:23,776 ERROR frmstart 13300050076 在线：可为空的对象必须具有一个值。
2018-04-11 23:57:25,563 ERROR frmstart 13500010002 在线：可为空的对象必须具有一个值。
2018-04-11 23:57:25,629 ERROR frmstart 13500020002 在线：可为空的对象必须具有一个值。
2018-04-11 23:57:25,663 ERROR frmstart 13500020003 在线：可为空的对象必须具有一个值。
2018-04-11 23:57:25,700 ERROR frmstart 13500020004 在线：可为空的对象必须具有一个值。
2018-04-11 23:57:25,755 ERROR frmstart 13500020005 在线：可为空的对象必须具有一个值。
2018-04-11 23:57:25,819 ERROR frmstart 13500030002 在线：可为空的对象必须具有一个值。
2018-04-11 23:57:25,858 ERROR frmstart 13500030003 在线：可为空的对象必须具有一个值。
2018-04-11 23:57:25,898 ERROR frmstart 13500030004 在线：可为空的对象必须具有一个值。
2018-04-11 23:57:25,930 ERROR frmstart 13500030005 在线：可为空的对象必须具有一个值。
2018-04-11 23:57:26,001 ERROR frmstart 13500040002 在线：可为空的对象必须具有一个值。
2018-04-11 23:57:26,071 ERROR frmstart 13500050002 在线：可为空的对象必须具有一个值。
2018-04-11 23:57:26,205 ERROR frmstart 13500080002 在线：可为空的对象必须具有一个值。
2018-04-11 23:57:26,240 ERROR frmstart 13500080003 在线：可为空的对象必须具有一个值。
2018-04-11 23:57:26,275 ERROR frmstart 13500080004 在线：可为空的对象必须具有一个值。
2018-04-11 23:57:26,312 ERROR frmstart 13500080005 在线：可为空的对象必须具有一个值。
2018-04-11 23:57:26,348 ERROR frmstart 13500080006 在线：可为空的对象必须具有一个值。
2018-04-11 23:57:26,381 ERROR frmstart 13500080007 在线：可为空的对象必须具有一个值。
2018-04-11 23:57:26,415 ERROR frmstart 13500080008 在线：可为空的对象必须具有一个值。
2018-04-11 23:57:26,517 ERROR frmstart 13500100002 在线：可为空的对象必须具有一个值。
2018-04-11 23:57:26,553 ERROR frmstart 13500100003 在线：可为空的对象必须具有一个值。
2018-04-11 23:57:26,584 ERROR frmstart 13500100004 在线：可为空的对象必须具有一个值。
2018-04-11 23:57:26,621 ERROR frmstart 13500100005 在线：可为空的对象必须具有一个值。
2018-04-11 23:57:26,657 ERROR frmstart 13500100006 在线：可为空的对象必须具有一个值。
2018-04-11 23:57:26,720 ERROR frmstart 13500110002 在线：可为空的对象必须具有一个值。
2018-04-11 23:57:26,758 ERROR frmstart 13500110003 在线：可为空的对象必须具有一个值。
2018-04-11 23:57:26,792 ERROR frmstart 13500110004 在线：可为空的对象必须具有一个值。
2018-04-11 23:57:26,829 ERROR frmstart 13500110005 在线：可为空的对象必须具有一个值。
2018-04-11 23:57:26,861 ERROR frmstart 13500110006 在线：可为空的对象必须具有一个值。
2018-04-11 23:57:26,895 ERROR frmstart 13500110007 在线：可为空的对象必须具有一个值。
2018-04-11 23:57:26,929 ERROR frmstart 13500110008 在线：可为空的对象必须具有一个值。
2018-04-11 23:57:27,029 ERROR frmstart 13500130002 在线：可为空的对象必须具有一个值。
2018-04-11 23:57:27,062 ERROR frmstart 13500130003 在线：可为空的对象必须具有一个值。
2018-04-11 23:57:27,102 ERROR frmstart 13500130004 在线：可为空的对象必须具有一个值。
2018-04-11 23:57:27,135 ERROR frmstart 13500130005 在线：可为空的对象必须具有一个值。
2018-04-11 23:57:27,169 ERROR frmstart 13500130006 在线：可为空的对象必须具有一个值。
2018-04-11 23:57:27,205 ERROR frmstart 13500130007 在线：可为空的对象必须具有一个值。
2018-04-11 23:57:27,270 ERROR frmstart 13500140002 在线：可为空的对象必须具有一个值。
2018-04-11 23:57:27,356 ERROR frmstart 13500150002 在线：可为空的对象必须具有一个值。
2018-04-11 23:57:27,400 ERROR frmstart 13500150003 在线：可为空的对象必须具有一个值。
2018-04-11 23:57:27,437 ERROR frmstart 13500150004 在线：可为空的对象必须具有一个值。
2018-04-11 23:57:27,468 ERROR frmstart 13500150005 在线：可为空的对象必须具有一个值。
2018-04-11 23:58:06,718 DEBUG frmstart SendCommand:--errPos:902013311112222-0103000000070408
2018-04-11 23:58:06,720 DEBUG frmstart SendCommand:--errPos:902013922220002-0103000000070408
2018-04-11 23:58:06,721 DEBUG frmstart SendCommand:--errPos:902013600000000-01030000002B05D5
2018-04-11 23:58:06,722 DEBUG frmstart SendCommand:--errPos:902013866668888-01030000002B05D5
2018-04-11 23:58:06,723 DEBUG frmstart SendCommand:--errPos:902013866889999-01030000002B05D5
2018-04-11 23:58:07,061 ERROR frmstart 没有配置气象数据:13300050111
2018-04-11 23:58:07,062 ERROR frmstart 没有配置气象数据:13300050113
2018-04-11 23:58:07,062 ERROR frmstart 没有配置气象数据:13300050114
2018-04-11 23:58:07,063 ERROR frmstart 没有配置气象数据:13300050115
2018-04-11 23:58:07,063 ERROR frmstart 没有配置气象数据:13300050116
2018-04-11 23:58:07,063 ERROR frmstart 没有配置气象数据:13300050117
2018-04-11 23:58:07,064 ERROR frmstart 没有配置气象数据:13300050118
2018-04-11 23:58:07,064 ERROR frmstart 没有配置气象数据:13300050119
2018-04-11 23:58:07,065 ERROR frmstart 没有配置气象数据:13900110110
2018-04-11 23:58:07,273 ERROR Error-CreateWeatDownCommand 未将对象引用设置到对象的实例。
2018-04-11 23:58:07,337 ERROR Error-CreateWeatDownCommand 未将对象引用设置到对象的实例。
2018-04-11 23:58:07,704 ERROR frmstart 没有配置气象数据:13300040010
2018-04-11 23:58:07,704 ERROR frmstart 没有配置气象数据:13300040011
2018-04-11 23:58:07,776 ERROR Error-CreateWeatDownCommand 值不能为 null。
参数名: type
2018-04-11 23:58:07,843 ERROR Error-CreateWeatDownCommand 值不能为 null。
参数名: type
2018-04-11 23:58:08,013 ERROR frmstart 没有配置气象数据:13600100001
2018-04-11 23:58:08,078 ERROR Error-CreateWeatDownCommand 索引超出了数组界限。
2018-04-11 23:58:08,154 ERROR Error-CreateWeatDownCommand 值不能为 null。
参数名: type
2018-04-11 23:58:08,228 ERROR Error-CreateWeatDownCommand 索引超出了数组界限。
2018-04-11 23:58:08,308 ERROR Error-CreateWeatDownCommand 值不能为 null。
参数名: type
2018-04-11 23:58:19,175 INFO  frmstart 在线数量：0
2018-04-11 23:58:19,177 INFO  frmstart 计讯联接的dtu数量是：0个
2018-04-11 23:58:19,215 ERROR frmstart  在线：可为空的对象必须具有一个值。
2018-04-11 23:58:23,348 ERROR frmstart 13300050011 在线：可为空的对象必须具有一个值。
2018-04-11 23:58:26,572 ERROR frmstart 13300050067 在线：可为空的对象必须具有一个值。
2018-04-11 23:58:26,693 ERROR frmstart 13300050070 在线：可为空的对象必须具有一个值。
2018-04-11 23:58:26,890 ERROR frmstart 13300050075 在线：可为空的对象必须具有一个值。
2018-04-11 23:58:26,929 ERROR frmstart 13300050076 在线：可为空的对象必须具有一个值。
2018-04-11 23:58:28,724 ERROR frmstart 13500010002 在线：可为空的对象必须具有一个值。
2018-04-11 23:58:28,819 ERROR frmstart 13500020002 在线：可为空的对象必须具有一个值。
2018-04-11 23:58:28,859 ERROR frmstart 13500020003 在线：可为空的对象必须具有一个值。
2018-04-11 23:58:28,891 ERROR frmstart 13500020004 在线：可为空的对象必须具有一个值。
2018-04-11 23:58:28,927 ERROR frmstart 13500020005 在线：可为空的对象必须具有一个值。
2018-04-11 23:58:28,996 ERROR frmstart 13500030002 在线：可为空的对象必须具有一个值。
2018-04-11 23:58:29,038 ERROR frmstart 13500030003 在线：可为空的对象必须具有一个值。
2018-04-11 23:58:29,075 ERROR frmstart 13500030004 在线：可为空的对象必须具有一个值。
2018-04-11 23:58:29,109 ERROR frmstart 13500030005 在线：可为空的对象必须具有一个值。
2018-04-11 23:58:29,177 ERROR frmstart 13500040002 在线：可为空的对象必须具有一个值。
2018-04-11 23:58:29,243 ERROR frmstart 13500050002 在线：可为空的对象必须具有一个值。
2018-04-11 23:58:29,382 ERROR frmstart 13500080002 在线：可为空的对象必须具有一个值。
2018-04-11 23:58:29,417 ERROR frmstart 13500080003 在线：可为空的对象必须具有一个值。
2018-04-11 23:58:29,466 ERROR frmstart 13500080004 在线：可为空的对象必须具有一个值。
2018-04-11 23:58:29,504 ERROR frmstart 13500080005 在线：可为空的对象必须具有一个值。
2018-04-11 23:58:29,541 ERROR frmstart 13500080006 在线：可为空的对象必须具有一个值。
2018-04-11 23:58:29,578 ERROR frmstart 13500080007 在线：可为空的对象必须具有一个值。
2018-04-11 23:58:29,614 ERROR frmstart 13500080008 在线：可为空的对象必须具有一个值。
2018-04-11 23:58:29,731 ERROR frmstart 13500100002 在线：可为空的对象必须具有一个值。
2018-04-11 23:58:29,764 ERROR frmstart 13500100003 在线：可为空的对象必须具有一个值。
2018-04-11 23:58:29,800 ERROR frmstart 13500100004 在线：可为空的对象必须具有一个值。
2018-04-11 23:58:29,840 ERROR frmstart 13500100005 在线：可为空的对象必须具有一个值。
2018-04-11 23:58:29,877 ERROR frmstart 13500100006 在线：可为空的对象必须具有一个值。
2018-04-11 23:58:29,962 ERROR frmstart 13500110002 在线：可为空的对象必须具有一个值。
2018-04-11 23:58:29,997 ERROR frmstart 13500110003 在线：可为空的对象必须具有一个值。
2018-04-11 23:58:30,037 ERROR frmstart 13500110004 在线：可为空的对象必须具有一个值。
2018-04-11 23:58:30,076 ERROR frmstart 13500110005 在线：可为空的对象必须具有一个值。
2018-04-11 23:58:30,116 ERROR frmstart 13500110006 在线：可为空的对象必须具有一个值。
2018-04-11 23:58:30,154 ERROR frmstart 13500110007 在线：可为空的对象必须具有一个值。
2018-04-11 23:58:30,186 ERROR frmstart 13500110008 在线：可为空的对象必须具有一个值。
2018-04-11 23:58:30,297 ERROR frmstart 13500130002 在线：可为空的对象必须具有一个值。
2018-04-11 23:58:30,333 ERROR frmstart 13500130003 在线：可为空的对象必须具有一个值。
2018-04-11 23:58:30,369 ERROR frmstart 13500130004 在线：可为空的对象必须具有一个值。
2018-04-11 23:58:30,400 ERROR frmstart 13500130005 在线：可为空的对象必须具有一个值。
2018-04-11 23:58:30,440 ERROR frmstart 13500130006 在线：可为空的对象必须具有一个值。
2018-04-11 23:58:30,474 ERROR frmstart 13500130007 在线：可为空的对象必须具有一个值。
2018-04-11 23:58:30,547 ERROR frmstart 13500140002 在线：可为空的对象必须具有一个值。
2018-04-11 23:58:30,616 ERROR frmstart 13500150002 在线：可为空的对象必须具有一个值。
2018-04-11 23:58:30,653 ERROR frmstart 13500150003 在线：可为空的对象必须具有一个值。
2018-04-11 23:58:30,686 ERROR frmstart 13500150004 在线：可为空的对象必须具有一个值。
2018-04-11 23:58:30,721 ERROR frmstart 13500150005 在线：可为空的对象必须具有一个值。
2018-04-11 23:59:19,189 INFO  frmstart 在线数量：0
2018-04-11 23:59:19,191 INFO  frmstart 计讯联接的dtu数量是：0个
2018-04-11 23:59:19,230 ERROR frmstart  在线：可为空的对象必须具有一个值。
2018-04-11 23:59:28,372 DEBUG frmstart SendCommand:--errPos:902013311112222-0103000000070408
2018-04-11 23:59:28,374 DEBUG frmstart SendCommand:--errPos:902013922220002-0103000000070408
2018-04-11 23:59:28,375 DEBUG frmstart SendCommand:--errPos:902013600000000-01030000002B05D5
2018-04-11 23:59:28,375 DEBUG frmstart SendCommand:--errPos:902013866668888-01030000002B05D5
2018-04-11 23:59:28,376 DEBUG frmstart SendCommand:--errPos:902013866889999-01030000002B05D5
2018-04-11 23:59:28,890 ERROR frmstart 没有配置气象数据:13300050111
2018-04-11 23:59:28,896 ERROR frmstart 没有配置气象数据:13300050113
2018-04-11 23:59:28,896 ERROR frmstart 没有配置气象数据:13300050114
2018-04-11 23:59:28,897 ERROR frmstart 没有配置气象数据:13300050115
2018-04-11 23:59:28,897 ERROR frmstart 没有配置气象数据:13300050116
2018-04-11 23:59:28,898 ERROR frmstart 没有配置气象数据:13300050117
2018-04-11 23:59:28,898 ERROR frmstart 没有配置气象数据:13300050118
2018-04-11 23:59:28,898 ERROR frmstart 没有配置气象数据:13300050119
2018-04-11 23:59:28,899 ERROR frmstart 没有配置气象数据:13900110110
2018-04-11 23:59:29,123 ERROR frmstart 13300050011 在线：可为空的对象必须具有一个值。
2018-04-11 23:59:29,179 ERROR Error-CreateWeatDownCommand 未将对象引用设置到对象的实例。
2018-04-11 23:59:29,252 ERROR Error-CreateWeatDownCommand 未将对象引用设置到对象的实例。
2018-04-11 23:59:29,572 ERROR frmstart 没有配置气象数据:13300040010
2018-04-11 23:59:29,573 ERROR frmstart 没有配置气象数据:13300040011
2018-04-11 23:59:29,639 ERROR Error-CreateWeatDownCommand 值不能为 null。
参数名: type
2018-04-11 23:59:29,715 ERROR Error-CreateWeatDownCommand 值不能为 null。
参数名: type
2018-04-11 23:59:29,872 ERROR frmstart 没有配置气象数据:13600100001
2018-04-11 23:59:29,987 ERROR Error-CreateWeatDownCommand 索引超出了数组界限。
2018-04-11 23:59:30,098 ERROR Error-CreateWeatDownCommand 值不能为 null。
参数名: type
2018-04-11 23:59:30,164 ERROR Error-CreateWeatDownCommand 索引超出了数组界限。
2018-04-11 23:59:30,226 ERROR Error-CreateWeatDownCommand 值不能为 null。
参数名: type
2018-04-11 23:59:37,364 ERROR frmstart 13300050067 在线：可为空的对象必须具有一个值。
2018-04-11 23:59:37,700 ERROR frmstart 13300050070 在线：可为空的对象必须具有一个值。
2018-04-11 23:59:38,273 ERROR frmstart 13300050075 在线：可为空的对象必须具有一个值。
2018-04-11 23:59:38,309 ERROR frmstart 13300050076 在线：可为空的对象必须具有一个值。
2018-04-11 23:59:45,488 ERROR frmstart 13500010002 在线：可为空的对象必须具有一个值。
2018-04-11 23:59:45,668 ERROR frmstart 13500020002 在线：可为空的对象必须具有一个值。
2018-04-11 23:59:45,706 ERROR frmstart 13500020003 在线：可为空的对象必须具有一个值。
2018-04-11 23:59:45,741 ERROR frmstart 13500020004 在线：可为空的对象必须具有一个值。
2018-04-11 23:59:45,773 ERROR frmstart 13500020005 在线：可为空的对象必须具有一个值。
2018-04-11 23:59:45,990 ERROR frmstart 13500030002 在线：可为空的对象必须具有一个值。
2018-04-11 23:59:46,027 ERROR frmstart 13500030003 在线：可为空的对象必须具有一个值。
2018-04-11 23:59:46,060 ERROR frmstart 13500030004 在线：可为空的对象必须具有一个值。
2018-04-11 23:59:46,096 ERROR frmstart 13500030005 在线：可为空的对象必须具有一个值。
2018-04-11 23:59:46,278 ERROR frmstart 13500040002 在线：可为空的对象必须具有一个值。
2018-04-11 23:59:46,458 ERROR frmstart 13500050002 在线：可为空的对象必须具有一个值。
2018-04-11 23:59:46,914 ERROR frmstart 13500080002 在线：可为空的对象必须具有一个值。
2018-04-11 23:59:46,950 ERROR frmstart 13500080003 在线：可为空的对象必须具有一个值。
2018-04-11 23:59:46,984 ERROR frmstart 13500080004 在线：可为空的对象必须具有一个值。
2018-04-11 23:59:47,026 ERROR frmstart 13500080005 在线：可为空的对象必须具有一个值。
2018-04-11 23:59:47,064 ERROR frmstart 13500080006 在线：可为空的对象必须具有一个值。
2018-04-11 23:59:47,103 ERROR frmstart 13500080007 在线：可为空的对象必须具有一个值。
2018-04-11 23:59:47,157 ERROR frmstart 13500080008 在线：可为空的对象必须具有一个值。
2018-04-11 23:59:47,459 ERROR frmstart 13500100002 在线：可为空的对象必须具有一个值。
2018-04-11 23:59:47,502 ERROR frmstart 13500100003 在线：可为空的对象必须具有一个值。
2018-04-11 23:59:47,542 ERROR frmstart 13500100004 在线：可为空的对象必须具有一个值。
2018-04-11 23:59:47,584 ERROR frmstart 13500100005 在线：可为空的对象必须具有一个值。
2018-04-11 23:59:47,635 ERROR frmstart 13500100006 在线：可为空的对象必须具有一个值。
2018-04-11 23:59:47,818 ERROR frmstart 13500110002 在线：可为空的对象必须具有一个值。
2018-04-11 23:59:47,855 ERROR frmstart 13500110003 在线：可为空的对象必须具有一个值。
2018-04-11 23:59:47,892 ERROR frmstart 13500110004 在线：可为空的对象必须具有一个值。
2018-04-11 23:59:47,929 ERROR frmstart 13500110005 在线：可为空的对象必须具有一个值。
2018-04-11 23:59:47,966 ERROR frmstart 13500110006 在线：可为空的对象必须具有一个值。
2018-04-11 23:59:48,009 ERROR frmstart 13500110007 在线：可为空的对象必须具有一个值。
2018-04-11 23:59:48,045 ERROR frmstart 13500110008 在线：可为空的对象必须具有一个值。
2018-04-11 23:59:48,358 ERROR frmstart 13500130002 在线：可为空的对象必须具有一个值。
2018-04-11 23:59:48,401 ERROR frmstart 13500130003 在线：可为空的对象必须具有一个值。
2018-04-11 23:59:48,444 ERROR frmstart 13500130004 在线：可为空的对象必须具有一个值。
2018-04-11 23:59:48,488 ERROR frmstart 13500130005 在线：可为空的对象必须具有一个值。
2018-04-11 23:59:48,525 ERROR frmstart 13500130006 在线：可为空的对象必须具有一个值。
2018-04-11 23:59:48,555 ERROR frmstart 13500130007 在线：可为空的对象必须具有一个值。
2018-04-11 23:59:48,740 ERROR frmstart 13500140002 在线：可为空的对象必须具有一个值。
2018-04-11 23:59:48,899 ERROR frmstart 13500150002 在线：可为空的对象必须具有一个值。
2018-04-11 23:59:48,931 ERROR frmstart 13500150003 在线：可为空的对象必须具有一个值。
2018-04-11 23:59:48,965 ERROR frmstart 13500150004 在线：可为空的对象必须具有一个值。
2018-04-11 23:59:49,013 ERROR frmstart 13500150005 在线：可为空的对象必须具有一个值。

