2017-11-21 19:40:24,607 ERROR frmstart JX 的新实例
2017-11-21 19:40:25,540 INFO  frmstart load start:40:25
2017-11-21 19:41:39,861 INFO  frmstart 在线数量：0
2017-11-21 19:41:40,188 INFO  frmstart 计讯联接的dtu数量是：0个
2017-11-21 19:41:49,074 INFO  frmstart 在线数量：0
2017-11-21 19:41:49,144 INFO  frmstart 计讯联接的dtu数量是：0个
2017-11-21 19:42:04,062 ERROR Error-GetBySql 序列包含一个以上的元素
2017-11-21 19:42:16,554 INFO  frmstart 在线数量：0
2017-11-21 19:42:16,615 INFO  frmstart 计讯联接的dtu数量是：0个
2017-11-21 19:42:18,649 ERROR frmstart SendCommand:--errPos:902013311112222-0103000000070408
2017-11-21 19:42:18,651 ERROR frmstart SendCommand:--errPos:902013922220002-0103000000070408
2017-11-21 19:42:18,651 ERROR frmstart SendCommand:--errPos:902013600000000-01030000002B05D5
2017-11-21 19:42:18,652 ERROR frmstart SendCommand:--errPos:902013866668888-01030000002B05D5
2017-11-21 19:42:18,653 ERROR frmstart SendCommand:--errPos:902013866889999-01030000002B05D5
2017-11-21 19:42:25,621 WARN  frmstart 启动计讯服务(Port=6012)无法在 DLL“gprsdll.dll”中找到名为“DLLStartService”的入口点。
2017-11-21 19:42:25,712 ERROR frmstart start gprs文本长度必须少于 64 个字符。
参数名: Text
实际值是 (6002 默认服务已启动);计讯服务6012已启动计讯6012启动失败:无法在 DLL“gprsdll.dll”中找到名为“DLLStartService”的入口点。。
2017-11-21 19:42:25,713 INFO  frmstart load end:42:25
2017-11-21 19:42:25,928 INFO  frmstart 在线数量：0
2017-11-21 19:42:25,977 INFO  frmstart 计讯联接的dtu数量是：0个
2017-11-21 19:42:25,988 ERROR frmstart 没有配置气象数据:13300050111
2017-11-21 19:42:25,989 ERROR frmstart 没有配置气象数据:13300050113
2017-11-21 19:42:25,990 ERROR frmstart 没有配置气象数据:13300050114
2017-11-21 19:42:25,991 ERROR frmstart 没有配置气象数据:13300050115
2017-11-21 19:42:25,992 ERROR frmstart 没有配置气象数据:13300050116
2017-11-21 19:42:25,993 ERROR frmstart 没有配置气象数据:13300050117
2017-11-21 19:42:25,994 ERROR frmstart 没有配置气象数据:13300050118
2017-11-21 19:42:25,995 ERROR frmstart 没有配置气象数据:13300050119
2017-11-21 19:42:25,995 ERROR frmstart 没有配置气象数据:13900110110
2017-11-21 19:42:27,060 ERROR Error-CreateWeatDownCommand 未将对象引用设置到对象的实例。
2017-11-21 19:42:27,314 ERROR Error-CreateWeatDownCommand 未将对象引用设置到对象的实例。
2017-11-21 19:42:27,857 ERROR frmstart 没有配置气象数据:13300040010
2017-11-21 19:42:27,858 ERROR frmstart 没有配置气象数据:13300040011
2017-11-21 19:42:28,064 ERROR Error-CreateWeatDownCommand 值不能为 null。
参数名: type
2017-11-21 19:42:28,305 ERROR Error-CreateWeatDownCommand 值不能为 null。
参数名: type
2017-11-21 19:42:28,864 ERROR frmstart 没有配置气象数据:13600100001
2017-11-21 19:42:29,072 ERROR Error-CreateWeatDownCommand 索引超出了数组界限。
2017-11-21 19:42:29,240 ERROR Error-CreateWeatDownCommand 值不能为 null。
参数名: type
2017-11-21 19:42:29,729 ERROR Error-CreateWeatDownCommand 索引超出了数组界限。
2017-11-21 19:42:30,671 ERROR frmstart 没有配置气象数据:13600110001
2017-11-21 19:42:33,609 WARN  frmstart 停止计讯服务:服务尚未启动
2017-11-21 19:47:17,744 INFO  frmstart 准备解析包:date:2017-11-21 19:42:33;src:13600110001;长度:169- data:0103A400000000424800003F8000000000000042C800000000000042C80000000000000003000242A000004000000040A000003D4CCCCD40A0000042C800004248000040A00000000100010003000241C80000424000003FC000003F000000424800000000000000000000000000000000000000000000404000004080000040A000003F80000040000000000300020000000000000000000000000BB8012C0000000000000000492F
2017-11-21 19:51:48,926 ERROR frmstart JX 的新实例
2017-11-21 19:51:49,560 INFO  frmstart load start:51:49
2017-11-21 19:52:41,436 INFO  frmstart 在线数量：0
2017-11-21 19:52:41,512 INFO  frmstart 计讯联接的dtu数量是：0个
2017-11-21 19:52:50,738 INFO  frmstart 在线数量：0
2017-11-21 19:52:50,796 INFO  frmstart 计讯联接的dtu数量是：0个
2017-11-21 19:53:01,215 ERROR Error-GetBySql 序列包含一个以上的元素
2017-11-21 19:53:12,446 INFO  frmstart 在线数量：0
2017-11-21 19:53:12,518 INFO  frmstart 计讯联接的dtu数量是：0个
2017-11-21 19:53:14,078 ERROR frmstart SendCommand:--errPos:902013311112222-0103000000070408
2017-11-21 19:53:14,080 ERROR frmstart SendCommand:--errPos:902013922220002-0103000000070408
2017-11-21 19:53:14,084 ERROR frmstart SendCommand:--errPos:902013600000000-01030000002B05D5
2017-11-21 19:53:14,089 ERROR frmstart SendCommand:--errPos:902013866668888-01030000002B05D5
2017-11-21 19:53:14,091 ERROR frmstart SendCommand:--errPos:902013866889999-01030000002B05D5
2017-11-21 19:53:18,193 ERROR frmstart 没有配置气象数据:13300050111
2017-11-21 19:53:18,199 ERROR frmstart 没有配置气象数据:13300050113
2017-11-21 19:53:18,201 ERROR frmstart 没有配置气象数据:13300050114
2017-11-21 19:53:18,208 ERROR frmstart 没有配置气象数据:13300050115
2017-11-21 19:53:18,209 ERROR frmstart 没有配置气象数据:13300050116
2017-11-21 19:53:18,215 ERROR frmstart 没有配置气象数据:13300050117
2017-11-21 19:53:18,217 ERROR frmstart 没有配置气象数据:13300050118
2017-11-21 19:53:18,223 ERROR frmstart 没有配置气象数据:13300050119
2017-11-21 19:53:18,224 ERROR frmstart 没有配置气象数据:13900110110
2017-11-21 19:53:19,021 WARN  frmstart 启动计讯服务(Port=6012)无法在 DLL“gprsdll.dll”中找到名为“DLLStartService”的入口点。
2017-11-21 19:53:19,091 ERROR frmstart start gprs文本长度必须少于 64 个字符。
参数名: Text
实际值是 (6002 默认服务已启动);计讯服务6012已启动计讯6012启动失败:无法在 DLL“gprsdll.dll”中找到名为“DLLStartService”的入口点。。
2017-11-21 19:53:19,092 INFO  frmstart load end:53:19
2017-11-21 19:53:19,329 ERROR Error-CreateWeatDownCommand 未将对象引用设置到对象的实例。
2017-11-21 19:53:19,583 ERROR Error-CreateWeatDownCommand 未将对象引用设置到对象的实例。
2017-11-21 19:53:20,675 ERROR frmstart 没有配置气象数据:13300040010
2017-11-21 19:53:20,677 ERROR frmstart 没有配置气象数据:13300040011
2017-11-21 19:53:20,881 ERROR Error-CreateWeatDownCommand 值不能为 null。
参数名: type
2017-11-21 19:53:21,148 ERROR Error-CreateWeatDownCommand 值不能为 null。
参数名: type
2017-11-21 19:53:21,621 ERROR frmstart 没有配置气象数据:13600100001
2017-11-21 19:53:21,890 ERROR Error-CreateWeatDownCommand 索引超出了数组界限。
2017-11-21 19:53:22,154 ERROR Error-CreateWeatDownCommand 值不能为 null。
参数名: type
2017-11-21 19:53:22,471 ERROR Error-CreateWeatDownCommand 索引超出了数组界限。
2017-11-21 19:53:22,964 ERROR frmstart 没有配置气象数据:13600110001
2017-11-21 19:53:26,608 WARN  frmstart 停止计讯服务:服务尚未启动
2017-11-21 19:53:41,644 INFO  frmstart 准备解析包:date:2017-11-21 19:53:26;src:13600110001;长度:169- data:0103A400000000424800003F8000000000000042C800000000000042C80000000000000003000242A000004000000040A000003D4CCCCD40A0000042C800004248000040A00000000100010003000241C80000424000003FC000003F000000424800000000000000000000000000000000000000000000404000004080000040A000003F80000040000000000300020000000000000000000000000BB8012C0000000000000000492F
2017-11-21 19:59:31,728 ERROR frmstart JX 的新实例
2017-11-21 19:59:32,375 INFO  frmstart load start:59:32
2017-11-21 20:00:15,294 INFO  frmstart 在线数量：0
2017-11-21 20:00:15,378 INFO  frmstart 计讯联接的dtu数量是：0个
2017-11-21 20:00:31,087 ERROR Error-GetBySql 序列包含一个以上的元素
2017-11-21 20:00:36,857 INFO  frmstart 在线数量：0
2017-11-21 20:00:36,934 INFO  frmstart 计讯联接的dtu数量是：0个
2017-11-21 20:00:37,852 ERROR frmstart SendCommand:--errPos:902013311112222-0103000000070408
2017-11-21 20:00:37,853 ERROR frmstart SendCommand:--errPos:902013922220002-0103000000070408
2017-11-21 20:00:37,855 ERROR frmstart SendCommand:--errPos:902013600000000-01030000002B05D5
2017-11-21 20:00:37,856 ERROR frmstart SendCommand:--errPos:902013866668888-01030000002B05D5
2017-11-21 20:00:37,858 ERROR frmstart SendCommand:--errPos:902013866889999-01030000002B05D5
2017-11-21 20:00:42,847 ERROR frmstart 没有配置气象数据:13300050111
2017-11-21 20:00:42,849 ERROR frmstart 没有配置气象数据:13300050113
2017-11-21 20:00:42,850 ERROR frmstart 没有配置气象数据:13300050114
2017-11-21 20:00:42,851 ERROR frmstart 没有配置气象数据:13300050115
2017-11-21 20:00:42,863 ERROR frmstart 没有配置气象数据:13300050116
2017-11-21 20:00:42,871 ERROR frmstart 没有配置气象数据:13300050117
2017-11-21 20:00:42,878 ERROR frmstart 没有配置气象数据:13300050118
2017-11-21 20:00:42,891 ERROR frmstart 没有配置气象数据:13300050119
2017-11-21 20:00:42,896 ERROR frmstart 没有配置气象数据:13900110110
2017-11-21 20:00:43,539 ERROR Error-CreateWeatDownCommand 未将对象引用设置到对象的实例。
2017-11-21 20:00:43,761 ERROR Error-CreateWeatDownCommand 未将对象引用设置到对象的实例。
2017-11-21 20:00:43,923 WARN  frmstart 启动计讯服务(Port=6012)无法在 DLL“gprsdll.dll”中找到名为“DLLStartService”的入口点。
2017-11-21 20:00:43,993 ERROR frmstart start gprs文本长度必须少于 64 个字符。
参数名: Text
实际值是 (6002 默认服务已启动);计讯服务6012已启动计讯6012启动失败:无法在 DLL“gprsdll.dll”中找到名为“DLLStartService”的入口点。。
2017-11-21 20:00:43,993 INFO  frmstart load end:00:43
2017-11-21 20:00:44,447 ERROR frmstart 没有配置气象数据:13300040010
2017-11-21 20:00:44,448 ERROR frmstart 没有配置气象数据:13300040011
2017-11-21 20:00:44,629 ERROR Error-CreateWeatDownCommand 值不能为 null。
参数名: type
2017-11-21 20:00:44,823 ERROR Error-CreateWeatDownCommand 值不能为 null。
参数名: type
2017-11-21 20:00:45,046 ERROR frmstart 没有配置气象数据:13600100001
2017-11-21 20:00:45,187 ERROR Error-CreateWeatDownCommand 索引超出了数组界限。
2017-11-21 20:00:45,363 ERROR Error-CreateWeatDownCommand 值不能为 null。
参数名: type
2017-11-21 20:00:45,533 ERROR Error-CreateWeatDownCommand 索引超出了数组界限。
2017-11-21 20:00:45,858 ERROR frmstart 没有配置气象数据:13600110001
2017-11-21 20:00:51,763 WARN  frmstart 停止计讯服务:服务尚未启动
2017-11-21 20:00:58,282 INFO  frmstart 准备解析包:date:2017-11-21 20:00:51;src:13600110001;长度:169- data:0103A400000000424800003F8000000000000042C800000000000042C80000000000000003000242A000004000000040A000003D4CCCCD40A0000042C800004248000040A00000000100010003000241C80000424000003FC000003F000000424800000000000000000000000000000000000000000000404000004080000040A000003F80000040000000000300020000000000000000000000000BB8012C0000000000000000492F
2017-11-21 20:01:25,091 ERROR WritePart2 SetValueByReflection:目标数组的长度不足，无法复制集合中的所有项。请检查数组索引和长度。(F35)
2017-11-21 20:01:25,136 ERROR WritePart2 ReadData.Parse(F35):目标数组的长度不足，无法复制集合中的所有项。请检查数组索引和长度。
2017-11-21 20:01:25,179 ERROR WritePart2 SetValueByReflection:目标数组的长度不足，无法复制集合中的所有项。请检查数组索引和长度。(F36)
2017-11-21 20:01:25,214 ERROR WritePart2 ReadData.Parse(F36):目标数组的长度不足，无法复制集合中的所有项。请检查数组索引和长度。
2017-11-21 20:31:46,715 ERROR frmstart JX 的新实例
2017-11-21 20:31:47,396 INFO  frmstart load start:31:47
2017-11-21 20:33:20,389 INFO  frmstart 在线数量：0
2017-11-21 20:33:20,479 INFO  frmstart 计讯联接的dtu数量是：0个
2017-11-21 20:33:29,464 ERROR Error-GetBySql 序列包含一个以上的元素
2017-11-21 20:33:33,768 INFO  frmstart 在线数量：0
2017-11-21 20:33:33,824 INFO  frmstart 计讯联接的dtu数量是：0个
2017-11-21 20:33:35,397 ERROR frmstart SendCommand:--errPos:902013311112222-0103000000070408
2017-11-21 20:33:35,402 ERROR frmstart SendCommand:--errPos:902013922220002-0103000000070408
2017-11-21 20:33:35,403 ERROR frmstart SendCommand:--errPos:902013600000000-01030000002B05D5
2017-11-21 20:33:35,404 ERROR frmstart SendCommand:--errPos:902013866668888-01030000002B05D5
2017-11-21 20:33:35,405 ERROR frmstart SendCommand:--errPos:902013866889999-01030000002B05D5
2017-11-21 20:33:36,920 ERROR frmstart 没有配置气象数据:13300050111
2017-11-21 20:33:36,921 ERROR frmstart 没有配置气象数据:13300050113
2017-11-21 20:33:36,922 ERROR frmstart 没有配置气象数据:13300050114
2017-11-21 20:33:36,923 ERROR frmstart 没有配置气象数据:13300050115
2017-11-21 20:33:36,924 ERROR frmstart 没有配置气象数据:13300050116
2017-11-21 20:33:36,925 ERROR frmstart 没有配置气象数据:13300050117
2017-11-21 20:33:36,926 ERROR frmstart 没有配置气象数据:13300050118
2017-11-21 20:33:36,928 ERROR frmstart 没有配置气象数据:13300050119
2017-11-21 20:33:36,929 ERROR frmstart 没有配置气象数据:13900110110
2017-11-21 20:33:37,016 WARN  frmstart 启动计讯服务(Port=6012)无法在 DLL“gprsdll.dll”中找到名为“DLLStartService”的入口点。
2017-11-21 20:33:37,075 ERROR frmstart start gprs文本长度必须少于 64 个字符。
参数名: Text
实际值是 (6002 默认服务已启动);计讯服务6012已启动计讯6012启动失败:无法在 DLL“gprsdll.dll”中找到名为“DLLStartService”的入口点。。
2017-11-21 20:33:37,075 INFO  frmstart load end:33:37
2017-11-21 20:33:37,678 ERROR Error-CreateWeatDownCommand 未将对象引用设置到对象的实例。
2017-11-21 20:33:37,777 ERROR Error-CreateWeatDownCommand 未将对象引用设置到对象的实例。
2017-11-21 20:33:38,123 ERROR frmstart 没有配置气象数据:13300040010
2017-11-21 20:33:38,124 ERROR frmstart 没有配置气象数据:13300040011
2017-11-21 20:33:38,222 ERROR Error-CreateWeatDownCommand 值不能为 null。
参数名: type
2017-11-21 20:33:38,342 ERROR Error-CreateWeatDownCommand 值不能为 null。
参数名: type
2017-11-21 20:33:38,487 ERROR frmstart 没有配置气象数据:13600100001
2017-11-21 20:33:38,585 ERROR Error-CreateWeatDownCommand 索引超出了数组界限。
2017-11-21 20:33:38,677 ERROR Error-CreateWeatDownCommand 值不能为 null。
参数名: type
2017-11-21 20:33:38,771 ERROR Error-CreateWeatDownCommand 索引超出了数组界限。
2017-11-21 20:33:38,915 ERROR frmstart 没有配置气象数据:13600110001
2017-11-21 20:33:47,143 INFO  frmstart 在线数量：0
2017-11-21 20:33:47,200 INFO  frmstart 计讯联接的dtu数量是：0个
2017-11-21 20:34:07,148 INFO  frmstart 在线数量：0
2017-11-21 20:34:07,210 INFO  frmstart 计讯联接的dtu数量是：0个
2017-11-21 20:34:27,157 INFO  frmstart 在线数量：0
2017-11-21 20:34:27,225 INFO  frmstart 计讯联接的dtu数量是：0个
2017-11-21 20:34:47,172 INFO  frmstart 在线数量：0
2017-11-21 20:34:47,239 INFO  frmstart 计讯联接的dtu数量是：0个
2017-11-21 20:34:58,921 ERROR frmstart SendCommand:--errPos:902013311112222-0103000000070408
2017-11-21 20:34:58,923 ERROR frmstart SendCommand:--errPos:902013922220002-0103000000070408
2017-11-21 20:34:58,924 ERROR frmstart SendCommand:--errPos:902013600000000-01030000002B05D5
2017-11-21 20:34:58,925 ERROR frmstart SendCommand:--errPos:902013866668888-01030000002B05D5
2017-11-21 20:34:58,927 ERROR frmstart SendCommand:--errPos:902013866889999-01030000002B05D5
2017-11-21 20:34:59,464 ERROR frmstart 没有配置气象数据:13300050111
2017-11-21 20:34:59,466 ERROR frmstart 没有配置气象数据:13300050113
2017-11-21 20:34:59,467 ERROR frmstart 没有配置气象数据:13300050114
2017-11-21 20:34:59,468 ERROR frmstart 没有配置气象数据:13300050115
2017-11-21 20:34:59,469 ERROR frmstart 没有配置气象数据:13300050116
2017-11-21 20:34:59,470 ERROR frmstart 没有配置气象数据:13300050117
2017-11-21 20:34:59,472 ERROR frmstart 没有配置气象数据:13300050118
2017-11-21 20:34:59,473 ERROR frmstart 没有配置气象数据:13300050119
2017-11-21 20:34:59,474 ERROR frmstart 没有配置气象数据:13900110110
2017-11-21 20:34:59,892 ERROR Error-CreateWeatDownCommand 未将对象引用设置到对象的实例。
2017-11-21 20:35:00,033 ERROR Error-CreateWeatDownCommand 未将对象引用设置到对象的实例。
2017-11-21 20:35:00,451 ERROR frmstart 没有配置气象数据:13300040010
2017-11-21 20:35:00,451 ERROR frmstart 没有配置气象数据:13300040011
2017-11-21 20:35:00,606 ERROR Error-CreateWeatDownCommand 值不能为 null。
参数名: type
2017-11-21 20:35:00,718 ERROR Error-CreateWeatDownCommand 值不能为 null。
参数名: type
2017-11-21 20:35:00,933 ERROR frmstart 没有配置气象数据:13600100001
2017-11-21 20:35:01,051 ERROR Error-CreateWeatDownCommand 索引超出了数组界限。
2017-11-21 20:35:01,196 ERROR Error-CreateWeatDownCommand 值不能为 null。
参数名: type
2017-11-21 20:35:01,353 ERROR Error-CreateWeatDownCommand 索引超出了数组界限。
2017-11-21 20:35:01,544 ERROR frmstart 没有配置气象数据:13600110001
2017-11-21 20:35:07,186 INFO  frmstart 在线数量：0
2017-11-21 20:35:07,251 INFO  frmstart 计讯联接的dtu数量是：0个
2017-11-21 20:35:27,202 INFO  frmstart 在线数量：0
2017-11-21 20:35:27,263 INFO  frmstart 计讯联接的dtu数量是：0个
2017-11-21 20:35:47,217 INFO  frmstart 在线数量：0
2017-11-21 20:35:47,261 INFO  frmstart 计讯联接的dtu数量是：0个
2017-11-21 20:36:07,216 INFO  frmstart 在线数量：0
2017-11-21 20:36:07,277 INFO  frmstart 计讯联接的dtu数量是：0个
2017-11-21 20:36:21,550 ERROR frmstart SendCommand:--errPos:902013311112222-0103000000070408
2017-11-21 20:36:21,552 ERROR frmstart SendCommand:--errPos:902013922220002-0103000000070408
2017-11-21 20:36:21,553 ERROR frmstart SendCommand:--errPos:902013600000000-01030000002B05D5
2017-11-21 20:36:21,554 ERROR frmstart SendCommand:--errPos:902013866668888-01030000002B05D5
2017-11-21 20:36:21,556 ERROR frmstart SendCommand:--errPos:902013866889999-01030000002B05D5
2017-11-21 20:36:22,553 ERROR frmstart 没有配置气象数据:13300050111
2017-11-21 20:36:22,555 ERROR frmstart 没有配置气象数据:13300050113
2017-11-21 20:36:22,556 ERROR frmstart 没有配置气象数据:13300050114
2017-11-21 20:36:22,557 ERROR frmstart 没有配置气象数据:13300050115
2017-11-21 20:36:22,558 ERROR frmstart 没有配置气象数据:13300050116
2017-11-21 20:36:22,560 ERROR frmstart 没有配置气象数据:13300050117
2017-11-21 20:36:22,563 ERROR frmstart 没有配置气象数据:13300050118
2017-11-21 20:36:22,564 ERROR frmstart 没有配置气象数据:13300050119
2017-11-21 20:36:22,567 ERROR frmstart 没有配置气象数据:13900110110
2017-11-21 20:36:23,401 ERROR Error-CreateWeatDownCommand 未将对象引用设置到对象的实例。
2017-11-21 20:36:23,620 ERROR Error-CreateWeatDownCommand 未将对象引用设置到对象的实例。
2017-11-21 20:36:24,564 ERROR frmstart 没有配置气象数据:13300040010
2017-11-21 20:36:24,565 ERROR frmstart 没有配置气象数据:13300040011
2017-11-21 20:36:24,762 ERROR Error-CreateWeatDownCommand 值不能为 null。
参数名: type
2017-11-21 20:36:24,992 ERROR Error-CreateWeatDownCommand 值不能为 null。
参数名: type
2017-11-21 20:36:25,414 ERROR frmstart 没有配置气象数据:13600100001
2017-11-21 20:36:25,696 ERROR Error-CreateWeatDownCommand 索引超出了数组界限。
2017-11-21 20:36:25,906 ERROR Error-CreateWeatDownCommand 值不能为 null。
参数名: type
2017-11-21 20:36:26,114 ERROR Error-CreateWeatDownCommand 索引超出了数组界限。
2017-11-21 20:36:26,509 ERROR frmstart 没有配置气象数据:13600110001
2017-11-21 20:36:27,231 INFO  frmstart 在线数量：0
2017-11-21 20:36:27,294 INFO  frmstart 计讯联接的dtu数量是：0个
2017-11-21 20:36:47,246 INFO  frmstart 在线数量：0
2017-11-21 20:36:47,290 INFO  frmstart 计讯联接的dtu数量是：0个
2017-11-21 20:37:07,260 INFO  frmstart 在线数量：0
2017-11-21 20:37:07,334 INFO  frmstart 计讯联接的dtu数量是：0个
2017-11-21 20:37:11,885 WARN  frmstart 停止计讯服务:服务尚未启动
2017-11-21 20:37:19,861 INFO  frmstart 准备解析包:date:2017-11-21 20:37:11;src:13600110001;长度:169- data:0103A400000000424800003F8000000000000042C800000000000042C80000000000000003000242A000004000000040A000003D4CCCCD40A0000042C800004248000040A00000000100010003000241C80000424000003FC000003F000000424800000000000000000000000000000000000000000000404000004080000040A000003F80000040000000000300020000000000000000000000000BB8012C0000000000000000492F
2017-11-21 20:48:06,946 ERROR frmstart JX 的新实例
2017-11-21 20:48:07,593 INFO  frmstart load start:48:07
2017-11-21 20:48:53,311 INFO  frmstart 在线数量：0
2017-11-21 20:48:53,403 INFO  frmstart 计讯联接的dtu数量是：0个
2017-11-21 20:49:04,830 ERROR Error-GetBySql 序列包含一个以上的元素
2017-11-21 20:49:09,483 INFO  frmstart 在线数量：0
2017-11-21 20:49:09,554 INFO  frmstart 计讯联接的dtu数量是：0个
2017-11-21 20:49:10,396 ERROR frmstart SendCommand:--errPos:902013311112222-0103000000070408
2017-11-21 20:49:10,398 ERROR frmstart SendCommand:--errPos:902013922220002-0103000000070408
2017-11-21 20:49:10,399 ERROR frmstart SendCommand:--errPos:902013600000000-01030000002B05D5
2017-11-21 20:49:10,404 ERROR frmstart SendCommand:--errPos:902013866668888-01030000002B05D5
2017-11-21 20:49:10,411 ERROR frmstart SendCommand:--errPos:902013866889999-01030000002B05D5
2017-11-21 20:49:11,133 ERROR frmstart 没有配置气象数据:13300050111
2017-11-21 20:49:11,134 ERROR frmstart 没有配置气象数据:13300050113
2017-11-21 20:49:11,135 ERROR frmstart 没有配置气象数据:13300050114
2017-11-21 20:49:11,142 ERROR frmstart 没有配置气象数据:13300050115
2017-11-21 20:49:11,148 ERROR frmstart 没有配置气象数据:13300050116
2017-11-21 20:49:11,150 ERROR frmstart 没有配置气象数据:13300050117
2017-11-21 20:49:11,151 ERROR frmstart 没有配置气象数据:13300050118
2017-11-21 20:49:11,152 ERROR frmstart 没有配置气象数据:13300050119
2017-11-21 20:49:11,158 ERROR frmstart 没有配置气象数据:13900110110
2017-11-21 20:49:11,890 ERROR Error-CreateWeatDownCommand 未将对象引用设置到对象的实例。
2017-11-21 20:49:12,177 ERROR Error-CreateWeatDownCommand 未将对象引用设置到对象的实例。
2017-11-21 20:49:12,461 WARN  frmstart 启动计讯服务(Port=6012)无法在 DLL“gprsdll.dll”中找到名为“DLLStartService”的入口点。
2017-11-21 20:49:12,571 ERROR frmstart start gprs文本长度必须少于 64 个字符。
参数名: Text
实际值是 (6002 默认服务已启动);计讯服务6012已启动计讯6012启动失败:无法在 DLL“gprsdll.dll”中找到名为“DLLStartService”的入口点。。
2017-11-21 20:49:12,573 INFO  frmstart load end:49:12
2017-11-21 20:49:12,897 ERROR frmstart 没有配置气象数据:13300040010
2017-11-21 20:49:12,898 ERROR frmstart 没有配置气象数据:13300040011
2017-11-21 20:49:13,116 ERROR Error-CreateWeatDownCommand 值不能为 null。
参数名: type
2017-11-21 20:49:13,333 ERROR Error-CreateWeatDownCommand 值不能为 null。
参数名: type
2017-11-21 20:49:13,657 ERROR frmstart 没有配置气象数据:13600100001
2017-11-21 20:49:13,859 ERROR Error-CreateWeatDownCommand 索引超出了数组界限。
2017-11-21 20:49:14,074 ERROR Error-CreateWeatDownCommand 值不能为 null。
参数名: type
2017-11-21 20:49:14,277 ERROR Error-CreateWeatDownCommand 索引超出了数组界限。
2017-11-21 20:49:14,525 ERROR frmstart 没有配置气象数据:13600110001
2017-11-21 20:49:27,314 INFO  frmstart 在线数量：0
2017-11-21 20:49:27,405 INFO  frmstart 计讯联接的dtu数量是：0个
2017-11-21 20:50:02,289 INFO  frmstart 在线数量：0
2017-11-21 20:50:02,362 INFO  frmstart 计讯联接的dtu数量是：0个
2017-11-21 20:50:39,307 INFO  frmstart 在线数量：0
2017-11-21 20:50:39,375 INFO  frmstart 计讯联接的dtu数量是：0个
2017-11-21 20:51:31,424 INFO  frmstart 在线数量：0
2017-11-21 20:51:31,518 INFO  frmstart 计讯联接的dtu数量是：0个
2017-11-21 20:51:52,512 INFO  frmstart 在线数量：0
2017-11-21 20:51:57,062 INFO  frmstart 计讯联接的dtu数量是：0个
2017-11-21 20:52:11,011 INFO  frmstart 在线数量：0
2017-11-21 20:52:11,105 INFO  frmstart 计讯联接的dtu数量是：0个
2017-11-21 20:52:28,344 INFO  frmstart 在线数量：0
2017-11-21 20:52:32,739 INFO  frmstart 计讯联接的dtu数量是：0个
2017-11-21 20:52:49,024 INFO  frmstart 在线数量：0
2017-11-21 20:53:09,664 INFO  frmstart 计讯联接的dtu数量是：0个
2017-11-21 20:53:09,667 INFO  frmstart 在线数量：0
2017-11-21 20:53:18,716 INFO  frmstart 计讯联接的dtu数量是：0个
2017-11-21 20:53:27,571 INFO  frmstart 在线数量：0
2017-11-21 20:53:36,915 INFO  frmstart 计讯联接的dtu数量是：0个
2017-11-21 20:53:48,207 INFO  frmstart 在线数量：0
2017-11-21 20:53:54,283 INFO  frmstart 计讯联接的dtu数量是：0个
2017-11-21 20:56:34,108 INFO  frmstart 在线数量：0
2017-11-21 20:56:34,171 INFO  frmstart SendUnNormalCommand 试图启动线程发送13600110001
2017-11-21 20:56:34,173 INFO  frmstart SendUnNormalCommand 占用命令修改状态锁13600110001
2017-11-21 20:56:34,174 INFO  frmstart SendUnNormalCommand 已启动线程发送,释放命令修改状态锁13600110001
2017-11-21 20:56:41,959 INFO  frmstart 计讯联接的dtu数量是：0个
2017-11-21 20:56:48,049 INFO  frmstart 在线数量：0
2017-11-21 20:56:53,604 INFO  frmstart SendUnNormalCommand 试图启动线程发送13600110001
2017-11-21 20:56:53,605 INFO  frmstart SendUnNormalCommand 占用命令修改状态锁13600110001
2017-11-21 20:56:53,607 INFO  frmstart SendUnNormalCommand 已启动线程发送,释放命令修改状态锁13600110001
