2017-11-05 09:28:16,011 ERROR frmstart JX 的新实例
2017-11-05 09:28:16,838 INFO  frmstart load start:28:16
2017-11-05 09:28:50,456 INFO  frmstart 在线数量：0
2017-11-05 09:28:50,659 INFO  frmstart 计讯联接的dtu数量是：0个
2017-11-05 09:28:59,800 ERROR Error-GetBySql 序列包含一个以上的元素
2017-11-05 09:29:03,435 INFO  frmstart 在线数量：0
2017-11-05 09:29:03,498 INFO  frmstart 计讯联接的dtu数量是：0个
2017-11-05 09:29:08,612 ERROR frmstart SendCommand:--errPos:902013311112222-0103000000070408
2017-11-05 09:29:08,612 ERROR frmstart SendCommand:--errPos:902013922220002-0103000000070408
2017-11-05 09:29:08,612 ERROR frmstart SendCommand:--errPos:902013600000000-01030000002B05D5
2017-11-05 09:29:08,612 ERROR frmstart SendCommand:--errPos:902013866668888-01030000002B05D5
2017-11-05 09:29:08,612 ERROR frmstart SendCommand:--errPos:902013866889999-01030000002B05D5
2017-11-05 09:29:09,220 ERROR frmstart 没有配置气象数据:13300050111
2017-11-05 09:29:09,220 ERROR frmstart 没有配置气象数据:13300050113
2017-11-05 09:29:09,220 ERROR frmstart 没有配置气象数据:13300050114
2017-11-05 09:29:09,220 ERROR frmstart 没有配置气象数据:13300050115
2017-11-05 09:29:09,220 ERROR frmstart 没有配置气象数据:13300050116
2017-11-05 09:29:09,220 ERROR frmstart 没有配置气象数据:13300050117
2017-11-05 09:29:09,220 ERROR frmstart 没有配置气象数据:13300050118
2017-11-05 09:29:09,220 ERROR frmstart 没有配置气象数据:13300050119
2017-11-05 09:29:09,220 ERROR frmstart 没有配置气象数据:13900110110
2017-11-05 09:29:09,860 ERROR Error-CreateWeatDownCommand 未将对象引用设置到对象的实例。
2017-11-05 09:29:10,016 ERROR Error-CreateWeatDownCommand 未将对象引用设置到对象的实例。
2017-11-05 09:29:10,671 ERROR frmstart 没有配置气象数据:13300040010
2017-11-05 09:29:10,671 ERROR frmstart 没有配置气象数据:13300040011
2017-11-05 09:29:10,905 ERROR Error-CreateWeatDownCommand 值不能为 null。
参数名: type
2017-11-05 09:29:11,108 ERROR Error-CreateWeatDownCommand 值不能为 null。
参数名: type
2017-11-05 09:29:16,629 WARN  frmstart 启动计讯服务(Port=6012)无法在 DLL“gprsdll.dll”中找到名为“DLLStartService”的入口点。
2017-11-05 09:29:16,707 ERROR frmstart start gprs文本长度必须少于 64 个字符。
参数名: Text
实际值是 (6002 默认服务已启动);计讯服务6012已启动计讯6012启动失败:无法在 DLL“gprsdll.dll”中找到名为“DLLStartService”的入口点。。
2017-11-05 09:29:16,723 INFO  frmstart load end:29:16
2017-11-05 09:29:16,770 ERROR Error-CreateWeatDownCommand 索引超出了数组界限。
2017-11-05 09:29:16,895 ERROR Error-CreateWeatDownCommand 值不能为 null。
参数名: type
2017-11-05 09:29:16,988 ERROR Error-CreateWeatDownCommand 索引超出了数组界限。
2017-11-05 09:29:17,019 INFO  frmstart 在线数量：0
2017-11-05 09:29:17,082 INFO  frmstart 计讯联接的dtu数量是：0个
2017-11-05 09:29:17,175 ERROR frmstart 没有配置气象数据:13600110001
2017-11-05 09:29:36,488 INFO  frmstart 在线数量：0
2017-11-05 09:29:36,535 INFO  frmstart 计讯联接的dtu数量是：0个
2017-11-05 09:29:56,500 INFO  frmstart 在线数量：0
2017-11-05 09:29:56,531 INFO  frmstart 计讯联接的dtu数量是：0个
2017-11-05 09:30:20,179 WARN  frmstart 停止计讯服务:服务尚未启动
2017-11-05 09:32:38,464 ERROR Error-GetHandDownCmd 100--13600070001---值不能为 null。
参数名: type
2017-11-05 09:37:43,145 ERROR frmstart JX 的新实例
2017-11-05 09:37:43,894 INFO  frmstart load start:37:43
2017-11-05 09:38:16,719 INFO  frmstart 在线数量：0
2017-11-05 09:38:16,828 INFO  frmstart 计讯联接的dtu数量是：0个
2017-11-05 09:38:29,191 ERROR Error-GetBySql 序列包含一个以上的元素
2017-11-05 09:38:33,668 INFO  frmstart 在线数量：0
2017-11-05 09:38:33,730 INFO  frmstart 计讯联接的dtu数量是：0个
