2018-03-05 13:18:37,283 ERROR frmstart JX 的新实例
2018-03-05 13:18:37,622 INFO  frmstart load start:18:37
2018-03-05 13:19:31,283 ERROR Error-GetBySql DTUProduct---序列包含一个以上的元素
2018-03-05 13:19:38,726 DEBUG frmstart SendCommand:--errPos:902013311112222-0103000000070408
2018-03-05 13:19:45,557 DEBUG frmstart SendCommand:--errPos:902013922220002-0103000000070408
2018-03-05 13:19:45,560 DEBUG frmstart SendCommand:--errPos:902013600000000-01030000002B05D5
2018-03-05 13:19:45,561 DEBUG frmstart SendCommand:--errPos:902013866668888-01030000002B05D5
2018-03-05 13:19:45,561 DEBUG frmstart SendCommand:--errPos:902013866889999-01030000002B05D5
2018-03-05 13:19:45,771 ERROR frmstart 没有配置气象数据:13300050111
2018-03-05 13:19:45,772 ERROR frmstart 没有配置气象数据:13300050113
2018-03-05 13:19:45,772 ERROR frmstart 没有配置气象数据:13300050114
2018-03-05 13:19:45,772 ERROR frmstart 没有配置气象数据:13300050115
2018-03-05 13:19:45,773 ERROR frmstart 没有配置气象数据:13300050116
2018-03-05 13:19:45,773 ERROR frmstart 没有配置气象数据:13300050117
2018-03-05 13:19:45,773 ERROR frmstart 没有配置气象数据:13300050118
2018-03-05 13:19:45,774 ERROR frmstart 没有配置气象数据:13300050119
2018-03-05 13:19:45,774 ERROR frmstart 没有配置气象数据:13900110110
2018-03-05 13:19:45,909 WARN  frmstart 启动计讯服务(Port=6012)无法在 DLL“gprsdll.dll”中找到名为“DLLStartService”的入口点。
2018-03-05 13:19:45,953 ERROR frmstart start gprs文本长度必须少于 64 个字符。
参数名: Text
实际值是 (6002 默认服务已启动);计讯服务6012已启动计讯6012启动失败:无法在 DLL“gprsdll.dll”中找到名为“DLLStartService”的入口点。。
2018-03-05 13:19:45,953 INFO  frmstart load end:19:45
2018-03-05 13:19:45,956 ERROR Error-CreateWeatDownCommand 未将对象引用设置到对象的实例。
2018-03-05 13:19:46,002 ERROR Error-CreateWeatDownCommand 未将对象引用设置到对象的实例。
2018-03-05 13:19:49,026 INFO  frmstart 在线数量：0
2018-03-05 13:19:49,062 INFO  frmstart 计讯联接的dtu数量是：0个
2018-03-05 13:19:49,121 ERROR frmstart  在线：可为空的对象必须具有一个值。
2018-03-05 13:19:49,122 ERROR frmstart 没有配置气象数据:13300040010
2018-03-05 13:19:49,123 ERROR frmstart 没有配置气象数据:13300040011
2018-03-05 13:19:49,149 ERROR Error-CreateWeatDownCommand 值不能为 null。
参数名: type
2018-03-05 13:19:49,175 ERROR Error-CreateWeatDownCommand 值不能为 null。
参数名: type
2018-03-05 13:19:49,229 ERROR frmstart 没有配置气象数据:13600100001
2018-03-05 13:19:49,276 ERROR Error-CreateWeatDownCommand 索引超出了数组界限。
2018-03-05 13:19:49,384 ERROR Error-CreateWeatDownCommand 值不能为 null。
参数名: type
2018-03-05 13:19:49,408 ERROR Error-CreateWeatDownCommand 索引超出了数组界限。
2018-03-05 13:19:49,434 ERROR Error-CreateWeatDownCommand 值不能为 null。
参数名: type
2018-03-05 13:19:53,221 ERROR frmstart 13300050011 在线：可为空的对象必须具有一个值。
2018-03-05 13:19:54,935 ERROR frmstart 13300050067 在线：可为空的对象必须具有一个值。
2018-03-05 13:19:55,030 ERROR frmstart 13300050070 在线：可为空的对象必须具有一个值。
2018-03-05 13:19:55,176 ERROR frmstart 13300050075 在线：可为空的对象必须具有一个值。
2018-03-05 13:19:55,198 ERROR frmstart 13300050076 在线：可为空的对象必须具有一个值。
2018-03-05 13:19:56,943 ERROR frmstart 13500010002 在线：可为空的对象必须具有一个值。
2018-03-05 13:19:57,018 ERROR frmstart 13500020002 在线：可为空的对象必须具有一个值。
2018-03-05 13:19:57,051 ERROR frmstart 13500020003 在线：可为空的对象必须具有一个值。
2018-03-05 13:19:57,074 ERROR frmstart 13500020004 在线：可为空的对象必须具有一个值。
2018-03-05 13:19:57,118 ERROR frmstart 13500020005 在线：可为空的对象必须具有一个值。
2018-03-05 13:19:57,168 ERROR frmstart 13500030002 在线：可为空的对象必须具有一个值。
2018-03-05 13:19:57,190 ERROR frmstart 13500030003 在线：可为空的对象必须具有一个值。
2018-03-05 13:19:57,212 ERROR frmstart 13500030004 在线：可为空的对象必须具有一个值。
2018-03-05 13:19:57,233 ERROR frmstart 13500030005 在线：可为空的对象必须具有一个值。
2018-03-05 13:19:57,286 ERROR frmstart 13500040002 在线：可为空的对象必须具有一个值。
2018-03-05 13:19:57,337 ERROR frmstart 13500050002 在线：可为空的对象必须具有一个值。
2018-03-05 13:19:57,494 ERROR frmstart 13500080002 在线：可为空的对象必须具有一个值。
2018-03-05 13:19:57,518 ERROR frmstart 13500080003 在线：可为空的对象必须具有一个值。
2018-03-05 13:19:57,543 ERROR frmstart 13500080004 在线：可为空的对象必须具有一个值。
2018-03-05 13:19:57,569 ERROR frmstart 13500080005 在线：可为空的对象必须具有一个值。
2018-03-05 13:19:57,595 ERROR frmstart 13500080006 在线：可为空的对象必须具有一个值。
2018-03-05 13:19:57,615 ERROR frmstart 13500080007 在线：可为空的对象必须具有一个值。
2018-03-05 13:19:57,636 ERROR frmstart 13500080008 在线：可为空的对象必须具有一个值。
2018-03-05 13:19:57,725 ERROR frmstart 13500100002 在线：可为空的对象必须具有一个值。
2018-03-05 13:19:57,749 ERROR frmstart 13500100003 在线：可为空的对象必须具有一个值。
2018-03-05 13:19:57,771 ERROR frmstart 13500100004 在线：可为空的对象必须具有一个值。
2018-03-05 13:19:57,793 ERROR frmstart 13500100005 在线：可为空的对象必须具有一个值。
2018-03-05 13:19:57,819 ERROR frmstart 13500100006 在线：可为空的对象必须具有一个值。
2018-03-05 13:19:57,873 ERROR frmstart 13500110002 在线：可为空的对象必须具有一个值。
2018-03-05 13:19:57,896 ERROR frmstart 13500110003 在线：可为空的对象必须具有一个值。
2018-03-05 13:19:57,917 ERROR frmstart 13500110004 在线：可为空的对象必须具有一个值。
2018-03-05 13:19:57,939 ERROR frmstart 13500110005 在线：可为空的对象必须具有一个值。
2018-03-05 13:19:57,967 ERROR frmstart 13500110006 在线：可为空的对象必须具有一个值。
2018-03-05 13:19:57,988 ERROR frmstart 13500110007 在线：可为空的对象必须具有一个值。
2018-03-05 13:19:58,012 ERROR frmstart 13500110008 在线：可为空的对象必须具有一个值。
2018-03-05 13:19:58,135 ERROR frmstart 13500130002 在线：可为空的对象必须具有一个值。
2018-03-05 13:19:58,160 ERROR frmstart 13500130003 在线：可为空的对象必须具有一个值。
2018-03-05 13:19:58,189 ERROR frmstart 13500130004 在线：可为空的对象必须具有一个值。
2018-03-05 13:19:58,213 ERROR frmstart 13500130005 在线：可为空的对象必须具有一个值。
2018-03-05 13:19:58,240 ERROR frmstart 13500130006 在线：可为空的对象必须具有一个值。
2018-03-05 13:19:58,264 ERROR frmstart 13500130007 在线：可为空的对象必须具有一个值。
2018-03-05 13:19:58,326 ERROR frmstart 13500140002 在线：可为空的对象必须具有一个值。
2018-03-05 13:19:58,384 ERROR frmstart 13500150002 在线：可为空的对象必须具有一个值。
2018-03-05 13:19:58,407 ERROR frmstart 13500150003 在线：可为空的对象必须具有一个值。
2018-03-05 13:19:58,432 ERROR frmstart 13500150004 在线：可为空的对象必须具有一个值。
2018-03-05 13:19:58,458 ERROR frmstart 13500150005 在线：可为空的对象必须具有一个值。
2018-03-05 13:20:39,078 WARN  frmstart 停止计讯服务:服务尚未启动
2018-03-05 13:21:56,730 INFO  frmstart 准备解析包:date:2018-03-05 13:20:39;src:13600010002;长度:69- data:01034042480000C1F0000042C4000000000000428C000000000000428C0000000000003FCCCCCD000000003FCCCCCD0000000040200000000000000000000000000000B18B
2018-03-05 13:22:07,532 INFO  frmstart protocal:QyTech.ProtocalHrzSheXian.Alarm
2018-03-05 13:24:25,387 ERROR frmstart JX 的新实例
2018-03-05 13:24:25,678 INFO  frmstart load start:24:25
2018-03-05 13:28:22,926 ERROR frmstart JX 的新实例
2018-03-05 13:28:23,211 INFO  frmstart load start:28:23
2018-03-05 13:30:25,276 INFO  frmstart 在线数量：0
2018-03-05 13:30:25,318 INFO  frmstart 计讯联接的dtu数量是：0个
2018-03-05 13:30:25,354 ERROR frmstart  在线：可为空的对象必须具有一个值。
2018-03-05 13:30:28,939 ERROR frmstart 13300050011 在线：可为空的对象必须具有一个值。
2018-03-05 13:30:31,650 ERROR frmstart 13300050067 在线：可为空的对象必须具有一个值。
2018-03-05 13:30:31,851 ERROR frmstart 13300050070 在线：可为空的对象必须具有一个值。
2018-03-05 13:30:32,122 ERROR frmstart 13300050075 在线：可为空的对象必须具有一个值。
2018-03-05 13:30:32,241 ERROR frmstart 13300050076 在线：可为空的对象必须具有一个值。
2018-03-05 13:30:35,829 ERROR frmstart 13500010002 在线：可为空的对象必须具有一个值。
2018-03-05 13:30:35,886 ERROR frmstart 13500020002 在线：可为空的对象必须具有一个值。
2018-03-05 13:30:35,913 ERROR frmstart 13500020003 在线：可为空的对象必须具有一个值。
2018-03-05 13:30:35,939 ERROR frmstart 13500020004 在线：可为空的对象必须具有一个值。
2018-03-05 13:30:35,966 ERROR frmstart 13500020005 在线：可为空的对象必须具有一个值。
2018-03-05 13:30:36,023 ERROR frmstart 13500030002 在线：可为空的对象必须具有一个值。
2018-03-05 13:30:36,053 ERROR frmstart 13500030003 在线：可为空的对象必须具有一个值。
2018-03-05 13:30:36,084 ERROR frmstart 13500030004 在线：可为空的对象必须具有一个值。
2018-03-05 13:30:36,111 ERROR frmstart 13500030005 在线：可为空的对象必须具有一个值。
2018-03-05 13:30:36,170 ERROR frmstart 13500040002 在线：可为空的对象必须具有一个值。
2018-03-05 13:30:36,226 ERROR frmstart 13500050002 在线：可为空的对象必须具有一个值。
2018-03-05 13:30:36,364 ERROR frmstart 13500080002 在线：可为空的对象必须具有一个值。
2018-03-05 13:30:36,395 ERROR frmstart 13500080003 在线：可为空的对象必须具有一个值。
2018-03-05 13:30:36,425 ERROR frmstart 13500080004 在线：可为空的对象必须具有一个值。
2018-03-05 13:30:36,459 ERROR frmstart 13500080005 在线：可为空的对象必须具有一个值。
2018-03-05 13:30:36,491 ERROR frmstart 13500080006 在线：可为空的对象必须具有一个值。
2018-03-05 13:30:36,524 ERROR frmstart 13500080007 在线：可为空的对象必须具有一个值。
2018-03-05 13:30:36,560 ERROR frmstart 13500080008 在线：可为空的对象必须具有一个值。
2018-03-05 13:30:36,663 ERROR frmstart 13500100002 在线：可为空的对象必须具有一个值。
2018-03-05 13:30:36,696 ERROR frmstart 13500100003 在线：可为空的对象必须具有一个值。
2018-03-05 13:30:36,729 ERROR frmstart 13500100004 在线：可为空的对象必须具有一个值。
2018-03-05 13:30:36,760 ERROR frmstart 13500100005 在线：可为空的对象必须具有一个值。
2018-03-05 13:30:36,789 ERROR frmstart 13500100006 在线：可为空的对象必须具有一个值。
2018-03-05 13:30:36,846 ERROR frmstart 13500110002 在线：可为空的对象必须具有一个值。
2018-03-05 13:30:36,876 ERROR frmstart 13500110003 在线：可为空的对象必须具有一个值。
2018-03-05 13:30:36,902 ERROR frmstart 13500110004 在线：可为空的对象必须具有一个值。
2018-03-05 13:30:36,930 ERROR frmstart 13500110005 在线：可为空的对象必须具有一个值。
2018-03-05 13:30:36,960 ERROR frmstart 13500110006 在线：可为空的对象必须具有一个值。
2018-03-05 13:30:36,986 ERROR frmstart 13500110007 在线：可为空的对象必须具有一个值。
2018-03-05 13:30:37,013 ERROR frmstart 13500110008 在线：可为空的对象必须具有一个值。
2018-03-05 13:30:37,104 ERROR frmstart 13500130002 在线：可为空的对象必须具有一个值。
2018-03-05 13:30:37,131 ERROR frmstart 13500130003 在线：可为空的对象必须具有一个值。
2018-03-05 13:30:37,161 ERROR frmstart 13500130004 在线：可为空的对象必须具有一个值。
2018-03-05 13:30:37,187 ERROR frmstart 13500130005 在线：可为空的对象必须具有一个值。
2018-03-05 13:30:37,212 ERROR frmstart 13500130006 在线：可为空的对象必须具有一个值。
2018-03-05 13:30:37,239 ERROR frmstart 13500130007 在线：可为空的对象必须具有一个值。
2018-03-05 13:30:37,297 ERROR frmstart 13500140002 在线：可为空的对象必须具有一个值。
2018-03-05 13:30:37,355 ERROR frmstart 13500150002 在线：可为空的对象必须具有一个值。
2018-03-05 13:30:37,387 ERROR frmstart 13500150003 在线：可为空的对象必须具有一个值。
2018-03-05 13:30:37,414 ERROR frmstart 13500150004 在线：可为空的对象必须具有一个值。
2018-03-05 13:30:37,441 ERROR frmstart 13500150005 在线：可为空的对象必须具有一个值。
2018-03-05 13:30:41,519 ERROR Error-GetBySql DTUProduct---序列包含一个以上的元素
2018-03-05 13:30:42,868 DEBUG frmstart SendCommand:--errPos:902013311112222-0103000000070408
2018-03-05 13:30:42,869 DEBUG frmstart SendCommand:--errPos:902013922220002-0103000000070408
2018-03-05 13:30:42,869 DEBUG frmstart SendCommand:--errPos:902013600000000-01030000002B05D5
2018-03-05 13:30:42,869 DEBUG frmstart SendCommand:--errPos:902013866668888-01030000002B05D5
2018-03-05 13:30:42,870 DEBUG frmstart SendCommand:--errPos:902013866889999-01030000002B05D5
2018-03-05 13:30:43,048 ERROR frmstart 没有配置气象数据:13300050111
2018-03-05 13:30:43,052 ERROR frmstart 没有配置气象数据:13300050113
2018-03-05 13:30:43,055 ERROR frmstart 没有配置气象数据:13300050114
2018-03-05 13:30:43,059 ERROR frmstart 没有配置气象数据:13300050115
2018-03-05 13:30:43,062 ERROR frmstart 没有配置气象数据:13300050116
2018-03-05 13:30:43,067 ERROR frmstart 没有配置气象数据:13300050117
2018-03-05 13:30:43,069 ERROR frmstart 没有配置气象数据:13300050118
2018-03-05 13:30:43,072 ERROR frmstart 没有配置气象数据:13300050119
2018-03-05 13:30:43,075 ERROR frmstart 没有配置气象数据:13900110110
2018-03-05 13:30:43,170 WARN  frmstart 启动计讯服务(Port=6012)无法在 DLL“gprsdll.dll”中找到名为“DLLStartService”的入口点。
2018-03-05 13:30:43,188 ERROR frmstart start gprs文本长度必须少于 64 个字符。
参数名: Text
实际值是 (6002 默认服务已启动);计讯服务6012已启动计讯6012启动失败:无法在 DLL“gprsdll.dll”中找到名为“DLLStartService”的入口点。。
2018-03-05 13:30:43,188 INFO  frmstart load end:30:43
2018-03-05 13:30:43,224 ERROR Error-CreateWeatDownCommand 未将对象引用设置到对象的实例。
2018-03-05 13:30:43,247 ERROR Error-CreateWeatDownCommand 未将对象引用设置到对象的实例。
2018-03-05 13:30:43,328 ERROR frmstart 没有配置气象数据:13300040010
2018-03-05 13:30:43,328 ERROR frmstart 没有配置气象数据:13300040011
2018-03-05 13:30:43,353 ERROR Error-CreateWeatDownCommand 值不能为 null。
参数名: type
2018-03-05 13:30:43,377 ERROR Error-CreateWeatDownCommand 值不能为 null。
参数名: type
2018-03-05 13:30:43,410 ERROR frmstart 没有配置气象数据:13600100001
2018-03-05 13:30:43,432 ERROR Error-CreateWeatDownCommand 索引超出了数组界限。
2018-03-05 13:30:43,458 ERROR Error-CreateWeatDownCommand 值不能为 null。
参数名: type
2018-03-05 13:30:43,478 ERROR Error-CreateWeatDownCommand 索引超出了数组界限。
2018-03-05 13:30:43,502 ERROR Error-CreateWeatDownCommand 值不能为 null。
参数名: type
2018-03-05 13:30:50,471 WARN  frmstart 停止计讯服务:服务尚未启动
2018-03-05 13:30:57,054 INFO  frmstart 准备解析包:date:2018-03-05 13:30:50;src:13600010002;长度:69- data:01034042480000C1F0000042C4000000000000428C000000000000428C0000000000003FCCCCCD000000003FCCCCCD0000000040200000000000000000000000000000B18B
2018-03-05 13:30:58,377 INFO  frmstart protocal:QyTech.ProtocalHrzSheXian.Alarm
2018-03-05 13:30:58,900 ERROR frmstart ProcessData error::13600010002 length:69 data:01034042480000C1F0000042C4000000000000428C000000000000428C0000000000003FCCCCCD000000003FCCCCCD0000000040200000000000000000000000000000B18B---找不到方法:“Void SunMvcExpress.Dao.HrzGathAlarm.set_bsO_Id(System.Nullable`1<System.Guid>)”。
2018-03-05 13:31:15,860 INFO  frmstart 准备解析包:date:2018-03-05 13:31:04;src:13600010002;长度:69- data:01034042480000C1F0000042C4000000000000428C000000000000428C0000000000003FCCCCCD000000003FCCCCCD0000000040200000000000000000000000000000B18B
2018-03-05 13:31:21,971 INFO  frmstart protocal:QyTech.ProtocalHrzSheXian.Alarm
2018-03-05 13:33:17,756 ERROR frmstart JX 的新实例
2018-03-05 13:33:18,051 INFO  frmstart load start:33:18
2018-03-05 13:33:34,542 ERROR frmstart JX 的新实例
2018-03-05 13:33:34,814 INFO  frmstart load start:33:34
2018-03-05 13:34:19,335 ERROR frmstart JX 的新实例
2018-03-05 13:34:19,631 INFO  frmstart load start:34:19
2018-03-05 13:34:45,782 ERROR Error-GetBySql DTUProduct---序列包含一个以上的元素
2018-03-05 13:34:47,011 DEBUG frmstart SendCommand:--errPos:902013311112222-0103000000070408
2018-03-05 13:34:47,012 DEBUG frmstart SendCommand:--errPos:902013922220002-0103000000070408
2018-03-05 13:34:47,013 DEBUG frmstart SendCommand:--errPos:902013600000000-01030000002B05D5
2018-03-05 13:34:47,013 DEBUG frmstart SendCommand:--errPos:902013866668888-01030000002B05D5
2018-03-05 13:34:47,013 DEBUG frmstart SendCommand:--errPos:902013866889999-01030000002B05D5
2018-03-05 13:34:47,181 ERROR frmstart 没有配置气象数据:13300050111
2018-03-05 13:34:47,184 ERROR frmstart 没有配置气象数据:13300050113
2018-03-05 13:34:47,186 ERROR frmstart 没有配置气象数据:13300050114
2018-03-05 13:34:47,188 ERROR frmstart 没有配置气象数据:13300050115
2018-03-05 13:34:47,192 ERROR frmstart 没有配置气象数据:13300050116
2018-03-05 13:34:47,194 ERROR frmstart 没有配置气象数据:13300050117
2018-03-05 13:34:47,197 ERROR frmstart 没有配置气象数据:13300050118
2018-03-05 13:34:47,198 ERROR frmstart 没有配置气象数据:13300050119
2018-03-05 13:34:47,198 ERROR frmstart 没有配置气象数据:13900110110
2018-03-05 13:34:47,293 WARN  frmstart 启动计讯服务(Port=6012)无法在 DLL“gprsdll.dll”中找到名为“DLLStartService”的入口点。
2018-03-05 13:34:47,312 ERROR frmstart start gprs文本长度必须少于 64 个字符。
参数名: Text
实际值是 (6002 默认服务已启动);计讯服务6012已启动计讯6012启动失败:无法在 DLL“gprsdll.dll”中找到名为“DLLStartService”的入口点。。
2018-03-05 13:34:47,312 INFO  frmstart load end:34:47
2018-03-05 13:34:47,351 ERROR Error-CreateWeatDownCommand 未将对象引用设置到对象的实例。
2018-03-05 13:34:47,384 ERROR Error-CreateWeatDownCommand 未将对象引用设置到对象的实例。
2018-03-05 13:34:47,468 ERROR frmstart 没有配置气象数据:13300040010
2018-03-05 13:34:47,469 ERROR frmstart 没有配置气象数据:13300040011
2018-03-05 13:34:47,492 ERROR Error-CreateWeatDownCommand 值不能为 null。
参数名: type
2018-03-05 13:34:47,517 ERROR Error-CreateWeatDownCommand 值不能为 null。
参数名: type
2018-03-05 13:34:47,549 ERROR frmstart 没有配置气象数据:13600100001
2018-03-05 13:34:47,572 ERROR Error-CreateWeatDownCommand 索引超出了数组界限。
2018-03-05 13:34:47,599 ERROR Error-CreateWeatDownCommand 值不能为 null。
参数名: type
2018-03-05 13:34:47,623 ERROR Error-CreateWeatDownCommand 索引超出了数组界限。
2018-03-05 13:34:47,647 ERROR Error-CreateWeatDownCommand 值不能为 null。
参数名: type
2018-03-05 13:35:19,524 INFO  frmstart 在线数量：0
2018-03-05 13:35:19,575 INFO  frmstart 计讯联接的dtu数量是：0个
2018-03-05 13:35:19,602 ERROR frmstart  在线：可为空的对象必须具有一个值。
2018-03-05 13:35:20,229 ERROR frmstart 13300050011 在线：可为空的对象必须具有一个值。
2018-03-05 13:35:20,739 ERROR frmstart 13300050067 在线：可为空的对象必须具有一个值。
2018-03-05 13:35:20,781 ERROR frmstart 13300050070 在线：可为空的对象必须具有一个值。
2018-03-05 13:35:20,840 ERROR frmstart 13300050075 在线：可为空的对象必须具有一个值。
2018-03-05 13:35:20,861 ERROR frmstart 13300050076 在线：可为空的对象必须具有一个值。
2018-03-05 13:35:21,325 ERROR frmstart 13500010002 在线：可为空的对象必须具有一个值。
2018-03-05 13:35:21,355 ERROR frmstart 13500020002 在线：可为空的对象必须具有一个值。
2018-03-05 13:35:21,378 ERROR frmstart 13500020003 在线：可为空的对象必须具有一个值。
2018-03-05 13:35:21,400 ERROR frmstart 13500020004 在线：可为空的对象必须具有一个值。
2018-03-05 13:35:21,423 ERROR frmstart 13500020005 在线：可为空的对象必须具有一个值。
2018-03-05 13:35:21,453 ERROR frmstart 13500030002 在线：可为空的对象必须具有一个值。
2018-03-05 13:35:21,477 ERROR frmstart 13500030003 在线：可为空的对象必须具有一个值。
2018-03-05 13:35:21,497 ERROR frmstart 13500030004 在线：可为空的对象必须具有一个值。
2018-03-05 13:35:21,519 ERROR frmstart 13500030005 在线：可为空的对象必须具有一个值。
2018-03-05 13:35:21,551 ERROR frmstart 13500040002 在线：可为空的对象必须具有一个值。
2018-03-05 13:35:21,581 ERROR frmstart 13500050002 在线：可为空的对象必须具有一个值。
2018-03-05 13:35:21,632 ERROR frmstart 13500080002 在线：可为空的对象必须具有一个值。
2018-03-05 13:35:21,654 ERROR frmstart 13500080003 在线：可为空的对象必须具有一个值。
2018-03-05 13:35:21,675 ERROR frmstart 13500080004 在线：可为空的对象必须具有一个值。
2018-03-05 13:35:21,697 ERROR frmstart 13500080005 在线：可为空的对象必须具有一个值。
2018-03-05 13:35:21,725 ERROR frmstart 13500080006 在线：可为空的对象必须具有一个值。
2018-03-05 13:35:21,748 ERROR frmstart 13500080007 在线：可为空的对象必须具有一个值。
2018-03-05 13:35:21,770 ERROR frmstart 13500080008 在线：可为空的对象必须具有一个值。
2018-03-05 13:35:21,809 ERROR frmstart 13500100002 在线：可为空的对象必须具有一个值。
2018-03-05 13:35:21,830 ERROR frmstart 13500100003 在线：可为空的对象必须具有一个值。
2018-03-05 13:35:21,855 ERROR frmstart 13500100004 在线：可为空的对象必须具有一个值。
2018-03-05 13:35:21,879 ERROR frmstart 13500100005 在线：可为空的对象必须具有一个值。
2018-03-05 13:35:21,907 ERROR frmstart 13500100006 在线：可为空的对象必须具有一个值。
2018-03-05 13:35:21,939 ERROR frmstart 13500110002 在线：可为空的对象必须具有一个值。
2018-03-05 13:35:21,964 ERROR frmstart 13500110003 在线：可为空的对象必须具有一个值。
2018-03-05 13:35:21,986 ERROR frmstart 13500110004 在线：可为空的对象必须具有一个值。
2018-03-05 13:35:22,011 ERROR frmstart 13500110005 在线：可为空的对象必须具有一个值。
2018-03-05 13:35:22,036 ERROR frmstart 13500110006 在线：可为空的对象必须具有一个值。
2018-03-05 13:35:22,059 ERROR frmstart 13500110007 在线：可为空的对象必须具有一个值。
2018-03-05 13:35:22,085 ERROR frmstart 13500110008 在线：可为空的对象必须具有一个值。
2018-03-05 13:35:22,135 ERROR frmstart 13500130002 在线：可为空的对象必须具有一个值。
2018-03-05 13:35:22,158 ERROR frmstart 13500130003 在线：可为空的对象必须具有一个值。
2018-03-05 13:35:22,182 ERROR frmstart 13500130004 在线：可为空的对象必须具有一个值。
2018-03-05 13:35:22,240 ERROR frmstart 13500130005 在线：可为空的对象必须具有一个值。
2018-03-05 13:35:22,269 ERROR frmstart 13500130006 在线：可为空的对象必须具有一个值。
2018-03-05 13:35:22,296 ERROR frmstart 13500130007 在线：可为空的对象必须具有一个值。
2018-03-05 13:35:22,332 ERROR frmstart 13500140002 在线：可为空的对象必须具有一个值。
2018-03-05 13:35:22,370 ERROR frmstart 13500150002 在线：可为空的对象必须具有一个值。
2018-03-05 13:35:22,395 ERROR frmstart 13500150003 在线：可为空的对象必须具有一个值。
2018-03-05 13:35:22,420 ERROR frmstart 13500150004 在线：可为空的对象必须具有一个值。
2018-03-05 13:35:22,445 ERROR frmstart 13500150005 在线：可为空的对象必须具有一个值。
2018-03-05 13:35:32,816 WARN  frmstart 停止计讯服务:服务尚未启动
2018-03-05 13:35:38,062 INFO  frmstart 准备解析包:date:2018-03-05 13:35:32;src:13600010002;长度:69- data:01034042480000C1F0000042C4000000000000428C000000000000428C0000000000003FCCCCCD000000003FCCCCCD0000000040200000000000000000000000000000B18B
2018-03-05 13:35:39,752 INFO  frmstart protocal:QyTech.ProtocalHrzSheXian.Alarm
2018-03-05 13:35:49,815 INFO  frmstart will JudgeSameWithCommand simo:13600010002---010340
2018-03-05 13:35:55,546 INFO  frmstart --------13600010002---待判断数量0
2018-03-05 13:36:19,528 INFO  frmstart 在线数量：0
2018-03-05 13:36:19,572 INFO  frmstart 计讯联接的dtu数量是：0个
2018-03-05 13:36:19,594 ERROR frmstart  在线：可为空的对象必须具有一个值。
2018-03-05 13:36:24,235 ERROR frmstart 13300050011 在线：可为空的对象必须具有一个值。
2018-03-05 13:36:26,224 ERROR frmstart 13300050067 在线：可为空的对象必须具有一个值。
2018-03-05 13:36:26,300 ERROR frmstart 13300050070 在线：可为空的对象必须具有一个值。
2018-03-05 13:36:26,454 ERROR frmstart 13300050075 在线：可为空的对象必须具有一个值。
2018-03-05 13:36:26,475 ERROR frmstart 13300050076 在线：可为空的对象必须具有一个值。
2018-03-05 13:36:28,215 ERROR frmstart 13500010002 在线：可为空的对象必须具有一个值。
2018-03-05 13:36:28,273 ERROR frmstart 13500020002 在线：可为空的对象必须具有一个值。
2018-03-05 13:36:28,294 ERROR frmstart 13500020003 在线：可为空的对象必须具有一个值。
2018-03-05 13:36:28,314 ERROR frmstart 13500020004 在线：可为空的对象必须具有一个值。
2018-03-05 13:36:28,332 ERROR frmstart 13500020005 在线：可为空的对象必须具有一个值。
2018-03-05 13:36:28,442 ERROR frmstart 13500030002 在线：可为空的对象必须具有一个值。
2018-03-05 13:36:28,476 ERROR frmstart 13500030003 在线：可为空的对象必须具有一个值。
2018-03-05 13:36:28,505 ERROR frmstart 13500030004 在线：可为空的对象必须具有一个值。
2018-03-05 13:36:28,534 ERROR frmstart 13500030005 在线：可为空的对象必须具有一个值。
2018-03-05 13:36:28,604 ERROR frmstart 13500040002 在线：可为空的对象必须具有一个值。
2018-03-05 13:36:28,660 ERROR frmstart 13500050002 在线：可为空的对象必须具有一个值。
2018-03-05 13:36:28,776 ERROR frmstart 13500080002 在线：可为空的对象必须具有一个值。
2018-03-05 13:36:28,794 ERROR frmstart 13500080003 在线：可为空的对象必须具有一个值。
2018-03-05 13:36:28,812 ERROR frmstart 13500080004 在线：可为空的对象必须具有一个值。
2018-03-05 13:36:28,830 ERROR frmstart 13500080005 在线：可为空的对象必须具有一个值。
2018-03-05 13:36:28,850 ERROR frmstart 13500080006 在线：可为空的对象必须具有一个值。
2018-03-05 13:36:28,869 ERROR frmstart 13500080007 在线：可为空的对象必须具有一个值。
2018-03-05 13:36:28,889 ERROR frmstart 13500080008 在线：可为空的对象必须具有一个值。
2018-03-05 13:36:28,977 ERROR frmstart 13500100002 在线：可为空的对象必须具有一个值。
2018-03-05 13:36:28,998 ERROR frmstart 13500100003 在线：可为空的对象必须具有一个值。
2018-03-05 13:36:29,019 ERROR frmstart 13500100004 在线：可为空的对象必须具有一个值。
2018-03-05 13:36:29,041 ERROR frmstart 13500100005 在线：可为空的对象必须具有一个值。
2018-03-05 13:36:29,062 ERROR frmstart 13500100006 在线：可为空的对象必须具有一个值。
2018-03-05 13:36:29,117 ERROR frmstart 13500110002 在线：可为空的对象必须具有一个值。
2018-03-05 13:36:29,139 ERROR frmstart 13500110003 在线：可为空的对象必须具有一个值。
2018-03-05 13:36:29,161 ERROR frmstart 13500110004 在线：可为空的对象必须具有一个值。
2018-03-05 13:36:29,182 ERROR frmstart 13500110005 在线：可为空的对象必须具有一个值。
2018-03-05 13:36:29,208 ERROR frmstart 13500110006 在线：可为空的对象必须具有一个值。
2018-03-05 13:36:29,234 ERROR frmstart 13500110007 在线：可为空的对象必须具有一个值。
2018-03-05 13:36:29,257 ERROR frmstart 13500110008 在线：可为空的对象必须具有一个值。
2018-03-05 13:36:29,360 ERROR frmstart 13500130002 在线：可为空的对象必须具有一个值。
2018-03-05 13:36:29,379 ERROR frmstart 13500130003 在线：可为空的对象必须具有一个值。
2018-03-05 13:36:29,398 ERROR frmstart 13500130004 在线：可为空的对象必须具有一个值。
2018-03-05 13:36:29,426 ERROR frmstart 13500130005 在线：可为空的对象必须具有一个值。
2018-03-05 13:36:29,445 ERROR frmstart 13500130006 在线：可为空的对象必须具有一个值。
2018-03-05 13:36:29,466 ERROR frmstart 13500130007 在线：可为空的对象必须具有一个值。
2018-03-05 13:36:29,517 ERROR frmstart 13500140002 在线：可为空的对象必须具有一个值。
2018-03-05 13:36:29,566 ERROR frmstart 13500150002 在线：可为空的对象必须具有一个值。
2018-03-05 13:36:29,586 ERROR frmstart 13500150003 在线：可为空的对象必须具有一个值。
2018-03-05 13:36:29,606 ERROR frmstart 13500150004 在线：可为空的对象必须具有一个值。
2018-03-05 13:36:29,626 ERROR frmstart 13500150005 在线：可为空的对象必须具有一个值。
2018-03-05 13:37:19,540 INFO  frmstart 在线数量：0
2018-03-05 13:37:19,581 INFO  frmstart 计讯联接的dtu数量是：0个
2018-03-05 13:37:19,606 ERROR frmstart  在线：可为空的对象必须具有一个值。
2018-03-05 13:37:20,270 ERROR frmstart 13300050011 在线：可为空的对象必须具有一个值。
2018-03-05 13:37:20,793 ERROR frmstart 13300050067 在线：可为空的对象必须具有一个值。
2018-03-05 13:37:20,829 ERROR frmstart 13300050070 在线：可为空的对象必须具有一个值。
2018-03-05 13:37:20,887 ERROR frmstart 13300050075 在线：可为空的对象必须具有一个值。
2018-03-05 13:37:20,908 ERROR frmstart 13300050076 在线：可为空的对象必须具有一个值。
2018-03-05 13:37:21,453 ERROR frmstart 13500010002 在线：可为空的对象必须具有一个值。
2018-03-05 13:37:21,489 ERROR frmstart 13500020002 在线：可为空的对象必须具有一个值。
2018-03-05 13:37:21,511 ERROR frmstart 13500020003 在线：可为空的对象必须具有一个值。
2018-03-05 13:37:21,530 ERROR frmstart 13500020004 在线：可为空的对象必须具有一个值。
2018-03-05 13:37:21,549 ERROR frmstart 13500020005 在线：可为空的对象必须具有一个值。
2018-03-05 13:37:21,576 ERROR frmstart 13500030002 在线：可为空的对象必须具有一个值。
2018-03-05 13:37:21,597 ERROR frmstart 13500030003 在线：可为空的对象必须具有一个值。
2018-03-05 13:37:21,616 ERROR frmstart 13500030004 在线：可为空的对象必须具有一个值。
2018-03-05 13:37:21,635 ERROR frmstart 13500030005 在线：可为空的对象必须具有一个值。
2018-03-05 13:37:21,661 ERROR frmstart 13500040002 在线：可为空的对象必须具有一个值。
2018-03-05 13:37:21,690 ERROR frmstart 13500050002 在线：可为空的对象必须具有一个值。
2018-03-05 13:37:21,744 ERROR frmstart 13500080002 在线：可为空的对象必须具有一个值。
2018-03-05 13:37:21,764 ERROR frmstart 13500080003 在线：可为空的对象必须具有一个值。
2018-03-05 13:37:21,786 ERROR frmstart 13500080004 在线：可为空的对象必须具有一个值。
2018-03-05 13:37:21,811 ERROR frmstart 13500080005 在线：可为空的对象必须具有一个值。
2018-03-05 13:37:21,832 ERROR frmstart 13500080006 在线：可为空的对象必须具有一个值。
2018-03-05 13:37:21,851 ERROR frmstart 13500080007 在线：可为空的对象必须具有一个值。
2018-03-05 13:37:21,872 ERROR frmstart 13500080008 在线：可为空的对象必须具有一个值。
2018-03-05 13:37:21,911 ERROR frmstart 13500100002 在线：可为空的对象必须具有一个值。
2018-03-05 13:37:21,930 ERROR frmstart 13500100003 在线：可为空的对象必须具有一个值。
2018-03-05 13:37:21,951 ERROR frmstart 13500100004 在线：可为空的对象必须具有一个值。
2018-03-05 13:37:21,971 ERROR frmstart 13500100005 在线：可为空的对象必须具有一个值。
2018-03-05 13:37:21,996 ERROR frmstart 13500100006 在线：可为空的对象必须具有一个值。
2018-03-05 13:37:22,025 ERROR frmstart 13500110002 在线：可为空的对象必须具有一个值。
2018-03-05 13:37:22,045 ERROR frmstart 13500110003 在线：可为空的对象必须具有一个值。
2018-03-05 13:37:22,063 ERROR frmstart 13500110004 在线：可为空的对象必须具有一个值。
2018-03-05 13:37:22,083 ERROR frmstart 13500110005 在线：可为空的对象必须具有一个值。
2018-03-05 13:37:22,103 ERROR frmstart 13500110006 在线：可为空的对象必须具有一个值。
2018-03-05 13:37:22,121 ERROR frmstart 13500110007 在线：可为空的对象必须具有一个值。
2018-03-05 13:37:22,142 ERROR frmstart 13500110008 在线：可为空的对象必须具有一个值。
2018-03-05 13:37:22,179 ERROR frmstart 13500130002 在线：可为空的对象必须具有一个值。
2018-03-05 13:37:22,201 ERROR frmstart 13500130003 在线：可为空的对象必须具有一个值。
2018-03-05 13:37:22,222 ERROR frmstart 13500130004 在线：可为空的对象必须具有一个值。
2018-03-05 13:37:22,243 ERROR frmstart 13500130005 在线：可为空的对象必须具有一个值。
2018-03-05 13:37:22,266 ERROR frmstart 13500130006 在线：可为空的对象必须具有一个值。
2018-03-05 13:37:22,286 ERROR frmstart 13500130007 在线：可为空的对象必须具有一个值。
2018-03-05 13:37:22,317 ERROR frmstart 13500140002 在线：可为空的对象必须具有一个值。
2018-03-05 13:37:22,345 ERROR frmstart 13500150002 在线：可为空的对象必须具有一个值。
2018-03-05 13:37:22,363 ERROR frmstart 13500150003 在线：可为空的对象必须具有一个值。
2018-03-05 13:37:22,384 ERROR frmstart 13500150004 在线：可为空的对象必须具有一个值。
2018-03-05 13:37:22,404 ERROR frmstart 13500150005 在线：可为空的对象必须具有一个值。
2018-03-05 13:38:19,555 INFO  frmstart 在线数量：0
2018-03-05 13:38:19,585 INFO  frmstart 计讯联接的dtu数量是：0个
2018-03-05 13:38:19,614 ERROR frmstart  在线：可为空的对象必须具有一个值。
2018-03-05 13:38:20,240 ERROR frmstart 13300050011 在线：可为空的对象必须具有一个值。
2018-03-05 13:38:20,754 ERROR frmstart 13300050067 在线：可为空的对象必须具有一个值。
2018-03-05 13:38:20,799 ERROR frmstart 13300050070 在线：可为空的对象必须具有一个值。
2018-03-05 13:38:20,858 ERROR frmstart 13300050075 在线：可为空的对象必须具有一个值。
2018-03-05 13:38:20,890 ERROR frmstart 13300050076 在线：可为空的对象必须具有一个值。
2018-03-05 13:38:21,479 ERROR frmstart 13500010002 在线：可为空的对象必须具有一个值。
2018-03-05 13:38:21,518 ERROR frmstart 13500020002 在线：可为空的对象必须具有一个值。
2018-03-05 13:38:21,545 ERROR frmstart 13500020003 在线：可为空的对象必须具有一个值。
2018-03-05 13:38:21,565 ERROR frmstart 13500020004 在线：可为空的对象必须具有一个值。
2018-03-05 13:38:21,587 ERROR frmstart 13500020005 在线：可为空的对象必须具有一个值。
2018-03-05 13:38:21,617 ERROR frmstart 13500030002 在线：可为空的对象必须具有一个值。
2018-03-05 13:38:21,636 ERROR frmstart 13500030003 在线：可为空的对象必须具有一个值。
2018-03-05 13:38:21,662 ERROR frmstart 13500030004 在线：可为空的对象必须具有一个值。
2018-03-05 13:38:21,682 ERROR frmstart 13500030005 在线：可为空的对象必须具有一个值。
2018-03-05 13:38:21,715 ERROR frmstart 13500040002 在线：可为空的对象必须具有一个值。
2018-03-05 13:38:21,743 ERROR frmstart 13500050002 在线：可为空的对象必须具有一个值。
2018-03-05 13:38:21,786 ERROR frmstart 13500080002 在线：可为空的对象必须具有一个值。
2018-03-05 13:38:21,811 ERROR frmstart 13500080003 在线：可为空的对象必须具有一个值。
2018-03-05 13:38:21,834 ERROR frmstart 13500080004 在线：可为空的对象必须具有一个值。
2018-03-05 13:38:21,853 ERROR frmstart 13500080005 在线：可为空的对象必须具有一个值。
2018-03-05 13:38:21,873 ERROR frmstart 13500080006 在线：可为空的对象必须具有一个值。
2018-03-05 13:38:21,894 ERROR frmstart 13500080007 在线：可为空的对象必须具有一个值。
2018-03-05 13:38:21,916 ERROR frmstart 13500080008 在线：可为空的对象必须具有一个值。
2018-03-05 13:38:21,953 ERROR frmstart 13500100002 在线：可为空的对象必须具有一个值。
2018-03-05 13:38:21,973 ERROR frmstart 13500100003 在线：可为空的对象必须具有一个值。
2018-03-05 13:38:21,997 ERROR frmstart 13500100004 在线：可为空的对象必须具有一个值。
2018-03-05 13:38:22,017 ERROR frmstart 13500100005 在线：可为空的对象必须具有一个值。
2018-03-05 13:38:22,034 ERROR frmstart 13500100006 在线：可为空的对象必须具有一个值。
2018-03-05 13:38:22,062 ERROR frmstart 13500110002 在线：可为空的对象必须具有一个值。
2018-03-05 13:38:22,080 ERROR frmstart 13500110003 在线：可为空的对象必须具有一个值。
2018-03-05 13:38:22,109 ERROR frmstart 13500110004 在线：可为空的对象必须具有一个值。
2018-03-05 13:38:22,128 ERROR frmstart 13500110005 在线：可为空的对象必须具有一个值。
2018-03-05 13:38:22,146 ERROR frmstart 13500110006 在线：可为空的对象必须具有一个值。
2018-03-05 13:38:22,165 ERROR frmstart 13500110007 在线：可为空的对象必须具有一个值。
2018-03-05 13:38:22,189 ERROR frmstart 13500110008 在线：可为空的对象必须具有一个值。
2018-03-05 13:38:22,238 ERROR frmstart 13500130002 在线：可为空的对象必须具有一个值。
2018-03-05 13:38:22,262 ERROR frmstart 13500130003 在线：可为空的对象必须具有一个值。
2018-03-05 13:38:22,280 ERROR frmstart 13500130004 在线：可为空的对象必须具有一个值。
2018-03-05 13:38:22,303 ERROR frmstart 13500130005 在线：可为空的对象必须具有一个值。
2018-03-05 13:38:22,325 ERROR frmstart 13500130006 在线：可为空的对象必须具有一个值。
2018-03-05 13:38:22,344 ERROR frmstart 13500130007 在线：可为空的对象必须具有一个值。
2018-03-05 13:38:22,372 ERROR frmstart 13500140002 在线：可为空的对象必须具有一个值。
2018-03-05 13:38:22,400 ERROR frmstart 13500150002 在线：可为空的对象必须具有一个值。
2018-03-05 13:38:22,430 ERROR frmstart 13500150003 在线：可为空的对象必须具有一个值。
2018-03-05 13:38:22,450 ERROR frmstart 13500150004 在线：可为空的对象必须具有一个值。
2018-03-05 13:38:22,469 ERROR frmstart 13500150005 在线：可为空的对象必须具有一个值。
2018-03-05 13:39:19,568 INFO  frmstart 在线数量：0
2018-03-05 13:39:19,583 INFO  frmstart 计讯联接的dtu数量是：0个
2018-03-05 13:39:19,602 ERROR frmstart  在线：可为空的对象必须具有一个值。
2018-03-05 13:39:20,175 ERROR frmstart 13300050011 在线：可为空的对象必须具有一个值。
2018-03-05 13:39:20,661 ERROR frmstart 13300050067 在线：可为空的对象必须具有一个值。
2018-03-05 13:39:20,701 ERROR frmstart 13300050070 在线：可为空的对象必须具有一个值。
2018-03-05 13:39:20,754 ERROR frmstart 13300050075 在线：可为空的对象必须具有一个值。
2018-03-05 13:39:20,776 ERROR frmstart 13300050076 在线：可为空的对象必须具有一个值。
2018-03-05 13:39:21,229 ERROR frmstart 13500010002 在线：可为空的对象必须具有一个值。
2018-03-05 13:39:21,257 ERROR frmstart 13500020002 在线：可为空的对象必须具有一个值。
2018-03-05 13:39:21,275 ERROR frmstart 13500020003 在线：可为空的对象必须具有一个值。
2018-03-05 13:39:21,294 ERROR frmstart 13500020004 在线：可为空的对象必须具有一个值。
2018-03-05 13:39:21,313 ERROR frmstart 13500020005 在线：可为空的对象必须具有一个值。
2018-03-05 13:39:21,341 ERROR frmstart 13500030002 在线：可为空的对象必须具有一个值。
2018-03-05 13:39:21,360 ERROR frmstart 13500030003 在线：可为空的对象必须具有一个值。
2018-03-05 13:39:21,380 ERROR frmstart 13500030004 在线：可为空的对象必须具有一个值。
2018-03-05 13:39:21,400 ERROR frmstart 13500030005 在线：可为空的对象必须具有一个值。
2018-03-05 13:39:21,429 ERROR frmstart 13500040002 在线：可为空的对象必须具有一个值。
2018-03-05 13:39:21,459 ERROR frmstart 13500050002 在线：可为空的对象必须具有一个值。
2018-03-05 13:39:21,509 ERROR frmstart 13500080002 在线：可为空的对象必须具有一个值。
2018-03-05 13:39:21,527 ERROR frmstart 13500080003 在线：可为空的对象必须具有一个值。
2018-03-05 13:39:21,546 ERROR frmstart 13500080004 在线：可为空的对象必须具有一个值。
2018-03-05 13:39:21,565 ERROR frmstart 13500080005 在线：可为空的对象必须具有一个值。
2018-03-05 13:39:21,584 ERROR frmstart 13500080006 在线：可为空的对象必须具有一个值。
2018-03-05 13:39:21,605 ERROR frmstart 13500080007 在线：可为空的对象必须具有一个值。
2018-03-05 13:39:21,628 ERROR frmstart 13500080008 在线：可为空的对象必须具有一个值。
2018-03-05 13:39:21,664 ERROR frmstart 13500100002 在线：可为空的对象必须具有一个值。
2018-03-05 13:39:21,705 ERROR frmstart 13500100003 在线：可为空的对象必须具有一个值。
2018-03-05 13:39:21,725 ERROR frmstart 13500100004 在线：可为空的对象必须具有一个值。
2018-03-05 13:39:21,744 ERROR frmstart 13500100005 在线：可为空的对象必须具有一个值。
2018-03-05 13:39:21,764 ERROR frmstart 13500100006 在线：可为空的对象必须具有一个值。
2018-03-05 13:39:21,792 ERROR frmstart 13500110002 在线：可为空的对象必须具有一个值。
2018-03-05 13:39:21,815 ERROR frmstart 13500110003 在线：可为空的对象必须具有一个值。
2018-03-05 13:39:21,833 ERROR frmstart 13500110004 在线：可为空的对象必须具有一个值。
2018-03-05 13:39:21,850 ERROR frmstart 13500110005 在线：可为空的对象必须具有一个值。
2018-03-05 13:39:21,868 ERROR frmstart 13500110006 在线：可为空的对象必须具有一个值。
2018-03-05 13:39:21,890 ERROR frmstart 13500110007 在线：可为空的对象必须具有一个值。
2018-03-05 13:39:21,911 ERROR frmstart 13500110008 在线：可为空的对象必须具有一个值。
2018-03-05 13:39:21,948 ERROR frmstart 13500130002 在线：可为空的对象必须具有一个值。
2018-03-05 13:39:21,967 ERROR frmstart 13500130003 在线：可为空的对象必须具有一个值。
2018-03-05 13:39:21,986 ERROR frmstart 13500130004 在线：可为空的对象必须具有一个值。
2018-03-05 13:39:22,007 ERROR frmstart 13500130005 在线：可为空的对象必须具有一个值。
2018-03-05 13:39:22,031 ERROR frmstart 13500130006 在线：可为空的对象必须具有一个值。
2018-03-05 13:39:22,050 ERROR frmstart 13500130007 在线：可为空的对象必须具有一个值。
2018-03-05 13:39:22,079 ERROR frmstart 13500140002 在线：可为空的对象必须具有一个值。
2018-03-05 13:39:22,107 ERROR frmstart 13500150002 在线：可为空的对象必须具有一个值。
2018-03-05 13:39:22,127 ERROR frmstart 13500150003 在线：可为空的对象必须具有一个值。
2018-03-05 13:39:22,146 ERROR frmstart 13500150004 在线：可为空的对象必须具有一个值。
2018-03-05 13:39:22,166 ERROR frmstart 13500150005 在线：可为空的对象必须具有一个值。
2018-03-05 13:40:19,582 INFO  frmstart 在线数量：0
2018-03-05 13:40:19,629 INFO  frmstart 计讯联接的dtu数量是：0个
2018-03-05 13:40:19,656 ERROR frmstart  在线：可为空的对象必须具有一个值。
2018-03-05 13:40:20,323 ERROR frmstart 13300050011 在线：可为空的对象必须具有一个值。
2018-03-05 13:40:20,903 ERROR frmstart 13300050067 在线：可为空的对象必须具有一个值。
2018-03-05 13:40:20,942 ERROR frmstart 13300050070 在线：可为空的对象必须具有一个值。
2018-03-05 13:40:20,998 ERROR frmstart 13300050075 在线：可为空的对象必须具有一个值。
2018-03-05 13:40:21,017 ERROR frmstart 13300050076 在线：可为空的对象必须具有一个值。
2018-03-05 13:40:21,556 ERROR frmstart 13500010002 在线：可为空的对象必须具有一个值。
2018-03-05 13:40:21,584 ERROR frmstart 13500020002 在线：可为空的对象必须具有一个值。
2018-03-05 13:40:21,602 ERROR frmstart 13500020003 在线：可为空的对象必须具有一个值。
2018-03-05 13:40:21,622 ERROR frmstart 13500020004 在线：可为空的对象必须具有一个值。
2018-03-05 13:40:21,641 ERROR frmstart 13500020005 在线：可为空的对象必须具有一个值。
2018-03-05 13:40:21,668 ERROR frmstart 13500030002 在线：可为空的对象必须具有一个值。
2018-03-05 13:40:21,688 ERROR frmstart 13500030003 在线：可为空的对象必须具有一个值。
2018-03-05 13:40:21,706 ERROR frmstart 13500030004 在线：可为空的对象必须具有一个值。
2018-03-05 13:40:21,725 ERROR frmstart 13500030005 在线：可为空的对象必须具有一个值。
2018-03-05 13:40:21,752 ERROR frmstart 13500040002 在线：可为空的对象必须具有一个值。
2018-03-05 13:40:21,785 ERROR frmstart 13500050002 在线：可为空的对象必须具有一个值。
2018-03-05 13:40:21,828 ERROR frmstart 13500080002 在线：可为空的对象必须具有一个值。
2018-03-05 13:40:21,846 ERROR frmstart 13500080003 在线：可为空的对象必须具有一个值。
2018-03-05 13:40:21,863 ERROR frmstart 13500080004 在线：可为空的对象必须具有一个值。
2018-03-05 13:40:21,891 ERROR frmstart 13500080005 在线：可为空的对象必须具有一个值。
2018-03-05 13:40:21,911 ERROR frmstart 13500080006 在线：可为空的对象必须具有一个值。
2018-03-05 13:40:21,937 ERROR frmstart 13500080007 在线：可为空的对象必须具有一个值。
2018-03-05 13:40:21,956 ERROR frmstart 13500080008 在线：可为空的对象必须具有一个值。
2018-03-05 13:40:21,999 ERROR frmstart 13500100002 在线：可为空的对象必须具有一个值。
2018-03-05 13:40:22,025 ERROR frmstart 13500100003 在线：可为空的对象必须具有一个值。
2018-03-05 13:40:22,049 ERROR frmstart 13500100004 在线：可为空的对象必须具有一个值。
2018-03-05 13:40:22,072 ERROR frmstart 13500100005 在线：可为空的对象必须具有一个值。
2018-03-05 13:40:22,094 ERROR frmstart 13500100006 在线：可为空的对象必须具有一个值。
2018-03-05 13:40:22,128 ERROR frmstart 13500110002 在线：可为空的对象必须具有一个值。
2018-03-05 13:40:22,152 ERROR frmstart 13500110003 在线：可为空的对象必须具有一个值。
2018-03-05 13:40:22,171 ERROR frmstart 13500110004 在线：可为空的对象必须具有一个值。
2018-03-05 13:40:22,192 ERROR frmstart 13500110005 在线：可为空的对象必须具有一个值。
2018-03-05 13:40:22,218 ERROR frmstart 13500110006 在线：可为空的对象必须具有一个值。
2018-03-05 13:40:22,240 ERROR frmstart 13500110007 在线：可为空的对象必须具有一个值。
2018-03-05 13:40:22,260 ERROR frmstart 13500110008 在线：可为空的对象必须具有一个值。
2018-03-05 13:40:22,301 ERROR frmstart 13500130002 在线：可为空的对象必须具有一个值。
2018-03-05 13:40:22,321 ERROR frmstart 13500130003 在线：可为空的对象必须具有一个值。
2018-03-05 13:40:22,342 ERROR frmstart 13500130004 在线：可为空的对象必须具有一个值。
2018-03-05 13:40:22,361 ERROR frmstart 13500130005 在线：可为空的对象必须具有一个值。
2018-03-05 13:40:22,380 ERROR frmstart 13500130006 在线：可为空的对象必须具有一个值。
2018-03-05 13:40:22,399 ERROR frmstart 13500130007 在线：可为空的对象必须具有一个值。
2018-03-05 13:40:22,432 ERROR frmstart 13500140002 在线：可为空的对象必须具有一个值。
2018-03-05 13:40:22,461 ERROR frmstart 13500150002 在线：可为空的对象必须具有一个值。
2018-03-05 13:40:22,482 ERROR frmstart 13500150003 在线：可为空的对象必须具有一个值。
2018-03-05 13:40:22,502 ERROR frmstart 13500150004 在线：可为空的对象必须具有一个值。
2018-03-05 13:40:22,521 ERROR frmstart 13500150005 在线：可为空的对象必须具有一个值。
2018-03-05 13:41:19,596 INFO  frmstart 在线数量：0
2018-03-05 13:41:19,636 INFO  frmstart 计讯联接的dtu数量是：0个
2018-03-05 13:41:19,666 ERROR frmstart  在线：可为空的对象必须具有一个值。
2018-03-05 13:41:20,299 ERROR frmstart 13300050011 在线：可为空的对象必须具有一个值。
2018-03-05 13:41:20,792 ERROR frmstart 13300050067 在线：可为空的对象必须具有一个值。
2018-03-05 13:41:20,831 ERROR frmstart 13300050070 在线：可为空的对象必须具有一个值。
2018-03-05 13:41:20,882 ERROR frmstart 13300050075 在线：可为空的对象必须具有一个值。
2018-03-05 13:41:20,899 ERROR frmstart 13300050076 在线：可为空的对象必须具有一个值。
2018-03-05 13:41:21,385 ERROR frmstart 13500010002 在线：可为空的对象必须具有一个值。
2018-03-05 13:41:21,414 ERROR frmstart 13500020002 在线：可为空的对象必须具有一个值。
2018-03-05 13:41:21,433 ERROR frmstart 13500020003 在线：可为空的对象必须具有一个值。
2018-03-05 13:41:21,455 ERROR frmstart 13500020004 在线：可为空的对象必须具有一个值。
2018-03-05 13:41:21,474 ERROR frmstart 13500020005 在线：可为空的对象必须具有一个值。
2018-03-05 13:41:21,501 ERROR frmstart 13500030002 在线：可为空的对象必须具有一个值。
2018-03-05 13:41:21,521 ERROR frmstart 13500030003 在线：可为空的对象必须具有一个值。
2018-03-05 13:41:21,540 ERROR frmstart 13500030004 在线：可为空的对象必须具有一个值。
2018-03-05 13:41:21,559 ERROR frmstart 13500030005 在线：可为空的对象必须具有一个值。
2018-03-05 13:41:21,589 ERROR frmstart 13500040002 在线：可为空的对象必须具有一个值。
2018-03-05 13:41:21,617 ERROR frmstart 13500050002 在线：可为空的对象必须具有一个值。
2018-03-05 13:41:21,661 ERROR frmstart 13500080002 在线：可为空的对象必须具有一个值。
2018-03-05 13:41:21,681 ERROR frmstart 13500080003 在线：可为空的对象必须具有一个值。
2018-03-05 13:41:21,704 ERROR frmstart 13500080004 在线：可为空的对象必须具有一个值。
2018-03-05 13:41:21,724 ERROR frmstart 13500080005 在线：可为空的对象必须具有一个值。
2018-03-05 13:41:21,742 ERROR frmstart 13500080006 在线：可为空的对象必须具有一个值。
2018-03-05 13:41:21,764 ERROR frmstart 13500080007 在线：可为空的对象必须具有一个值。
2018-03-05 13:41:21,782 ERROR frmstart 13500080008 在线：可为空的对象必须具有一个值。
2018-03-05 13:41:21,820 ERROR frmstart 13500100002 在线：可为空的对象必须具有一个值。
2018-03-05 13:41:21,840 ERROR frmstart 13500100003 在线：可为空的对象必须具有一个值。
2018-03-05 13:41:21,859 ERROR frmstart 13500100004 在线：可为空的对象必须具有一个值。
2018-03-05 13:41:21,879 ERROR frmstart 13500100005 在线：可为空的对象必须具有一个值。
2018-03-05 13:41:21,901 ERROR frmstart 13500100006 在线：可为空的对象必须具有一个值。
2018-03-05 13:41:21,929 ERROR frmstart 13500110002 在线：可为空的对象必须具有一个值。
2018-03-05 13:41:21,948 ERROR frmstart 13500110003 在线：可为空的对象必须具有一个值。
2018-03-05 13:41:21,971 ERROR frmstart 13500110004 在线：可为空的对象必须具有一个值。
2018-03-05 13:41:21,991 ERROR frmstart 13500110005 在线：可为空的对象必须具有一个值。
2018-03-05 13:41:22,012 ERROR frmstart 13500110006 在线：可为空的对象必须具有一个值。
2018-03-05 13:41:22,031 ERROR frmstart 13500110007 在线：可为空的对象必须具有一个值。
2018-03-05 13:41:22,049 ERROR frmstart 13500110008 在线：可为空的对象必须具有一个值。
2018-03-05 13:41:22,086 ERROR frmstart 13500130002 在线：可为空的对象必须具有一个值。
2018-03-05 13:41:22,106 ERROR frmstart 13500130003 在线：可为空的对象必须具有一个值。
2018-03-05 13:41:22,126 ERROR frmstart 13500130004 在线：可为空的对象必须具有一个值。
2018-03-05 13:41:22,145 ERROR frmstart 13500130005 在线：可为空的对象必须具有一个值。
2018-03-05 13:41:22,167 ERROR frmstart 13500130006 在线：可为空的对象必须具有一个值。
2018-03-05 13:41:22,186 ERROR frmstart 13500130007 在线：可为空的对象必须具有一个值。
2018-03-05 13:41:22,221 ERROR frmstart 13500140002 在线：可为空的对象必须具有一个值。
2018-03-05 13:41:22,249 ERROR frmstart 13500150002 在线：可为空的对象必须具有一个值。
2018-03-05 13:41:22,269 ERROR frmstart 13500150003 在线：可为空的对象必须具有一个值。
2018-03-05 13:41:22,289 ERROR frmstart 13500150004 在线：可为空的对象必须具有一个值。
2018-03-05 13:41:22,311 ERROR frmstart 13500150005 在线：可为空的对象必须具有一个值。
2018-03-05 13:42:19,608 INFO  frmstart 在线数量：0
2018-03-05 13:42:19,651 INFO  frmstart 计讯联接的dtu数量是：0个
2018-03-05 13:42:19,680 ERROR frmstart  在线：可为空的对象必须具有一个值。
2018-03-05 13:42:21,747 ERROR frmstart 13300050011 在线：可为空的对象必须具有一个值。
2018-03-05 13:42:23,548 ERROR frmstart 13300050067 在线：可为空的对象必须具有一个值。
2018-03-05 13:42:23,627 ERROR frmstart 13300050070 在线：可为空的对象必须具有一个值。
2018-03-05 13:42:23,760 ERROR frmstart 13300050075 在线：可为空的对象必须具有一个值。
2018-03-05 13:42:23,781 ERROR frmstart 13300050076 在线：可为空的对象必须具有一个值。
2018-03-05 13:42:25,269 ERROR frmstart 13500010002 在线：可为空的对象必须具有一个值。
2018-03-05 13:42:25,321 ERROR frmstart 13500020002 在线：可为空的对象必须具有一个值。
2018-03-05 13:42:25,341 ERROR frmstart 13500020003 在线：可为空的对象必须具有一个值。
2018-03-05 13:42:25,363 ERROR frmstart 13500020004 在线：可为空的对象必须具有一个值。
2018-03-05 13:42:25,382 ERROR frmstart 13500020005 在线：可为空的对象必须具有一个值。
2018-03-05 13:42:25,438 ERROR frmstart 13500030002 在线：可为空的对象必须具有一个值。
2018-03-05 13:42:25,458 ERROR frmstart 13500030003 在线：可为空的对象必须具有一个值。
2018-03-05 13:42:25,482 ERROR frmstart 13500030004 在线：可为空的对象必须具有一个值。
2018-03-05 13:42:25,501 ERROR frmstart 13500030005 在线：可为空的对象必须具有一个值。
2018-03-05 13:42:25,552 ERROR frmstart 13500040002 在线：可为空的对象必须具有一个值。
2018-03-05 13:42:25,634 ERROR frmstart 13500050002 在线：可为空的对象必须具有一个值。
2018-03-05 13:42:25,750 ERROR frmstart 13500080002 在线：可为空的对象必须具有一个值。
2018-03-05 13:42:25,768 ERROR frmstart 13500080003 在线：可为空的对象必须具有一个值。
2018-03-05 13:42:25,789 ERROR frmstart 13500080004 在线：可为空的对象必须具有一个值。
2018-03-05 13:42:25,809 ERROR frmstart 13500080005 在线：可为空的对象必须具有一个值。
2018-03-05 13:42:25,829 ERROR frmstart 13500080006 在线：可为空的对象必须具有一个值。
2018-03-05 13:42:25,848 ERROR frmstart 13500080007 在线：可为空的对象必须具有一个值。
2018-03-05 13:42:25,867 ERROR frmstart 13500080008 在线：可为空的对象必须具有一个值。
2018-03-05 13:42:25,951 ERROR frmstart 13500100002 在线：可为空的对象必须具有一个值。
2018-03-05 13:42:25,969 ERROR frmstart 13500100003 在线：可为空的对象必须具有一个值。
2018-03-05 13:42:25,990 ERROR frmstart 13500100004 在线：可为空的对象必须具有一个值。
2018-03-05 13:42:26,010 ERROR frmstart 13500100005 在线：可为空的对象必须具有一个值。
2018-03-05 13:42:26,031 ERROR frmstart 13500100006 在线：可为空的对象必须具有一个值。
2018-03-05 13:42:26,087 ERROR frmstart 13500110002 在线：可为空的对象必须具有一个值。
2018-03-05 13:42:26,112 ERROR frmstart 13500110003 在线：可为空的对象必须具有一个值。
2018-03-05 13:42:26,134 ERROR frmstart 13500110004 在线：可为空的对象必须具有一个值。
2018-03-05 13:42:26,155 ERROR frmstart 13500110005 在线：可为空的对象必须具有一个值。
2018-03-05 13:42:26,176 ERROR frmstart 13500110006 在线：可为空的对象必须具有一个值。
2018-03-05 13:42:26,196 ERROR frmstart 13500110007 在线：可为空的对象必须具有一个值。
2018-03-05 13:42:26,215 ERROR frmstart 13500110008 在线：可为空的对象必须具有一个值。
2018-03-05 13:42:26,296 ERROR frmstart 13500130002 在线：可为空的对象必须具有一个值。
2018-03-05 13:42:26,318 ERROR frmstart 13500130003 在线：可为空的对象必须具有一个值。
2018-03-05 13:42:26,338 ERROR frmstart 13500130004 在线：可为空的对象必须具有一个值。
2018-03-05 13:42:26,359 ERROR frmstart 13500130005 在线：可为空的对象必须具有一个值。
2018-03-05 13:42:26,379 ERROR frmstart 13500130006 在线：可为空的对象必须具有一个值。
2018-03-05 13:42:26,400 ERROR frmstart 13500130007 在线：可为空的对象必须具有一个值。
2018-03-05 13:42:26,454 ERROR frmstart 13500140002 在线：可为空的对象必须具有一个值。
2018-03-05 13:42:26,505 ERROR frmstart 13500150002 在线：可为空的对象必须具有一个值。
2018-03-05 13:42:26,527 ERROR frmstart 13500150003 在线：可为空的对象必须具有一个值。
2018-03-05 13:42:26,549 ERROR frmstart 13500150004 在线：可为空的对象必须具有一个值。
2018-03-05 13:42:26,568 ERROR frmstart 13500150005 在线：可为空的对象必须具有一个值。
2018-03-05 13:43:19,623 INFO  frmstart 在线数量：0
2018-03-05 13:43:19,656 INFO  frmstart 计讯联接的dtu数量是：0个
2018-03-05 13:43:19,676 ERROR frmstart  在线：可为空的对象必须具有一个值。
2018-03-05 13:43:21,100 ERROR frmstart 13300050011 在线：可为空的对象必须具有一个值。
2018-03-05 13:43:22,806 ERROR frmstart 13300050067 在线：可为空的对象必须具有一个值。
2018-03-05 13:43:22,958 ERROR frmstart 13300050070 在线：可为空的对象必须具有一个值。
2018-03-05 13:43:23,028 ERROR frmstart 13300050075 在线：可为空的对象必须具有一个值。
2018-03-05 13:43:23,057 ERROR frmstart 13300050076 在线：可为空的对象必须具有一个值。
2018-03-05 13:43:23,541 ERROR frmstart 13500010002 在线：可为空的对象必须具有一个值。
2018-03-05 13:43:23,570 ERROR frmstart 13500020002 在线：可为空的对象必须具有一个值。
2018-03-05 13:43:23,590 ERROR frmstart 13500020003 在线：可为空的对象必须具有一个值。
2018-03-05 13:43:23,630 ERROR frmstart 13500020004 在线：可为空的对象必须具有一个值。
2018-03-05 13:43:23,651 ERROR frmstart 13500020005 在线：可为空的对象必须具有一个值。
2018-03-05 13:43:23,676 ERROR frmstart 13500030002 在线：可为空的对象必须具有一个值。
2018-03-05 13:43:23,696 ERROR frmstart 13500030003 在线：可为空的对象必须具有一个值。
2018-03-05 13:43:23,718 ERROR frmstart 13500030004 在线：可为空的对象必须具有一个值。
2018-03-05 13:43:23,744 ERROR frmstart 13500030005 在线：可为空的对象必须具有一个值。
2018-03-05 13:43:23,774 ERROR frmstart 13500040002 在线：可为空的对象必须具有一个值。
2018-03-05 13:43:23,802 ERROR frmstart 13500050002 在线：可为空的对象必须具有一个值。
2018-03-05 13:43:23,848 ERROR frmstart 13500080002 在线：可为空的对象必须具有一个值。
2018-03-05 13:43:23,867 ERROR frmstart 13500080003 在线：可为空的对象必须具有一个值。
2018-03-05 13:43:23,885 ERROR frmstart 13500080004 在线：可为空的对象必须具有一个值。
2018-03-05 13:43:23,906 ERROR frmstart 13500080005 在线：可为空的对象必须具有一个值。
2018-03-05 13:43:23,926 ERROR frmstart 13500080006 在线：可为空的对象必须具有一个值。
2018-03-05 13:43:23,949 ERROR frmstart 13500080007 在线：可为空的对象必须具有一个值。
2018-03-05 13:43:23,969 ERROR frmstart 13500080008 在线：可为空的对象必须具有一个值。
2018-03-05 13:43:24,004 ERROR frmstart 13500100002 在线：可为空的对象必须具有一个值。
2018-03-05 13:43:24,023 ERROR frmstart 13500100003 在线：可为空的对象必须具有一个值。
2018-03-05 13:43:24,042 ERROR frmstart 13500100004 在线：可为空的对象必须具有一个值。
2018-03-05 13:43:24,064 ERROR frmstart 13500100005 在线：可为空的对象必须具有一个值。
2018-03-05 13:43:24,084 ERROR frmstart 13500100006 在线：可为空的对象必须具有一个值。
2018-03-05 13:43:24,112 ERROR frmstart 13500110002 在线：可为空的对象必须具有一个值。
2018-03-05 13:43:24,131 ERROR frmstart 13500110003 在线：可为空的对象必须具有一个值。
2018-03-05 13:43:24,152 ERROR frmstart 13500110004 在线：可为空的对象必须具有一个值。
2018-03-05 13:43:24,172 ERROR frmstart 13500110005 在线：可为空的对象必须具有一个值。
2018-03-05 13:43:24,191 ERROR frmstart 13500110006 在线：可为空的对象必须具有一个值。
2018-03-05 13:43:24,213 ERROR frmstart 13500110007 在线：可为空的对象必须具有一个值。
2018-03-05 13:43:24,233 ERROR frmstart 13500110008 在线：可为空的对象必须具有一个值。
2018-03-05 13:43:24,273 ERROR frmstart 13500130002 在线：可为空的对象必须具有一个值。
2018-03-05 13:43:24,291 ERROR frmstart 13500130003 在线：可为空的对象必须具有一个值。
2018-03-05 13:43:24,309 ERROR frmstart 13500130004 在线：可为空的对象必须具有一个值。
2018-03-05 13:43:24,328 ERROR frmstart 13500130005 在线：可为空的对象必须具有一个值。
2018-03-05 13:43:24,346 ERROR frmstart 13500130006 在线：可为空的对象必须具有一个值。
2018-03-05 13:43:24,369 ERROR frmstart 13500130007 在线：可为空的对象必须具有一个值。
2018-03-05 13:43:24,396 ERROR frmstart 13500140002 在线：可为空的对象必须具有一个值。
2018-03-05 13:43:24,424 ERROR frmstart 13500150002 在线：可为空的对象必须具有一个值。
2018-03-05 13:43:24,442 ERROR frmstart 13500150003 在线：可为空的对象必须具有一个值。
2018-03-05 13:43:24,461 ERROR frmstart 13500150004 在线：可为空的对象必须具有一个值。
2018-03-05 13:43:24,483 ERROR frmstart 13500150005 在线：可为空的对象必须具有一个值。
2018-03-05 13:44:19,636 INFO  frmstart 在线数量：0
2018-03-05 13:44:19,667 INFO  frmstart 计讯联接的dtu数量是：0个
2018-03-05 13:44:19,692 ERROR frmstart  在线：可为空的对象必须具有一个值。
2018-03-05 13:44:20,308 ERROR frmstart 13300050011 在线：可为空的对象必须具有一个值。
2018-03-05 13:44:20,843 ERROR frmstart 13300050067 在线：可为空的对象必须具有一个值。
2018-03-05 13:44:20,887 ERROR frmstart 13300050070 在线：可为空的对象必须具有一个值。
2018-03-05 13:44:20,948 ERROR frmstart 13300050075 在线：可为空的对象必须具有一个值。
2018-03-05 13:44:20,972 ERROR frmstart 13300050076 在线：可为空的对象必须具有一个值。
2018-03-05 13:44:21,509 ERROR frmstart 13500010002 在线：可为空的对象必须具有一个值。
2018-03-05 13:44:21,541 ERROR frmstart 13500020002 在线：可为空的对象必须具有一个值。
2018-03-05 13:44:21,561 ERROR frmstart 13500020003 在线：可为空的对象必须具有一个值。
2018-03-05 13:44:21,583 ERROR frmstart 13500020004 在线：可为空的对象必须具有一个值。
2018-03-05 13:44:21,612 ERROR frmstart 13500020005 在线：可为空的对象必须具有一个值。
2018-03-05 13:44:21,641 ERROR frmstart 13500030002 在线：可为空的对象必须具有一个值。
2018-03-05 13:44:21,662 ERROR frmstart 13500030003 在线：可为空的对象必须具有一个值。
2018-03-05 13:44:21,689 ERROR frmstart 13500030004 在线：可为空的对象必须具有一个值。
2018-03-05 13:44:21,714 ERROR frmstart 13500030005 在线：可为空的对象必须具有一个值。
2018-03-05 13:44:21,744 ERROR frmstart 13500040002 在线：可为空的对象必须具有一个值。
2018-03-05 13:44:21,774 ERROR frmstart 13500050002 在线：可为空的对象必须具有一个值。
2018-03-05 13:44:21,826 ERROR frmstart 13500080002 在线：可为空的对象必须具有一个值。
2018-03-05 13:44:21,845 ERROR frmstart 13500080003 在线：可为空的对象必须具有一个值。
2018-03-05 13:44:21,866 ERROR frmstart 13500080004 在线：可为空的对象必须具有一个值。
2018-03-05 13:44:21,885 ERROR frmstart 13500080005 在线：可为空的对象必须具有一个值。
2018-03-05 13:44:21,906 ERROR frmstart 13500080006 在线：可为空的对象必须具有一个值。
2018-03-05 13:44:21,928 ERROR frmstart 13500080007 在线：可为空的对象必须具有一个值。
2018-03-05 13:44:21,947 ERROR frmstart 13500080008 在线：可为空的对象必须具有一个值。
2018-03-05 13:44:21,985 ERROR frmstart 13500100002 在线：可为空的对象必须具有一个值。
2018-03-05 13:44:22,004 ERROR frmstart 13500100003 在线：可为空的对象必须具有一个值。
2018-03-05 13:44:22,026 ERROR frmstart 13500100004 在线：可为空的对象必须具有一个值。
2018-03-05 13:44:22,047 ERROR frmstart 13500100005 在线：可为空的对象必须具有一个值。
2018-03-05 13:44:22,075 ERROR frmstart 13500100006 在线：可为空的对象必须具有一个值。
2018-03-05 13:44:22,105 ERROR frmstart 13500110002 在线：可为空的对象必须具有一个值。
2018-03-05 13:44:22,124 ERROR frmstart 13500110003 在线：可为空的对象必须具有一个值。
2018-03-05 13:44:22,147 ERROR frmstart 13500110004 在线：可为空的对象必须具有一个值。
2018-03-05 13:44:22,171 ERROR frmstart 13500110005 在线：可为空的对象必须具有一个值。
2018-03-05 13:44:22,191 ERROR frmstart 13500110006 在线：可为空的对象必须具有一个值。
2018-03-05 13:44:22,212 ERROR frmstart 13500110007 在线：可为空的对象必须具有一个值。
2018-03-05 13:44:22,231 ERROR frmstart 13500110008 在线：可为空的对象必须具有一个值。
2018-03-05 13:44:22,268 ERROR frmstart 13500130002 在线：可为空的对象必须具有一个值。
2018-03-05 13:44:22,288 ERROR frmstart 13500130003 在线：可为空的对象必须具有一个值。
2018-03-05 13:44:22,310 ERROR frmstart 13500130004 在线：可为空的对象必须具有一个值。
2018-03-05 13:44:22,329 ERROR frmstart 13500130005 在线：可为空的对象必须具有一个值。
2018-03-05 13:44:22,350 ERROR frmstart 13500130006 在线：可为空的对象必须具有一个值。
2018-03-05 13:44:22,368 ERROR frmstart 13500130007 在线：可为空的对象必须具有一个值。
2018-03-05 13:44:22,398 ERROR frmstart 13500140002 在线：可为空的对象必须具有一个值。
2018-03-05 13:44:22,440 ERROR frmstart 13500150002 在线：可为空的对象必须具有一个值。
2018-03-05 13:44:22,464 ERROR frmstart 13500150003 在线：可为空的对象必须具有一个值。
2018-03-05 13:44:22,487 ERROR frmstart 13500150004 在线：可为空的对象必须具有一个值。
2018-03-05 13:44:22,507 ERROR frmstart 13500150005 在线：可为空的对象必须具有一个值。
