2017-11-02 14:34:09,848 ERROR frmstart JX 的新实例
2017-11-02 14:34:10,609 INFO  frmstart load start:34:10
2017-11-02 14:39:35,454 ERROR frmstart JX 的新实例
2017-11-02 14:39:36,067 INFO  frmstart load start:39:35
2017-11-02 14:40:01,200 INFO  frmstart 在线数量：0
2017-11-02 14:40:01,436 INFO  frmstart 计讯联接的dtu数量是：0个
2017-11-02 14:40:10,745 ERROR Error-GetBySql 序列包含一个以上的元素
2017-11-02 14:40:17,466 ERROR frmstart SendCommand:--errPos:902013311112222-0103000000070408
2017-11-02 14:40:17,467 ERROR frmstart SendCommand:--errPos:902013922220002-0103000000070408
2017-11-02 14:40:17,468 ERROR frmstart SendCommand:--errPos:902013600000000-01030000002B05D5
2017-11-02 14:40:17,469 ERROR frmstart SendCommand:--errPos:902013866668888-01030000002B05D5
2017-11-02 14:40:17,470 ERROR frmstart SendCommand:--errPos:902013866889999-01030000002B05D5
2017-11-02 14:40:17,917 ERROR frmstart 没有配置气象数据:13300050111
2017-11-02 14:40:17,918 ERROR frmstart 没有配置气象数据:13300050113
2017-11-02 14:40:17,919 ERROR frmstart 没有配置气象数据:13300050114
2017-11-02 14:40:17,920 ERROR frmstart 没有配置气象数据:13300050115
2017-11-02 14:40:17,921 ERROR frmstart 没有配置气象数据:13300050116
2017-11-02 14:40:17,922 ERROR frmstart 没有配置气象数据:13300050117
2017-11-02 14:40:17,928 ERROR frmstart 没有配置气象数据:13300050118
2017-11-02 14:40:17,930 ERROR frmstart 没有配置气象数据:13300050119
2017-11-02 14:40:17,931 ERROR frmstart 没有配置气象数据:13900110110
2017-11-02 14:40:18,370 ERROR Error-CreateWeatDownCommand 未将对象引用设置到对象的实例。
2017-11-02 14:40:18,481 ERROR Error-CreateWeatDownCommand 未将对象引用设置到对象的实例。
2017-11-02 14:40:18,939 ERROR frmstart 没有配置气象数据:13300040010
2017-11-02 14:40:18,940 ERROR frmstart 没有配置气象数据:13300040011
2017-11-02 14:40:19,147 ERROR Error-CreateWeatDownCommand 值不能为 null。
参数名: type
2017-11-02 14:40:19,295 ERROR Error-CreateWeatDownCommand 值不能为 null。
参数名: type
2017-11-02 14:40:19,681 ERROR Error-CreateWeatDownCommand 索引超出了数组界限。
2017-11-02 14:40:19,799 ERROR Error-CreateWeatDownCommand 值不能为 null。
参数名: type
2017-11-02 14:40:19,882 WARN  frmstart 启动计讯服务(Port=6012)无法在 DLL“gprsdll.dll”中找到名为“DLLStartService”的入口点。
2017-11-02 14:40:20,032 ERROR Error-CreateWeatDownCommand 索引超出了数组界限。
2017-11-02 14:40:20,052 ERROR frmstart start gprs文本长度必须少于 64 个字符。
参数名: Text
实际值是 (6002 默认服务已启动);计讯服务6012已启动计讯6012启动失败:无法在 DLL“gprsdll.dll”中找到名为“DLLStartService”的入口点。。
2017-11-02 14:40:20,055 INFO  frmstart load end:40:20
2017-11-02 14:40:20,183 ERROR frmstart 没有配置气象数据:13600110001
2017-11-02 14:40:20,202 INFO  frmstart 在线数量：0
2017-11-02 14:40:20,260 INFO  frmstart 计讯联接的dtu数量是：0个
2017-11-02 14:40:34,706 ERROR frmstart JX 的新实例
2017-11-02 14:40:35,322 INFO  frmstart load start:40:35
2017-11-02 14:40:58,408 INFO  frmstart 在线数量：0
2017-11-02 14:40:58,484 INFO  frmstart 计讯联接的dtu数量是：0个
2017-11-02 14:41:05,424 ERROR Error-GetBySql 序列包含一个以上的元素
2017-11-02 14:41:13,948 ERROR frmstart SendCommand:--errPos:902013311112222-0103000000070408
2017-11-02 14:41:13,957 ERROR frmstart SendCommand:--errPos:902013922220002-0103000000070408
2017-11-02 14:41:13,958 ERROR frmstart SendCommand:--errPos:902013600000000-01030000002B05D5
2017-11-02 14:41:13,959 ERROR frmstart SendCommand:--errPos:902013866668888-01030000002B05D5
2017-11-02 14:41:13,960 ERROR frmstart SendCommand:--errPos:902013866889999-01030000002B05D5
2017-11-02 14:41:27,103 ERROR frmstart 没有配置气象数据:13300050111
2017-11-02 14:41:27,105 ERROR frmstart 没有配置气象数据:13300050113
2017-11-02 14:41:27,106 ERROR frmstart 没有配置气象数据:13300050114
2017-11-02 14:41:27,107 ERROR frmstart 没有配置气象数据:13300050115
2017-11-02 14:41:27,108 ERROR frmstart 没有配置气象数据:13300050116
2017-11-02 14:41:27,109 ERROR frmstart 没有配置气象数据:13300050117
2017-11-02 14:41:27,110 ERROR frmstart 没有配置气象数据:13300050118
2017-11-02 14:41:27,115 ERROR frmstart 没有配置气象数据:13300050119
2017-11-02 14:41:27,119 ERROR frmstart 没有配置气象数据:13900110110
2017-11-02 14:41:27,575 ERROR Error-CreateWeatDownCommand 未将对象引用设置到对象的实例。
2017-11-02 14:41:27,700 ERROR Error-CreateWeatDownCommand 未将对象引用设置到对象的实例。
2017-11-02 14:41:28,208 ERROR frmstart 没有配置气象数据:13300040010
2017-11-02 14:41:28,212 ERROR frmstart 没有配置气象数据:13300040011
2017-11-02 14:41:28,409 ERROR Error-CreateWeatDownCommand 值不能为 null。
参数名: type
2017-11-02 14:41:28,571 ERROR Error-CreateWeatDownCommand 值不能为 null。
参数名: type
2017-11-02 14:41:29,000 ERROR Error-CreateWeatDownCommand 索引超出了数组界限。
2017-11-02 14:41:38,405 ERROR Error-CreateWeatDownCommand 值不能为 null。
参数名: type
