2017-11-15 22:21:53,073 ERROR Form1 tmrGetNeedSend_Tick:1
2017-11-15 22:21:53,088 ERROR Form1 队列长度：0,要新增：1
2017-11-15 22:21:53,171 INFO  Form1 要新增:1200000011308090017090080-----2017-11-15
2017-11-15 22:21:53,264 ERROR Form1 字符串的末尾有其他无法分析的字符。
System.FormatException: 字符串的末尾有其他无法分析的字符。
   在 System.ParseNumbers.StringToInt(String s, Int32 radix, Int32 flags, Int32* currPos)
   在 System.Convert.ToInt16(String value, Int32 fromBase)
   在 DSC_FTHj1.Write130809.Create(String data) 位置 d:\QyTech\TCPLibrary\ZheDaFTGath\Write130809.cs:行号 73
   在 TCPServer.Form1.tmrWriteData_Tick(Object sender, EventArgs e) 位置 d:\QyTech\TCPServer\Form1.cs:行号 539
2017-11-15 22:27:52,012 ERROR Form1 tmrGetNeedSend_Tick:1
2017-11-15 22:27:52,956 ERROR Form1 队列长度：0,要新增：1
2017-11-15 22:27:57,957 INFO  Form1 要新增:1200000011308090017090080-----2017-11-15
2017-11-15 22:29:26,336 ERROR Form1 字符串的末尾有其他无法分析的字符。
System.FormatException: 字符串的末尾有其他无法分析的字符。
   在 System.ParseNumbers.StringToInt(String s, Int32 radix, Int32 flags, Int32* currPos)
   在 System.Convert.ToInt16(String value, Int32 fromBase)
   在 DSC_FTHj1.Write130809.Create(String data)
   在 TCPServer.Form1.tmrWriteData_Tick(Object sender, EventArgs e) 位置 d:\QyTech\TCPServer\Form1.cs:行号 539
2017-11-15 22:29:26,359 ERROR Form1 tmrGetNeedSend_Tick:0
2017-11-15 22:29:30,101 ERROR Form1 tmrGetNeedSend_Tick:0
2017-11-15 22:29:35,104 ERROR Form1 tmrGetNeedSend_Tick:0
2017-11-15 22:30:00,276 ERROR Form1 tmrGetNeedSend_Tick:0
2017-11-15 22:30:24,601 ERROR Form1 tmrGetNeedSend_Tick:0
2017-11-15 22:30:29,560 ERROR Form1 tmrGetNeedSend_Tick:0
2017-11-15 22:30:34,556 ERROR Form1 tmrGetNeedSend_Tick:0
2017-11-15 22:30:39,550 ERROR Form1 tmrGetNeedSend_Tick:0
2017-11-15 22:30:44,563 ERROR Form1 tmrGetNeedSend_Tick:0
2017-11-15 22:30:49,576 ERROR Form1 tmrGetNeedSend_Tick:0
2017-11-15 22:30:54,580 ERROR Form1 tmrGetNeedSend_Tick:0
2017-11-15 22:30:59,590 ERROR Form1 tmrGetNeedSend_Tick:0
2017-11-15 22:31:04,652 ERROR Form1 tmrGetNeedSend_Tick:0
2017-11-15 22:31:09,645 ERROR Form1 tmrGetNeedSend_Tick:0
2017-11-15 22:31:14,631 ERROR Form1 tmrGetNeedSend_Tick:0
2017-11-15 22:31:19,628 ERROR Form1 tmrGetNeedSend_Tick:0
2017-11-15 22:31:24,631 ERROR Form1 tmrGetNeedSend_Tick:0
2017-11-15 22:31:29,635 ERROR Form1 tmrGetNeedSend_Tick:0
2017-11-15 22:31:34,647 ERROR Form1 tmrGetNeedSend_Tick:0
2017-11-15 22:31:39,656 ERROR Form1 tmrGetNeedSend_Tick:0
2017-11-15 22:31:44,667 ERROR Form1 tmrGetNeedSend_Tick:0
2017-11-15 22:31:49,671 ERROR Form1 tmrGetNeedSend_Tick:0
2017-11-15 22:31:54,685 ERROR Form1 tmrGetNeedSend_Tick:0
2017-11-15 22:31:59,679 ERROR Form1 tmrGetNeedSend_Tick:0
2017-11-15 22:32:04,696 ERROR Form1 tmrGetNeedSend_Tick:0
2017-11-15 22:32:09,707 ERROR Form1 tmrGetNeedSend_Tick:0
2017-11-15 22:32:14,783 ERROR Form1 tmrGetNeedSend_Tick:0
2017-11-15 22:33:24,294 ERROR Form1 tmrGetNeedSend_Tick:0
2017-11-15 22:36:30,416 ERROR Form1 tmrGetNeedSend_Tick:1
2017-11-15 22:36:31,189 ERROR Form1 队列长度：0,要新增：1
2017-11-15 22:36:34,031 INFO  Form1 要新增:1200000011308090017090080-----2017-11-15
