2018-03-20 12:49:50,596 INFO  Form1 tmrGetNeedSend_Tick:0
2018-03-20 12:49:54,632 INFO  Form1 tmrGetNeedSend_Tick:0
2018-03-20 12:50:14,259 INFO  Form1 tmrGetNeedSend_Tick:0
2018-03-20 12:50:17,039 INFO  Form1 tmrGetNeedSend_Tick:0
2018-03-20 12:50:58,974 INFO  Form1 tmrGetNeedSend_Tick:0
2018-03-20 12:51:02,020 INFO  Form1 tmrGetNeedSend_Tick:1
2018-03-20 12:51:02,867 ERROR Form1 队列长度：0,要新增：1
2018-03-20 12:51:06,483 INFO  Form1 要新增:1200000011380080017090489-----2018-03-20
2018-03-20 12:55:20,174 DEBUG Form1 增加列表1200000011380080017090489
2018-03-20 12:55:21,957 INFO  Form1 新增后队列长度：1
2018-03-20 12:55:21,961 INFO  Form1 断开连接，不能重新连接，重新初始化：03-20 12:55:21----：sockets:0---register:0


2018-03-20 12:55:33,061 INFO  Form1 tmrGetNeedSend_Tick:0

2018-03-20 12:57:20,567 INFO  Form1 tmrGetNeedSend_Tick:1
2018-03-20 12:57:20,580 ERROR Form1 队列长度：0,要新增：1
2018-03-20 12:57:24,493 INFO  Form1 要新增:1200000011380080017090489-----2018-03-20
2018-03-20 13:00:00,748 DEBUG Form1 增加列表1200000011380080017090489
2018-03-20 13:02:47,682 INFO  Form1 新增后队列长度：1
2018-03-20 13:02:47,687 INFO  Form1 断开连接，不能重新连接，重新初始化：03-20 13:02:47----：sockets:0---register:0

2018-03-20 13:03:06,939 INFO  Form1 tmrGetNeedSend_Tick:1
2018-03-20 13:03:06,953 ERROR Form1 队列长度：0,要新增：1
2018-03-20 13:03:10,827 INFO  Form1 要新增:1200000011320000017090489-----2018-03-20
2018-03-20 13:05:33,074 DEBUG Form1 增加列表1200000011320000017090489
2018-03-20 13:05:34,891 INFO  Form1 新增后队列长度：1
2018-03-20 13:30:32,212 INFO  Form1 tmrGetNeedSend_Tick:2
2018-03-20 13:30:33,485 ERROR Form1 队列长度：0,要新增：2
2018-03-20 13:30:43,291 INFO  Form1 要新增:12000000313400955,15,15,1-----2018-03-20
2018-03-20 13:33:10,610 DEBUG Form1 增加列表12000000313400955,15,15,1
2018-03-20 13:33:19,544 INFO  Form1 要新增:120000003131009-----2018-03-20
2018-03-20 21:13:33,988 INFO  Form1 tmrGetNeedSend_Tick:0
2018-03-20 21:13:38,023 INFO  Form1 tmrGetNeedSend_Tick:0
2018-03-20 21:13:40,224 INFO  Form1 tmrGetNeedSend_Tick:0
2018-03-20 21:13:45,232 INFO  Form1 tmrGetNeedSend_Tick:0
2018-03-20 21:13:50,239 INFO  Form1 tmrGetNeedSend_Tick:0
2018-03-20 21:13:55,263 INFO  Form1 tmrGetNeedSend_Tick:0
2018-03-20 21:14:00,255 INFO  Form1 tmrGetNeedSend_Tick:0
2018-03-20 21:14:42,055 INFO  Form1 tmrGetNeedSend_Tick:0
2018-03-20 21:14:45,325 INFO  Form1 tmrGetNeedSend_Tick:0
2018-03-20 21:14:50,324 INFO  Form1 tmrGetNeedSend_Tick:0
2018-03-20 21:14:55,343 INFO  Form1 tmrGetNeedSend_Tick:0
2018-03-20 21:15:34,741 INFO  Form1 tmrGetNeedSend_Tick:0
2018-03-20 21:15:35,396 INFO  Form1 tmrGetNeedSend_Tick:0
2018-03-20 21:17:00,944 INFO  Form1 tmrGetNeedSend_Tick:0
2018-03-20 21:17:05,858 INFO  Form1 tmrGetNeedSend_Tick:0
2018-03-20 21:42:58,131 INFO  Form1 tmrGetNeedSend_Tick:0
2018-03-20 21:43:03,038 INFO  Form1 tmrGetNeedSend_Tick:0
2018-03-20 21:43:08,049 INFO  Form1 tmrGetNeedSend_Tick:0
2018-03-20 21:43:13,060 INFO  Form1 tmrGetNeedSend_Tick:0
2018-03-20 21:43:18,061 INFO  Form1 tmrGetNeedSend_Tick:0
2018-03-20 21:43:23,101 INFO  Form1 tmrGetNeedSend_Tick:0
2018-03-20 21:43:28,081 INFO  Form1 tmrGetNeedSend_Tick:0
2018-03-20 21:43:33,091 INFO  Form1 tmrGetNeedSend_Tick:0
2018-03-20 21:43:38,097 INFO  Form1 tmrGetNeedSend_Tick:0
2018-03-20 21:43:43,104 INFO  Form1 tmrGetNeedSend_Tick:0
2018-03-20 21:46:11,434 INFO  Form1 tmrGetNeedSend_Tick:0
2018-03-20 21:46:16,341 INFO  Form1 tmrGetNeedSend_Tick:0
2018-03-20 21:46:21,352 INFO  Form1 tmrGetNeedSend_Tick:0
2018-03-20 21:46:26,363 INFO  Form1 tmrGetNeedSend_Tick:0
2018-03-20 21:46:31,371 INFO  Form1 tmrGetNeedSend_Tick:0
2018-03-20 21:46:36,370 INFO  Form1 tmrGetNeedSend_Tick:0
2018-03-20 21:46:41,381 INFO  Form1 tmrGetNeedSend_Tick:0
2018-03-20 21:46:46,381 INFO  Form1 tmrGetNeedSend_Tick:0
2018-03-20 21:46:51,460 INFO  Form1 tmrGetNeedSend_Tick:0
2018-03-20 21:46:56,401 INFO  Form1 tmrGetNeedSend_Tick:0
2018-03-20 21:47:01,449 INFO  Form1 tmrGetNeedSend_Tick:0
2018-03-20 21:47:06,419 INFO  Form1 tmrGetNeedSend_Tick:0
2018-03-20 21:47:11,426 INFO  Form1 tmrGetNeedSend_Tick:0
2018-03-20 21:47:16,428 INFO  Form1 tmrGetNeedSend_Tick:0
2018-03-20 21:47:21,453 INFO  Form1 tmrGetNeedSend_Tick:0
2018-03-20 21:47:26,447 INFO  Form1 tmrGetNeedSend_Tick:0
2018-03-20 21:47:31,457 INFO  Form1 tmrGetNeedSend_Tick:0
2018-03-20 21:47:36,466 INFO  Form1 tmrGetNeedSend_Tick:0
2018-03-20 21:47:41,466 INFO  Form1 tmrGetNeedSend_Tick:0
2018-03-20 21:47:46,481 INFO  Form1 tmrGetNeedSend_Tick:0
2018-03-20 21:47:51,491 INFO  Form1 tmrGetNeedSend_Tick:0
2018-03-20 21:47:56,491 INFO  Form1 tmrGetNeedSend_Tick:0
2018-03-20 21:48:01,593 INFO  Form1 tmrGetNeedSend_Tick:0
2018-03-20 21:48:06,522 INFO  Form1 tmrGetNeedSend_Tick:0
2018-03-20 21:48:11,517 INFO  Form1 tmrGetNeedSend_Tick:0
2018-03-20 21:48:54,981 INFO  Form1 tmrGetNeedSend_Tick:0
2018-03-20 21:48:56,585 INFO  Form1 tmrGetNeedSend_Tick:0
2018-03-20 21:49:01,597 INFO  Form1 tmrGetNeedSend_Tick:0
2018-03-20 21:53:01,560 INFO  Form1 断开连接，不能重新连接，重新初始化：03-20 21:53:01----：sockets:0---register:0



2018-03-20 21:53:21,629 INFO  Form1 tmrGetNeedSend_Tick:0
2018-03-20 21:53:26,565 INFO  Form1 tmrGetNeedSend_Tick:0
2018-03-20 21:53:31,577 INFO  Form1 tmrGetNeedSend_Tick:0
2018-03-20 21:53:49,983 INFO  Form1 tmrGetNeedSend_Tick:0
2018-03-20 21:53:51,605 INFO  Form1 tmrGetNeedSend_Tick:0
2018-03-20 21:53:56,611 INFO  Form1 tmrGetNeedSend_Tick:0
2018-03-20 21:54:01,617 INFO  Form1 tmrGetNeedSend_Tick:0
2018-03-20 21:54:06,621 INFO  Form1 tmrGetNeedSend_Tick:0
2018-03-20 21:54:11,653 INFO  Form1 tmrGetNeedSend_Tick:0
2018-03-20 21:54:16,641 INFO  Form1 tmrGetNeedSend_Tick:0
2018-03-20 21:54:21,644 INFO  Form1 tmrGetNeedSend_Tick:0
