2017-11-01 15:35:44,763 ERROR Form1 tmrGetNeedSend_Tick:0
2017-11-01 16:08:01,804 ERROR Form1 tmrGetNeedSend_Tick:0
2017-11-01 16:08:02,864 ERROR Form1 tmrGetNeedSend_Tick:0
2017-11-01 16:08:23,801 ERROR Form1 tmrGetNeedSend_Tick:0
2017-11-01 16:08:26,519 ERROR Form1 tmrGetNeedSend_Tick:0
2017-11-01 16:08:27,367 ERROR Form1 tmrGetNeedSend_Tick:0
2017-11-01 16:08:30,776 ERROR Form1 tmrGetNeedSend_Tick:0
2017-11-01 16:08:35,764 ERROR Form1 tmrGetNeedSend_Tick:0
2017-11-01 16:08:40,773 ERROR Form1 tmrGetNeedSend_Tick:0
2017-11-01 16:08:45,781 ERROR Form1 tmrGetNeedSend_Tick:0
2017-11-01 16:08:50,787 ERROR Form1 tmrGetNeedSend_Tick:0
2017-11-01 16:08:55,796 ERROR Form1 tmrGetNeedSend_Tick:0
2017-11-01 16:09:00,819 ERROR Form1 tmrGetNeedSend_Tick:0
2017-11-01 16:09:05,829 ERROR Form1 tmrGetNeedSend_Tick:0
2017-11-01 16:09:10,838 ERROR Form1 tmrGetNeedSend_Tick:0
2017-11-01 16:09:15,875 ERROR Form1 tmrGetNeedSend_Tick:0
2017-11-01 16:09:20,870 ERROR Form1 tmrGetNeedSend_Tick:0
2017-11-01 16:09:25,986 ERROR Form1 tmrGetNeedSend_Tick:0
2017-11-01 16:09:30,863 ERROR Form1 tmrGetNeedSend_Tick:0
2017-11-01 16:09:35,860 ERROR Form1 tmrGetNeedSend_Tick:0
2017-11-01 16:09:40,892 ERROR Form1 tmrGetNeedSend_Tick:0
2017-11-01 16:09:45,899 ERROR Form1 tmrGetNeedSend_Tick:0
2017-11-01 16:09:50,905 ERROR Form1 tmrGetNeedSend_Tick:0
2017-11-01 16:09:55,906 ERROR Form1 tmrGetNeedSend_Tick:0
2017-11-01 16:10:00,921 ERROR Form1 tmrGetNeedSend_Tick:0
2017-11-01 16:10:05,943 ERROR Form1 tmrGetNeedSend_Tick:0
2017-11-01 16:10:10,922 ERROR Form1 tmrGetNeedSend_Tick:0
2017-11-01 16:10:15,947 ERROR Form1 tmrGetNeedSend_Tick:0
2017-11-01 16:10:20,938 ERROR Form1 tmrGetNeedSend_Tick:0
2017-11-01 16:10:25,944 ERROR Form1 tmrGetNeedSend_Tick:0
2017-11-01 16:10:30,959 ERROR Form1 tmrGetNeedSend_Tick:0
2017-11-01 16:10:36,008 ERROR Form1 tmrGetNeedSend_Tick:0
2017-11-01 16:10:40,969 ERROR Form1 tmrGetNeedSend_Tick:0
2017-11-01 16:10:45,985 ERROR Form1 tmrGetNeedSend_Tick:0
2017-11-01 16:10:50,995 ERROR Form1 tmrGetNeedSend_Tick:0
2017-11-01 16:10:56,007 ERROR Form1 tmrGetNeedSend_Tick:0
2017-11-01 21:35:15,261 ERROR frmstart JX 的新实例
2017-11-01 21:35:16,119 INFO  frmstart load start:35:16
2017-11-01 21:36:45,093 ERROR frmstart JX 的新实例
2017-11-01 21:36:46,078 INFO  frmstart load start:36:45
2017-11-01 21:39:09,304 ERROR frmstart JX 的新实例
2017-11-01 21:39:10,039 INFO  frmstart load start:39:09
2017-11-01 21:40:26,701 ERROR frmstart 13600110001---值不能为 null。
参数名: type
2017-11-01 21:40:27,129 INFO  frmstart 在线数量：0
2017-11-01 21:40:27,174 INFO  frmstart 计讯联接的dtu数量是：0个
2017-11-01 21:40:30,882 INFO  frmstart 在线数量：0
2017-11-01 21:40:30,883 INFO  frmstart 计讯联接的dtu数量是：0个
2017-11-01 21:40:34,394 ERROR Error-GetBySql 序列包含一个以上的元素
2017-11-01 21:41:22,963 ERROR frmstart JX 的新实例
2017-11-01 21:41:23,602 INFO  frmstart load start:41:23
2017-11-01 21:42:16,346 ERROR frmstart JX 的新实例
2017-11-01 21:42:17,084 INFO  frmstart load start:42:17
2017-11-01 21:46:07,892 ERROR frmstart 13600110001---值不能为 null。
参数名: type
2017-11-01 21:46:08,240 INFO  frmstart 在线数量：0
2017-11-01 21:46:08,254 INFO  frmstart 计讯联接的dtu数量是：0个
2017-11-01 21:46:26,120 INFO  frmstart 在线数量：0
2017-11-01 21:46:26,122 INFO  frmstart 计讯联接的dtu数量是：0个
2017-11-01 21:46:31,757 ERROR Error-GetBySql 序列包含一个以上的元素
2017-11-01 21:46:36,807 ERROR frmstart SendCommand:--errPos:902013311112222-0103000000070408
2017-11-01 21:46:36,808 ERROR frmstart SendCommand:--errPos:902013922220002-0103000000070408
2017-11-01 21:46:36,809 ERROR frmstart SendCommand:--errPos:902013600000000-01030000002B05D5
2017-11-01 21:46:36,810 ERROR frmstart SendCommand:--errPos:902013866668888-01030000002B05D5
2017-11-01 21:46:36,811 ERROR frmstart SendCommand:--errPos:902013866889999-01030000002B05D5
2017-11-01 21:46:37,950 ERROR frmstart 没有配置气象数据:13300050111
2017-11-01 21:46:37,952 ERROR frmstart 没有配置气象数据:13300050113
2017-11-01 21:46:37,954 ERROR frmstart 没有配置气象数据:13300050114
2017-11-01 21:46:37,959 ERROR frmstart 没有配置气象数据:13300050115
2017-11-01 21:46:37,966 ERROR frmstart 没有配置气象数据:13300050116
2017-11-01 21:46:37,975 ERROR frmstart 没有配置气象数据:13300050117
2017-11-01 21:46:37,976 ERROR frmstart 没有配置气象数据:13300050118
2017-11-01 21:46:37,977 ERROR frmstart 没有配置气象数据:13300050119
2017-11-01 21:46:37,977 ERROR frmstart 没有配置气象数据:13900110110
2017-11-01 21:46:40,341 ERROR Error-CreateWeatDownCommand 未将对象引用设置到对象的实例。
2017-11-01 21:46:40,636 ERROR Error-CreateWeatDownCommand 未将对象引用设置到对象的实例。
2017-11-01 21:46:41,345 ERROR frmstart 没有配置气象数据:13300040010
2017-11-01 21:46:41,346 ERROR frmstart 没有配置气象数据:13300040011
2017-11-01 21:46:41,481 ERROR Error-CreateWeatDownCommand 值不能为 null。
参数名: type
2017-11-01 21:46:41,590 ERROR Error-CreateWeatDownCommand 值不能为 null。
参数名: type
2017-11-01 21:46:52,420 INFO  frmstart 启动计讯服务(Port=6012)
2017-11-01 21:46:52,426 INFO  frmstart load end:46:52
2017-11-01 21:46:52,568 ERROR Error-CreateWeatDownCommand 索引超出了数组界限。
2017-11-01 21:46:52,676 INFO  frmstart 在线数量：0
2017-11-01 21:46:52,678 INFO  frmstart 计讯联接的dtu数量是：0个
2017-11-01 21:46:52,701 ERROR Error-CreateWeatDownCommand 值不能为 null。
参数名: type
2017-11-01 21:46:52,833 ERROR Error-CreateWeatDownCommand 索引超出了数组界限。
2017-11-01 21:46:52,996 ERROR frmstart 没有配置气象数据:13600110001
2017-11-01 21:46:53,442 ERROR frmstart 准备接收计讯数据！
2017-11-01 21:46:53,444 ERROR frmstart 准备获取计讯数据（计讯模块）
2017-11-01 21:46:53,445 ERROR frmstart 准备获取计讯数据（计讯模块）...
2017-11-01 21:46:53,448 ERROR frmstart 接收计讯数据！数据有：0
2017-11-01 21:46:58,810 INFO  frmstart 停止计讯服务
2017-11-01 21:48:12,119 ERROR frmstart JX 的新实例
2017-11-01 21:48:12,858 INFO  frmstart load start:48:12
2017-11-01 21:52:00,618 ERROR frmstart JX 的新实例
2017-11-01 21:52:01,301 INFO  frmstart load start:52:01
2017-11-01 21:53:48,692 INFO  frmstart 在线数量：0
2017-11-01 21:53:48,705 INFO  frmstart 计讯联接的dtu数量是：0个
2017-11-01 21:54:02,840 ERROR Error-GetBySql 序列包含一个以上的元素
2017-11-01 21:54:12,884 INFO  frmstart 在线数量：0
2017-11-01 21:54:12,885 INFO  frmstart 计讯联接的dtu数量是：0个
2017-11-01 21:54:13,753 ERROR frmstart SendCommand:--errPos:902013311112222-0103000000070408
2017-11-01 21:54:13,755 ERROR frmstart SendCommand:--errPos:902013922220002-0103000000070408
2017-11-01 21:54:13,757 ERROR frmstart SendCommand:--errPos:902013600000000-01030000002B05D5
2017-11-01 21:54:13,758 ERROR frmstart SendCommand:--errPos:902013866668888-01030000002B05D5
2017-11-01 21:54:13,759 ERROR frmstart SendCommand:--errPos:902013866889999-01030000002B05D5
2017-11-01 21:54:15,335 ERROR frmstart 没有配置气象数据:13300050111
2017-11-01 21:54:15,335 ERROR frmstart 没有配置气象数据:13300050113
2017-11-01 21:54:15,336 ERROR frmstart 没有配置气象数据:13300050114
2017-11-01 21:54:15,337 ERROR frmstart 没有配置气象数据:13300050115
2017-11-01 21:54:15,338 ERROR frmstart 没有配置气象数据:13300050116
2017-11-01 21:54:15,338 ERROR frmstart 没有配置气象数据:13300050117
2017-11-01 21:54:15,339 ERROR frmstart 没有配置气象数据:13300050118
2017-11-01 21:54:15,339 ERROR frmstart 没有配置气象数据:13300050119
2017-11-01 21:54:15,340 ERROR frmstart 没有配置气象数据:13900110110
2017-11-01 21:54:24,426 INFO  frmstart 启动计讯服务(Port=6012)
2017-11-01 21:54:24,437 INFO  frmstart load end:54:24
2017-11-01 21:54:24,556 ERROR Error-CreateWeatDownCommand 未将对象引用设置到对象的实例。
2017-11-01 21:54:24,617 INFO  frmstart 在线数量：0
2017-11-01 21:54:24,619 INFO  frmstart 计讯联接的dtu数量是：0个
2017-11-01 21:54:24,722 ERROR Error-CreateWeatDownCommand 未将对象引用设置到对象的实例。
2017-11-01 21:54:25,203 ERROR frmstart 没有配置气象数据:13300040010
2017-11-01 21:54:25,205 ERROR frmstart 没有配置气象数据:13300040011
2017-11-01 21:54:25,333 ERROR Error-CreateWeatDownCommand 值不能为 null。
参数名: type
2017-11-01 21:54:25,476 ERROR Error-CreateWeatDownCommand 值不能为 null。
参数名: type
2017-11-01 21:54:25,479 ERROR frmstart 准备接收计讯数据！
2017-11-01 21:54:25,481 ERROR frmstart 准备获取计讯数据（计讯模块）
2017-11-01 21:54:25,482 ERROR frmstart 准备获取计讯数据（计讯模块）...
2017-11-01 21:54:25,499 ERROR frmstart 接收计讯数据！数据有：0
2017-11-01 21:54:25,813 ERROR Error-CreateWeatDownCommand 索引超出了数组界限。
2017-11-01 21:54:25,965 ERROR Error-CreateWeatDownCommand 值不能为 null。
参数名: type
2017-11-01 21:54:26,099 ERROR Error-CreateWeatDownCommand 索引超出了数组界限。
2017-11-01 21:54:26,300 ERROR frmstart 没有配置气象数据:13600110001
2017-11-01 21:54:26,447 ERROR frmstart 准备接收计讯数据！
2017-11-01 21:54:26,448 ERROR frmstart 准备获取计讯数据（计讯模块）
2017-11-01 21:54:26,449 ERROR frmstart 准备获取计讯数据（计讯模块）...
2017-11-01 21:54:26,449 ERROR frmstart 接收计讯数据！数据有：0
2017-11-01 21:54:27,461 ERROR frmstart 准备接收计讯数据！
2017-11-01 21:54:27,462 ERROR frmstart 准备获取计讯数据（计讯模块）
2017-11-01 21:54:27,463 ERROR frmstart 准备获取计讯数据（计讯模块）...
2017-11-01 21:54:27,464 ERROR frmstart 接收计讯数据！数据有：0
2017-11-01 21:54:28,476 ERROR frmstart 准备接收计讯数据！
2017-11-01 21:54:28,477 ERROR frmstart 准备获取计讯数据（计讯模块）
2017-11-01 21:54:28,478 ERROR frmstart 准备获取计讯数据（计讯模块）...
2017-11-01 21:54:28,479 ERROR frmstart 接收计讯数据！数据有：0
2017-11-01 21:54:29,488 ERROR frmstart 准备接收计讯数据！
2017-11-01 21:54:29,489 ERROR frmstart 准备获取计讯数据（计讯模块）
2017-11-01 21:54:29,489 ERROR frmstart 准备获取计讯数据（计讯模块）...
2017-11-01 21:54:29,490 ERROR frmstart 接收计讯数据！数据有：0
2017-11-01 21:54:30,502 ERROR frmstart 准备接收计讯数据！
2017-11-01 21:54:30,503 ERROR frmstart 准备获取计讯数据（计讯模块）
2017-11-01 21:54:30,503 ERROR frmstart 准备获取计讯数据（计讯模块）...
2017-11-01 21:54:30,504 ERROR frmstart 接收计讯数据！数据有：0
2017-11-01 21:54:31,517 ERROR frmstart 准备接收计讯数据！
2017-11-01 21:54:31,518 ERROR frmstart 准备获取计讯数据（计讯模块）
2017-11-01 21:54:31,519 ERROR frmstart 准备获取计讯数据（计讯模块）...
2017-11-01 21:54:31,519 ERROR frmstart 接收计讯数据！数据有：0
2017-11-01 21:54:32,531 ERROR frmstart 准备接收计讯数据！
2017-11-01 21:54:32,533 ERROR frmstart 准备获取计讯数据（计讯模块）
2017-11-01 21:54:32,534 ERROR frmstart 准备获取计讯数据（计讯模块）...
2017-11-01 21:54:32,535 ERROR frmstart 接收计讯数据！数据有：0
2017-11-01 21:54:33,545 ERROR frmstart 准备接收计讯数据！
2017-11-01 21:54:33,547 ERROR frmstart 准备获取计讯数据（计讯模块）
2017-11-01 21:54:33,549 ERROR frmstart 准备获取计讯数据（计讯模块）...
2017-11-01 21:54:33,550 ERROR frmstart 接收计讯数据！数据有：0
2017-11-01 21:54:34,560 ERROR frmstart 准备接收计讯数据！
2017-11-01 21:54:34,562 ERROR frmstart 准备获取计讯数据（计讯模块）
2017-11-01 21:54:34,562 ERROR frmstart 准备获取计讯数据（计讯模块）...
2017-11-01 21:54:34,563 ERROR frmstart 接收计讯数据！数据有：0
2017-11-01 21:54:35,573 ERROR frmstart 准备接收计讯数据！
2017-11-01 21:54:35,574 ERROR frmstart 准备获取计讯数据（计讯模块）
2017-11-01 21:54:35,575 ERROR frmstart 准备获取计讯数据（计讯模块）...
2017-11-01 21:54:35,576 ERROR frmstart 接收计讯数据！数据有：0
2017-11-01 21:54:36,587 ERROR frmstart 准备接收计讯数据！
2017-11-01 21:54:36,588 ERROR frmstart 准备获取计讯数据（计讯模块）
2017-11-01 21:54:36,588 ERROR frmstart 准备获取计讯数据（计讯模块）...
2017-11-01 21:54:36,589 ERROR frmstart 接收计讯数据！数据有：0
2017-11-01 21:54:37,601 ERROR frmstart 准备接收计讯数据！
2017-11-01 21:54:37,603 ERROR frmstart 准备获取计讯数据（计讯模块）
2017-11-01 21:54:37,604 ERROR frmstart 准备获取计讯数据（计讯模块）...
2017-11-01 21:54:37,605 ERROR frmstart 接收计讯数据！数据有：0
2017-11-01 21:54:38,615 ERROR frmstart 准备接收计讯数据！
2017-11-01 21:54:38,616 ERROR frmstart 准备获取计讯数据（计讯模块）
2017-11-01 21:54:38,618 ERROR frmstart 准备获取计讯数据（计讯模块）...
2017-11-01 21:54:38,619 ERROR frmstart 接收计讯数据！数据有：0
2017-11-01 21:54:39,630 ERROR frmstart 准备接收计讯数据！
2017-11-01 21:54:39,631 ERROR frmstart 准备获取计讯数据（计讯模块）
2017-11-01 21:54:39,631 ERROR frmstart 准备获取计讯数据（计讯模块）...
2017-11-01 21:54:39,632 ERROR frmstart 接收计讯数据！数据有：0
2017-11-01 21:54:40,643 ERROR frmstart 准备接收计讯数据！
2017-11-01 21:54:40,645 ERROR frmstart 准备获取计讯数据（计讯模块）
2017-11-01 21:54:40,646 ERROR frmstart 准备获取计讯数据（计讯模块）...
2017-11-01 21:54:40,648 ERROR frmstart 接收计讯数据！数据有：0
2017-11-01 21:54:41,033 INFO  frmstart 在线数量：0
2017-11-01 21:54:41,034 INFO  frmstart 计讯联接的dtu数量是：0个
2017-11-01 21:54:41,658 ERROR frmstart 准备接收计讯数据！
2017-11-01 21:54:41,660 ERROR frmstart 准备获取计讯数据（计讯模块）
2017-11-01 21:54:41,661 ERROR frmstart 准备获取计讯数据（计讯模块）...
2017-11-01 21:54:41,662 ERROR frmstart 接收计讯数据！数据有：0
2017-11-01 21:54:42,672 ERROR frmstart 准备接收计讯数据！
2017-11-01 21:54:42,672 ERROR frmstart 准备获取计讯数据（计讯模块）
2017-11-01 21:54:42,673 ERROR frmstart 准备获取计讯数据（计讯模块）...
2017-11-01 21:54:42,674 ERROR frmstart 接收计讯数据！数据有：0
2017-11-01 21:54:43,685 ERROR frmstart 准备接收计讯数据！
2017-11-01 21:54:43,686 ERROR frmstart 准备获取计讯数据（计讯模块）
2017-11-01 21:54:43,686 ERROR frmstart 准备获取计讯数据（计讯模块）...
2017-11-01 21:54:43,687 ERROR frmstart 接收计讯数据！数据有：0
2017-11-01 21:54:44,698 ERROR frmstart 准备接收计讯数据！
2017-11-01 21:54:44,699 ERROR frmstart 准备获取计讯数据（计讯模块）
2017-11-01 21:54:44,699 ERROR frmstart 准备获取计讯数据（计讯模块）...
2017-11-01 21:54:44,700 ERROR frmstart 接收计讯数据！数据有：0
2017-11-01 21:54:45,713 ERROR frmstart 准备接收计讯数据！
2017-11-01 21:54:45,714 ERROR frmstart 准备获取计讯数据（计讯模块）
2017-11-01 21:54:45,715 ERROR frmstart 准备获取计讯数据（计讯模块）...
2017-11-01 21:54:45,715 ERROR frmstart 接收计讯数据！数据有：0
2017-11-01 21:54:46,726 ERROR frmstart 准备接收计讯数据！
2017-11-01 21:54:46,728 ERROR frmstart 准备获取计讯数据（计讯模块）
2017-11-01 21:54:46,729 ERROR frmstart 准备获取计讯数据（计讯模块）...
2017-11-01 21:54:46,730 ERROR frmstart 接收计讯数据！数据有：0
2017-11-01 21:54:47,740 ERROR frmstart 准备接收计讯数据！
2017-11-01 21:54:47,741 ERROR frmstart 准备获取计讯数据（计讯模块）
2017-11-01 21:54:47,741 ERROR frmstart 准备获取计讯数据（计讯模块）...
2017-11-01 21:54:47,742 ERROR frmstart 接收计讯数据！数据有：0
2017-11-01 21:54:48,754 ERROR frmstart 准备接收计讯数据！
2017-11-01 21:54:48,755 ERROR frmstart 准备获取计讯数据（计讯模块）
2017-11-01 21:54:48,755 ERROR frmstart 准备获取计讯数据（计讯模块）...
2017-11-01 21:54:48,756 ERROR frmstart 接收计讯数据！数据有：0
2017-11-01 21:54:49,768 ERROR frmstart 准备接收计讯数据！
2017-11-01 21:54:49,770 ERROR frmstart 准备获取计讯数据（计讯模块）
2017-11-01 21:54:49,771 ERROR frmstart 准备获取计讯数据（计讯模块）...
2017-11-01 21:54:49,773 ERROR frmstart 接收计讯数据！数据有：0
2017-11-01 21:54:50,784 ERROR frmstart 准备接收计讯数据！
2017-11-01 21:54:50,785 ERROR frmstart 准备获取计讯数据（计讯模块）
2017-11-01 21:54:50,786 ERROR frmstart 准备获取计讯数据（计讯模块）...
2017-11-01 21:54:50,787 ERROR frmstart 接收计讯数据！数据有：0
2017-11-01 21:54:51,798 ERROR frmstart 准备接收计讯数据！
2017-11-01 21:54:51,799 ERROR frmstart 准备获取计讯数据（计讯模块）
2017-11-01 21:54:51,800 ERROR frmstart 准备获取计讯数据（计讯模块）...
2017-11-01 21:54:51,801 ERROR frmstart 接收计讯数据！数据有：0
2017-11-01 21:54:52,811 ERROR frmstart 准备接收计讯数据！
2017-11-01 21:54:52,813 ERROR frmstart 准备获取计讯数据（计讯模块）
2017-11-01 21:54:52,814 ERROR frmstart 准备获取计讯数据（计讯模块）...
2017-11-01 21:54:52,815 ERROR frmstart 接收计讯数据！数据有：0
2017-11-01 21:54:53,825 ERROR frmstart 准备接收计讯数据！
2017-11-01 21:54:53,826 ERROR frmstart 准备获取计讯数据（计讯模块）
2017-11-01 21:54:53,827 ERROR frmstart 准备获取计讯数据（计讯模块）...
2017-11-01 21:54:53,827 ERROR frmstart 接收计讯数据！数据有：0
2017-11-01 21:54:54,840 ERROR frmstart 准备接收计讯数据！
2017-11-01 21:54:54,841 ERROR frmstart 准备获取计讯数据（计讯模块）
2017-11-01 21:54:54,842 ERROR frmstart 准备获取计讯数据（计讯模块）...
2017-11-01 21:54:54,842 ERROR frmstart 接收计讯数据！数据有：0
2017-11-01 21:54:55,854 ERROR frmstart 准备接收计讯数据！
2017-11-01 21:54:55,855 ERROR frmstart 准备获取计讯数据（计讯模块）
2017-11-01 21:54:55,856 ERROR frmstart 准备获取计讯数据（计讯模块）...
2017-11-01 21:54:55,857 ERROR frmstart 接收计讯数据！数据有：0
2017-11-01 21:54:56,867 ERROR frmstart 准备接收计讯数据！
2017-11-01 21:54:56,868 ERROR frmstart 准备获取计讯数据（计讯模块）
2017-11-01 21:54:56,869 ERROR frmstart 准备获取计讯数据（计讯模块）...
2017-11-01 21:54:56,870 ERROR frmstart 接收计讯数据！数据有：0
2017-11-01 21:54:57,881 ERROR frmstart 准备接收计讯数据！
2017-11-01 21:54:57,882 ERROR frmstart 准备获取计讯数据（计讯模块）
2017-11-01 21:54:57,883 ERROR frmstart 准备获取计讯数据（计讯模块）...
2017-11-01 21:54:57,883 ERROR frmstart 接收计讯数据！数据有：0
2017-11-01 21:54:58,896 ERROR frmstart 准备接收计讯数据！
2017-11-01 21:54:58,897 ERROR frmstart 准备获取计讯数据（计讯模块）
2017-11-01 21:54:58,898 ERROR frmstart 准备获取计讯数据（计讯模块）...
2017-11-01 21:54:58,900 ERROR frmstart 接收计讯数据！数据有：0
2017-11-01 21:54:59,909 ERROR frmstart 准备接收计讯数据！
2017-11-01 21:54:59,910 ERROR frmstart 准备获取计讯数据（计讯模块）
2017-11-01 21:54:59,911 ERROR frmstart 准备获取计讯数据（计讯模块）...
2017-11-01 21:54:59,912 ERROR frmstart 接收计讯数据！数据有：0
2017-11-01 21:55:00,923 ERROR frmstart 准备接收计讯数据！
2017-11-01 21:55:00,924 ERROR frmstart 准备获取计讯数据（计讯模块）
2017-11-01 21:55:00,924 ERROR frmstart 准备获取计讯数据（计讯模块）...
2017-11-01 21:55:00,925 ERROR frmstart 接收计讯数据！数据有：0
2017-11-01 21:55:01,047 INFO  frmstart 在线数量：0
2017-11-01 21:55:01,048 INFO  frmstart 计讯联接的dtu数量是：0个
2017-11-01 21:55:01,937 ERROR frmstart 准备接收计讯数据！
2017-11-01 21:55:01,938 ERROR frmstart 准备获取计讯数据（计讯模块）
2017-11-01 21:55:01,939 ERROR frmstart 准备获取计讯数据（计讯模块）...
2017-11-01 21:55:01,940 ERROR frmstart 接收计讯数据！数据有：0
2017-11-01 21:55:02,951 ERROR frmstart 准备接收计讯数据！
2017-11-01 21:55:02,952 ERROR frmstart 准备获取计讯数据（计讯模块）
2017-11-01 21:55:02,953 ERROR frmstart 准备获取计讯数据（计讯模块）...
2017-11-01 21:55:02,954 ERROR frmstart 接收计讯数据！数据有：0
2017-11-01 21:55:03,964 ERROR frmstart 准备接收计讯数据！
2017-11-01 21:55:03,965 ERROR frmstart 准备获取计讯数据（计讯模块）
2017-11-01 21:55:03,966 ERROR frmstart 准备获取计讯数据（计讯模块）...
2017-11-01 21:55:03,966 ERROR frmstart 接收计讯数据！数据有：0
2017-11-01 21:55:04,978 ERROR frmstart 准备接收计讯数据！
2017-11-01 21:55:04,979 ERROR frmstart 准备获取计讯数据（计讯模块）
2017-11-01 21:55:04,979 ERROR frmstart 准备获取计讯数据（计讯模块）...
2017-11-01 21:55:04,980 ERROR frmstart 接收计讯数据！数据有：0
2017-11-01 21:55:05,993 ERROR frmstart 准备接收计讯数据！
2017-11-01 21:55:05,994 ERROR frmstart 准备获取计讯数据（计讯模块）
2017-11-01 21:55:05,994 ERROR frmstart 准备获取计讯数据（计讯模块）...
2017-11-01 21:55:05,995 ERROR frmstart 接收计讯数据！数据有：0
2017-11-01 21:55:07,007 ERROR frmstart 准备接收计讯数据！
2017-11-01 21:55:07,008 ERROR frmstart 准备获取计讯数据（计讯模块）
2017-11-01 21:55:07,009 ERROR frmstart 准备获取计讯数据（计讯模块）...
2017-11-01 21:55:07,009 ERROR frmstart 接收计讯数据！数据有：0
2017-11-01 21:55:08,021 ERROR frmstart 准备接收计讯数据！
2017-11-01 21:55:08,022 ERROR frmstart 准备获取计讯数据（计讯模块）
2017-11-01 21:55:08,023 ERROR frmstart 准备获取计讯数据（计讯模块）...
2017-11-01 21:55:08,023 ERROR frmstart 接收计讯数据！数据有：0
2017-11-01 21:55:09,036 ERROR frmstart 准备接收计讯数据！
2017-11-01 21:55:09,039 ERROR frmstart 准备获取计讯数据（计讯模块）
2017-11-01 21:55:09,040 ERROR frmstart 准备获取计讯数据（计讯模块）...
2017-11-01 21:55:09,042 ERROR frmstart 接收计讯数据！数据有：0
2017-11-01 21:55:10,049 ERROR frmstart 准备接收计讯数据！
2017-11-01 21:55:10,050 ERROR frmstart 准备获取计讯数据（计讯模块）
2017-11-01 21:55:10,052 ERROR frmstart 准备获取计讯数据（计讯模块）...
2017-11-01 21:55:10,053 ERROR frmstart 接收计讯数据！数据有：0
2017-11-01 21:55:11,063 ERROR frmstart 准备接收计讯数据！
2017-11-01 21:55:11,064 ERROR frmstart 准备获取计讯数据（计讯模块）
2017-11-01 21:55:11,065 ERROR frmstart 准备获取计讯数据（计讯模块）...
2017-11-01 21:55:11,065 ERROR frmstart 接收计讯数据！数据有：0
2017-11-01 21:55:12,077 ERROR frmstart 准备接收计讯数据！
2017-11-01 21:55:12,078 ERROR frmstart 准备获取计讯数据（计讯模块）
2017-11-01 21:55:12,079 ERROR frmstart 准备获取计讯数据（计讯模块）...
2017-11-01 21:55:12,080 ERROR frmstart 接收计讯数据！数据有：0
2017-11-01 21:55:13,091 ERROR frmstart 准备接收计讯数据！
2017-11-01 21:55:13,092 ERROR frmstart 准备获取计讯数据（计讯模块）
2017-11-01 21:55:13,093 ERROR frmstart 准备获取计讯数据（计讯模块）...
2017-11-01 21:55:13,093 ERROR frmstart 接收计讯数据！数据有：0
2017-11-01 21:55:14,105 ERROR frmstart 准备接收计讯数据！
2017-11-01 21:55:14,106 ERROR frmstart 准备获取计讯数据（计讯模块）
2017-11-01 21:55:14,106 ERROR frmstart 准备获取计讯数据（计讯模块）...
2017-11-01 21:55:14,107 ERROR frmstart 接收计讯数据！数据有：0
2017-11-01 21:55:15,119 ERROR frmstart 准备接收计讯数据！
2017-11-01 21:55:15,121 ERROR frmstart 准备获取计讯数据（计讯模块）
2017-11-01 21:55:15,123 ERROR frmstart 准备获取计讯数据（计讯模块）...
2017-11-01 21:55:15,124 ERROR frmstart 接收计讯数据！数据有：0
2017-11-01 21:55:16,134 ERROR frmstart 准备接收计讯数据！
2017-11-01 21:55:16,135 ERROR frmstart 准备获取计讯数据（计讯模块）
2017-11-01 21:55:16,136 ERROR frmstart 准备获取计讯数据（计讯模块）...
2017-11-01 21:55:16,137 ERROR frmstart 接收计讯数据！数据有：0
2017-11-01 21:55:17,147 ERROR frmstart 准备接收计讯数据！
2017-11-01 21:55:17,148 ERROR frmstart 准备获取计讯数据（计讯模块）
2017-11-01 21:55:17,167 ERROR frmstart 准备获取计讯数据（计讯模块）...
2017-11-01 21:55:17,168 ERROR frmstart 接收计讯数据！数据有：0
2017-11-01 21:55:18,161 ERROR frmstart 准备接收计讯数据！
2017-11-01 21:55:18,162 ERROR frmstart 准备获取计讯数据（计讯模块）
2017-11-01 21:55:18,162 ERROR frmstart 准备获取计讯数据（计讯模块）...
2017-11-01 21:55:18,163 ERROR frmstart 接收计讯数据！数据有：0
2017-11-01 21:55:19,176 ERROR frmstart 准备接收计讯数据！
2017-11-01 21:55:19,177 ERROR frmstart 准备获取计讯数据（计讯模块）
2017-11-01 21:55:19,178 ERROR frmstart 准备获取计讯数据（计讯模块）...
2017-11-01 21:55:19,178 ERROR frmstart 接收计讯数据！数据有：0
2017-11-01 21:55:20,189 ERROR frmstart 准备接收计讯数据！
2017-11-01 21:55:20,191 ERROR frmstart 准备获取计讯数据（计讯模块）
2017-11-01 21:55:20,193 ERROR frmstart 准备获取计讯数据（计讯模块）...
2017-11-01 21:55:20,194 ERROR frmstart 接收计讯数据！数据有：0
2017-11-01 21:55:21,062 INFO  frmstart 在线数量：0
2017-11-01 21:55:21,064 INFO  frmstart 计讯联接的dtu数量是：0个
2017-11-01 21:55:21,204 ERROR frmstart 准备接收计讯数据！
2017-11-01 21:55:21,206 ERROR frmstart 准备获取计讯数据（计讯模块）
2017-11-01 21:55:21,207 ERROR frmstart 准备获取计讯数据（计讯模块）...
2017-11-01 21:55:21,208 ERROR frmstart 接收计讯数据！数据有：0
2017-11-01 21:55:22,217 ERROR frmstart 准备接收计讯数据！
2017-11-01 21:55:22,219 ERROR frmstart 准备获取计讯数据（计讯模块）
2017-11-01 21:55:22,220 ERROR frmstart 准备获取计讯数据（计讯模块）...
2017-11-01 21:55:22,222 ERROR frmstart 接收计讯数据！数据有：0
2017-11-01 21:55:23,231 ERROR frmstart 准备接收计讯数据！
2017-11-01 21:55:23,232 ERROR frmstart 准备获取计讯数据（计讯模块）
2017-11-01 21:55:23,232 ERROR frmstart 准备获取计讯数据（计讯模块）...
2017-11-01 21:55:23,233 ERROR frmstart 接收计讯数据！数据有：0
2017-11-01 21:55:24,244 ERROR frmstart 准备接收计讯数据！
2017-11-01 21:55:24,245 ERROR frmstart 准备获取计讯数据（计讯模块）
2017-11-01 21:55:24,245 ERROR frmstart 准备获取计讯数据（计讯模块）...
2017-11-01 21:55:24,246 ERROR frmstart 接收计讯数据！数据有：0
2017-11-01 21:55:25,260 ERROR frmstart 准备接收计讯数据！
2017-11-01 21:55:25,261 ERROR frmstart 准备获取计讯数据（计讯模块）
2017-11-01 21:55:25,261 ERROR frmstart 准备获取计讯数据（计讯模块）...
2017-11-01 21:55:25,262 ERROR frmstart 接收计讯数据！数据有：0
2017-11-01 21:55:26,274 ERROR frmstart 准备接收计讯数据！
2017-11-01 21:55:26,275 ERROR frmstart 准备获取计讯数据（计讯模块）
2017-11-01 21:55:26,282 ERROR frmstart 准备获取计讯数据（计讯模块）...
2017-11-01 21:55:26,283 ERROR frmstart 接收计讯数据！数据有：0
2017-11-01 21:55:27,288 ERROR frmstart 准备接收计讯数据！
2017-11-01 21:55:27,289 ERROR frmstart 准备获取计讯数据（计讯模块）
2017-11-01 21:55:27,290 ERROR frmstart 准备获取计讯数据（计讯模块）...
2017-11-01 21:55:27,291 ERROR frmstart 接收计讯数据！数据有：0
2017-11-01 21:55:28,302 ERROR frmstart 准备接收计讯数据！
2017-11-01 21:55:28,303 ERROR frmstart 准备获取计讯数据（计讯模块）
2017-11-01 21:55:28,303 ERROR frmstart 准备获取计讯数据（计讯模块）...
2017-11-01 21:55:28,304 ERROR frmstart 接收计讯数据！数据有：0
2017-11-01 21:55:29,315 ERROR frmstart 准备接收计讯数据！
2017-11-01 21:55:29,316 ERROR frmstart 准备获取计讯数据（计讯模块）
2017-11-01 21:55:29,317 ERROR frmstart 准备获取计讯数据（计讯模块）...
2017-11-01 21:55:29,318 ERROR frmstart 接收计讯数据！数据有：0
2017-11-01 21:55:30,329 ERROR frmstart 准备接收计讯数据！
2017-11-01 21:55:30,330 ERROR frmstart 准备获取计讯数据（计讯模块）
2017-11-01 21:55:30,331 ERROR frmstart 准备获取计讯数据（计讯模块）...
2017-11-01 21:55:30,332 ERROR frmstart 接收计讯数据！数据有：0
2017-11-01 21:55:31,343 ERROR frmstart 准备接收计讯数据！
2017-11-01 21:55:31,345 ERROR frmstart 准备获取计讯数据（计讯模块）
2017-11-01 21:55:31,345 ERROR frmstart 准备获取计讯数据（计讯模块）...
2017-11-01 21:55:31,346 ERROR frmstart 接收计讯数据！数据有：0
2017-11-01 21:55:32,358 ERROR frmstart 准备接收计讯数据！
2017-11-01 21:55:32,359 ERROR frmstart 准备获取计讯数据（计讯模块）
2017-11-01 21:55:32,360 ERROR frmstart 准备获取计讯数据（计讯模块）...
2017-11-01 21:55:32,360 ERROR frmstart 接收计讯数据！数据有：0
2017-11-01 21:55:33,371 ERROR frmstart 准备接收计讯数据！
2017-11-01 21:55:33,372 ERROR frmstart 准备获取计讯数据（计讯模块）
2017-11-01 21:55:33,375 ERROR frmstart 准备获取计讯数据（计讯模块）...
2017-11-01 21:55:33,376 ERROR frmstart 接收计讯数据！数据有：0
2017-11-01 21:55:34,385 ERROR frmstart 准备接收计讯数据！
2017-11-01 21:55:34,386 ERROR frmstart 准备获取计讯数据（计讯模块）
2017-11-01 21:55:34,387 ERROR frmstart 准备获取计讯数据（计讯模块）...
2017-11-01 21:55:34,388 ERROR frmstart 接收计讯数据！数据有：0
2017-11-01 21:55:35,400 ERROR frmstart 准备接收计讯数据！
2017-11-01 21:55:35,401 ERROR frmstart 准备获取计讯数据（计讯模块）
2017-11-01 21:55:35,402 ERROR frmstart 准备获取计讯数据（计讯模块）...
2017-11-01 21:55:35,402 ERROR frmstart 接收计讯数据！数据有：0
2017-11-01 21:55:36,413 ERROR frmstart 准备接收计讯数据！
2017-11-01 21:55:36,414 ERROR frmstart 准备获取计讯数据（计讯模块）
2017-11-01 21:55:36,415 ERROR frmstart 准备获取计讯数据（计讯模块）...
2017-11-01 21:55:36,416 ERROR frmstart 接收计讯数据！数据有：0
2017-11-01 21:55:37,428 ERROR frmstart 准备接收计讯数据！
2017-11-01 21:55:37,429 ERROR frmstart 准备获取计讯数据（计讯模块）
2017-11-01 21:55:37,431 ERROR frmstart 准备获取计讯数据（计讯模块）...
2017-11-01 21:55:37,432 ERROR frmstart 接收计讯数据！数据有：0
2017-11-01 21:55:38,442 ERROR frmstart 准备接收计讯数据！
2017-11-01 21:55:38,443 ERROR frmstart 准备获取计讯数据（计讯模块）
2017-11-01 21:55:38,445 ERROR frmstart 准备获取计讯数据（计讯模块）...
2017-11-01 21:55:38,446 ERROR frmstart 接收计讯数据！数据有：0
2017-11-01 21:55:39,455 ERROR frmstart 准备接收计讯数据！
2017-11-01 21:55:39,456 ERROR frmstart 准备获取计讯数据（计讯模块）
2017-11-01 21:55:39,457 ERROR frmstart 准备获取计讯数据（计讯模块）...
2017-11-01 21:55:39,457 ERROR frmstart 接收计讯数据！数据有：0
2017-11-01 21:55:40,469 ERROR frmstart 准备接收计讯数据！
2017-11-01 21:55:40,470 ERROR frmstart 准备获取计讯数据（计讯模块）
2017-11-01 21:55:40,471 ERROR frmstart 准备获取计讯数据（计讯模块）...
2017-11-01 21:55:40,471 ERROR frmstart 接收计讯数据！数据有：0
2017-11-01 21:55:41,077 INFO  frmstart 在线数量：0
2017-11-01 21:55:41,078 INFO  frmstart 计讯联接的dtu数量是：0个
2017-11-01 21:55:41,484 ERROR frmstart 准备接收计讯数据！
2017-11-01 21:55:41,485 ERROR frmstart 准备获取计讯数据（计讯模块）
2017-11-01 21:55:41,486 ERROR frmstart 准备获取计讯数据（计讯模块）...
2017-11-01 21:55:41,486 ERROR frmstart 接收计讯数据！数据有：0
2017-11-01 21:55:42,498 ERROR frmstart 准备接收计讯数据！
2017-11-01 21:55:42,499 ERROR frmstart 准备获取计讯数据（计讯模块）
2017-11-01 21:55:42,499 ERROR frmstart 准备获取计讯数据（计讯模块）...
2017-11-01 21:55:42,500 ERROR frmstart 接收计讯数据！数据有：0
2017-11-01 21:55:43,511 ERROR frmstart 准备接收计讯数据！
2017-11-01 21:55:43,513 ERROR frmstart 准备获取计讯数据（计讯模块）
2017-11-01 21:55:43,513 ERROR frmstart 准备获取计讯数据（计讯模块）...
2017-11-01 21:55:43,514 ERROR frmstart 接收计讯数据！数据有：0
2017-11-01 21:55:44,525 ERROR frmstart 准备接收计讯数据！
2017-11-01 21:55:44,527 ERROR frmstart 准备获取计讯数据（计讯模块）
2017-11-01 21:55:44,529 ERROR frmstart 准备获取计讯数据（计讯模块）...
2017-11-01 21:55:44,530 ERROR frmstart 接收计讯数据！数据有：0
2017-11-01 21:55:45,540 ERROR frmstart 准备接收计讯数据！
2017-11-01 21:55:45,542 ERROR frmstart 准备获取计讯数据（计讯模块）
2017-11-01 21:55:45,543 ERROR frmstart 准备获取计讯数据（计讯模块）...
2017-11-01 21:55:45,544 ERROR frmstart 接收计讯数据！数据有：0
2017-11-01 21:55:46,312 ERROR frmstart SendCommand:--errPos:902013311112222-0103000000070408
2017-11-01 21:55:46,313 ERROR frmstart SendCommand:--errPos:902013922220002-0103000000070408
2017-11-01 21:55:46,314 ERROR frmstart SendCommand:--errPos:902013600000000-01030000002B05D5
2017-11-01 21:55:46,314 ERROR frmstart SendCommand:--errPos:902013866668888-01030000002B05D5
2017-11-01 21:55:46,315 ERROR frmstart SendCommand:--errPos:902013866889999-01030000002B05D5
2017-11-01 21:55:46,553 ERROR frmstart 准备接收计讯数据！
2017-11-01 21:55:46,554 ERROR frmstart 准备获取计讯数据（计讯模块）
2017-11-01 21:55:46,554 ERROR frmstart 准备获取计讯数据（计讯模块）...
2017-11-01 21:55:46,555 ERROR frmstart 接收计讯数据！数据有：0
2017-11-01 21:55:46,886 ERROR frmstart 没有配置气象数据:13300050111
2017-11-01 21:55:46,887 ERROR frmstart 没有配置气象数据:13300050113
2017-11-01 21:55:46,888 ERROR frmstart 没有配置气象数据:13300050114
2017-11-01 21:55:46,888 ERROR frmstart 没有配置气象数据:13300050115
2017-11-01 21:55:46,889 ERROR frmstart 没有配置气象数据:13300050116
2017-11-01 21:55:46,890 ERROR frmstart 没有配置气象数据:13300050117
2017-11-01 21:55:46,891 ERROR frmstart 没有配置气象数据:13300050118
2017-11-01 21:55:46,891 ERROR frmstart 没有配置气象数据:13300050119
2017-11-01 21:55:46,892 ERROR frmstart 没有配置气象数据:13900110110
2017-11-01 21:55:47,471 ERROR Error-CreateWeatDownCommand 未将对象引用设置到对象的实例。
2017-11-01 21:55:47,567 ERROR frmstart 准备接收计讯数据！
2017-11-01 21:55:47,569 ERROR frmstart 准备获取计讯数据（计讯模块）
2017-11-01 21:55:47,570 ERROR frmstart 准备获取计讯数据（计讯模块）...
2017-11-01 21:55:47,572 ERROR frmstart 接收计讯数据！数据有：0
2017-11-01 21:55:47,671 ERROR Error-CreateWeatDownCommand 未将对象引用设置到对象的实例。
2017-11-01 21:55:48,581 ERROR frmstart 准备接收计讯数据！
2017-11-01 21:55:48,582 ERROR frmstart 准备获取计讯数据（计讯模块）
2017-11-01 21:55:48,582 ERROR frmstart 准备获取计讯数据（计讯模块）...
2017-11-01 21:55:48,583 ERROR frmstart 接收计讯数据！数据有：0
2017-11-01 21:55:48,618 ERROR frmstart 没有配置气象数据:13300040010
2017-11-01 21:55:48,619 ERROR frmstart 没有配置气象数据:13300040011
2017-11-01 21:55:48,743 ERROR Error-CreateWeatDownCommand 值不能为 null。
参数名: type
2017-11-01 21:55:48,871 ERROR Error-CreateWeatDownCommand 值不能为 null。
参数名: type
2017-11-01 21:55:49,201 ERROR Error-CreateWeatDownCommand 索引超出了数组界限。
2017-11-01 21:55:49,339 ERROR Error-CreateWeatDownCommand 值不能为 null。
参数名: type
2017-11-01 21:55:49,477 ERROR Error-CreateWeatDownCommand 索引超出了数组界限。
2017-11-01 21:55:49,596 ERROR frmstart 准备接收计讯数据！
2017-11-01 21:55:49,598 ERROR frmstart 准备获取计讯数据（计讯模块）
2017-11-01 21:55:49,599 ERROR frmstart 准备获取计讯数据（计讯模块）...
2017-11-01 21:55:49,600 ERROR frmstart 接收计讯数据！数据有：0
2017-11-01 21:55:49,682 ERROR frmstart 没有配置气象数据:13600110001
2017-11-01 21:55:50,610 ERROR frmstart 准备接收计讯数据！
2017-11-01 21:55:50,611 ERROR frmstart 准备获取计讯数据（计讯模块）
2017-11-01 21:55:50,611 ERROR frmstart 准备获取计讯数据（计讯模块）...
2017-11-01 21:55:50,612 ERROR frmstart 接收计讯数据！数据有：0
2017-11-01 21:55:51,623 ERROR frmstart 准备接收计讯数据！
2017-11-01 21:55:51,624 ERROR frmstart 准备获取计讯数据（计讯模块）
2017-11-01 21:55:51,625 ERROR frmstart 准备获取计讯数据（计讯模块）...
2017-11-01 21:55:51,626 ERROR frmstart 接收计讯数据！数据有：0
2017-11-01 21:55:52,637 ERROR frmstart 准备接收计讯数据！
2017-11-01 21:55:52,638 ERROR frmstart 准备获取计讯数据（计讯模块）
2017-11-01 21:55:52,639 ERROR frmstart 准备获取计讯数据（计讯模块）...
2017-11-01 21:55:52,640 ERROR frmstart 接收计讯数据！数据有：0
2017-11-01 21:55:53,651 ERROR frmstart 准备接收计讯数据！
2017-11-01 21:55:53,652 ERROR frmstart 准备获取计讯数据（计讯模块）
2017-11-01 21:55:53,652 ERROR frmstart 准备获取计讯数据（计讯模块）...
2017-11-01 21:55:53,653 ERROR frmstart 接收计讯数据！数据有：0
2017-11-01 21:55:54,665 ERROR frmstart 准备接收计讯数据！
2017-11-01 21:55:54,706 ERROR frmstart 准备获取计讯数据（计讯模块）
2017-11-01 21:55:54,707 ERROR frmstart 准备获取计讯数据（计讯模块）...
2017-11-01 21:55:54,708 ERROR frmstart 接收计讯数据！数据有：0
2017-11-01 21:55:55,679 ERROR frmstart 准备接收计讯数据！
2017-11-01 21:55:55,680 ERROR frmstart 准备获取计讯数据（计讯模块）
2017-11-01 21:55:55,681 ERROR frmstart 准备获取计讯数据（计讯模块）...
2017-11-01 21:55:55,682 ERROR frmstart 接收计讯数据！数据有：0
2017-11-01 21:55:56,693 ERROR frmstart 准备接收计讯数据！
2017-11-01 21:55:56,694 ERROR frmstart 准备获取计讯数据（计讯模块）
2017-11-01 21:55:56,695 ERROR frmstart 准备获取计讯数据（计讯模块）...
2017-11-01 21:55:56,695 ERROR frmstart 接收计讯数据！数据有：0
2017-11-01 21:55:57,707 ERROR frmstart 准备接收计讯数据！
2017-11-01 21:55:57,708 ERROR frmstart 准备获取计讯数据（计讯模块）
2017-11-01 21:55:57,709 ERROR frmstart 准备获取计讯数据（计讯模块）...
2017-11-01 21:55:57,709 ERROR frmstart 接收计讯数据！数据有：0
2017-11-01 21:55:58,722 ERROR frmstart 准备接收计讯数据！
2017-11-01 21:55:58,723 ERROR frmstart 准备获取计讯数据（计讯模块）
2017-11-01 21:55:58,725 ERROR frmstart 准备获取计讯数据（计讯模块）...
2017-11-01 21:55:58,726 ERROR frmstart 接收计讯数据！数据有：0
2017-11-01 21:55:59,735 ERROR frmstart 准备接收计讯数据！
2017-11-01 21:55:59,737 ERROR frmstart 准备获取计讯数据（计讯模块）
2017-11-01 21:55:59,738 ERROR frmstart 准备获取计讯数据（计讯模块）...
2017-11-01 21:55:59,740 ERROR frmstart 接收计讯数据！数据有：0
2017-11-01 21:56:00,750 ERROR frmstart 准备接收计讯数据！
2017-11-01 21:56:00,752 ERROR frmstart 准备获取计讯数据（计讯模块）
2017-11-01 21:56:00,753 ERROR frmstart 准备获取计讯数据（计讯模块）...
2017-11-01 21:56:00,754 ERROR frmstart 接收计讯数据！数据有：0
2017-11-01 21:56:01,077 INFO  frmstart 在线数量：0
2017-11-01 21:56:01,078 INFO  frmstart 计讯联接的dtu数量是：0个
2017-11-01 21:56:01,764 ERROR frmstart 准备接收计讯数据！
2017-11-01 21:56:01,765 ERROR frmstart 准备获取计讯数据（计讯模块）
2017-11-01 21:56:01,766 ERROR frmstart 准备获取计讯数据（计讯模块）...
2017-11-01 21:56:01,768 ERROR frmstart 接收计讯数据！数据有：0
2017-11-01 21:56:02,778 ERROR frmstart 准备接收计讯数据！
2017-11-01 21:56:02,779 ERROR frmstart 准备获取计讯数据（计讯模块）
2017-11-01 21:56:02,780 ERROR frmstart 准备获取计讯数据（计讯模块）...
2017-11-01 21:56:02,781 ERROR frmstart 接收计讯数据！数据有：0
2017-11-01 21:56:03,793 ERROR frmstart 准备接收计讯数据！
2017-11-01 21:56:03,794 ERROR frmstart 准备获取计讯数据（计讯模块）
2017-11-01 21:56:03,795 ERROR frmstart 准备获取计讯数据（计讯模块）...
2017-11-01 21:56:03,795 ERROR frmstart 接收计讯数据！数据有：0
2017-11-01 21:56:04,806 ERROR frmstart 准备接收计讯数据！
2017-11-01 21:56:04,807 ERROR frmstart 准备获取计讯数据（计讯模块）
2017-11-01 21:56:04,809 ERROR frmstart 准备获取计讯数据（计讯模块）...
2017-11-01 21:56:04,810 ERROR frmstart 接收计讯数据！数据有：0
2017-11-01 21:56:05,819 ERROR frmstart 准备接收计讯数据！
2017-11-01 21:56:05,821 ERROR frmstart 准备获取计讯数据（计讯模块）
2017-11-01 21:56:05,823 ERROR frmstart 准备获取计讯数据（计讯模块）...
2017-11-01 21:56:05,824 ERROR frmstart 接收计讯数据！数据有：0
2017-11-01 21:56:06,833 ERROR frmstart 准备接收计讯数据！
2017-11-01 21:56:06,834 ERROR frmstart 准备获取计讯数据（计讯模块）
2017-11-01 21:56:06,835 ERROR frmstart 准备获取计讯数据（计讯模块）...
2017-11-01 21:56:06,836 ERROR frmstart 接收计讯数据！数据有：0
2017-11-01 21:56:07,847 ERROR frmstart 准备接收计讯数据！
2017-11-01 21:56:07,848 ERROR frmstart 准备获取计讯数据（计讯模块）
2017-11-01 21:56:07,849 ERROR frmstart 准备获取计讯数据（计讯模块）...
2017-11-01 21:56:07,849 ERROR frmstart 接收计讯数据！数据有：0
2017-11-01 21:56:08,861 ERROR frmstart 准备接收计讯数据！
2017-11-01 21:56:08,863 ERROR frmstart 准备获取计讯数据（计讯模块）
2017-11-01 21:56:08,864 ERROR frmstart 准备获取计讯数据（计讯模块）...
2017-11-01 21:56:08,865 ERROR frmstart 接收计讯数据！数据有：0
2017-11-01 21:56:09,876 ERROR frmstart 准备接收计讯数据！
2017-11-01 21:56:09,877 ERROR frmstart 准备获取计讯数据（计讯模块）
2017-11-01 21:56:09,878 ERROR frmstart 准备获取计讯数据（计讯模块）...
2017-11-01 21:56:09,878 ERROR frmstart 接收计讯数据！数据有：0
2017-11-01 21:56:10,889 ERROR frmstart 准备接收计讯数据！
2017-11-01 21:56:10,890 ERROR frmstart 准备获取计讯数据（计讯模块）
2017-11-01 21:56:10,891 ERROR frmstart 准备获取计讯数据（计讯模块）...
2017-11-01 21:56:10,892 ERROR frmstart 接收计讯数据！数据有：0
2017-11-01 21:56:11,903 ERROR frmstart 准备接收计讯数据！
2017-11-01 21:56:11,904 ERROR frmstart 准备获取计讯数据（计讯模块）
2017-11-01 21:56:11,904 ERROR frmstart 准备获取计讯数据（计讯模块）...
2017-11-01 21:56:11,905 ERROR frmstart 接收计讯数据！数据有：0
2017-11-01 21:56:12,917 ERROR frmstart 准备接收计讯数据！
2017-11-01 21:56:12,918 ERROR frmstart 准备获取计讯数据（计讯模块）
2017-11-01 21:56:12,919 ERROR frmstart 准备获取计讯数据（计讯模块）...
2017-11-01 21:56:12,920 ERROR frmstart 接收计讯数据！数据有：0
2017-11-01 21:56:13,931 ERROR frmstart 准备接收计讯数据！
2017-11-01 21:56:13,932 ERROR frmstart 准备获取计讯数据（计讯模块）
2017-11-01 21:56:13,932 ERROR frmstart 准备获取计讯数据（计讯模块）...
2017-11-01 21:56:13,933 ERROR frmstart 接收计讯数据！数据有：0
2017-11-01 21:56:14,945 ERROR frmstart 准备接收计讯数据！
2017-11-01 21:56:14,946 ERROR frmstart 准备获取计讯数据（计讯模块）
2017-11-01 21:56:14,946 ERROR frmstart 准备获取计讯数据（计讯模块）...
2017-11-01 21:56:14,947 ERROR frmstart 接收计讯数据！数据有：0
2017-11-01 21:56:15,959 ERROR frmstart 准备接收计讯数据！
2017-11-01 21:56:15,959 ERROR frmstart 准备获取计讯数据（计讯模块）
2017-11-01 21:56:15,960 ERROR frmstart 准备获取计讯数据（计讯模块）...
2017-11-01 21:56:15,961 ERROR frmstart 接收计讯数据！数据有：0
2017-11-01 21:56:16,973 ERROR frmstart 准备接收计讯数据！
2017-11-01 21:56:16,974 ERROR frmstart 准备获取计讯数据（计讯模块）
2017-11-01 21:56:16,975 ERROR frmstart 准备获取计讯数据（计讯模块）...
2017-11-01 21:56:16,976 ERROR frmstart 接收计讯数据！数据有：0
2017-11-01 21:56:17,988 ERROR frmstart 准备接收计讯数据！
2017-11-01 21:56:17,989 ERROR frmstart 准备获取计讯数据（计讯模块）
2017-11-01 21:56:17,989 ERROR frmstart 准备获取计讯数据（计讯模块）...
2017-11-01 21:56:17,990 ERROR frmstart 接收计讯数据！数据有：0
2017-11-01 21:56:19,002 ERROR frmstart 准备接收计讯数据！
2017-11-01 21:56:19,003 ERROR frmstart 准备获取计讯数据（计讯模块）
2017-11-01 21:56:19,004 ERROR frmstart 准备获取计讯数据（计讯模块）...
2017-11-01 21:56:19,005 ERROR frmstart 接收计讯数据！数据有：0
2017-11-01 21:56:20,016 ERROR frmstart 准备接收计讯数据！
2017-11-01 21:56:20,018 ERROR frmstart 准备获取计讯数据（计讯模块）
2017-11-01 21:56:20,019 ERROR frmstart 准备获取计讯数据（计讯模块）...
2017-11-01 21:56:20,020 ERROR frmstart 接收计讯数据！数据有：0
2017-11-01 21:56:21,030 ERROR frmstart 准备接收计讯数据！
2017-11-01 21:56:21,032 ERROR frmstart 准备获取计讯数据（计讯模块）
2017-11-01 21:56:21,033 ERROR frmstart 准备获取计讯数据（计讯模块）...
2017-11-01 21:56:21,035 ERROR frmstart 接收计讯数据！数据有：0
2017-11-01 21:56:21,092 INFO  frmstart 在线数量：0
2017-11-01 21:56:21,093 INFO  frmstart 计讯联接的dtu数量是：0个
2017-11-01 21:56:22,044 ERROR frmstart 准备接收计讯数据！
2017-11-01 21:56:22,046 ERROR frmstart 准备获取计讯数据（计讯模块）
2017-11-01 21:56:22,047 ERROR frmstart 准备获取计讯数据（计讯模块）...
2017-11-01 21:56:22,049 ERROR frmstart 接收计讯数据！数据有：0
2017-11-01 21:56:23,057 ERROR frmstart 准备接收计讯数据！
2017-11-01 21:56:23,059 ERROR frmstart 准备获取计讯数据（计讯模块）
2017-11-01 21:56:23,060 ERROR frmstart 准备获取计讯数据（计讯模块）...
2017-11-01 21:56:23,061 ERROR frmstart 接收计讯数据！数据有：0
2017-11-01 21:56:24,071 ERROR frmstart 准备接收计讯数据！
2017-11-01 21:56:24,072 ERROR frmstart 准备获取计讯数据（计讯模块）
2017-11-01 21:56:24,072 ERROR frmstart 准备获取计讯数据（计讯模块）...
2017-11-01 21:56:24,073 ERROR frmstart 接收计讯数据！数据有：0
2017-11-01 21:56:25,085 ERROR frmstart 准备接收计讯数据！
2017-11-01 21:56:25,087 ERROR frmstart 准备获取计讯数据（计讯模块）
2017-11-01 21:56:25,088 ERROR frmstart 准备获取计讯数据（计讯模块）...
2017-11-01 21:56:25,090 ERROR frmstart 接收计讯数据！数据有：0
2017-11-01 21:56:26,099 ERROR frmstart 准备接收计讯数据！
2017-11-01 21:56:26,100 ERROR frmstart 准备获取计讯数据（计讯模块）
2017-11-01 21:56:26,101 ERROR frmstart 准备获取计讯数据（计讯模块）...
2017-11-01 21:56:26,101 ERROR frmstart 接收计讯数据！数据有：0
2017-11-01 21:56:27,113 ERROR frmstart 准备接收计讯数据！
2017-11-01 21:56:27,114 ERROR frmstart 准备获取计讯数据（计讯模块）
2017-11-01 21:56:27,115 ERROR frmstart 准备获取计讯数据（计讯模块）...
2017-11-01 21:56:27,115 ERROR frmstart 接收计讯数据！数据有：0
2017-11-01 21:56:28,127 ERROR frmstart 准备接收计讯数据！
2017-11-01 21:56:28,128 ERROR frmstart 准备获取计讯数据（计讯模块）
2017-11-01 21:56:28,129 ERROR frmstart 准备获取计讯数据（计讯模块）...
2017-11-01 21:56:28,130 ERROR frmstart 接收计讯数据！数据有：0
2017-11-01 21:56:29,141 ERROR frmstart 准备接收计讯数据！
2017-11-01 21:56:29,142 ERROR frmstart 准备获取计讯数据（计讯模块）
2017-11-01 21:56:29,143 ERROR frmstart 准备获取计讯数据（计讯模块）...
2017-11-01 21:56:29,144 ERROR frmstart 接收计讯数据！数据有：0
2017-11-01 21:56:30,155 ERROR frmstart 准备接收计讯数据！
2017-11-01 21:56:30,156 ERROR frmstart 准备获取计讯数据（计讯模块）
2017-11-01 21:56:30,157 ERROR frmstart 准备获取计讯数据（计讯模块）...
2017-11-01 21:56:30,158 ERROR frmstart 接收计讯数据！数据有：0
2017-11-01 21:56:31,169 ERROR frmstart 准备接收计讯数据！
2017-11-01 21:56:31,170 ERROR frmstart 准备获取计讯数据（计讯模块）
2017-11-01 21:56:31,171 ERROR frmstart 准备获取计讯数据（计讯模块）...
2017-11-01 21:56:31,171 ERROR frmstart 接收计讯数据！数据有：0
2017-11-01 21:56:32,183 ERROR frmstart 准备接收计讯数据！
2017-11-01 21:56:32,184 ERROR frmstart 准备获取计讯数据（计讯模块）
2017-11-01 21:56:32,184 ERROR frmstart 准备获取计讯数据（计讯模块）...
2017-11-01 21:56:32,185 ERROR frmstart 接收计讯数据！数据有：0
2017-11-01 21:56:33,197 ERROR frmstart 准备接收计讯数据！
2017-11-01 21:56:33,198 ERROR frmstart 准备获取计讯数据（计讯模块）
2017-11-01 21:56:33,198 ERROR frmstart 准备获取计讯数据（计讯模块）...
2017-11-01 21:56:33,199 ERROR frmstart 接收计讯数据！数据有：0
2017-11-01 21:56:34,211 ERROR frmstart 准备接收计讯数据！
2017-11-01 21:56:34,212 ERROR frmstart 准备获取计讯数据（计讯模块）
2017-11-01 21:56:34,212 ERROR frmstart 准备获取计讯数据（计讯模块）...
2017-11-01 21:56:34,213 ERROR frmstart 接收计讯数据！数据有：0
2017-11-01 21:56:35,226 ERROR frmstart 准备接收计讯数据！
2017-11-01 21:56:35,228 ERROR frmstart 准备获取计讯数据（计讯模块）
2017-11-01 21:56:35,229 ERROR frmstart 准备获取计讯数据（计讯模块）...
2017-11-01 21:56:35,230 ERROR frmstart 接收计讯数据！数据有：0
2017-11-01 21:56:36,240 ERROR frmstart 准备接收计讯数据！
2017-11-01 21:56:36,241 ERROR frmstart 准备获取计讯数据（计讯模块）
2017-11-01 21:56:36,241 ERROR frmstart 准备获取计讯数据（计讯模块）...
2017-11-01 21:56:36,242 ERROR frmstart 接收计讯数据！数据有：0
2017-11-01 21:56:37,254 ERROR frmstart 准备接收计讯数据！
2017-11-01 21:56:37,256 ERROR frmstart 准备获取计讯数据（计讯模块）
2017-11-01 21:56:37,257 ERROR frmstart 准备获取计讯数据（计讯模块）...
2017-11-01 21:56:37,258 ERROR frmstart 接收计讯数据！数据有：0
2017-11-01 21:57:17,574 ERROR frmstart JX 的新实例
2017-11-01 21:57:18,241 INFO  frmstart load start:57:18
2017-11-01 22:00:50,146 INFO  frmstart 在线数量：0
2017-11-01 22:00:50,158 INFO  frmstart 计讯联接的dtu数量是：0个
2017-11-01 22:01:04,240 INFO  frmstart 在线数量：0
2017-11-01 22:01:04,241 INFO  frmstart 计讯联接的dtu数量是：0个
2017-11-01 22:01:12,729 ERROR Error-GetBySql 序列包含一个以上的元素
2017-11-01 22:01:17,948 ERROR frmstart SendCommand:--errPos:902013311112222-0103000000070408
2017-11-01 22:01:17,949 ERROR frmstart SendCommand:--errPos:902013922220002-0103000000070408
2017-11-01 22:01:17,951 ERROR frmstart SendCommand:--errPos:902013600000000-01030000002B05D5
2017-11-01 22:01:17,952 ERROR frmstart SendCommand:--errPos:902013866668888-01030000002B05D5
2017-11-01 22:01:17,953 ERROR frmstart SendCommand:--errPos:902013866889999-01030000002B05D5
2017-11-01 22:01:18,606 ERROR frmstart 没有配置气象数据:13300050111
2017-11-01 22:01:18,607 ERROR frmstart 没有配置气象数据:13300050113
2017-11-01 22:01:18,608 ERROR frmstart 没有配置气象数据:13300050114
2017-11-01 22:01:18,608 ERROR frmstart 没有配置气象数据:13300050115
2017-11-01 22:01:18,609 ERROR frmstart 没有配置气象数据:13300050116
2017-11-01 22:01:18,609 ERROR frmstart 没有配置气象数据:13300050117
2017-11-01 22:01:18,610 ERROR frmstart 没有配置气象数据:13300050118
2017-11-01 22:01:18,611 ERROR frmstart 没有配置气象数据:13300050119
2017-11-01 22:01:18,611 ERROR frmstart 没有配置气象数据:13900110110
2017-11-01 22:01:19,180 ERROR Error-CreateWeatDownCommand 未将对象引用设置到对象的实例。
2017-11-01 22:01:19,365 ERROR Error-CreateWeatDownCommand 未将对象引用设置到对象的实例。
2017-11-01 22:01:20,038 ERROR frmstart 没有配置气象数据:13300040010
2017-11-01 22:01:20,039 ERROR frmstart 没有配置气象数据:13300040011
2017-11-01 22:01:20,203 INFO  frmstart 启动计讯服务(Port=6012)
2017-11-01 22:01:20,221 ERROR Error-CreateWeatDownCommand 值不能为 null。
参数名: type
2017-11-01 22:01:20,246 INFO  frmstart load end:01:20
2017-11-01 22:01:20,383 ERROR Error-CreateWeatDownCommand 值不能为 null。
参数名: type
2017-11-01 22:01:20,461 INFO  frmstart 在线数量：0
2017-11-01 22:01:20,462 INFO  frmstart 计讯联接的dtu数量是：0个
2017-11-01 22:01:20,677 ERROR Error-CreateWeatDownCommand 索引超出了数组界限。
2017-11-01 22:01:20,781 ERROR Error-CreateWeatDownCommand 值不能为 null。
参数名: type
2017-11-01 22:01:20,898 ERROR Error-CreateWeatDownCommand 索引超出了数组界限。
2017-11-01 22:01:21,069 ERROR frmstart 没有配置气象数据:13600110001
2017-11-01 22:01:21,231 ERROR frmstart 准备接收计讯数据！
2017-11-01 22:01:21,234 ERROR frmstart 准备获取计讯数据（计讯模块）
2017-11-01 22:01:21,237 ERROR frmstart 准备获取计讯数据（计讯模块）...
2017-11-01 22:01:21,240 ERROR frmstart 接收计讯数据！数据有：0
2017-11-01 22:01:22,322 ERROR frmstart 准备接收计讯数据！
2017-11-01 22:01:22,324 ERROR frmstart 准备获取计讯数据（计讯模块）
2017-11-01 22:01:22,325 ERROR frmstart 准备获取计讯数据（计讯模块）...
2017-11-01 22:01:22,327 ERROR frmstart 接收计讯数据！数据有：0
2017-11-01 22:01:23,250 ERROR frmstart 准备接收计讯数据！
2017-11-01 22:01:23,251 ERROR frmstart 准备获取计讯数据（计讯模块）
2017-11-01 22:01:23,252 ERROR frmstart 准备获取计讯数据（计讯模块）...
2017-11-01 22:01:23,252 ERROR frmstart 接收计讯数据！数据有：0
2017-11-01 22:01:24,265 ERROR frmstart 准备接收计讯数据！
2017-11-01 22:01:24,267 ERROR frmstart 准备获取计讯数据（计讯模块）
2017-11-01 22:01:24,268 ERROR frmstart 准备获取计讯数据（计讯模块）...
2017-11-01 22:01:24,271 ERROR frmstart 接收计讯数据！数据有：0
2017-11-01 22:01:25,278 ERROR frmstart 准备接收计讯数据！
2017-11-01 22:01:25,279 ERROR frmstart 准备获取计讯数据（计讯模块）
2017-11-01 22:01:25,280 ERROR frmstart 准备获取计讯数据（计讯模块）...
2017-11-01 22:01:25,281 ERROR frmstart 接收计讯数据！数据有：0
2017-11-01 22:01:26,293 ERROR frmstart 准备接收计讯数据！
2017-11-01 22:01:26,294 ERROR frmstart 准备获取计讯数据（计讯模块）
2017-11-01 22:01:26,295 ERROR frmstart 准备获取计讯数据（计讯模块）...
2017-11-01 22:01:26,296 ERROR frmstart 接收计讯数据！数据有：0
2017-11-01 22:01:27,308 ERROR frmstart 准备接收计讯数据！
2017-11-01 22:01:27,309 ERROR frmstart 准备获取计讯数据（计讯模块）
2017-11-01 22:01:27,309 ERROR frmstart 准备获取计讯数据（计讯模块）...
2017-11-01 22:01:27,310 ERROR frmstart 接收计讯数据！数据有：0
2017-11-01 22:01:28,682 ERROR frmstart 准备接收计讯数据！
2017-11-01 22:01:28,683 ERROR frmstart 准备获取计讯数据（计讯模块）
2017-11-01 22:01:28,684 ERROR frmstart 准备获取计讯数据（计讯模块）...
2017-11-01 22:01:28,686 ERROR frmstart 接收计讯数据！数据有：0
2017-11-01 22:01:29,334 ERROR frmstart 准备接收计讯数据！
2017-11-01 22:01:29,335 ERROR frmstart 准备获取计讯数据（计讯模块）
2017-11-01 22:01:29,335 ERROR frmstart 准备获取计讯数据（计讯模块）...
2017-11-01 22:01:29,336 ERROR frmstart 接收计讯数据！数据有：0
2017-11-01 22:01:30,348 ERROR frmstart 准备接收计讯数据！
2017-11-01 22:01:30,350 ERROR frmstart 准备获取计讯数据（计讯模块）
2017-11-01 22:01:30,351 ERROR frmstart 准备获取计讯数据（计讯模块）...
2017-11-01 22:01:30,352 ERROR frmstart 接收计讯数据！数据有：0
2017-11-01 22:01:31,362 ERROR frmstart 准备接收计讯数据！
2017-11-01 22:01:31,363 ERROR frmstart 准备获取计讯数据（计讯模块）
2017-11-01 22:01:31,364 ERROR frmstart 准备获取计讯数据（计讯模块）...
2017-11-01 22:01:31,364 ERROR frmstart 接收计讯数据！数据有：0
2017-11-01 22:01:32,377 ERROR frmstart 准备接收计讯数据！
2017-11-01 22:01:32,378 ERROR frmstart 准备获取计讯数据（计讯模块）
2017-11-01 22:01:32,378 ERROR frmstart 准备获取计讯数据（计讯模块）...
2017-11-01 22:01:32,379 ERROR frmstart 接收计讯数据！数据有：0
2017-11-01 22:01:33,397 ERROR frmstart 准备接收计讯数据！
2017-11-01 22:01:33,398 ERROR frmstart 准备获取计讯数据（计讯模块）
2017-11-01 22:01:33,399 ERROR frmstart 准备获取计讯数据（计讯模块）...
2017-11-01 22:01:33,399 ERROR frmstart 接收计讯数据！数据有：0
2017-11-01 22:01:34,404 ERROR frmstart 准备接收计讯数据！
2017-11-01 22:01:34,405 ERROR frmstart 准备获取计讯数据（计讯模块）
2017-11-01 22:01:34,406 ERROR frmstart 准备获取计讯数据（计讯模块）...
2017-11-01 22:01:34,406 ERROR frmstart 接收计讯数据！数据有：0
2017-11-01 22:01:35,418 ERROR frmstart 准备接收计讯数据！
2017-11-01 22:01:35,419 ERROR frmstart 准备获取计讯数据（计讯模块）
2017-11-01 22:01:35,420 ERROR frmstart 准备获取计讯数据（计讯模块）...
2017-11-01 22:01:35,420 ERROR frmstart 接收计讯数据！数据有：0
2017-11-01 22:01:36,432 ERROR frmstart 准备接收计讯数据！
2017-11-01 22:01:36,443 ERROR frmstart 准备获取计讯数据（计讯模块）
2017-11-01 22:01:36,443 ERROR frmstart 准备获取计讯数据（计讯模块）...
2017-11-01 22:01:36,444 ERROR frmstart 接收计讯数据！数据有：0
2017-11-01 22:01:37,446 ERROR frmstart 准备接收计讯数据！
2017-11-01 22:01:37,448 ERROR frmstart 准备获取计讯数据（计讯模块）
2017-11-01 22:01:37,450 ERROR frmstart 准备获取计讯数据（计讯模块）...
2017-11-01 22:01:37,452 ERROR frmstart 接收计讯数据！数据有：0
2017-11-01 22:01:38,008 INFO  frmstart 在线数量：0
2017-11-01 22:01:38,009 INFO  frmstart 计讯联接的dtu数量是：0个
2017-11-01 22:01:38,460 ERROR frmstart 准备接收计讯数据！
2017-11-01 22:01:38,461 ERROR frmstart 准备获取计讯数据（计讯模块）
2017-11-01 22:01:38,461 ERROR frmstart 准备获取计讯数据（计讯模块）...
2017-11-01 22:01:38,462 ERROR frmstart 接收计讯数据！数据有：0
2017-11-01 22:01:39,475 ERROR frmstart 准备接收计讯数据！
2017-11-01 22:01:39,477 ERROR frmstart 准备获取计讯数据（计讯模块）
2017-11-01 22:01:39,478 ERROR frmstart 准备获取计讯数据（计讯模块）...
2017-11-01 22:01:39,479 ERROR frmstart 接收计讯数据！数据有：0
2017-11-01 22:01:40,488 ERROR frmstart 准备接收计讯数据！
2017-11-01 22:01:40,490 ERROR frmstart 准备获取计讯数据（计讯模块）
2017-11-01 22:01:40,491 ERROR frmstart 准备获取计讯数据（计讯模块）...
2017-11-01 22:01:40,493 ERROR frmstart 接收计讯数据！数据有：0
2017-11-01 22:01:41,502 ERROR frmstart 准备接收计讯数据！
2017-11-01 22:01:41,503 ERROR frmstart 准备获取计讯数据（计讯模块）
2017-11-01 22:01:41,504 ERROR frmstart 准备获取计讯数据（计讯模块）...
2017-11-01 22:01:41,504 ERROR frmstart 接收计讯数据！数据有：0
2017-11-01 22:01:42,516 ERROR frmstart 准备接收计讯数据！
2017-11-01 22:01:42,517 ERROR frmstart 准备获取计讯数据（计讯模块）
2017-11-01 22:01:42,518 ERROR frmstart 准备获取计讯数据（计讯模块）...
2017-11-01 22:01:42,519 ERROR frmstart 接收计讯数据！数据有：0
2017-11-01 22:01:43,530 ERROR frmstart 准备接收计讯数据！
2017-11-01 22:01:43,531 ERROR frmstart 准备获取计讯数据（计讯模块）
2017-11-01 22:01:43,531 ERROR frmstart 准备获取计讯数据（计讯模块）...
2017-11-01 22:01:43,532 ERROR frmstart 接收计讯数据！数据有：0
2017-11-01 22:01:44,544 ERROR frmstart 准备接收计讯数据！
2017-11-01 22:01:44,545 ERROR frmstart 准备获取计讯数据（计讯模块）
2017-11-01 22:01:44,546 ERROR frmstart 准备获取计讯数据（计讯模块）...
2017-11-01 22:01:44,546 ERROR frmstart 接收计讯数据！数据有：0
2017-11-01 22:01:45,558 ERROR frmstart 准备接收计讯数据！
2017-11-01 22:01:45,559 ERROR frmstart 准备获取计讯数据（计讯模块）
2017-11-01 22:01:45,559 ERROR frmstart 准备获取计讯数据（计讯模块）...
2017-11-01 22:01:45,560 ERROR frmstart 接收计讯数据！数据有：0
2017-11-01 22:01:46,572 ERROR frmstart 准备接收计讯数据！
2017-11-01 22:01:46,573 ERROR frmstart 准备获取计讯数据（计讯模块）
2017-11-01 22:01:46,574 ERROR frmstart 准备获取计讯数据（计讯模块）...
2017-11-01 22:01:46,575 ERROR frmstart 接收计讯数据！数据有：0
2017-11-01 22:01:47,586 ERROR frmstart 准备接收计讯数据！
2017-11-01 22:01:47,587 ERROR frmstart 准备获取计讯数据（计讯模块）
2017-11-01 22:01:47,588 ERROR frmstart 准备获取计讯数据（计讯模块）...
2017-11-01 22:01:47,589 ERROR frmstart 接收计讯数据！数据有：0
2017-11-01 22:01:48,600 ERROR frmstart 准备接收计讯数据！
2017-11-01 22:01:48,602 ERROR frmstart 准备获取计讯数据（计讯模块）
2017-11-01 22:01:48,603 ERROR frmstart 准备获取计讯数据（计讯模块）...
2017-11-01 22:01:48,605 ERROR frmstart 接收计讯数据！数据有：0
2017-11-01 22:01:49,615 ERROR frmstart 准备接收计讯数据！
2017-11-01 22:01:49,616 ERROR frmstart 准备获取计讯数据（计讯模块）
2017-11-01 22:01:49,617 ERROR frmstart 准备获取计讯数据（计讯模块）...
2017-11-01 22:01:49,617 ERROR frmstart 接收计讯数据！数据有：0
2017-11-01 22:01:50,629 ERROR frmstart 准备接收计讯数据！
2017-11-01 22:01:50,631 ERROR frmstart 准备获取计讯数据（计讯模块）
2017-11-01 22:01:50,633 ERROR frmstart 准备获取计讯数据（计讯模块）...
2017-11-01 22:01:50,634 ERROR frmstart 接收计讯数据！数据有：0
2017-11-01 22:01:51,643 ERROR frmstart 准备接收计讯数据！
2017-11-01 22:01:51,644 ERROR frmstart 准备获取计讯数据（计讯模块）
2017-11-01 22:01:51,645 ERROR frmstart 准备获取计讯数据（计讯模块）...
2017-11-01 22:01:51,646 ERROR frmstart 接收计讯数据！数据有：0
2017-11-01 22:01:52,657 ERROR frmstart 准备接收计讯数据！
2017-11-01 22:01:52,658 ERROR frmstart 准备获取计讯数据（计讯模块）
2017-11-01 22:01:52,659 ERROR frmstart 准备获取计讯数据（计讯模块）...
2017-11-01 22:01:52,660 ERROR frmstart 接收计讯数据！数据有：0
2017-11-01 22:01:53,670 ERROR frmstart 准备接收计讯数据！
2017-11-01 22:01:53,671 ERROR frmstart 准备获取计讯数据（计讯模块）
2017-11-01 22:01:53,672 ERROR frmstart 准备获取计讯数据（计讯模块）...
2017-11-01 22:01:53,673 ERROR frmstart 接收计讯数据！数据有：0
2017-11-01 22:01:54,684 ERROR frmstart 准备接收计讯数据！
2017-11-01 22:01:54,685 ERROR frmstart 准备获取计讯数据（计讯模块）
2017-11-01 22:01:54,685 ERROR frmstart 准备获取计讯数据（计讯模块）...
2017-11-01 22:01:54,686 ERROR frmstart 接收计讯数据！数据有：0
2017-11-01 22:01:55,698 ERROR frmstart 准备接收计讯数据！
2017-11-01 22:01:55,699 ERROR frmstart 准备获取计讯数据（计讯模块）
2017-11-01 22:01:55,700 ERROR frmstart 准备获取计讯数据（计讯模块）...
2017-11-01 22:01:55,700 ERROR frmstart 接收计讯数据！数据有：0
2017-11-01 22:01:56,712 ERROR frmstart 准备接收计讯数据！
2017-11-01 22:01:56,714 ERROR frmstart 准备获取计讯数据（计讯模块）
2017-11-01 22:01:56,716 ERROR frmstart 准备获取计讯数据（计讯模块）...
2017-11-01 22:01:56,717 ERROR frmstart 接收计讯数据！数据有：0
2017-11-01 22:01:57,726 ERROR frmstart 准备接收计讯数据！
2017-11-01 22:01:57,727 ERROR frmstart 准备获取计讯数据（计讯模块）
2017-11-01 22:01:57,727 ERROR frmstart 准备获取计讯数据（计讯模块）...
2017-11-01 22:01:57,728 ERROR frmstart 接收计讯数据！数据有：0
2017-11-01 22:01:58,160 INFO  frmstart 在线数量：0
2017-11-01 22:01:58,161 INFO  frmstart 计讯联接的dtu数量是：0个
2017-11-01 22:01:58,740 ERROR frmstart 准备接收计讯数据！
2017-11-01 22:01:58,741 ERROR frmstart 准备获取计讯数据（计讯模块）
2017-11-01 22:01:58,742 ERROR frmstart 准备获取计讯数据（计讯模块）...
2017-11-01 22:01:58,743 ERROR frmstart 接收计讯数据！数据有：0
2017-11-01 22:01:59,754 ERROR frmstart 准备接收计讯数据！
2017-11-01 22:01:59,755 ERROR frmstart 准备获取计讯数据（计讯模块）
2017-11-01 22:01:59,756 ERROR frmstart 准备获取计讯数据（计讯模块）...
2017-11-01 22:01:59,757 ERROR frmstart 接收计讯数据！数据有：0
2017-11-01 22:02:00,768 ERROR frmstart 准备接收计讯数据！
2017-11-01 22:02:00,770 ERROR frmstart 准备获取计讯数据（计讯模块）
2017-11-01 22:02:00,772 ERROR frmstart 准备获取计讯数据（计讯模块）...
2017-11-01 22:02:00,773 ERROR frmstart 接收计讯数据！数据有：0
2017-11-01 22:02:01,782 ERROR frmstart 准备接收计讯数据！
2017-11-01 22:02:01,783 ERROR frmstart 准备获取计讯数据（计讯模块）
2017-11-01 22:02:01,783 ERROR frmstart 准备获取计讯数据（计讯模块）...
2017-11-01 22:02:01,784 ERROR frmstart 接收计讯数据！数据有：0
2017-11-01 22:02:06,497 INFO  frmstart 停止计讯服务
2017-11-01 22:02:51,925 INFO  frmstart 准备解析包:date:2017-11-01 22:02:06;src:13600110001;长度:233- data:0103E441A2666641F3333300000000000000003A072B0300000000000000003E380000000000003FA000004158000000000000426066660000000041973333419400000000000000000000000000003C18D4FE000000003CE00000000000003F17000041533333000000004263999A00000000423200004230CCCD3F3D93763F12322D3F0FDE363F3E4BC8000000004002400041C80000423C240041C800003F878000426A00000000000042353333000000000000000000000000417CCCCD421ACCCD454CCB33000000003EA80000000000003E14000041700000415AD000000000003F160000AACC
2017-11-01 22:03:48,356 ERROR ReadData2 13600110001 226 Parse(F32):未将对象引用设置到对象的实例。
2017-11-01 22:03:48,452 ERROR ReadData2 13600110001 226 Parse(F33):未将对象引用设置到对象的实例。
2017-11-01 22:03:48,536 ERROR ReadData2 13600110001 226 Parse(F34):未将对象引用设置到对象的实例。
2017-11-01 22:03:48,614 ERROR ReadData2 13600110001 226 Parse(F35):未将对象引用设置到对象的实例。
2017-11-01 22:03:48,694 ERROR ReadData2 13600110001 226 Parse(F36):未将对象引用设置到对象的实例。
2017-11-01 22:03:48,774 ERROR ReadData2 13600110001 226 Parse(F37):未将对象引用设置到对象的实例。
2017-11-01 22:03:48,857 ERROR ReadData2 13600110001 226 Parse(F38):未将对象引用设置到对象的实例。
2017-11-01 22:03:48,932 ERROR ReadData2 13600110001 226 Parse(F39):未将对象引用设置到对象的实例。
2017-11-01 22:03:49,006 ERROR ReadData2 13600110001 226 Parse(F40):未将对象引用设置到对象的实例。
2017-11-01 22:03:49,083 ERROR ReadData2 13600110001 226 Parse(F41):未将对象引用设置到对象的实例。
2017-11-01 22:03:49,152 ERROR ReadData2 13600110001 226 Parse(F42):未将对象引用设置到对象的实例。
2017-11-01 22:03:49,227 ERROR ReadData2 13600110001 226 Parse(F43):未将对象引用设置到对象的实例。
2017-11-01 22:03:49,310 ERROR ReadData2 13600110001 226 Parse(F44):未将对象引用设置到对象的实例。
2017-11-01 22:03:49,390 ERROR ReadData2 13600110001 226 Parse(F45):未将对象引用设置到对象的实例。
2017-11-01 22:03:49,471 ERROR ReadData2 13600110001 226 Parse(F46):未将对象引用设置到对象的实例。
2017-11-01 22:03:49,558 ERROR ReadData2 13600110001 226 Parse(F47):未将对象引用设置到对象的实例。
2017-11-01 22:03:49,643 ERROR ReadData2 13600110001 226 Parse(F48):未将对象引用设置到对象的实例。
2017-11-01 22:03:49,718 ERROR ReadData2 13600110001 226 Parse(F49):未将对象引用设置到对象的实例。
2017-11-01 22:03:49,795 ERROR ReadData2 13600110001 226 Parse(F50):未将对象引用设置到对象的实例。
2017-11-01 22:03:49,868 ERROR ReadData2 13600110001 226 Parse(F51):未将对象引用设置到对象的实例。
2017-11-01 22:03:49,939 ERROR ReadData2 13600110001 226 Parse(F52):未将对象引用设置到对象的实例。
2017-11-01 22:03:50,013 ERROR ReadData2 13600110001 226 Parse(F53):未将对象引用设置到对象的实例。
2017-11-01 22:03:50,087 ERROR ReadData2 13600110001 226 Parse(F54):未将对象引用设置到对象的实例。
2017-11-01 22:03:50,162 ERROR ReadData2 13600110001 226 Parse(F55):未将对象引用设置到对象的实例。
2017-11-01 22:03:50,243 ERROR ReadData2 13600110001 226 Parse(F56):未将对象引用设置到对象的实例。
2017-11-01 22:03:50,320 ERROR ReadData2 13600110001 226 Parse(F57):未将对象引用设置到对象的实例。
2017-11-01 22:05:09,432 ERROR frmstart JX 的新实例
2017-11-01 22:05:10,114 INFO  frmstart load start:05:10
2017-11-01 22:08:56,084 ERROR frmstart JX 的新实例
2017-11-01 22:08:56,838 INFO  frmstart load start:08:56
2017-11-01 22:10:46,524 ERROR frmstart JX 的新实例
2017-11-01 22:10:47,182 INFO  frmstart load start:10:47
2017-11-01 22:11:33,488 INFO  frmstart 在线数量：0
2017-11-01 22:11:33,500 INFO  frmstart 计讯联接的dtu数量是：0个
2017-11-01 22:11:49,956 ERROR Error-GetBySql 序列包含一个以上的元素
2017-11-01 22:11:54,652 INFO  frmstart 在线数量：0
2017-11-01 22:11:54,653 INFO  frmstart 计讯联接的dtu数量是：0个
2017-11-01 22:11:55,325 ERROR frmstart SendCommand:--errPos:902013311112222-0103000000070408
2017-11-01 22:11:55,329 ERROR frmstart SendCommand:--errPos:902013922220002-0103000000070408
2017-11-01 22:11:55,330 ERROR frmstart SendCommand:--errPos:902013600000000-01030000002B05D5
2017-11-01 22:11:55,331 ERROR frmstart SendCommand:--errPos:902013866668888-01030000002B05D5
2017-11-01 22:11:55,332 ERROR frmstart SendCommand:--errPos:902013866889999-01030000002B05D5
2017-11-01 22:11:55,949 ERROR frmstart 没有配置气象数据:13300050111
2017-11-01 22:11:55,954 ERROR frmstart 没有配置气象数据:13300050113
2017-11-01 22:11:55,960 ERROR frmstart 没有配置气象数据:13300050114
2017-11-01 22:11:55,965 ERROR frmstart 没有配置气象数据:13300050115
2017-11-01 22:11:55,967 ERROR frmstart 没有配置气象数据:13300050116
2017-11-01 22:11:55,968 ERROR frmstart 没有配置气象数据:13300050117
2017-11-01 22:11:55,969 ERROR frmstart 没有配置气象数据:13300050118
2017-11-01 22:11:55,970 ERROR frmstart 没有配置气象数据:13300050119
2017-11-01 22:11:55,971 ERROR frmstart 没有配置气象数据:13900110110
2017-11-01 22:11:56,569 ERROR Error-CreateWeatDownCommand 未将对象引用设置到对象的实例。
2017-11-01 22:11:56,855 ERROR Error-CreateWeatDownCommand 未将对象引用设置到对象的实例。
2017-11-01 22:11:57,326 INFO  frmstart 启动计讯服务(Port=6012)
2017-11-01 22:11:57,331 INFO  frmstart load end:11:57
2017-11-01 22:11:57,543 ERROR frmstart 没有配置气象数据:13300040010
2017-11-01 22:11:57,544 ERROR frmstart 没有配置气象数据:13300040011
2017-11-01 22:11:57,691 ERROR Error-CreateWeatDownCommand 值不能为 null。
参数名: type
2017-11-01 22:11:57,823 ERROR Error-CreateWeatDownCommand 值不能为 null。
参数名: type
2017-11-01 22:11:58,125 ERROR Error-CreateWeatDownCommand 索引超出了数组界限。
2017-11-01 22:11:58,254 ERROR Error-CreateWeatDownCommand 值不能为 null。
参数名: type
2017-11-01 22:11:58,367 ERROR frmstart 准备接收计讯数据！
2017-11-01 22:11:58,370 ERROR frmstart 准备获取计讯数据（计讯模块）
2017-11-01 22:11:58,375 ERROR frmstart 准备获取计讯数据（计讯模块）...
2017-11-01 22:11:58,377 ERROR frmstart 接收计讯数据！数据有：0
2017-11-01 22:11:58,376 ERROR Error-CreateWeatDownCommand 索引超出了数组界限。
2017-11-01 22:11:58,549 ERROR frmstart 没有配置气象数据:13600110001
2017-11-01 22:11:59,371 ERROR frmstart 准备接收计讯数据！
2017-11-01 22:11:59,372 ERROR frmstart 准备获取计讯数据（计讯模块）
2017-11-01 22:11:59,373 ERROR frmstart 准备获取计讯数据（计讯模块）...
2017-11-01 22:11:59,374 ERROR frmstart 接收计讯数据！数据有：0
2017-11-01 22:12:00,358 ERROR frmstart 准备接收计讯数据！
2017-11-01 22:12:00,359 ERROR frmstart 准备获取计讯数据（计讯模块）
2017-11-01 22:12:00,359 ERROR frmstart 准备获取计讯数据（计讯模块）...
2017-11-01 22:12:00,360 ERROR frmstart 接收计讯数据！数据有：0
2017-11-01 22:12:01,372 ERROR frmstart 准备接收计讯数据！
2017-11-01 22:12:01,373 ERROR frmstart 准备获取计讯数据（计讯模块）
2017-11-01 22:12:01,374 ERROR frmstart 准备获取计讯数据（计讯模块）...
2017-11-01 22:12:01,374 ERROR frmstart 接收计讯数据！数据有：0
2017-11-01 22:12:02,387 ERROR frmstart 准备接收计讯数据！
2017-11-01 22:12:02,388 ERROR frmstart 准备获取计讯数据（计讯模块）
2017-11-01 22:12:02,388 ERROR frmstart 准备获取计讯数据（计讯模块）...
2017-11-01 22:12:02,389 ERROR frmstart 接收计讯数据！数据有：0
2017-11-01 22:12:03,401 ERROR frmstart 准备接收计讯数据！
2017-11-01 22:12:03,402 ERROR frmstart 准备获取计讯数据（计讯模块）
2017-11-01 22:12:03,403 ERROR frmstart 准备获取计讯数据（计讯模块）...
2017-11-01 22:12:03,404 ERROR frmstart 接收计讯数据！数据有：0
2017-11-01 22:12:04,414 ERROR frmstart 准备接收计讯数据！
2017-11-01 22:12:04,415 ERROR frmstart 准备获取计讯数据（计讯模块）
2017-11-01 22:12:04,415 ERROR frmstart 准备获取计讯数据（计讯模块）...
2017-11-01 22:12:04,416 ERROR frmstart 接收计讯数据！数据有：0
2017-11-01 22:12:05,428 ERROR frmstart 准备接收计讯数据！
2017-11-01 22:12:05,429 ERROR frmstart 准备获取计讯数据（计讯模块）
2017-11-01 22:12:05,429 ERROR frmstart 准备获取计讯数据（计讯模块）...
2017-11-01 22:12:05,430 ERROR frmstart 接收计讯数据！数据有：0
2017-11-01 22:12:06,442 ERROR frmstart 准备接收计讯数据！
2017-11-01 22:12:06,444 ERROR frmstart 准备获取计讯数据（计讯模块）
2017-11-01 22:12:06,445 ERROR frmstart 准备获取计讯数据（计讯模块）...
2017-11-01 22:12:06,446 ERROR frmstart 接收计讯数据！数据有：0
2017-11-01 22:12:06,848 INFO  frmstart 在线数量：0
2017-11-01 22:12:06,849 INFO  frmstart 计讯联接的dtu数量是：0个
2017-11-01 22:12:07,456 ERROR frmstart 准备接收计讯数据！
2017-11-01 22:12:07,457 ERROR frmstart 准备获取计讯数据（计讯模块）
2017-11-01 22:12:07,458 ERROR frmstart 准备获取计讯数据（计讯模块）...
2017-11-01 22:12:07,458 ERROR frmstart 接收计讯数据！数据有：0
2017-11-01 22:12:08,470 ERROR frmstart 准备接收计讯数据！
2017-11-01 22:12:08,471 ERROR frmstart 准备获取计讯数据（计讯模块）
2017-11-01 22:12:08,472 ERROR frmstart 准备获取计讯数据（计讯模块）...
2017-11-01 22:12:08,473 ERROR frmstart 接收计讯数据！数据有：0
2017-11-01 22:12:09,485 ERROR frmstart 准备接收计讯数据！
2017-11-01 22:12:09,486 ERROR frmstart 准备获取计讯数据（计讯模块）
2017-11-01 22:12:09,487 ERROR frmstart 准备获取计讯数据（计讯模块）...
2017-11-01 22:12:09,488 ERROR frmstart 接收计讯数据！数据有：0
2017-11-01 22:12:10,498 ERROR frmstart 准备接收计讯数据！
2017-11-01 22:12:10,500 ERROR frmstart 准备获取计讯数据（计讯模块）
2017-11-01 22:12:10,501 ERROR frmstart 准备获取计讯数据（计讯模块）...
2017-11-01 22:12:10,502 ERROR frmstart 接收计讯数据！数据有：0
2017-11-01 22:12:14,874 INFO  frmstart 停止计讯服务
2017-11-01 22:12:17,284 INFO  frmstart 准备解析包:date:2017-11-01 22:12:14;src:13600110001;长度:233- data:0103E441A2666641F3333300000000000000003A072B0300000000000000003E380000000000003FA000004158000000000000426066660000000041973333419400000000000000000000000000003C18D4FE000000003CE00000000000003F17000041533333000000004263999A00000000423200004230CCCD3F3D93763F12322D3F0FDE363F3E4BC8000000004002400041C80000423C240041C800003F878000426A00000000000042353333000000000000000000000000417CCCCD421ACCCD454CCB33000000003EA80000000000003E14000041700000415AD000000000003F160000AACC
2017-11-01 22:12:30,896 ERROR ReadData1 13600110001 226 Parse(F32):未将对象引用设置到对象的实例。
2017-11-01 22:12:30,985 ERROR ReadData1 13600110001 226 Parse(F33):未将对象引用设置到对象的实例。
2017-11-01 22:12:31,070 ERROR ReadData1 13600110001 226 Parse(F34):未将对象引用设置到对象的实例。
2017-11-01 22:12:31,147 ERROR ReadData1 13600110001 226 Parse(F35):未将对象引用设置到对象的实例。
2017-11-01 22:12:31,224 ERROR ReadData1 13600110001 226 Parse(F36):未将对象引用设置到对象的实例。
2017-11-01 22:12:31,311 ERROR ReadData1 13600110001 226 Parse(F37):未将对象引用设置到对象的实例。
2017-11-01 22:12:31,396 ERROR ReadData1 13600110001 226 Parse(F38):未将对象引用设置到对象的实例。
2017-11-01 22:12:31,478 ERROR ReadData1 13600110001 226 Parse(F39):未将对象引用设置到对象的实例。
2017-11-01 22:12:31,557 ERROR ReadData1 13600110001 226 Parse(F40):未将对象引用设置到对象的实例。
2017-11-01 22:12:31,647 ERROR ReadData1 13600110001 226 Parse(F41):未将对象引用设置到对象的实例。
2017-11-01 22:12:31,729 ERROR ReadData1 13600110001 226 Parse(F42):未将对象引用设置到对象的实例。
2017-11-01 22:12:31,807 ERROR ReadData1 13600110001 226 Parse(F43):未将对象引用设置到对象的实例。
2017-11-01 22:12:31,891 ERROR ReadData1 13600110001 226 Parse(F44):未将对象引用设置到对象的实例。
2017-11-01 22:12:31,971 ERROR ReadData1 13600110001 226 Parse(F45):未将对象引用设置到对象的实例。
2017-11-01 22:12:32,045 ERROR ReadData1 13600110001 226 Parse(F46):未将对象引用设置到对象的实例。
2017-11-01 22:12:32,125 ERROR ReadData1 13600110001 226 Parse(F47):未将对象引用设置到对象的实例。
2017-11-01 22:12:32,219 ERROR ReadData1 13600110001 226 Parse(F48):未将对象引用设置到对象的实例。
2017-11-01 22:12:32,301 ERROR ReadData1 13600110001 226 Parse(F49):未将对象引用设置到对象的实例。
2017-11-01 22:12:32,391 ERROR ReadData1 13600110001 226 Parse(F50):未将对象引用设置到对象的实例。
2017-11-01 22:12:32,462 ERROR ReadData1 13600110001 226 Parse(F51):未将对象引用设置到对象的实例。
2017-11-01 22:12:32,536 ERROR ReadData1 13600110001 226 Parse(F52):未将对象引用设置到对象的实例。
2017-11-01 22:12:32,613 ERROR ReadData1 13600110001 226 Parse(F53):未将对象引用设置到对象的实例。
2017-11-01 22:12:32,696 ERROR ReadData1 13600110001 226 Parse(F54):未将对象引用设置到对象的实例。
2017-11-01 22:12:32,768 ERROR ReadData1 13600110001 226 Parse(F55):未将对象引用设置到对象的实例。
2017-11-01 22:12:32,846 ERROR ReadData1 13600110001 226 Parse(F56):未将对象引用设置到对象的实例。
2017-11-01 22:12:32,923 ERROR ReadData1 13600110001 226 Parse(F57):未将对象引用设置到对象的实例。
2017-11-01 22:14:34,097 INFO  frmstart --------13600110001---待判断数量0
2017-11-01 22:14:34,101 INFO  frmstart 在线数量：0
2017-11-01 22:14:34,102 INFO  frmstart 计讯联接的dtu数量是：0个
2017-11-01 22:15:13,447 INFO  frmstart 准备解析包:date:2017-11-01 22:14:37;src:13600110001;长度:101- data:0103600014000000020000000000790000000004552AA82AA24000000000000000000041340000432BDA004152E14843B91604000000000000000042200000E300E100C303999A417333334160000000000000C2F466664285999A42513333000000008E30
2017-11-01 22:19:18,134 INFO  frmstart 准备解析包:date:2017-11-01 22:14:37;src:13600110001;长度:101- data:0103600014000000020000000000790000000004552AA82AA24000000000000000000041340000432BDA004152E14843B91604000000000000000042200000E300E100C303999A417333334160000000000000C2F466664285999A42513333000000008E30
2017-11-01 22:19:39,276 ERROR ReadCommon 13600110001 222 Parse(F211):未将对象引用设置到对象的实例。
2017-11-01 22:19:39,374 ERROR ReadCommon 13600110001 222 Parse(F212):未将对象引用设置到对象的实例。
