2018-01-11 09:47:35,231 ERROR frmstart JX 的新实例
2018-01-11 09:47:38,408 INFO  frmstart load start:47:38
2018-01-11 09:48:38,791 ERROR Error-GetBySql 序列包含一个以上的元素
2018-01-11 09:48:42,666 INFO  frmstart 在线数量：0
2018-01-11 09:48:42,935 INFO  frmstart 计讯联接的dtu数量是：0个
2018-01-11 09:48:43,102 ERROR frmstart  在线：可为空的对象必须具有一个值。
2018-01-11 09:48:57,486 ERROR frmstart 13300050011 在线：可为空的对象必须具有一个值。
2018-01-11 09:49:03,577 ERROR frmstart 13300050067 在线：可为空的对象必须具有一个值。
2018-01-11 09:49:03,872 ERROR frmstart 13300050070 在线：可为空的对象必须具有一个值。
2018-01-11 09:49:04,692 ERROR frmstart 13300050075 在线：可为空的对象必须具有一个值。
2018-01-11 09:49:04,766 ERROR frmstart 13300050076 在线：可为空的对象必须具有一个值。
2018-01-11 09:49:10,251 ERROR frmstart 13500010002 在线：可为空的对象必须具有一个值。
2018-01-11 09:49:10,432 ERROR frmstart 13500020002 在线：可为空的对象必须具有一个值。
2018-01-11 09:49:10,508 ERROR frmstart 13500020003 在线：可为空的对象必须具有一个值。
2018-01-11 09:49:10,593 ERROR frmstart 13500020004 在线：可为空的对象必须具有一个值。
2018-01-11 09:49:10,664 ERROR frmstart 13500020005 在线：可为空的对象必须具有一个值。
2018-01-11 09:49:10,836 ERROR frmstart 13500030002 在线：可为空的对象必须具有一个值。
2018-01-11 09:49:10,910 ERROR frmstart 13500030003 在线：可为空的对象必须具有一个值。
2018-01-11 09:49:10,985 ERROR frmstart 13500030004 在线：可为空的对象必须具有一个值。
2018-01-11 09:49:11,055 ERROR frmstart 13500030005 在线：可为空的对象必须具有一个值。
2018-01-11 09:49:11,259 ERROR frmstart 13500040002 在线：可为空的对象必须具有一个值。
2018-01-11 09:49:11,443 ERROR frmstart 13500050002 在线：可为空的对象必须具有一个值。
2018-01-11 09:49:11,871 ERROR frmstart 13500080002 在线：可为空的对象必须具有一个值。
2018-01-11 09:49:11,954 ERROR frmstart 13500080003 在线：可为空的对象必须具有一个值。
2018-01-11 09:49:12,049 ERROR frmstart 13500080004 在线：可为空的对象必须具有一个值。
2018-01-11 09:49:12,110 ERROR frmstart 13500080005 在线：可为空的对象必须具有一个值。
2018-01-11 09:49:12,187 ERROR frmstart 13500080006 在线：可为空的对象必须具有一个值。
2018-01-11 09:49:12,257 ERROR frmstart 13500080007 在线：可为空的对象必须具有一个值。
2018-01-11 09:49:12,346 ERROR frmstart 13500080008 在线：可为空的对象必须具有一个值。
2018-01-11 09:49:12,631 ERROR frmstart 13500100002 在线：可为空的对象必须具有一个值。
2018-01-11 09:49:12,701 ERROR frmstart 13500100003 在线：可为空的对象必须具有一个值。
2018-01-11 09:49:12,782 ERROR frmstart 13500100004 在线：可为空的对象必须具有一个值。
2018-01-11 09:49:12,856 ERROR frmstart 13500100005 在线：可为空的对象必须具有一个值。
2018-01-11 09:49:12,923 ERROR frmstart 13500100006 在线：可为空的对象必须具有一个值。
2018-01-11 09:49:13,095 ERROR frmstart 13500110002 在线：可为空的对象必须具有一个值。
2018-01-11 09:49:13,165 ERROR frmstart 13500110003 在线：可为空的对象必须具有一个值。
2018-01-11 09:49:13,234 ERROR frmstart 13500110004 在线：可为空的对象必须具有一个值。
2018-01-11 09:49:13,312 ERROR frmstart 13500110005 在线：可为空的对象必须具有一个值。
2018-01-11 09:49:13,395 ERROR frmstart 13500110006 在线：可为空的对象必须具有一个值。
2018-01-11 09:49:13,460 ERROR frmstart 13500110007 在线：可为空的对象必须具有一个值。
2018-01-11 09:49:13,535 ERROR frmstart 13500110008 在线：可为空的对象必须具有一个值。
2018-01-11 09:49:13,830 ERROR frmstart 13500130002 在线：可为空的对象必须具有一个值。
2018-01-11 09:49:13,923 ERROR frmstart 13500130003 在线：可为空的对象必须具有一个值。
2018-01-11 09:49:13,998 ERROR frmstart 13500130004 在线：可为空的对象必须具有一个值。
2018-01-11 09:49:14,063 ERROR frmstart 13500130005 在线：可为空的对象必须具有一个值。
2018-01-11 09:49:14,130 ERROR frmstart 13500130006 在线：可为空的对象必须具有一个值。
2018-01-11 09:49:14,196 ERROR frmstart 13500130007 在线：可为空的对象必须具有一个值。
2018-01-11 09:49:14,402 ERROR frmstart 13500140002 在线：可为空的对象必须具有一个值。
2018-01-11 09:49:14,586 ERROR frmstart 13500150002 在线：可为空的对象必须具有一个值。
2018-01-11 09:49:14,660 ERROR frmstart 13500150003 在线：可为空的对象必须具有一个值。
2018-01-11 09:49:14,732 ERROR frmstart 13500150004 在线：可为空的对象必须具有一个值。
2018-01-11 09:49:14,816 ERROR frmstart 13500150005 在线：可为空的对象必须具有一个值。
2018-01-11 09:49:18,726 ERROR frmstart SendCommand:--errPos:902013311112222-0103000000070408
2018-01-11 09:49:18,748 ERROR frmstart SendCommand:--errPos:902013922220002-0103000000070408
2018-01-11 09:49:18,750 ERROR frmstart SendCommand:--errPos:902013600000000-01030000002B05D5
2018-01-11 09:49:18,755 ERROR frmstart SendCommand:--errPos:902013866668888-01030000002B05D5
2018-01-11 09:49:18,757 ERROR frmstart SendCommand:--errPos:902013866889999-01030000002B05D5
2018-01-11 09:49:19,131 ERROR Error-GetHandDownCmd 100--120000002---给定关键字不在字典中。
2018-01-11 09:49:19,180 ERROR Error-GetHandDownCmd 100--120000002---给定关键字不在字典中。
2018-01-11 09:49:19,619 ERROR frmstart 没有配置气象数据:13300050111
2018-01-11 09:49:19,620 ERROR frmstart 没有配置气象数据:13300050113
2018-01-11 09:49:19,621 ERROR frmstart 没有配置气象数据:13300050114
2018-01-11 09:49:19,622 ERROR frmstart 没有配置气象数据:13300050115
2018-01-11 09:49:19,623 ERROR frmstart 没有配置气象数据:13300050116
2018-01-11 09:49:19,624 ERROR frmstart 没有配置气象数据:13300050117
2018-01-11 09:49:19,624 ERROR frmstart 没有配置气象数据:13300050118
2018-01-11 09:49:19,625 ERROR frmstart 没有配置气象数据:13300050119
2018-01-11 09:49:19,626 ERROR frmstart 没有配置气象数据:13900110110
2018-01-11 09:49:19,627 WARN  frmstart 启动计讯服务(Port=6012)无法在 DLL“gprsdll.dll”中找到名为“DLLStartService”的入口点。
2018-01-11 09:49:19,687 ERROR frmstart start gprs文本长度必须少于 64 个字符。
参数名: Text
实际值是 (6002 默认服务已启动);计讯服务6012已启动计讯6012启动失败:无法在 DLL“gprsdll.dll”中找到名为“DLLStartService”的入口点。。
2018-01-11 09:49:19,688 INFO  frmstart load end:49:19
2018-01-11 09:49:20,038 ERROR Error-CreateWeatDownCommand 未将对象引用设置到对象的实例。
2018-01-11 09:49:20,151 ERROR Error-CreateWeatDownCommand 未将对象引用设置到对象的实例。
2018-01-11 09:49:20,484 ERROR frmstart 没有配置气象数据:13300040010
2018-01-11 09:49:20,484 ERROR frmstart 没有配置气象数据:13300040011
2018-01-11 09:49:20,575 ERROR Error-CreateWeatDownCommand 值不能为 null。
参数名: type
2018-01-11 09:49:20,667 ERROR Error-CreateWeatDownCommand 值不能为 null。
参数名: type
2018-01-11 09:49:20,810 ERROR frmstart 没有配置气象数据:13600100001
2018-01-11 09:49:20,893 ERROR Error-CreateWeatDownCommand 索引超出了数组界限。
2018-01-11 09:49:20,978 ERROR Error-CreateWeatDownCommand 值不能为 null。
参数名: type
2018-01-11 09:49:21,060 ERROR Error-CreateWeatDownCommand 索引超出了数组界限。
2018-01-11 09:49:21,145 ERROR Error-CreateWeatDownCommand 值不能为 null。
参数名: type
2018-01-11 09:49:24,240 ERROR Error-GetHandDownCmd 100--120000002---给定关键字不在字典中。
2018-01-11 09:49:24,256 ERROR Error-GetHandDownCmd 100--120000002---给定关键字不在字典中。
2018-01-11 09:49:29,344 ERROR Error-GetHandDownCmd 100--120000002---给定关键字不在字典中。
2018-01-11 09:49:29,363 ERROR Error-GetHandDownCmd 100--120000002---给定关键字不在字典中。
2018-01-11 09:49:34,427 ERROR Error-GetHandDownCmd 100--120000002---给定关键字不在字典中。
2018-01-11 09:49:34,443 ERROR Error-GetHandDownCmd 100--120000002---给定关键字不在字典中。
2018-01-11 09:49:40,716 WARN  frmstart 停止计讯服务:服务尚未启动
2018-01-11 09:57:43,048 INFO  frmstart 准备解析包:date:2018-01-11 09:49:40;src:13600070001;长度:97- data:01035C424800004228000000000000424C0000000000000000000041B800004248000000102D7C443260000002D28542B76B854247B852422CCCCD000000000001000000020986429B28F600A80000FCFC0000424800000001000000000000A852
2018-01-11 09:57:47,150 INFO  frmstart protocal:QyTech.ProtocalGlfSheXian.ReadData1
