2017-12-20 16:36:07,008 ERROR Form1 tmrGetNeedSend_Tick:0
2017-12-20 16:36:10,436 ERROR Form1 tmrGetNeedSend_Tick:0
2017-12-20 16:36:15,456 ERROR Form1 tmrGetNeedSend_Tick:0
2017-12-20 16:36:20,470 ERROR Form1 tmrGetNeedSend_Tick:0
2017-12-20 16:36:25,461 ERROR Form1 tmrGetNeedSend_Tick:0
2017-12-20 16:36:30,479 ERROR Form1 tmrGetNeedSend_Tick:0
2017-12-20 16:36:35,499 ERROR Form1 tmrGetNeedSend_Tick:0
2017-12-20 16:36:40,487 ERROR Form1 tmrGetNeedSend_Tick:0
2017-12-20 16:36:45,504 ERROR Form1 tmrGetNeedSend_Tick:0
2017-12-20 16:36:50,519 ERROR Form1 tmrGetNeedSend_Tick:0
2017-12-20 20:29:05,589 ERROR Form1 tmrGetNeedSend_Tick:0

2017-12-20 20:29:27,516 ERROR Form1 tmrGetNeedSend_Tick:0
2017-12-20 20:29:29,199 ERROR Form1 tmrGetNeedSend_Tick:0
2017-12-20 20:29:34,206 ERROR Form1 tmrGetNeedSend_Tick:0

2017-12-20 20:30:19,126 ERROR Form1 tmrGetNeedSend_Tick:0
2017-12-20 20:30:24,628 ERROR Form1 tmrGetNeedSend_Tick:0
2017-12-20 20:30:31,856 ERROR Form1 tmrGetNeedSend_Tick:0
2017-12-20 20:30:32,022 ERROR Form1 tmrGetNeedSend_Tick:0
2017-12-20 20:30:37,021 ERROR Form1 tmrGetNeedSend_Tick:0
2017-12-20 20:30:42,025 ERROR Form1 tmrGetNeedSend_Tick:0
2017-12-20 20:30:47,047 ERROR Form1 tmrGetNeedSend_Tick:0
2017-12-20 20:30:52,058 ERROR Form1 tmrGetNeedSend_Tick:0
2017-12-20 20:30:57,066 ERROR Form1 tmrGetNeedSend_Tick:0
2017-12-20 20:31:02,074 ERROR Form1 tmrGetNeedSend_Tick:0
2017-12-20 20:31:07,122 ERROR Form1 tmrGetNeedSend_Tick:0
2017-12-20 20:31:12,099 ERROR Form1 tmrGetNeedSend_Tick:0
2017-12-20 20:31:17,085 ERROR Form1 tmrGetNeedSend_Tick:0
2017-12-20 20:31:22,180 ERROR Form1 tmrGetNeedSend_Tick:0
2017-12-20 20:31:30,567 INFO  Form1 tmr start
2017-12-20 20:31:31,773 INFO  Form1 tmr 1-------------cmd count2
2017-12-20 20:32:04,983 INFO  Form1 tmr end
2017-12-20 20:32:05,189 ERROR Form1 tmrGetNeedSend_Tick:0
2017-12-20 20:32:07,170 ERROR Form1 tmrGetNeedSend_Tick:0
2017-12-20 20:32:13,312 ERROR Form1 tmrGetNeedSend_Tick:0
2017-12-20 20:32:17,144 ERROR Form1 tmrGetNeedSend_Tick:0
2017-12-20 20:32:22,208 ERROR Form1 tmrGetNeedSend_Tick:0
2017-12-20 20:32:27,188 ERROR Form1 tmrGetNeedSend_Tick:0
2017-12-20 20:32:32,223 ERROR Form1 tmrGetNeedSend_Tick:0
2017-12-20 20:32:37,321 ERROR Form1 tmrGetNeedSend_Tick:0
2017-12-20 20:32:42,271 ERROR Form1 tmrGetNeedSend_Tick:0
2017-12-20 20:34:16,938 ERROR Form1 tmrGetNeedSend_Tick:0

2017-12-20 20:43:36,159 ERROR Form1 tmrGetNeedSend_Tick:0
2017-12-20 20:43:41,078 ERROR Form1 tmrGetNeedSend_Tick:0
2017-12-20 20:43:46,085 ERROR Form1 tmrGetNeedSend_Tick:0
2017-12-20 20:43:51,088 ERROR Form1 tmrGetNeedSend_Tick:0
2017-12-20 20:43:56,092 ERROR Form1 tmrGetNeedSend_Tick:0
2017-12-20 20:44:01,125 ERROR Form1 tmrGetNeedSend_Tick:0
2017-12-20 20:44:06,113 ERROR Form1 tmrGetNeedSend_Tick:0
2017-12-20 20:44:11,125 ERROR Form1 tmrGetNeedSend_Tick:0
2017-12-20 20:44:16,162 ERROR Form1 tmrGetNeedSend_Tick:0
2017-12-20 20:44:21,134 ERROR Form1 tmrGetNeedSend_Tick:0
2017-12-20 20:44:26,150 ERROR Form1 tmrGetNeedSend_Tick:0
2017-12-20 20:44:31,185 ERROR Form1 tmrGetNeedSend_Tick:0
2017-12-20 20:44:36,159 ERROR Form1 tmrGetNeedSend_Tick:0
2017-12-20 20:44:41,236 ERROR Form1 tmrGetNeedSend_Tick:0
2017-12-20 20:44:46,195 ERROR Form1 tmrGetNeedSend_Tick:0
2017-12-20 20:44:51,304 ERROR Form1 tmrGetNeedSend_Tick:0
2017-12-20 20:44:56,266 ERROR Form1 tmrGetNeedSend_Tick:0
2017-12-20 20:45:01,538 ERROR Form1 tmrGetNeedSend_Tick:1
2017-12-20 20:45:01,539 ERROR Form1 队列长度：0,要新增：1
2017-12-20 20:45:01,540 INFO  Form1 要新增:120000001OC20030017090080-----2017-12-20
2017-12-20 20:45:01,548 ERROR Form1 未将对象引用设置到对象的实例。
System.NullReferenceException: 未将对象引用设置到对象的实例。
   在 TCPServer.Form1.tmrWriteData_Tick(Object sender, EventArgs e) 位置 d:\QyTech\TCPServer\Form1.cs:行号 548
2017-12-20 20:45:06,245 ERROR Form1 tmrGetNeedSend_Tick:1
2017-12-20 20:45:06,246 ERROR Form1 队列长度：0,要新增：1
2017-12-20 20:45:06,247 INFO  Form1 要新增:120000001OC20030017090080-----2017-12-20
2017-12-20 20:45:06,247 ERROR Form1 未将对象引用设置到对象的实例。
System.NullReferenceException: 未将对象引用设置到对象的实例。
   在 TCPServer.Form1.tmrWriteData_Tick(Object sender, EventArgs e) 位置 d:\QyTech\TCPServer\Form1.cs:行号 548
2017-12-20 20:45:11,219 ERROR Form1 tmrGetNeedSend_Tick:1
2017-12-20 20:45:11,220 ERROR Form1 队列长度：0,要新增：1
2017-12-20 20:45:11,221 INFO  Form1 要新增:120000001OC20030017090080-----2017-12-20
2017-12-20 20:45:11,221 ERROR Form1 未将对象引用设置到对象的实例。
System.NullReferenceException: 未将对象引用设置到对象的实例。
   在 TCPServer.Form1.tmrWriteData_Tick(Object sender, EventArgs e) 位置 d:\QyTech\TCPServer\Form1.cs:行号 548
2017-12-20 20:45:16,360 ERROR Form1 tmrGetNeedSend_Tick:1
2017-12-20 20:45:16,361 ERROR Form1 队列长度：0,要新增：1
2017-12-20 20:45:16,362 INFO  Form1 要新增:120000001OC20030017090080-----2017-12-20
2017-12-20 20:45:16,362 ERROR Form1 未将对象引用设置到对象的实例。
System.NullReferenceException: 未将对象引用设置到对象的实例。
   在 TCPServer.Form1.tmrWriteData_Tick(Object sender, EventArgs e) 位置 d:\QyTech\TCPServer\Form1.cs:行号 548
2017-12-20 20:45:21,302 ERROR Form1 tmrGetNeedSend_Tick:1
2017-12-20 20:45:21,305 ERROR Form1 队列长度：0,要新增：1
2017-12-20 20:45:21,306 INFO  Form1 要新增:120000001OC20030017090080-----2017-12-20
2017-12-20 20:45:21,307 ERROR Form1 未将对象引用设置到对象的实例。
System.NullReferenceException: 未将对象引用设置到对象的实例。
   在 TCPServer.Form1.tmrWriteData_Tick(Object sender, EventArgs e) 位置 d:\QyTech\TCPServer\Form1.cs:行号 548
2017-12-20 20:45:26,260 ERROR Form1 tmrGetNeedSend_Tick:1
2017-12-20 20:45:26,261 ERROR Form1 队列长度：0,要新增：1
2017-12-20 20:45:26,262 INFO  Form1 要新增:120000001OC20030017090080-----2017-12-20
2017-12-20 20:45:26,262 ERROR Form1 未将对象引用设置到对象的实例。
System.NullReferenceException: 未将对象引用设置到对象的实例。
   在 TCPServer.Form1.tmrWriteData_Tick(Object sender, EventArgs e) 位置 d:\QyTech\TCPServer\Form1.cs:行号 548
2017-12-20 20:45:31,299 ERROR Form1 tmrGetNeedSend_Tick:1
2017-12-20 20:45:31,300 ERROR Form1 队列长度：0,要新增：1
2017-12-20 20:45:31,301 INFO  Form1 要新增:120000001OC20030017090080-----2017-12-20
2017-12-20 20:45:31,303 ERROR Form1 未将对象引用设置到对象的实例。
System.NullReferenceException: 未将对象引用设置到对象的实例。
   在 TCPServer.Form1.tmrWriteData_Tick(Object sender, EventArgs e) 位置 d:\QyTech\TCPServer\Form1.cs:行号 548
2017-12-20 20:45:36,331 ERROR Form1 tmrGetNeedSend_Tick:1
2017-12-20 20:45:36,332 ERROR Form1 队列长度：0,要新增：1
2017-12-20 20:45:36,333 INFO  Form1 要新增:120000001OC20030017090080-----2017-12-20
2017-12-20 20:45:36,333 ERROR Form1 未将对象引用设置到对象的实例。
System.NullReferenceException: 未将对象引用设置到对象的实例。
   在 TCPServer.Form1.tmrWriteData_Tick(Object sender, EventArgs e) 位置 d:\QyTech\TCPServer\Form1.cs:行号 548
2017-12-20 20:45:41,250 ERROR Form1 tmrGetNeedSend_Tick:1
2017-12-20 20:45:41,251 ERROR Form1 队列长度：0,要新增：1
2017-12-20 20:45:41,252 INFO  Form1 要新增:120000001OC20030017090080-----2017-12-20
2017-12-20 20:45:41,253 ERROR Form1 未将对象引用设置到对象的实例。
System.NullReferenceException: 未将对象引用设置到对象的实例。
   在 TCPServer.Form1.tmrWriteData_Tick(Object sender, EventArgs e) 位置 d:\QyTech\TCPServer\Form1.cs:行号 548
2017-12-20 20:45:46,346 ERROR Form1 tmrGetNeedSend_Tick:1
2017-12-20 20:45:46,347 ERROR Form1 队列长度：0,要新增：1
2017-12-20 20:45:46,348 INFO  Form1 要新增:120000001OC20030017090080-----2017-12-20
2017-12-20 20:45:46,349 ERROR Form1 未将对象引用设置到对象的实例。
System.NullReferenceException: 未将对象引用设置到对象的实例。
   在 TCPServer.Form1.tmrWriteData_Tick(Object sender, EventArgs e) 位置 d:\QyTech\TCPServer\Form1.cs:行号 548
2017-12-20 20:45:51,269 ERROR Form1 tmrGetNeedSend_Tick:1
2017-12-20 20:45:51,270 ERROR Form1 队列长度：0,要新增：1
2017-12-20 20:45:51,271 INFO  Form1 要新增:120000001OC20030017090080-----2017-12-20
2017-12-20 20:45:51,272 ERROR Form1 未将对象引用设置到对象的实例。
System.NullReferenceException: 未将对象引用设置到对象的实例。
   在 TCPServer.Form1.tmrWriteData_Tick(Object sender, EventArgs e) 位置 d:\QyTech\TCPServer\Form1.cs:行号 548
2017-12-20 20:45:56,286 ERROR Form1 tmrGetNeedSend_Tick:1
2017-12-20 20:45:56,287 ERROR Form1 队列长度：0,要新增：1
2017-12-20 20:45:56,290 INFO  Form1 要新增:120000001OC20030017090080-----2017-12-20
2017-12-20 20:45:56,291 ERROR Form1 未将对象引用设置到对象的实例。
System.NullReferenceException: 未将对象引用设置到对象的实例。
   在 TCPServer.Form1.tmrWriteData_Tick(Object sender, EventArgs e) 位置 d:\QyTech\TCPServer\Form1.cs:行号 548
2017-12-20 20:46:01,301 ERROR Form1 tmrGetNeedSend_Tick:1
2017-12-20 20:46:01,302 ERROR Form1 队列长度：0,要新增：1
2017-12-20 20:46:01,303 INFO  Form1 要新增:120000001OC20030017090080-----2017-12-20
2017-12-20 20:46:01,303 ERROR Form1 未将对象引用设置到对象的实例。
System.NullReferenceException: 未将对象引用设置到对象的实例。
   在 TCPServer.Form1.tmrWriteData_Tick(Object sender, EventArgs e) 位置 d:\QyTech\TCPServer\Form1.cs:行号 548
2017-12-20 20:46:06,363 ERROR Form1 tmrGetNeedSend_Tick:1
2017-12-20 20:46:06,365 ERROR Form1 队列长度：0,要新增：1
2017-12-20 20:46:06,366 INFO  Form1 要新增:120000001OC20030017090080-----2017-12-20
2017-12-20 20:46:06,367 ERROR Form1 未将对象引用设置到对象的实例。
System.NullReferenceException: 未将对象引用设置到对象的实例。
   在 TCPServer.Form1.tmrWriteData_Tick(Object sender, EventArgs e) 位置 d:\QyTech\TCPServer\Form1.cs:行号 548
2017-12-20 20:46:11,324 ERROR Form1 tmrGetNeedSend_Tick:1
2017-12-20 20:46:11,325 ERROR Form1 队列长度：0,要新增：1
2017-12-20 20:46:11,326 INFO  Form1 要新增:120000001OC20030017090080-----2017-12-20
2017-12-20 20:46:11,326 ERROR Form1 未将对象引用设置到对象的实例。
System.NullReferenceException: 未将对象引用设置到对象的实例。
   在 TCPServer.Form1.tmrWriteData_Tick(Object sender, EventArgs e) 位置 d:\QyTech\TCPServer\Form1.cs:行号 548
2017-12-20 20:46:16,342 ERROR Form1 tmrGetNeedSend_Tick:1
2017-12-20 20:46:16,342 ERROR Form1 队列长度：0,要新增：1
2017-12-20 20:46:16,343 INFO  Form1 要新增:120000001OC20030017090080-----2017-12-20
2017-12-20 20:46:16,344 ERROR Form1 未将对象引用设置到对象的实例。
System.NullReferenceException: 未将对象引用设置到对象的实例。
   在 TCPServer.Form1.tmrWriteData_Tick(Object sender, EventArgs e) 位置 d:\QyTech\TCPServer\Form1.cs:行号 548
2017-12-20 20:46:21,338 ERROR Form1 tmrGetNeedSend_Tick:1
2017-12-20 20:46:21,339 ERROR Form1 队列长度：0,要新增：1
2017-12-20 20:46:21,339 INFO  Form1 要新增:120000001OC20030017090080-----2017-12-20
2017-12-20 20:46:21,340 ERROR Form1 未将对象引用设置到对象的实例。
System.NullReferenceException: 未将对象引用设置到对象的实例。
   在 TCPServer.Form1.tmrWriteData_Tick(Object sender, EventArgs e) 位置 d:\QyTech\TCPServer\Form1.cs:行号 548
2017-12-20 20:46:26,353 ERROR Form1 tmrGetNeedSend_Tick:1
2017-12-20 20:46:26,354 ERROR Form1 队列长度：0,要新增：1
2017-12-20 20:46:26,355 INFO  Form1 要新增:120000001OC20030017090080-----2017-12-20
2017-12-20 20:46:26,356 ERROR Form1 未将对象引用设置到对象的实例。
System.NullReferenceException: 未将对象引用设置到对象的实例。
   在 TCPServer.Form1.tmrWriteData_Tick(Object sender, EventArgs e) 位置 d:\QyTech\TCPServer\Form1.cs:行号 548
2017-12-20 20:46:31,337 ERROR Form1 tmrGetNeedSend_Tick:1
2017-12-20 20:46:31,338 ERROR Form1 队列长度：0,要新增：1
2017-12-20 20:46:31,339 INFO  Form1 要新增:120000001OC20030017090080-----2017-12-20
2017-12-20 20:46:31,340 ERROR Form1 未将对象引用设置到对象的实例。
System.NullReferenceException: 未将对象引用设置到对象的实例。
   在 TCPServer.Form1.tmrWriteData_Tick(Object sender, EventArgs e) 位置 d:\QyTech\TCPServer\Form1.cs:行号 548
2017-12-20 20:46:36,450 ERROR Form1 tmrGetNeedSend_Tick:1
2017-12-20 20:46:36,451 ERROR Form1 队列长度：0,要新增：1
2017-12-20 20:46:36,451 INFO  Form1 要新增:120000001OC20030017090080-----2017-12-20
2017-12-20 20:46:36,452 ERROR Form1 未将对象引用设置到对象的实例。
System.NullReferenceException: 未将对象引用设置到对象的实例。
   在 TCPServer.Form1.tmrWriteData_Tick(Object sender, EventArgs e) 位置 d:\QyTech\TCPServer\Form1.cs:行号 548
2017-12-20 20:46:41,469 ERROR Form1 tmrGetNeedSend_Tick:1
2017-12-20 20:46:41,470 ERROR Form1 队列长度：0,要新增：1
2017-12-20 20:46:41,473 INFO  Form1 要新增:120000001OC20030017090080-----2017-12-20
2017-12-20 20:46:41,474 ERROR Form1 未将对象引用设置到对象的实例。
System.NullReferenceException: 未将对象引用设置到对象的实例。
   在 TCPServer.Form1.tmrWriteData_Tick(Object sender, EventArgs e) 位置 d:\QyTech\TCPServer\Form1.cs:行号 548
2017-12-20 20:46:46,357 ERROR Form1 tmrGetNeedSend_Tick:1
2017-12-20 20:46:46,357 ERROR Form1 队列长度：0,要新增：1
2017-12-20 20:46:46,359 INFO  Form1 要新增:120000001OC20030017090080-----2017-12-20
2017-12-20 20:46:46,360 ERROR Form1 未将对象引用设置到对象的实例。
System.NullReferenceException: 未将对象引用设置到对象的实例。
   在 TCPServer.Form1.tmrWriteData_Tick(Object sender, EventArgs e) 位置 d:\QyTech\TCPServer\Form1.cs:行号 548
2017-12-20 20:46:51,370 ERROR Form1 tmrGetNeedSend_Tick:1
2017-12-20 20:46:51,371 ERROR Form1 队列长度：0,要新增：1
2017-12-20 20:46:51,372 INFO  Form1 要新增:120000001OC20030017090080-----2017-12-20
2017-12-20 20:46:51,373 ERROR Form1 未将对象引用设置到对象的实例。
System.NullReferenceException: 未将对象引用设置到对象的实例。
   在 TCPServer.Form1.tmrWriteData_Tick(Object sender, EventArgs e) 位置 d:\QyTech\TCPServer\Form1.cs:行号 548
2017-12-20 20:46:56,380 ERROR Form1 tmrGetNeedSend_Tick:1
2017-12-20 20:46:56,381 ERROR Form1 队列长度：0,要新增：1
2017-12-20 20:46:56,382 INFO  Form1 要新增:120000001OC20030017090080-----2017-12-20
2017-12-20 20:46:56,383 ERROR Form1 未将对象引用设置到对象的实例。
System.NullReferenceException: 未将对象引用设置到对象的实例。
   在 TCPServer.Form1.tmrWriteData_Tick(Object sender, EventArgs e) 位置 d:\QyTech\TCPServer\Form1.cs:行号 548
2017-12-20 20:47:01,381 ERROR Form1 tmrGetNeedSend_Tick:1
2017-12-20 20:47:01,382 ERROR Form1 队列长度：0,要新增：1
2017-12-20 20:47:01,383 INFO  Form1 要新增:120000001OC20030017090080-----2017-12-20
2017-12-20 20:47:01,383 ERROR Form1 未将对象引用设置到对象的实例。
System.NullReferenceException: 未将对象引用设置到对象的实例。
   在 TCPServer.Form1.tmrWriteData_Tick(Object sender, EventArgs e) 位置 d:\QyTech\TCPServer\Form1.cs:行号 548
2017-12-20 20:47:06,396 ERROR Form1 tmrGetNeedSend_Tick:1
2017-12-20 20:47:06,397 ERROR Form1 队列长度：0,要新增：1
2017-12-20 20:47:06,398 INFO  Form1 要新增:120000001OC20030017090080-----2017-12-20
2017-12-20 20:47:06,399 ERROR Form1 未将对象引用设置到对象的实例。
System.NullReferenceException: 未将对象引用设置到对象的实例。
   在 TCPServer.Form1.tmrWriteData_Tick(Object sender, EventArgs e) 位置 d:\QyTech\TCPServer\Form1.cs:行号 548
2017-12-20 20:47:11,430 ERROR Form1 tmrGetNeedSend_Tick:1
2017-12-20 20:47:11,431 ERROR Form1 队列长度：0,要新增：1
2017-12-20 20:47:11,432 INFO  Form1 要新增:120000001OC20030017090080-----2017-12-20
2017-12-20 20:47:11,433 ERROR Form1 未将对象引用设置到对象的实例。
System.NullReferenceException: 未将对象引用设置到对象的实例。
   在 TCPServer.Form1.tmrWriteData_Tick(Object sender, EventArgs e) 位置 d:\QyTech\TCPServer\Form1.cs:行号 548
2017-12-20 20:47:16,414 ERROR Form1 tmrGetNeedSend_Tick:1
2017-12-20 20:47:16,415 ERROR Form1 队列长度：0,要新增：1
2017-12-20 20:47:16,416 INFO  Form1 要新增:120000001OC20030017090080-----2017-12-20
2017-12-20 20:47:16,418 ERROR Form1 未将对象引用设置到对象的实例。
System.NullReferenceException: 未将对象引用设置到对象的实例。
   在 TCPServer.Form1.tmrWriteData_Tick(Object sender, EventArgs e) 位置 d:\QyTech\TCPServer\Form1.cs:行号 548
2017-12-20 20:47:21,408 ERROR Form1 tmrGetNeedSend_Tick:1
2017-12-20 20:47:21,409 ERROR Form1 队列长度：0,要新增：1
2017-12-20 20:47:21,410 INFO  Form1 要新增:120000001OC20030017090080-----2017-12-20
2017-12-20 20:47:21,410 ERROR Form1 未将对象引用设置到对象的实例。
System.NullReferenceException: 未将对象引用设置到对象的实例。
   在 TCPServer.Form1.tmrWriteData_Tick(Object sender, EventArgs e) 位置 d:\QyTech\TCPServer\Form1.cs:行号 548
2017-12-20 20:47:26,467 ERROR Form1 tmrGetNeedSend_Tick:1
2017-12-20 20:47:26,468 ERROR Form1 队列长度：0,要新增：1
2017-12-20 20:47:26,469 INFO  Form1 要新增:120000001OC20030017090080-----2017-12-20
2017-12-20 20:47:26,470 ERROR Form1 未将对象引用设置到对象的实例。
System.NullReferenceException: 未将对象引用设置到对象的实例。
   在 TCPServer.Form1.tmrWriteData_Tick(Object sender, EventArgs e) 位置 d:\QyTech\TCPServer\Form1.cs:行号 548
2017-12-20 20:47:31,427 ERROR Form1 tmrGetNeedSend_Tick:1
2017-12-20 20:47:31,427 ERROR Form1 队列长度：0,要新增：1
2017-12-20 20:47:31,428 INFO  Form1 要新增:120000001OC20030017090080-----2017-12-20
2017-12-20 20:47:31,429 ERROR Form1 未将对象引用设置到对象的实例。
System.NullReferenceException: 未将对象引用设置到对象的实例。
   在 TCPServer.Form1.tmrWriteData_Tick(Object sender, EventArgs e) 位置 d:\QyTech\TCPServer\Form1.cs:行号 548
2017-12-20 20:47:36,453 ERROR Form1 tmrGetNeedSend_Tick:1
2017-12-20 20:47:36,454 ERROR Form1 队列长度：0,要新增：1
2017-12-20 20:47:36,455 INFO  Form1 要新增:120000001OC20030017090080-----2017-12-20
2017-12-20 20:47:36,456 ERROR Form1 未将对象引用设置到对象的实例。
System.NullReferenceException: 未将对象引用设置到对象的实例。
   在 TCPServer.Form1.tmrWriteData_Tick(Object sender, EventArgs e) 位置 d:\QyTech\TCPServer\Form1.cs:行号 548
2017-12-20 20:47:41,445 ERROR Form1 tmrGetNeedSend_Tick:1
2017-12-20 20:47:41,446 ERROR Form1 队列长度：0,要新增：1
2017-12-20 20:47:41,447 INFO  Form1 要新增:120000001OC20030017090080-----2017-12-20
2017-12-20 20:47:41,448 ERROR Form1 未将对象引用设置到对象的实例。
System.NullReferenceException: 未将对象引用设置到对象的实例。
   在 TCPServer.Form1.tmrWriteData_Tick(Object sender, EventArgs e) 位置 d:\QyTech\TCPServer\Form1.cs:行号 548
2017-12-20 20:47:46,457 ERROR Form1 tmrGetNeedSend_Tick:1
2017-12-20 20:47:46,457 ERROR Form1 队列长度：0,要新增：1
2017-12-20 20:47:46,458 INFO  Form1 要新增:120000001OC20030017090080-----2017-12-20
2017-12-20 20:47:46,459 ERROR Form1 未将对象引用设置到对象的实例。
System.NullReferenceException: 未将对象引用设置到对象的实例。
   在 TCPServer.Form1.tmrWriteData_Tick(Object sender, EventArgs e) 位置 d:\QyTech\TCPServer\Form1.cs:行号 548
2017-12-20 20:47:51,499 ERROR Form1 tmrGetNeedSend_Tick:1
2017-12-20 20:47:51,500 ERROR Form1 队列长度：0,要新增：1
2017-12-20 20:47:51,500 INFO  Form1 要新增:120000001OC20030017090080-----2017-12-20
2017-12-20 20:47:51,501 ERROR Form1 未将对象引用设置到对象的实例。
System.NullReferenceException: 未将对象引用设置到对象的实例。
   在 TCPServer.Form1.tmrWriteData_Tick(Object sender, EventArgs e) 位置 d:\QyTech\TCPServer\Form1.cs:行号 548
2017-12-20 20:47:56,488 ERROR Form1 tmrGetNeedSend_Tick:1
2017-12-20 20:47:56,490 ERROR Form1 队列长度：0,要新增：1
2017-12-20 20:47:56,491 INFO  Form1 要新增:120000001OC20030017090080-----2017-12-20
2017-12-20 20:47:56,492 ERROR Form1 未将对象引用设置到对象的实例。
System.NullReferenceException: 未将对象引用设置到对象的实例。
   在 TCPServer.Form1.tmrWriteData_Tick(Object sender, EventArgs e) 位置 d:\QyTech\TCPServer\Form1.cs:行号 548
2017-12-20 20:48:01,483 ERROR Form1 tmrGetNeedSend_Tick:1
2017-12-20 20:48:01,484 ERROR Form1 队列长度：0,要新增：1
2017-12-20 20:48:01,484 INFO  Form1 要新增:120000001OC20030017090080-----2017-12-20
2017-12-20 20:48:01,485 ERROR Form1 未将对象引用设置到对象的实例。
System.NullReferenceException: 未将对象引用设置到对象的实例。
   在 TCPServer.Form1.tmrWriteData_Tick(Object sender, EventArgs e) 位置 d:\QyTech\TCPServer\Form1.cs:行号 548
2017-12-20 20:48:06,482 ERROR Form1 tmrGetNeedSend_Tick:1
2017-12-20 20:48:06,483 ERROR Form1 队列长度：0,要新增：1
2017-12-20 20:48:06,485 INFO  Form1 要新增:120000001OC20030017090080-----2017-12-20
2017-12-20 20:48:06,486 ERROR Form1 未将对象引用设置到对象的实例。
System.NullReferenceException: 未将对象引用设置到对象的实例。
   在 TCPServer.Form1.tmrWriteData_Tick(Object sender, EventArgs e) 位置 d:\QyTech\TCPServer\Form1.cs:行号 548
2017-12-20 20:48:11,536 ERROR Form1 tmrGetNeedSend_Tick:1
2017-12-20 20:48:11,539 ERROR Form1 队列长度：0,要新增：1
2017-12-20 20:48:11,542 INFO  Form1 要新增:120000001OC20030017090080-----2017-12-20
2017-12-20 20:48:11,544 ERROR Form1 未将对象引用设置到对象的实例。
System.NullReferenceException: 未将对象引用设置到对象的实例。
   在 TCPServer.Form1.tmrWriteData_Tick(Object sender, EventArgs e) 位置 d:\QyTech\TCPServer\Form1.cs:行号 548
2017-12-20 20:48:16,548 ERROR Form1 tmrGetNeedSend_Tick:1
2017-12-20 20:48:16,549 ERROR Form1 队列长度：0,要新增：1
2017-12-20 20:48:16,550 INFO  Form1 要新增:120000001OC20030017090080-----2017-12-20
2017-12-20 20:48:16,551 ERROR Form1 未将对象引用设置到对象的实例。
System.NullReferenceException: 未将对象引用设置到对象的实例。
   在 TCPServer.Form1.tmrWriteData_Tick(Object sender, EventArgs e) 位置 d:\QyTech\TCPServer\Form1.cs:行号 548
2017-12-20 20:48:21,501 ERROR Form1 tmrGetNeedSend_Tick:1
2017-12-20 20:48:21,501 ERROR Form1 队列长度：0,要新增：1
2017-12-20 20:48:21,502 INFO  Form1 要新增:120000001OC20030017090080-----2017-12-20
2017-12-20 20:48:21,503 ERROR Form1 未将对象引用设置到对象的实例。
System.NullReferenceException: 未将对象引用设置到对象的实例。
   在 TCPServer.Form1.tmrWriteData_Tick(Object sender, EventArgs e) 位置 d:\QyTech\TCPServer\Form1.cs:行号 548
2017-12-20 20:48:26,571 ERROR Form1 tmrGetNeedSend_Tick:1
2017-12-20 20:48:26,572 ERROR Form1 队列长度：0,要新增：1
2017-12-20 20:48:26,573 INFO  Form1 要新增:120000001OC20030017090080-----2017-12-20
2017-12-20 20:48:26,574 ERROR Form1 未将对象引用设置到对象的实例。
System.NullReferenceException: 未将对象引用设置到对象的实例。
   在 TCPServer.Form1.tmrWriteData_Tick(Object sender, EventArgs e) 位置 d:\QyTech\TCPServer\Form1.cs:行号 548
2017-12-20 20:48:31,576 ERROR Form1 tmrGetNeedSend_Tick:1
2017-12-20 20:48:31,577 ERROR Form1 队列长度：0,要新增：1
2017-12-20 20:48:31,577 INFO  Form1 要新增:120000001OC20030017090080-----2017-12-20
2017-12-20 20:48:31,578 ERROR Form1 未将对象引用设置到对象的实例。
System.NullReferenceException: 未将对象引用设置到对象的实例。
   在 TCPServer.Form1.tmrWriteData_Tick(Object sender, EventArgs e) 位置 d:\QyTech\TCPServer\Form1.cs:行号 548
2017-12-20 20:48:37,179 ERROR Form1 tmrGetNeedSend_Tick:1
2017-12-20 20:48:38,140 ERROR Form1 队列长度：0,要新增：1
2017-12-20 20:48:40,966 INFO  Form1 要新增:120000001OC20030017090080-----2017-12-20

2017-12-20 20:48:47,381 ERROR Form1 tmrGetNeedSend_Tick:1
2017-12-20 20:48:47,397 ERROR Form1 队列长度：0,要新增：1
2017-12-20 20:48:47,399 INFO  Form1 要新增:120000001OC20030017090080-----2017-12-20
2017-12-20 20:48:47,408 ERROR Form1 未将对象引用设置到对象的实例。
System.NullReferenceException: 未将对象引用设置到对象的实例。
   在 TCPServer.Form1.tmrWriteData_Tick(Object sender, EventArgs e) 位置 d:\QyTech\TCPServer\Form1.cs:行号 548
2017-12-20 20:48:52,378 ERROR Form1 tmrGetNeedSend_Tick:1
2017-12-20 20:48:52,379 ERROR Form1 队列长度：0,要新增：1
2017-12-20 20:48:52,380 INFO  Form1 要新增:120000001OC20030017090080-----2017-12-20
2017-12-20 20:48:52,381 ERROR Form1 未将对象引用设置到对象的实例。
System.NullReferenceException: 未将对象引用设置到对象的实例。
   在 TCPServer.Form1.tmrWriteData_Tick(Object sender, EventArgs e) 位置 d:\QyTech\TCPServer\Form1.cs:行号 548
2017-12-20 20:48:57,392 ERROR Form1 tmrGetNeedSend_Tick:1
2017-12-20 20:48:57,394 ERROR Form1 队列长度：0,要新增：1
2017-12-20 20:48:57,395 INFO  Form1 要新增:120000001OC20030017090080-----2017-12-20
2017-12-20 20:48:57,428 ERROR Form1 未将对象引用设置到对象的实例。
System.NullReferenceException: 未将对象引用设置到对象的实例。
   在 TCPServer.Form1.tmrWriteData_Tick(Object sender, EventArgs e) 位置 d:\QyTech\TCPServer\Form1.cs:行号 548
2017-12-20 20:49:02,388 ERROR Form1 tmrGetNeedSend_Tick:1
2017-12-20 20:49:02,389 ERROR Form1 队列长度：0,要新增：1
2017-12-20 20:49:02,389 INFO  Form1 要新增:120000001OC20030017090080-----2017-12-20
2017-12-20 20:49:02,390 ERROR Form1 未将对象引用设置到对象的实例。
System.NullReferenceException: 未将对象引用设置到对象的实例。
   在 TCPServer.Form1.tmrWriteData_Tick(Object sender, EventArgs e) 位置 d:\QyTech\TCPServer\Form1.cs:行号 548
2017-12-20 20:49:07,408 ERROR Form1 tmrGetNeedSend_Tick:1
2017-12-20 20:49:07,409 ERROR Form1 队列长度：0,要新增：1
2017-12-20 20:49:07,410 INFO  Form1 要新增:120000001OC20030017090080-----2017-12-20
2017-12-20 20:49:07,411 ERROR Form1 未将对象引用设置到对象的实例。
System.NullReferenceException: 未将对象引用设置到对象的实例。
   在 TCPServer.Form1.tmrWriteData_Tick(Object sender, EventArgs e) 位置 d:\QyTech\TCPServer\Form1.cs:行号 548
2017-12-20 20:49:12,400 ERROR Form1 tmrGetNeedSend_Tick:1
2017-12-20 20:49:12,401 ERROR Form1 队列长度：0,要新增：1
2017-12-20 20:49:12,402 INFO  Form1 要新增:120000001OC20030017090080-----2017-12-20
2017-12-20 20:49:12,403 ERROR Form1 未将对象引用设置到对象的实例。
System.NullReferenceException: 未将对象引用设置到对象的实例。
   在 TCPServer.Form1.tmrWriteData_Tick(Object sender, EventArgs e) 位置 d:\QyTech\TCPServer\Form1.cs:行号 548
2017-12-20 20:49:17,410 ERROR Form1 tmrGetNeedSend_Tick:1
2017-12-20 20:49:17,411 ERROR Form1 队列长度：0,要新增：1
2017-12-20 20:49:17,412 INFO  Form1 要新增:120000001OC20030017090080-----2017-12-20
2017-12-20 20:49:17,413 ERROR Form1 未将对象引用设置到对象的实例。
System.NullReferenceException: 未将对象引用设置到对象的实例。
   在 TCPServer.Form1.tmrWriteData_Tick(Object sender, EventArgs e) 位置 d:\QyTech\TCPServer\Form1.cs:行号 548
2017-12-20 20:49:22,424 ERROR Form1 tmrGetNeedSend_Tick:1
2017-12-20 20:49:22,426 ERROR Form1 队列长度：0,要新增：1
2017-12-20 20:49:22,427 INFO  Form1 要新增:120000001OC20030017090080-----2017-12-20
2017-12-20 20:49:22,428 ERROR Form1 未将对象引用设置到对象的实例。
System.NullReferenceException: 未将对象引用设置到对象的实例。
   在 TCPServer.Form1.tmrWriteData_Tick(Object sender, EventArgs e) 位置 d:\QyTech\TCPServer\Form1.cs:行号 548
2017-12-20 20:49:27,418 ERROR Form1 tmrGetNeedSend_Tick:1
2017-12-20 20:49:27,419 ERROR Form1 队列长度：0,要新增：1
2017-12-20 20:49:27,420 INFO  Form1 要新增:120000001OC20030017090080-----2017-12-20
2017-12-20 20:49:27,421 ERROR Form1 未将对象引用设置到对象的实例。
System.NullReferenceException: 未将对象引用设置到对象的实例。
   在 TCPServer.Form1.tmrWriteData_Tick(Object sender, EventArgs e) 位置 d:\QyTech\TCPServer\Form1.cs:行号 548
2017-12-20 20:49:32,422 ERROR Form1 tmrGetNeedSend_Tick:1
2017-12-20 20:49:32,423 ERROR Form1 队列长度：0,要新增：1
2017-12-20 20:49:32,425 INFO  Form1 要新增:120000001OC20030017090080-----2017-12-20
2017-12-20 20:49:32,425 ERROR Form1 未将对象引用设置到对象的实例。
System.NullReferenceException: 未将对象引用设置到对象的实例。
   在 TCPServer.Form1.tmrWriteData_Tick(Object sender, EventArgs e) 位置 d:\QyTech\TCPServer\Form1.cs:行号 548
2017-12-20 20:49:37,435 ERROR Form1 tmrGetNeedSend_Tick:1
2017-12-20 20:49:37,436 ERROR Form1 队列长度：0,要新增：1
2017-12-20 20:49:37,437 INFO  Form1 要新增:120000001OC20030017090080-----2017-12-20
2017-12-20 20:49:37,438 ERROR Form1 未将对象引用设置到对象的实例。
System.NullReferenceException: 未将对象引用设置到对象的实例。
   在 TCPServer.Form1.tmrWriteData_Tick(Object sender, EventArgs e) 位置 d:\QyTech\TCPServer\Form1.cs:行号 548
2017-12-20 20:49:42,455 ERROR Form1 tmrGetNeedSend_Tick:0
2017-12-20 20:49:47,473 ERROR Form1 tmrGetNeedSend_Tick:0
2017-12-20 20:49:52,494 ERROR Form1 tmrGetNeedSend_Tick:0
2017-12-20 20:49:57,465 ERROR Form1 tmrGetNeedSend_Tick:0
2017-12-20 20:50:02,481 ERROR Form1 tmrGetNeedSend_Tick:0
2017-12-20 20:50:07,508 ERROR Form1 tmrGetNeedSend_Tick:0
2017-12-20 20:50:12,514 ERROR Form1 tmrGetNeedSend_Tick:0
2017-12-20 20:50:17,519 ERROR Form1 tmrGetNeedSend_Tick:0
2017-12-20 20:50:22,557 ERROR Form1 tmrGetNeedSend_Tick:0
2017-12-20 20:50:27,566 ERROR Form1 tmrGetNeedSend_Tick:0
2017-12-20 20:50:32,576 ERROR Form1 tmrGetNeedSend_Tick:0
2017-12-20 20:50:37,561 ERROR Form1 tmrGetNeedSend_Tick:0
2017-12-20 20:50:42,584 ERROR Form1 tmrGetNeedSend_Tick:0
2017-12-20 20:50:47,556 ERROR Form1 tmrGetNeedSend_Tick:0
2017-12-20 20:50:52,702 ERROR Form1 tmrGetNeedSend_Tick:0
2017-12-20 20:50:57,584 ERROR Form1 tmrGetNeedSend_Tick:0
2017-12-20 20:51:02,577 ERROR Form1 tmrGetNeedSend_Tick:0
2017-12-20 20:51:07,585 ERROR Form1 tmrGetNeedSend_Tick:0
2017-12-20 20:51:12,593 ERROR Form1 tmrGetNeedSend_Tick:0
2017-12-20 20:51:17,598 ERROR Form1 tmrGetNeedSend_Tick:0
2017-12-20 20:51:22,623 ERROR Form1 tmrGetNeedSend_Tick:0
2017-12-20 20:51:27,628 ERROR Form1 tmrGetNeedSend_Tick:0
2017-12-20 20:51:32,620 ERROR Form1 tmrGetNeedSend_Tick:0
2017-12-20 20:51:37,668 ERROR Form1 tmrGetNeedSend_Tick:0
2017-12-20 20:51:42,653 ERROR Form1 tmrGetNeedSend_Tick:0
2017-12-20 20:51:47,651 ERROR Form1 tmrGetNeedSend_Tick:0
2017-12-20 20:51:52,667 ERROR Form1 tmrGetNeedSend_Tick:0
2017-12-20 20:51:57,796 ERROR Form1 tmrGetNeedSend_Tick:0
2017-12-20 20:52:03,450 ERROR Form1 tmrGetNeedSend_Tick:0
2017-12-20 20:52:07,700 ERROR Form1 tmrGetNeedSend_Tick:0
2017-12-20 20:52:12,694 ERROR Form1 tmrGetNeedSend_Tick:0
2017-12-20 20:52:17,677 ERROR Form1 tmrGetNeedSend_Tick:0
2017-12-20 20:52:22,704 ERROR Form1 tmrGetNeedSend_Tick:0
2017-12-20 20:52:27,709 ERROR Form1 tmrGetNeedSend_Tick:0
2017-12-20 20:52:32,712 ERROR Form1 tmrGetNeedSend_Tick:0
2017-12-20 20:52:37,729 ERROR Form1 tmrGetNeedSend_Tick:0
2017-12-20 20:52:42,734 ERROR Form1 tmrGetNeedSend_Tick:0
2017-12-20 20:52:47,736 ERROR Form1 tmrGetNeedSend_Tick:0
2017-12-20 20:52:52,766 ERROR Form1 tmrGetNeedSend_Tick:0
2017-12-20 20:52:57,978 ERROR Form1 tmrGetNeedSend_Tick:0
2017-12-20 20:53:02,833 ERROR Form1 tmrGetNeedSend_Tick:0
2017-12-20 20:53:07,784 ERROR Form1 tmrGetNeedSend_Tick:0
2017-12-20 20:53:12,825 ERROR Form1 tmrGetNeedSend_Tick:0
2017-12-20 20:53:17,885 ERROR Form1 tmrGetNeedSend_Tick:0
2017-12-20 20:53:22,882 ERROR Form1 tmrGetNeedSend_Tick:0
2017-12-20 20:53:27,812 ERROR Form1 tmrGetNeedSend_Tick:0
2017-12-20 20:53:32,825 ERROR Form1 tmrGetNeedSend_Tick:0
2017-12-20 20:53:37,822 ERROR Form1 tmrGetNeedSend_Tick:0
2017-12-20 20:53:42,817 ERROR Form1 tmrGetNeedSend_Tick:0

2017-12-20 20:53:58,646 ERROR Form1 tmrGetNeedSend_Tick:0
2017-12-20 20:54:03,591 ERROR Form1 tmrGetNeedSend_Tick:0
2017-12-20 20:54:08,639 ERROR Form1 tmrGetNeedSend_Tick:0
2017-12-20 20:54:13,620 ERROR Form1 tmrGetNeedSend_Tick:0
2017-12-20 20:54:18,632 ERROR Form1 tmrGetNeedSend_Tick:0
2017-12-20 20:54:23,622 ERROR Form1 tmrGetNeedSend_Tick:0
2017-12-20 20:54:28,648 ERROR Form1 tmrGetNeedSend_Tick:0
2017-12-20 20:54:33,644 ERROR Form1 tmrGetNeedSend_Tick:0
2017-12-20 20:54:38,717 ERROR Form1 tmrGetNeedSend_Tick:0
2017-12-20 20:54:43,650 ERROR Form1 tmrGetNeedSend_Tick:0
2017-12-20 20:54:48,650 ERROR Form1 tmrGetNeedSend_Tick:0
2017-12-20 20:54:53,722 ERROR Form1 tmrGetNeedSend_Tick:0
2017-12-20 20:54:58,667 ERROR Form1 tmrGetNeedSend_Tick:0
2017-12-20 20:55:03,677 ERROR Form1 tmrGetNeedSend_Tick:0
2017-12-20 20:55:08,735 ERROR Form1 tmrGetNeedSend_Tick:0
2017-12-20 20:55:13,708 ERROR Form1 tmrGetNeedSend_Tick:0
2017-12-20 20:55:18,722 ERROR Form1 tmrGetNeedSend_Tick:0
2017-12-20 20:55:23,797 ERROR Form1 tmrGetNeedSend_Tick:0
2017-12-20 20:55:28,763 ERROR Form1 tmrGetNeedSend_Tick:0
2017-12-20 20:55:33,764 ERROR Form1 tmrGetNeedSend_Tick:0
2017-12-20 20:55:38,760 ERROR Form1 tmrGetNeedSend_Tick:0
2017-12-20 20:55:43,774 ERROR Form1 tmrGetNeedSend_Tick:0
2017-12-20 20:55:48,772 ERROR Form1 tmrGetNeedSend_Tick:0
2017-12-20 20:55:53,773 ERROR Form1 tmrGetNeedSend_Tick:0
2017-12-20 20:55:58,850 ERROR Form1 tmrGetNeedSend_Tick:0
2017-12-20 20:56:03,799 ERROR Form1 tmrGetNeedSend_Tick:0
2017-12-20 20:56:08,866 ERROR Form1 tmrGetNeedSend_Tick:0
2017-12-20 20:56:13,814 ERROR Form1 tmrGetNeedSend_Tick:0
2017-12-20 20:56:18,858 ERROR Form1 tmrGetNeedSend_Tick:0
2017-12-20 20:56:23,816 ERROR Form1 tmrGetNeedSend_Tick:0
2017-12-20 20:56:29,208 ERROR Form1 tmrGetNeedSend_Tick:0
2017-12-20 20:56:33,845 ERROR Form1 tmrGetNeedSend_Tick:0
2017-12-20 20:56:38,852 ERROR Form1 tmrGetNeedSend_Tick:0
2017-12-20 20:56:43,861 ERROR Form1 tmrGetNeedSend_Tick:0
2017-12-20 20:56:48,900 ERROR Form1 tmrGetNeedSend_Tick:0
2017-12-20 20:56:54,128 ERROR Form1 tmrGetNeedSend_Tick:0
2017-12-20 20:56:58,888 ERROR Form1 tmrGetNeedSend_Tick:0
2017-12-20 20:57:03,890 ERROR Form1 tmrGetNeedSend_Tick:0
2017-12-20 20:57:08,899 ERROR Form1 tmrGetNeedSend_Tick:0
2017-12-20 20:57:13,913 ERROR Form1 tmrGetNeedSend_Tick:0
2017-12-20 20:57:18,947 ERROR Form1 tmrGetNeedSend_Tick:0
2017-12-20 20:57:23,925 ERROR Form1 tmrGetNeedSend_Tick:0
2017-12-20 20:57:28,968 ERROR Form1 tmrGetNeedSend_Tick:0
2017-12-20 20:57:34,051 ERROR Form1 tmrGetNeedSend_Tick:0
2017-12-20 20:57:38,964 ERROR Form1 tmrGetNeedSend_Tick:0
2017-12-20 20:57:43,995 ERROR Form1 tmrGetNeedSend_Tick:0
2017-12-20 20:57:48,994 ERROR Form1 tmrGetNeedSend_Tick:0
2017-12-20 20:57:53,986 ERROR Form1 tmrGetNeedSend_Tick:0
2017-12-20 20:57:58,991 ERROR Form1 tmrGetNeedSend_Tick:0
2017-12-20 20:58:04,006 ERROR Form1 tmrGetNeedSend_Tick:0
2017-12-20 20:58:09,013 ERROR Form1 tmrGetNeedSend_Tick:0
2017-12-20 20:58:14,020 ERROR Form1 tmrGetNeedSend_Tick:0
2017-12-20 20:58:19,031 ERROR Form1 tmrGetNeedSend_Tick:0
2017-12-20 20:58:24,031 ERROR Form1 tmrGetNeedSend_Tick:0
2017-12-20 20:58:29,013 ERROR Form1 tmrGetNeedSend_Tick:0
2017-12-20 20:58:34,028 ERROR Form1 tmrGetNeedSend_Tick:0
2017-12-20 20:58:39,056 ERROR Form1 tmrGetNeedSend_Tick:0
2017-12-20 20:58:44,040 ERROR Form1 tmrGetNeedSend_Tick:0
2017-12-20 20:58:49,053 ERROR Form1 tmrGetNeedSend_Tick:0
2017-12-20 20:58:54,047 ERROR Form1 tmrGetNeedSend_Tick:0
2017-12-20 20:58:59,060 ERROR Form1 tmrGetNeedSend_Tick:0

2017-12-20 20:59:10,158 ERROR Form1 tmrGetNeedSend_Tick:0
2017-12-20 20:59:15,083 ERROR Form1 tmrGetNeedSend_Tick:0
2017-12-20 20:59:20,109 ERROR Form1 tmrGetNeedSend_Tick:0
2017-12-20 20:59:25,089 ERROR Form1 tmrGetNeedSend_Tick:0
2017-12-20 20:59:30,095 ERROR Form1 tmrGetNeedSend_Tick:0
2017-12-20 20:59:35,103 ERROR Form1 tmrGetNeedSend_Tick:0
2017-12-20 20:59:40,144 ERROR Form1 tmrGetNeedSend_Tick:0
2017-12-20 20:59:45,128 ERROR Form1 tmrGetNeedSend_Tick:0
2017-12-20 20:59:50,127 ERROR Form1 tmrGetNeedSend_Tick:0
2017-12-20 20:59:55,196 ERROR Form1 tmrGetNeedSend_Tick:0
2017-12-20 21:00:00,179 ERROR Form1 tmrGetNeedSend_Tick:0
2017-12-20 21:00:05,190 ERROR Form1 tmrGetNeedSend_Tick:0
2017-12-20 21:00:10,192 ERROR Form1 tmrGetNeedSend_Tick:0
2017-12-20 21:00:15,187 ERROR Form1 tmrGetNeedSend_Tick:0
2017-12-20 21:00:20,193 ERROR Form1 tmrGetNeedSend_Tick:0
2017-12-20 21:00:25,210 ERROR Form1 tmrGetNeedSend_Tick:0
2017-12-20 21:00:30,200 ERROR Form1 tmrGetNeedSend_Tick:0
2017-12-20 21:00:35,226 ERROR Form1 tmrGetNeedSend_Tick:0
2017-12-20 21:00:40,220 ERROR Form1 tmrGetNeedSend_Tick:0
2017-12-20 21:00:45,323 ERROR Form1 tmrGetNeedSend_Tick:0
2017-12-20 21:00:50,242 ERROR Form1 tmrGetNeedSend_Tick:0
2017-12-20 21:00:55,240 ERROR Form1 tmrGetNeedSend_Tick:0
2017-12-20 21:01:00,644 ERROR Form1 tmrGetNeedSend_Tick:0
2017-12-20 21:01:05,295 ERROR Form1 tmrGetNeedSend_Tick:0
2017-12-20 21:01:10,269 ERROR Form1 tmrGetNeedSend_Tick:0
2017-12-20 21:01:15,364 ERROR Form1 tmrGetNeedSend_Tick:0
2017-12-20 21:01:20,291 ERROR Form1 tmrGetNeedSend_Tick:0
2017-12-20 21:01:25,327 ERROR Form1 tmrGetNeedSend_Tick:0
2017-12-20 21:01:30,324 ERROR Form1 tmrGetNeedSend_Tick:0
2017-12-20 21:01:35,305 ERROR Form1 tmrGetNeedSend_Tick:0
2017-12-20 21:01:40,331 ERROR Form1 tmrGetNeedSend_Tick:0
2017-12-20 21:01:45,314 ERROR Form1 tmrGetNeedSend_Tick:0
2017-12-20 21:01:50,316 ERROR Form1 tmrGetNeedSend_Tick:0
2017-12-20 21:01:55,403 ERROR Form1 tmrGetNeedSend_Tick:0
2017-12-20 21:02:00,348 ERROR Form1 tmrGetNeedSend_Tick:0
2017-12-20 21:02:06,126 ERROR Form1 tmrGetNeedSend_Tick:0
2017-12-20 21:02:10,371 ERROR Form1 tmrGetNeedSend_Tick:0
2017-12-20 21:02:15,402 ERROR Form1 tmrGetNeedSend_Tick:0
2017-12-20 21:02:20,423 ERROR Form1 tmrGetNeedSend_Tick:0
2017-12-20 21:02:25,387 ERROR Form1 tmrGetNeedSend_Tick:0
2017-12-20 21:02:30,395 ERROR Form1 tmrGetNeedSend_Tick:0
2017-12-20 21:02:35,395 ERROR Form1 tmrGetNeedSend_Tick:0
2017-12-20 21:02:40,403 ERROR Form1 tmrGetNeedSend_Tick:0
2017-12-20 21:02:45,416 ERROR Form1 tmrGetNeedSend_Tick:0
2017-12-20 21:02:50,423 ERROR Form1 tmrGetNeedSend_Tick:0
2017-12-20 21:02:55,440 ERROR Form1 tmrGetNeedSend_Tick:0
2017-12-20 21:03:00,442 ERROR Form1 tmrGetNeedSend_Tick:0
2017-12-20 21:03:05,447 ERROR Form1 tmrGetNeedSend_Tick:0
2017-12-20 21:03:10,456 ERROR Form1 tmrGetNeedSend_Tick:0
2017-12-20 21:03:15,503 ERROR Form1 tmrGetNeedSend_Tick:0
2017-12-20 21:03:20,469 ERROR Form1 tmrGetNeedSend_Tick:0
2017-12-20 21:03:25,574 ERROR Form1 tmrGetNeedSend_Tick:0
2017-12-20 21:03:30,473 ERROR Form1 tmrGetNeedSend_Tick:0
2017-12-20 21:03:35,487 ERROR Form1 tmrGetNeedSend_Tick:0
2017-12-20 21:03:40,515 ERROR Form1 tmrGetNeedSend_Tick:0
2017-12-20 21:03:45,549 ERROR Form1 tmrGetNeedSend_Tick:0
2017-12-20 21:03:50,542 ERROR Form1 tmrGetNeedSend_Tick:0
2017-12-20 21:03:55,614 ERROR Form1 tmrGetNeedSend_Tick:0
2017-12-20 21:04:00,619 ERROR Form1 tmrGetNeedSend_Tick:0
2017-12-20 21:04:05,541 ERROR Form1 tmrGetNeedSend_Tick:0

2017-12-20 21:04:21,366 ERROR Form1 tmrGetNeedSend_Tick:0
2017-12-20 21:04:26,304 ERROR Form1 tmrGetNeedSend_Tick:0

