2017-11-12 09:26:51,578 ERROR Form1 tmrGetNeedSend_Tick:0
2017-11-12 09:26:56,478 ERROR Form1 tmrGetNeedSend_Tick:0
2017-11-12 09:27:01,495 ERROR Form1 tmrGetNeedSend_Tick:0
2017-11-12 09:27:06,494 ERROR Form1 tmrGetNeedSend_Tick:0
2017-11-12 09:27:11,596 ERROR Form1 tmrGetNeedSend_Tick:0
2017-11-12 09:27:16,521 ERROR Form1 tmrGetNeedSend_Tick:0
2017-11-12 09:27:21,525 ERROR Form1 tmrGetNeedSend_Tick:0
2017-11-12 09:27:26,531 ERROR Form1 tmrGetNeedSend_Tick:0
2017-11-12 09:27:31,541 ERROR Form1 tmrGetNeedSend_Tick:0
2017-11-12 09:27:36,549 ERROR Form1 tmrGetNeedSend_Tick:0
2017-11-12 09:27:41,547 ERROR Form1 tmrGetNeedSend_Tick:0
2017-11-12 09:42:57,327 ERROR frmstart JX 的新实例
2017-11-12 09:42:58,164 INFO  frmstart load start:42:58
2017-11-12 09:43:26,097 INFO  frmstart 在线数量：0
2017-11-12 09:43:26,254 INFO  frmstart 计讯联接的dtu数量是：0个
2017-11-12 09:43:37,220 ERROR Error-GetBySql 序列包含一个以上的元素
2017-11-12 09:43:40,682 INFO  frmstart 在线数量：0
2017-11-12 09:43:40,742 INFO  frmstart 计讯联接的dtu数量是：0个
2017-11-12 09:43:41,151 ERROR frmstart SendCommand:--errPos:902013311112222-0103000000070408
2017-11-12 09:43:41,153 ERROR frmstart SendCommand:--errPos:902013922220002-0103000000070408
2017-11-12 09:43:41,153 ERROR frmstart SendCommand:--errPos:902013600000000-01030000002B05D5
2017-11-12 09:43:41,154 ERROR frmstart SendCommand:--errPos:902013866668888-01030000002B05D5
2017-11-12 09:43:41,156 ERROR frmstart SendCommand:--errPos:902013866889999-01030000002B05D5
2017-11-12 09:43:46,368 ERROR frmstart 没有配置气象数据:13300050111
2017-11-12 09:43:46,369 ERROR frmstart 没有配置气象数据:13300050113
2017-11-12 09:43:46,369 ERROR frmstart 没有配置气象数据:13300050114
2017-11-12 09:43:46,370 ERROR frmstart 没有配置气象数据:13300050115
2017-11-12 09:43:46,370 ERROR frmstart 没有配置气象数据:13300050116
2017-11-12 09:43:46,371 ERROR frmstart 没有配置气象数据:13300050117
2017-11-12 09:43:46,372 ERROR frmstart 没有配置气象数据:13300050118
2017-11-12 09:43:46,373 ERROR frmstart 没有配置气象数据:13300050119
2017-11-12 09:43:46,374 ERROR frmstart 没有配置气象数据:13900110110
2017-11-12 09:43:46,818 ERROR Error-CreateWeatDownCommand 未将对象引用设置到对象的实例。
2017-11-12 09:43:46,940 ERROR Error-CreateWeatDownCommand 未将对象引用设置到对象的实例。
2017-11-12 09:43:47,675 ERROR frmstart 没有配置气象数据:13300040010
2017-11-12 09:43:47,676 ERROR frmstart 没有配置气象数据:13300040011
2017-11-12 09:43:47,885 ERROR Error-CreateWeatDownCommand 值不能为 null。
参数名: type
2017-11-12 09:43:48,113 ERROR Error-CreateWeatDownCommand 值不能为 null。
参数名: type
2017-11-12 09:43:48,393 ERROR frmstart 没有配置气象数据:13600100001
2017-11-12 09:43:48,504 WARN  frmstart 启动计讯服务(Port=6012)无法在 DLL“gprsdll.dll”中找到名为“DLLStartService”的入口点。
2017-11-12 09:43:48,582 ERROR Error-CreateWeatDownCommand 索引超出了数组界限。
2017-11-12 09:43:48,629 ERROR frmstart start gprs文本长度必须少于 64 个字符。
参数名: Text
实际值是 (6002 默认服务已启动);计讯服务6012已启动计讯6012启动失败:无法在 DLL“gprsdll.dll”中找到名为“DLLStartService”的入口点。。
2017-11-12 09:43:48,630 INFO  frmstart load end:43:48
2017-11-12 09:43:48,838 ERROR Error-CreateWeatDownCommand 值不能为 null。
参数名: type
2017-11-12 09:43:48,935 ERROR Error-CreateWeatDownCommand 索引超出了数组界限。
2017-11-12 09:43:49,040 ERROR frmstart 没有配置气象数据:13600110001
2017-11-12 09:43:57,827 INFO  frmstart 在线数量：0
2017-11-12 09:43:57,884 INFO  frmstart 计讯联接的dtu数量是：0个
2017-11-12 09:44:02,197 WARN  frmstart 停止计讯服务:服务尚未启动
2017-11-12 09:44:36,006 INFO  frmstart 准备解析包:date:2017-11-12 09:44:02;src:13600110001;长度:233- data:0103E441A2666641F3333300000000000000003A072B0300000000000000003E380000000000003FA000004158000000000000426066660000000041973333419400000000000000000000000000003C18D4FE000000003CE00000000000003F17000041533333000000004263999A00000000423200004230CCCD3F3D93763F12322D3F0FDE363F3E4BC8000000004002400041C80000423C240041C800003F878000426A00000000000042353333000000000000000000000000417CCCCD421ACCCD454CCB33000000003EA80000000000003E14000041700000415AD000000000003F160000AACC
2017-11-12 09:45:25,731 INFO  frmstart 准备解析包:date:2017-11-12 09:44:02;src:13600110001;长度:101- data:0103600014000000020000000000790000000004552AA82AA24000000000000000000041340000432BDA004152E14843B91604000000000000000042200000E300E100C303999A417333334160000000000000C2F466664285999A42513333000000008E30
2017-11-12 09:47:06,266 INFO  frmstart 在线数量：0
2017-11-12 09:47:06,310 INFO  frmstart 计讯联接的dtu数量是：0个
2017-11-12 09:47:16,587 INFO  frmstart 准备解析包:date:2017-11-12 09:47:08;src:13600110001;长度:125- data:01037811140000000200000000007F8000000006552AA82003400000000000000000004199E0004301AE000000009700000000003F80A142C0E17A421F10000004000000006666C201333342AD00004288CCCD3E4CCCCD0025C6E242C0E17A00000000C2A2999A4216CCCD421B999A000000000019B9BF0000000055C4
2017-11-12 09:54:55,391 ERROR frmstart JX 的新实例
2017-11-12 09:54:56,033 INFO  frmstart load start:54:55
2017-11-12 09:55:22,872 INFO  frmstart 在线数量：0
2017-11-12 09:55:22,958 INFO  frmstart 计讯联接的dtu数量是：0个
2017-11-12 09:55:30,735 ERROR Error-GetBySql 序列包含一个以上的元素
2017-11-12 09:55:34,136 ERROR frmstart SendCommand:--errPos:902013311112222-0103000000070408
2017-11-12 09:55:34,136 ERROR frmstart SendCommand:--errPos:902013922220002-0103000000070408
2017-11-12 09:55:34,137 ERROR frmstart SendCommand:--errPos:902013600000000-01030000002B05D5
2017-11-12 09:55:34,137 ERROR frmstart SendCommand:--errPos:902013866668888-01030000002B05D5
2017-11-12 09:55:34,138 ERROR frmstart SendCommand:--errPos:902013866889999-01030000002B05D5
2017-11-12 09:55:38,983 ERROR frmstart 没有配置气象数据:13300050111
2017-11-12 09:55:38,985 ERROR frmstart 没有配置气象数据:13300050113
2017-11-12 09:55:38,991 ERROR frmstart 没有配置气象数据:13300050114
2017-11-12 09:55:38,992 ERROR frmstart 没有配置气象数据:13300050115
2017-11-12 09:55:38,993 ERROR frmstart 没有配置气象数据:13300050116
2017-11-12 09:55:38,994 ERROR frmstart 没有配置气象数据:13300050117
2017-11-12 09:55:38,994 ERROR frmstart 没有配置气象数据:13300050118
2017-11-12 09:55:38,999 ERROR frmstart 没有配置气象数据:13300050119
2017-11-12 09:55:39,001 ERROR frmstart 没有配置气象数据:13900110110
2017-11-12 09:55:39,467 ERROR Error-CreateWeatDownCommand 未将对象引用设置到对象的实例。
2017-11-12 09:55:39,675 ERROR Error-CreateWeatDownCommand 未将对象引用设置到对象的实例。
2017-11-12 09:55:40,299 ERROR frmstart 没有配置气象数据:13300040010
2017-11-12 09:55:40,302 ERROR frmstart 没有配置气象数据:13300040011
2017-11-12 09:55:40,567 ERROR Error-CreateWeatDownCommand 值不能为 null。
参数名: type
2017-11-12 09:55:40,710 ERROR Error-CreateWeatDownCommand 值不能为 null。
参数名: type
2017-11-12 09:55:40,823 WARN  frmstart 启动计讯服务(Port=6012)无法在 DLL“gprsdll.dll”中找到名为“DLLStartService”的入口点。
2017-11-12 09:55:40,916 ERROR frmstart start gprs文本长度必须少于 64 个字符。
参数名: Text
实际值是 (6002 默认服务已启动);计讯服务6012已启动计讯6012启动失败:无法在 DLL“gprsdll.dll”中找到名为“DLLStartService”的入口点。。
2017-11-12 09:55:40,917 INFO  frmstart load end:55:40
2017-11-12 09:55:40,951 ERROR frmstart 没有配置气象数据:13600100001
2017-11-12 09:55:41,055 ERROR Error-CreateWeatDownCommand 索引超出了数组界限。
2017-11-12 09:55:41,107 INFO  frmstart 在线数量：0
2017-11-12 09:55:41,156 ERROR Error-CreateWeatDownCommand 值不能为 null。
参数名: type
2017-11-12 09:55:41,185 INFO  frmstart 计讯联接的dtu数量是：0个
2017-11-12 09:55:41,266 ERROR Error-CreateWeatDownCommand 索引超出了数组界限。
2017-11-12 09:55:41,368 ERROR frmstart 没有配置气象数据:13600110001
2017-11-12 09:55:52,982 WARN  frmstart 停止计讯服务:服务尚未启动
2017-11-12 09:56:00,242 INFO  frmstart 准备解析包:date:2017-11-12 09:55:52;src:13600110001;长度:125- data:01037811140000000200000000007F8000000006552AA82003400000000000000000004199E0004301AE000000009700000000003F80A142C0E17A421F10000004000000006666C201333342AD00004288CCCD3E4CCCCD0025C6E242C0E17A00000000C2A2999A4216CCCD421B999A000000000019B9BF0000000055C4
2017-11-12 09:59:37,445 ERROR frmstart JX 的新实例
2017-11-12 09:59:38,099 INFO  frmstart load start:59:38
2017-11-12 10:00:04,493 INFO  frmstart 在线数量：0
2017-11-12 10:00:04,571 INFO  frmstart 计讯联接的dtu数量是：0个
2017-11-12 10:00:12,110 ERROR Error-GetBySql 序列包含一个以上的元素
2017-11-12 10:00:15,551 ERROR frmstart SendCommand:--errPos:902013311112222-0103000000070408
2017-11-12 10:00:15,552 ERROR frmstart SendCommand:--errPos:902013922220002-0103000000070408
2017-11-12 10:00:15,552 ERROR frmstart SendCommand:--errPos:902013600000000-01030000002B05D5
2017-11-12 10:00:15,553 ERROR frmstart SendCommand:--errPos:902013866668888-01030000002B05D5
2017-11-12 10:00:15,554 ERROR frmstart SendCommand:--errPos:902013866889999-01030000002B05D5
2017-11-12 10:00:18,213 ERROR frmstart 没有配置气象数据:13300050111
2017-11-12 10:00:18,215 ERROR frmstart 没有配置气象数据:13300050113
2017-11-12 10:00:18,216 ERROR frmstart 没有配置气象数据:13300050114
2017-11-12 10:00:18,216 ERROR frmstart 没有配置气象数据:13300050115
2017-11-12 10:00:18,217 ERROR frmstart 没有配置气象数据:13300050116
2017-11-12 10:00:18,218 ERROR frmstart 没有配置气象数据:13300050117
2017-11-12 10:00:18,218 ERROR frmstart 没有配置气象数据:13300050118
2017-11-12 10:00:18,219 ERROR frmstart 没有配置气象数据:13300050119
2017-11-12 10:00:18,220 ERROR frmstart 没有配置气象数据:13900110110
2017-11-12 10:00:18,643 ERROR Error-CreateWeatDownCommand 未将对象引用设置到对象的实例。
2017-11-12 10:00:18,792 ERROR Error-CreateWeatDownCommand 未将对象引用设置到对象的实例。
2017-11-12 10:00:19,388 ERROR frmstart 没有配置气象数据:13300040010
2017-11-12 10:00:19,389 ERROR frmstart 没有配置气象数据:13300040011
2017-11-12 10:00:19,584 ERROR Error-CreateWeatDownCommand 值不能为 null。
参数名: type
2017-11-12 10:00:19,850 ERROR Error-CreateWeatDownCommand 值不能为 null。
参数名: type
2017-11-12 10:00:19,945 WARN  frmstart 启动计讯服务(Port=6012)无法在 DLL“gprsdll.dll”中找到名为“DLLStartService”的入口点。
2017-11-12 10:00:20,019 ERROR frmstart start gprs文本长度必须少于 64 个字符。
参数名: Text
实际值是 (6002 默认服务已启动);计讯服务6012已启动计讯6012启动失败:无法在 DLL“gprsdll.dll”中找到名为“DLLStartService”的入口点。。
2017-11-12 10:00:20,019 INFO  frmstart load end:00:20
2017-11-12 10:00:20,101 ERROR frmstart 没有配置气象数据:13600100001
2017-11-12 10:00:20,203 ERROR Error-CreateWeatDownCommand 索引超出了数组界限。
2017-11-12 10:00:20,311 INFO  frmstart 在线数量：0
2017-11-12 10:00:20,311 ERROR Error-CreateWeatDownCommand 值不能为 null。
参数名: type
2017-11-12 10:00:20,372 INFO  frmstart 计讯联接的dtu数量是：0个
2017-11-12 10:00:20,475 ERROR Error-CreateWeatDownCommand 索引超出了数组界限。
2017-11-12 10:00:20,595 ERROR frmstart 没有配置气象数据:13600110001
2017-11-12 10:00:32,147 WARN  frmstart 停止计讯服务:服务尚未启动
2017-11-12 10:00:40,102 INFO  frmstart 准备解析包:date:2017-11-12 10:00:32;src:13600110001;长度:125- data:01037811140000000200000000007F8000000006552AA82003400000000000000000004199E0004301AE000000009700000000003F80A142C0E17A421F10000004000000006666C201333342AD00004288CCCD3E4CCCCD0025C6E242C0E17A00000000C2A2999A4216CCCD421B999A000000000019B9BF0000000055C4
2017-11-12 10:18:05,788 ERROR frmstart JX 的新实例
2017-11-12 10:18:06,425 INFO  frmstart load start:18:06
2017-11-12 10:18:31,399 INFO  frmstart 在线数量：0
2017-11-12 10:18:31,478 INFO  frmstart 计讯联接的dtu数量是：0个
2017-11-12 10:18:38,109 ERROR Error-GetBySql 序列包含一个以上的元素
2017-11-12 10:18:41,255 ERROR frmstart SendCommand:--errPos:902013311112222-0103000000070408
2017-11-12 10:18:41,255 ERROR frmstart SendCommand:--errPos:902013922220002-0103000000070408
2017-11-12 10:18:41,256 ERROR frmstart SendCommand:--errPos:902013600000000-01030000002B05D5
2017-11-12 10:18:41,257 ERROR frmstart SendCommand:--errPos:902013866668888-01030000002B05D5
2017-11-12 10:18:41,258 ERROR frmstart SendCommand:--errPos:902013866889999-01030000002B05D5
2017-11-12 10:18:46,388 ERROR frmstart 没有配置气象数据:13300050111
2017-11-12 10:18:46,390 ERROR frmstart 没有配置气象数据:13300050113
2017-11-12 10:18:46,391 ERROR frmstart 没有配置气象数据:13300050114
2017-11-12 10:18:46,392 ERROR frmstart 没有配置气象数据:13300050115
2017-11-12 10:18:46,393 ERROR frmstart 没有配置气象数据:13300050116
2017-11-12 10:18:46,393 ERROR frmstart 没有配置气象数据:13300050117
2017-11-12 10:18:46,394 ERROR frmstart 没有配置气象数据:13300050118
2017-11-12 10:18:46,395 ERROR frmstart 没有配置气象数据:13300050119
2017-11-12 10:18:46,395 ERROR frmstart 没有配置气象数据:13900110110
2017-11-12 10:18:46,894 ERROR Error-CreateWeatDownCommand 未将对象引用设置到对象的实例。
2017-11-12 10:18:47,015 ERROR Error-CreateWeatDownCommand 未将对象引用设置到对象的实例。
2017-11-12 10:18:47,740 ERROR frmstart 没有配置气象数据:13300040010
2017-11-12 10:18:47,741 ERROR frmstart 没有配置气象数据:13300040011
2017-11-12 10:18:47,885 ERROR Error-CreateWeatDownCommand 值不能为 null。
参数名: type
2017-11-12 10:18:47,954 WARN  frmstart 启动计讯服务(Port=6012)无法在 DLL“gprsdll.dll”中找到名为“DLLStartService”的入口点。
2017-11-12 10:18:48,024 ERROR frmstart start gprs文本长度必须少于 64 个字符。
参数名: Text
实际值是 (6002 默认服务已启动);计讯服务6012已启动计讯6012启动失败:无法在 DLL“gprsdll.dll”中找到名为“DLLStartService”的入口点。。
2017-11-12 10:18:48,025 INFO  frmstart load end:18:48
2017-11-12 10:18:48,102 ERROR Error-CreateWeatDownCommand 值不能为 null。
参数名: type
2017-11-12 10:18:48,230 INFO  frmstart 在线数量：0
2017-11-12 10:18:48,277 INFO  frmstart 计讯联接的dtu数量是：0个
2017-11-12 10:18:48,278 ERROR frmstart 没有配置气象数据:13600100001
2017-11-12 10:18:48,365 ERROR Error-CreateWeatDownCommand 索引超出了数组界限。
2017-11-12 10:18:48,450 ERROR Error-CreateWeatDownCommand 值不能为 null。
参数名: type
2017-11-12 10:18:48,522 ERROR Error-CreateWeatDownCommand 索引超出了数组界限。
2017-11-12 10:18:48,623 ERROR frmstart 没有配置气象数据:13600110001
2017-11-12 10:19:06,118 INFO  frmstart 在线数量：0
2017-11-12 10:19:06,161 INFO  frmstart 计讯联接的dtu数量是：0个
2017-11-12 10:19:26,133 INFO  frmstart 在线数量：0
2017-11-12 10:19:26,193 INFO  frmstart 计讯联接的dtu数量是：0个
2017-11-12 10:19:47,368 WARN  frmstart 停止计讯服务:服务尚未启动
2017-11-12 10:19:54,176 INFO  frmstart 准备解析包:date:2017-11-12 10:19:47;src:13600110001;长度:125- data:01037811140000000200000000007F8000000006552AA82003400000000000000000004199E0004301AE000000009700000000003F80A142C0E17A421F10000004000000006666C201333342AD00004288CCCD3E4CCCCD0025C6E242C0E17A00000000C2A2999A4216CCCD421B999A000000000019B9BF0000000055C4
2017-11-12 10:20:00,838 INFO  frmstart --------13600110001---待判断数量0
2017-11-12 10:20:00,853 INFO  frmstart 在线数量：0
2017-11-12 10:20:00,904 INFO  frmstart 计讯联接的dtu数量是：0个
2017-11-12 10:20:06,164 INFO  frmstart 在线数量：0
2017-11-12 10:20:06,208 INFO  frmstart 计讯联接的dtu数量是：0个
2017-11-12 10:20:26,178 INFO  frmstart 在线数量：0
2017-11-12 10:20:26,227 INFO  frmstart 计讯联接的dtu数量是：0个
2017-11-12 10:20:46,177 INFO  frmstart 在线数量：0
2017-11-12 10:20:46,225 INFO  frmstart 计讯联接的dtu数量是：0个
2017-11-12 10:21:06,192 INFO  frmstart 在线数量：0
2017-11-12 10:21:06,240 INFO  frmstart 计讯联接的dtu数量是：0个
